[Node] [ERROR] - 2022-12-19T06:00:05.383Z500 - /api/v1/csv/post [POST] - Validation error 
[Node] [ERROR] - 2022-12-19T06:27:02.507ZuncaughtException: тип Unable to compile TypeScript:
[96msrc/utils/fs.utils.ts[0m:[93m28[0m:[93m30[0m - [91merror[0m[90m TS2304: [0mCannot find name 'users'.

[7m28[0m     const iData: any = await users.cerate({
[7m  [0m [91m                             ~~~~~[0m
[96msrc/utils/fs.utils.ts[0m:[93m29[0m:[93m32[0m - [91merror[0m[90m TS2339: [0mProperty 'email' does not exist on type 'string[]'.

[7m29[0m       where: { email: userData.email },
[7m  [0m [91m                               ~~~~~[0m

TSError: тип Unable to compile TypeScript:
[96msrc/utils/fs.utils.ts[0m:[93m28[0m:[93m30[0m - [91merror[0m[90m TS2304: [0mCannot find name 'users'.

[7m28[0m     const iData: any = await users.cerate({
[7m  [0m [91m                             ~~~~~[0m
[96msrc/utils/fs.utils.ts[0m:[93m29[0m:[93m32[0m - [91merror[0m[90m TS2339: [0mProperty 'email' does not exist on type 'string[]'.

[7m29[0m       where: { email: userData.email },
[7m  [0m [91m                               ~~~~~[0m

    at createTSError (/home/thoughtwin/Documents/EB_Ty/node_modules/ts-node/src/index.ts:859:12)
    at reportTSError (/home/thoughtwin/Documents/EB_Ty/node_modules/ts-node/src/index.ts:863:19)
    at getOutput (/home/thoughtwin/Documents/EB_Ty/node_modules/ts-node/src/index.ts:1077:36)
    at Object.compile (/home/thoughtwin/Documents/EB_Ty/node_modules/ts-node/src/index.ts:1433:41)
    at Module.m._compile (/home/thoughtwin/Documents/EB_Ty/node_modules/ts-node/src/index.ts:1617:30)
    at Module._extensions..js (node:internal/modules/cjs/loader:1159:10)
    at Object.require.extensions.<computed> [as .ts] (/home/thoughtwin/Documents/EB_Ty/node_modules/ts-node/src/index.ts:1621:12)
    at Module.load (node:internal/modules/cjs/loader:981:32)
    at Function.Module._load (node:internal/modules/cjs/loader:827:12)
    at Module.require (node:internal/modules/cjs/loader:1005:19)
[Node] [ERROR] - 2022-12-19T06:27:25.896ZuncaughtException: тип Unable to compile TypeScript:
[96msrc/utils/fs.utils.ts[0m:[93m28[0m:[93m36[0m - [91merror[0m[90m TS2551: [0mProperty 'cerate' does not exist on type 'ModelCtor<Model<any, any>>'. Did you mean 'create'?

[7m28[0m     const iData: any = await users.cerate({
[7m  [0m [91m                                   ~~~~~~[0m
[96msrc/utils/fs.utils.ts[0m:[93m29[0m:[93m32[0m - [91merror[0m[90m TS2339: [0mProperty 'email' does not exist on type 'string[]'.

[7m29[0m       where: { email: userData.email },
[7m  [0m [91m                               ~~~~~[0m

TSError: тип Unable to compile TypeScript:
[96msrc/utils/fs.utils.ts[0m:[93m28[0m:[93m36[0m - [91merror[0m[90m TS2551: [0mProperty 'cerate' does not exist on type 'ModelCtor<Model<any, any>>'. Did you mean 'create'?

[7m28[0m     const iData: any = await users.cerate({
[7m  [0m [91m                                   ~~~~~~[0m
[96msrc/utils/fs.utils.ts[0m:[93m29[0m:[93m32[0m - [91merror[0m[90m TS2339: [0mProperty 'email' does not exist on type 'string[]'.

[7m29[0m       where: { email: userData.email },
[7m  [0m [91m                               ~~~~~[0m

    at createTSError (/home/thoughtwin/Documents/EB_Ty/node_modules/ts-node/src/index.ts:859:12)
    at reportTSError (/home/thoughtwin/Documents/EB_Ty/node_modules/ts-node/src/index.ts:863:19)
    at getOutput (/home/thoughtwin/Documents/EB_Ty/node_modules/ts-node/src/index.ts:1077:36)
    at Object.compile (/home/thoughtwin/Documents/EB_Ty/node_modules/ts-node/src/index.ts:1433:41)
    at Module.m._compile (/home/thoughtwin/Documents/EB_Ty/node_modules/ts-node/src/index.ts:1617:30)
    at Module._extensions..js (node:internal/modules/cjs/loader:1159:10)
    at Object.require.extensions.<computed> [as .ts] (/home/thoughtwin/Documents/EB_Ty/node_modules/ts-node/src/index.ts:1621:12)
    at Module.load (node:internal/modules/cjs/loader:981:32)
    at Function.Module._load (node:internal/modules/cjs/loader:827:12)
    at Module.require (node:internal/modules/cjs/loader:1005:19)
[Node] [ERROR] - 2022-12-19T06:27:30.975ZuncaughtException: тип Unable to compile TypeScript:
[96msrc/utils/fs.utils.ts[0m:[93m29[0m:[93m32[0m - [91merror[0m[90m TS2339: [0mProperty 'email' does not exist on type 'string[]'.

[7m29[0m       where: { email: userData.email },
[7m  [0m [91m                               ~~~~~[0m

TSError: тип Unable to compile TypeScript:
[96msrc/utils/fs.utils.ts[0m:[93m29[0m:[93m32[0m - [91merror[0m[90m TS2339: [0mProperty 'email' does not exist on type 'string[]'.

[7m29[0m       where: { email: userData.email },
[7m  [0m [91m                               ~~~~~[0m

    at createTSError (/home/thoughtwin/Documents/EB_Ty/node_modules/ts-node/src/index.ts:859:12)
    at reportTSError (/home/thoughtwin/Documents/EB_Ty/node_modules/ts-node/src/index.ts:863:19)
    at getOutput (/home/thoughtwin/Documents/EB_Ty/node_modules/ts-node/src/index.ts:1077:36)
    at Object.compile (/home/thoughtwin/Documents/EB_Ty/node_modules/ts-node/src/index.ts:1433:41)
    at Module.m._compile (/home/thoughtwin/Documents/EB_Ty/node_modules/ts-node/src/index.ts:1617:30)
    at Module._extensions..js (node:internal/modules/cjs/loader:1159:10)
    at Object.require.extensions.<computed> [as .ts] (/home/thoughtwin/Documents/EB_Ty/node_modules/ts-node/src/index.ts:1621:12)
    at Module.load (node:internal/modules/cjs/loader:981:32)
    at Function.Module._load (node:internal/modules/cjs/loader:827:12)
    at Module.require (node:internal/modules/cjs/loader:1005:19)
[Node] [ERROR] - 2022-12-19T06:28:17.353ZuncaughtException: тип Unable to compile TypeScript:
[96msrc/utils/fs.utils.ts[0m:[93m29[0m:[93m32[0m - [91merror[0m[90m TS2339: [0mProperty 'email' does not exist on type 'string[]'.

[7m29[0m       where: { email: userData.email },
[7m  [0m [91m                               ~~~~~[0m

TSError: тип Unable to compile TypeScript:
[96msrc/utils/fs.utils.ts[0m:[93m29[0m:[93m32[0m - [91merror[0m[90m TS2339: [0mProperty 'email' does not exist on type 'string[]'.

[7m29[0m       where: { email: userData.email },
[7m  [0m [91m                               ~~~~~[0m

    at createTSError (/home/thoughtwin/Documents/EB_Ty/node_modules/ts-node/src/index.ts:859:12)
    at reportTSError (/home/thoughtwin/Documents/EB_Ty/node_modules/ts-node/src/index.ts:863:19)
    at getOutput (/home/thoughtwin/Documents/EB_Ty/node_modules/ts-node/src/index.ts:1077:36)
    at Object.compile (/home/thoughtwin/Documents/EB_Ty/node_modules/ts-node/src/index.ts:1433:41)
    at Module.m._compile (/home/thoughtwin/Documents/EB_Ty/node_modules/ts-node/src/index.ts:1617:30)
    at Module._extensions..js (node:internal/modules/cjs/loader:1159:10)
    at Object.require.extensions.<computed> [as .ts] (/home/thoughtwin/Documents/EB_Ty/node_modules/ts-node/src/index.ts:1621:12)
    at Module.load (node:internal/modules/cjs/loader:981:32)
    at Function.Module._load (node:internal/modules/cjs/loader:827:12)
    at Module.require (node:internal/modules/cjs/loader:1005:19)
[Node] [ERROR] - 2022-12-19T06:28:43.581ZuncaughtException: тип Unable to compile TypeScript:
[96msrc/utils/fs.utils.ts[0m:[93m31[0m:[93m19[0m - [91merror[0m[90m TS2304: [0mCannot find name 'ConflictException'.

[7m31[0m         throw new ConflictException(
[7m  [0m [91m                  ~~~~~~~~~~~~~~~~~[0m

TSError: тип Unable to compile TypeScript:
[96msrc/utils/fs.utils.ts[0m:[93m31[0m:[93m19[0m - [91merror[0m[90m TS2304: [0mCannot find name 'ConflictException'.

[7m31[0m         throw new ConflictException(
[7m  [0m [91m                  ~~~~~~~~~~~~~~~~~[0m

    at createTSError (/home/thoughtwin/Documents/EB_Ty/node_modules/ts-node/src/index.ts:859:12)
    at reportTSError (/home/thoughtwin/Documents/EB_Ty/node_modules/ts-node/src/index.ts:863:19)
    at getOutput (/home/thoughtwin/Documents/EB_Ty/node_modules/ts-node/src/index.ts:1077:36)
    at Object.compile (/home/thoughtwin/Documents/EB_Ty/node_modules/ts-node/src/index.ts:1433:41)
    at Module.m._compile (/home/thoughtwin/Documents/EB_Ty/node_modules/ts-node/src/index.ts:1617:30)
    at Module._extensions..js (node:internal/modules/cjs/loader:1159:10)
    at Object.require.extensions.<computed> [as .ts] (/home/thoughtwin/Documents/EB_Ty/node_modules/ts-node/src/index.ts:1621:12)
    at Module.load (node:internal/modules/cjs/loader:981:32)
    at Function.Module._load (node:internal/modules/cjs/loader:827:12)
    at Module.require (node:internal/modules/cjs/loader:1005:19)
[Node] [ERROR] - 2022-12-19T06:29:15.334ZuncaughtException: тип Unable to compile TypeScript:
[96msrc/utils/fs.utils.ts[0m:[93m31[0m:[93m7[0m - [91merror[0m[90m TS2769: [0mNo overload matches this call.
  Overload 1 of 2, '(this: ModelStatic<Model<any, any>>, options: NonNullFindOptions<any>): Promise<Model<any, any>>', gave the following error.
    Argument of type '{ where: { email: any; }; if(iData: any): never; }' is not assignable to parameter of type 'NonNullFindOptions<any>'.
      Object literal may only specify known properties, and 'if' does not exist in type 'NonNullFindOptions<any>'.
  Overload 2 of 2, '(this: ModelStatic<Model<any, any>>, options?: FindOptions<any>): Promise<Model<any, any>>', gave the following error.
    Argument of type '{ where: { email: any; }; if(iData: any): never; }' is not assignable to parameter of type 'FindOptions<any>'.
      Object literal may only specify known properties, and 'if' does not exist in type 'FindOptions<any>'.

[7m31[0m       if(iData) {
[7m  [0m [91m      ~~[0m


TSError: тип Unable to compile TypeScript:
[96msrc/utils/fs.utils.ts[0m:[93m31[0m:[93m7[0m - [91merror[0m[90m TS2769: [0mNo overload matches this call.
  Overload 1 of 2, '(this: ModelStatic<Model<any, any>>, options: NonNullFindOptions<any>): Promise<Model<any, any>>', gave the following error.
    Argument of type '{ where: { email: any; }; if(iData: any): never; }' is not assignable to parameter of type 'NonNullFindOptions<any>'.
      Object literal may only specify known properties, and 'if' does not exist in type 'NonNullFindOptions<any>'.
  Overload 2 of 2, '(this: ModelStatic<Model<any, any>>, options?: FindOptions<any>): Promise<Model<any, any>>', gave the following error.
    Argument of type '{ where: { email: any; }; if(iData: any): never; }' is not assignable to parameter of type 'FindOptions<any>'.
      Object literal may only specify known properties, and 'if' does not exist in type 'FindOptions<any>'.

[7m31[0m       if(iData) {
[7m  [0m [91m      ~~[0m


    at createTSError (/home/thoughtwin/Documents/EB_Ty/node_modules/ts-node/src/index.ts:859:12)
    at reportTSError (/home/thoughtwin/Documents/EB_Ty/node_modules/ts-node/src/index.ts:863:19)
    at getOutput (/home/thoughtwin/Documents/EB_Ty/node_modules/ts-node/src/index.ts:1077:36)
    at Object.compile (/home/thoughtwin/Documents/EB_Ty/node_modules/ts-node/src/index.ts:1433:41)
    at Module.m._compile (/home/thoughtwin/Documents/EB_Ty/node_modules/ts-node/src/index.ts:1617:30)
    at Module._extensions..js (node:internal/modules/cjs/loader:1159:10)
    at Object.require.extensions.<computed> [as .ts] (/home/thoughtwin/Documents/EB_Ty/node_modules/ts-node/src/index.ts:1621:12)
    at Module.load (node:internal/modules/cjs/loader:981:32)
    at Function.Module._load (node:internal/modules/cjs/loader:827:12)
    at Module.require (node:internal/modules/cjs/loader:1005:19)
[Node] [ERROR] - 2022-12-19T06:29:24.934ZuncaughtException: тип Unable to compile TypeScript:
[96msrc/utils/fs.utils.ts[0m:[93m36[0m:[93m6[0m - [91merror[0m[90m TS1128: [0mDeclaration or statement expected.

[7m36[0m     },
[7m  [0m [91m     ~[0m

TSError: тип Unable to compile TypeScript:
[96msrc/utils/fs.utils.ts[0m:[93m36[0m:[93m6[0m - [91merror[0m[90m TS1128: [0mDeclaration or statement expected.

[7m36[0m     },
[7m  [0m [91m     ~[0m

    at createTSError (/home/thoughtwin/Documents/EB_Ty/node_modules/ts-node/src/index.ts:859:12)
    at reportTSError (/home/thoughtwin/Documents/EB_Ty/node_modules/ts-node/src/index.ts:863:19)
    at getOutput (/home/thoughtwin/Documents/EB_Ty/node_modules/ts-node/src/index.ts:1077:36)
    at Object.compile (/home/thoughtwin/Documents/EB_Ty/node_modules/ts-node/src/index.ts:1433:41)
    at Module.m._compile (/home/thoughtwin/Documents/EB_Ty/node_modules/ts-node/src/index.ts:1617:30)
    at Module._extensions..js (node:internal/modules/cjs/loader:1159:10)
    at Object.require.extensions.<computed> [as .ts] (/home/thoughtwin/Documents/EB_Ty/node_modules/ts-node/src/index.ts:1621:12)
    at Module.load (node:internal/modules/cjs/loader:981:32)
    at Function.Module._load (node:internal/modules/cjs/loader:827:12)
    at Module.require (node:internal/modules/cjs/loader:1005:19)
[Node] [ERROR] - 2022-12-19T06:29:48.737ZuncaughtException: тип Unable to compile TypeScript:
[96msrc/utils/fs.utils.ts[0m:[93m36[0m:[93m6[0m - [91merror[0m[90m TS1128: [0mDeclaration or statement expected.

[7m36[0m     },
[7m  [0m [91m     ~[0m

TSError: тип Unable to compile TypeScript:
[96msrc/utils/fs.utils.ts[0m:[93m36[0m:[93m6[0m - [91merror[0m[90m TS1128: [0mDeclaration or statement expected.

[7m36[0m     },
[7m  [0m [91m     ~[0m

    at createTSError (/home/thoughtwin/Documents/EB_Ty/node_modules/ts-node/src/index.ts:859:12)
    at reportTSError (/home/thoughtwin/Documents/EB_Ty/node_modules/ts-node/src/index.ts:863:19)
    at getOutput (/home/thoughtwin/Documents/EB_Ty/node_modules/ts-node/src/index.ts:1077:36)
    at Object.compile (/home/thoughtwin/Documents/EB_Ty/node_modules/ts-node/src/index.ts:1433:41)
    at Module.m._compile (/home/thoughtwin/Documents/EB_Ty/node_modules/ts-node/src/index.ts:1617:30)
    at Module._extensions..js (node:internal/modules/cjs/loader:1159:10)
    at Object.require.extensions.<computed> [as .ts] (/home/thoughtwin/Documents/EB_Ty/node_modules/ts-node/src/index.ts:1621:12)
    at Module.load (node:internal/modules/cjs/loader:981:32)
    at Function.Module._load (node:internal/modules/cjs/loader:827:12)
    at Module.require (node:internal/modules/cjs/loader:1005:19)
[Node] [ERROR] - 2022-12-19T06:31:28.057ZuncaughtException: тип Unable to compile TypeScript:
[96msrc/utils/fs.utils.ts[0m:[93m50[0m:[93m26[0m - [91merror[0m[90m TS2554: [0mExpected 1 arguments, but got 0.

[7m50[0m       const data = await insertData();
[7m  [0m [91m                         ~~~~~~~~~~~~[0m

  [96msrc/utils/fs.utils.ts[0m:[93m28[0m:[93m29[0m
    [7m28[0m   const insertData = async (userData:any): Promise<any> => {
    [7m  [0m [96m                            ~~~~~~~~~~~~[0m
    An argument for 'userData' was not provided.

TSError: тип Unable to compile TypeScript:
[96msrc/utils/fs.utils.ts[0m:[93m50[0m:[93m26[0m - [91merror[0m[90m TS2554: [0mExpected 1 arguments, but got 0.

[7m50[0m       const data = await insertData();
[7m  [0m [91m                         ~~~~~~~~~~~~[0m

  [96msrc/utils/fs.utils.ts[0m:[93m28[0m:[93m29[0m
    [7m28[0m   const insertData = async (userData:any): Promise<any> => {
    [7m  [0m [96m                            ~~~~~~~~~~~~[0m
    An argument for 'userData' was not provided.

    at createTSError (/home/thoughtwin/Documents/EB_Ty/node_modules/ts-node/src/index.ts:859:12)
    at reportTSError (/home/thoughtwin/Documents/EB_Ty/node_modules/ts-node/src/index.ts:863:19)
    at getOutput (/home/thoughtwin/Documents/EB_Ty/node_modules/ts-node/src/index.ts:1077:36)
    at Object.compile (/home/thoughtwin/Documents/EB_Ty/node_modules/ts-node/src/index.ts:1433:41)
    at Module.m._compile (/home/thoughtwin/Documents/EB_Ty/node_modules/ts-node/src/index.ts:1617:30)
    at Module._extensions..js (node:internal/modules/cjs/loader:1159:10)
    at Object.require.extensions.<computed> [as .ts] (/home/thoughtwin/Documents/EB_Ty/node_modules/ts-node/src/index.ts:1621:12)
    at Module.load (node:internal/modules/cjs/loader:981:32)
    at Function.Module._load (node:internal/modules/cjs/loader:827:12)
    at Module.require (node:internal/modules/cjs/loader:1005:19)
[Node] [ERROR] - 2022-12-19T06:32:08.926ZuncaughtException: тип Unable to compile TypeScript:
[96msrc/utils/fs.utils.ts[0m:[93m30[0m:[93m32[0m - [91merror[0m[90m TS2339: [0mProperty 'email' does not exist on type 'string[]'.

[7m30[0m       where: { email: userData.email },
[7m  [0m [91m                               ~~~~~[0m
[96msrc/utils/fs.utils.ts[0m:[93m34[0m:[93m32[0m - [91merror[0m[90m TS2339: [0mProperty 'email' does not exist on type 'string[]'.

[7m34[0m         `This email ${userData.email} already exists`,
[7m  [0m [91m                               ~~~~~[0m

TSError: тип Unable to compile TypeScript:
[96msrc/utils/fs.utils.ts[0m:[93m30[0m:[93m32[0m - [91merror[0m[90m TS2339: [0mProperty 'email' does not exist on type 'string[]'.

[7m30[0m       where: { email: userData.email },
[7m  [0m [91m                               ~~~~~[0m
[96msrc/utils/fs.utils.ts[0m:[93m34[0m:[93m32[0m - [91merror[0m[90m TS2339: [0mProperty 'email' does not exist on type 'string[]'.

[7m34[0m         `This email ${userData.email} already exists`,
[7m  [0m [91m                               ~~~~~[0m

    at createTSError (/home/thoughtwin/Documents/EB_Ty/node_modules/ts-node/src/index.ts:859:12)
    at reportTSError (/home/thoughtwin/Documents/EB_Ty/node_modules/ts-node/src/index.ts:863:19)
    at getOutput (/home/thoughtwin/Documents/EB_Ty/node_modules/ts-node/src/index.ts:1077:36)
    at Object.compile (/home/thoughtwin/Documents/EB_Ty/node_modules/ts-node/src/index.ts:1433:41)
    at Module.m._compile (/home/thoughtwin/Documents/EB_Ty/node_modules/ts-node/src/index.ts:1617:30)
    at Module._extensions..js (node:internal/modules/cjs/loader:1159:10)
    at Object.require.extensions.<computed> [as .ts] (/home/thoughtwin/Documents/EB_Ty/node_modules/ts-node/src/index.ts:1621:12)
    at Module.load (node:internal/modules/cjs/loader:981:32)
    at Function.Module._load (node:internal/modules/cjs/loader:827:12)
    at Module.require (node:internal/modules/cjs/loader:1005:19)
[Node] [ERROR] - 2022-12-19T06:32:20.270ZuncaughtException: тип Unable to compile TypeScript:
[96msrc/utils/fs.utils.ts[0m:[93m30[0m:[93m23[0m - [91merror[0m[90m TS2304: [0mCannot find name 'req'.

[7m30[0m       where: { email: req.body },
[7m  [0m [91m                      ~~~[0m
[96msrc/utils/fs.utils.ts[0m:[93m34[0m:[93m32[0m - [91merror[0m[90m TS2339: [0mProperty 'email' does not exist on type 'string[]'.

[7m34[0m         `This email ${userData.email} already exists`,
[7m  [0m [91m                               ~~~~~[0m

TSError: тип Unable to compile TypeScript:
[96msrc/utils/fs.utils.ts[0m:[93m30[0m:[93m23[0m - [91merror[0m[90m TS2304: [0mCannot find name 'req'.

[7m30[0m       where: { email: req.body },
[7m  [0m [91m                      ~~~[0m
[96msrc/utils/fs.utils.ts[0m:[93m34[0m:[93m32[0m - [91merror[0m[90m TS2339: [0mProperty 'email' does not exist on type 'string[]'.

[7m34[0m         `This email ${userData.email} already exists`,
[7m  [0m [91m                               ~~~~~[0m

    at createTSError (/home/thoughtwin/Documents/EB_Ty/node_modules/ts-node/src/index.ts:859:12)
    at reportTSError (/home/thoughtwin/Documents/EB_Ty/node_modules/ts-node/src/index.ts:863:19)
    at getOutput (/home/thoughtwin/Documents/EB_Ty/node_modules/ts-node/src/index.ts:1077:36)
    at Object.compile (/home/thoughtwin/Documents/EB_Ty/node_modules/ts-node/src/index.ts:1433:41)
    at Module.m._compile (/home/thoughtwin/Documents/EB_Ty/node_modules/ts-node/src/index.ts:1617:30)
    at Module._extensions..js (node:internal/modules/cjs/loader:1159:10)
    at Object.require.extensions.<computed> [as .ts] (/home/thoughtwin/Documents/EB_Ty/node_modules/ts-node/src/index.ts:1621:12)
    at Module.load (node:internal/modules/cjs/loader:981:32)
    at Function.Module._load (node:internal/modules/cjs/loader:827:12)
    at Module.require (node:internal/modules/cjs/loader:1005:19)
[Node] [ERROR] - 2022-12-19T06:32:37.273ZuncaughtException: тип Unable to compile TypeScript:
[96msrc/utils/fs.utils.ts[0m:[93m50[0m:[93m26[0m - [91merror[0m[90m TS2554: [0mExpected 1 arguments, but got 0.

[7m50[0m       const data = await insertData();
[7m  [0m [91m                         ~~~~~~~~~~~~[0m

  [96msrc/utils/fs.utils.ts[0m:[93m28[0m:[93m29[0m
    [7m28[0m   const insertData = async (userData:any): Promise<any> => {
    [7m  [0m [96m                            ~~~~~~~~~~~~[0m
    An argument for 'userData' was not provided.

TSError: тип Unable to compile TypeScript:
[96msrc/utils/fs.utils.ts[0m:[93m50[0m:[93m26[0m - [91merror[0m[90m TS2554: [0mExpected 1 arguments, but got 0.

[7m50[0m       const data = await insertData();
[7m  [0m [91m                         ~~~~~~~~~~~~[0m

  [96msrc/utils/fs.utils.ts[0m:[93m28[0m:[93m29[0m
    [7m28[0m   const insertData = async (userData:any): Promise<any> => {
    [7m  [0m [96m                            ~~~~~~~~~~~~[0m
    An argument for 'userData' was not provided.

    at createTSError (/home/thoughtwin/Documents/EB_Ty/node_modules/ts-node/src/index.ts:859:12)
    at reportTSError (/home/thoughtwin/Documents/EB_Ty/node_modules/ts-node/src/index.ts:863:19)
    at getOutput (/home/thoughtwin/Documents/EB_Ty/node_modules/ts-node/src/index.ts:1077:36)
    at Object.compile (/home/thoughtwin/Documents/EB_Ty/node_modules/ts-node/src/index.ts:1433:41)
    at Module.m._compile (/home/thoughtwin/Documents/EB_Ty/node_modules/ts-node/src/index.ts:1617:30)
    at Module._extensions..js (node:internal/modules/cjs/loader:1159:10)
    at Object.require.extensions.<computed> [as .ts] (/home/thoughtwin/Documents/EB_Ty/node_modules/ts-node/src/index.ts:1621:12)
    at Module.load (node:internal/modules/cjs/loader:981:32)
    at Function.Module._load (node:internal/modules/cjs/loader:827:12)
    at Module.require (node:internal/modules/cjs/loader:1005:19)
[Node] [ERROR] - 2022-12-19T06:32:54.350ZuncaughtException: тип Unable to compile TypeScript:
[96msrc/utils/fs.utils.ts[0m:[93m36[0m:[93m26[0m - [91merror[0m[90m TS2552: [0mCannot find name 'insertData'. Did you mean 'userData'?

[7m36[0m       const data = await insertData();
[7m  [0m [91m                         ~~~~~~~~~~[0m

  [96msrc/utils/fs.utils.ts[0m:[93m17[0m:[93m21[0m
    [7m17[0m   const [fields, ...userData] = data;
    [7m  [0m [96m                    ~~~~~~~~[0m
    'userData' is declared here.

TSError: тип Unable to compile TypeScript:
[96msrc/utils/fs.utils.ts[0m:[93m36[0m:[93m26[0m - [91merror[0m[90m TS2552: [0mCannot find name 'insertData'. Did you mean 'userData'?

[7m36[0m       const data = await insertData();
[7m  [0m [91m                         ~~~~~~~~~~[0m

  [96msrc/utils/fs.utils.ts[0m:[93m17[0m:[93m21[0m
    [7m17[0m   const [fields, ...userData] = data;
    [7m  [0m [96m                    ~~~~~~~~[0m
    'userData' is declared here.

    at createTSError (/home/thoughtwin/Documents/EB_Ty/node_modules/ts-node/src/index.ts:859:12)
    at reportTSError (/home/thoughtwin/Documents/EB_Ty/node_modules/ts-node/src/index.ts:863:19)
    at getOutput (/home/thoughtwin/Documents/EB_Ty/node_modules/ts-node/src/index.ts:1077:36)
    at Object.compile (/home/thoughtwin/Documents/EB_Ty/node_modules/ts-node/src/index.ts:1433:41)
    at Module.m._compile (/home/thoughtwin/Documents/EB_Ty/node_modules/ts-node/src/index.ts:1617:30)
    at Module._extensions..js (node:internal/modules/cjs/loader:1159:10)
    at Object.require.extensions.<computed> [as .ts] (/home/thoughtwin/Documents/EB_Ty/node_modules/ts-node/src/index.ts:1621:12)
    at Module.load (node:internal/modules/cjs/loader:981:32)
    at Function.Module._load (node:internal/modules/cjs/loader:827:12)
    at Module.require (node:internal/modules/cjs/loader:1005:19)
[Node] [ERROR] - 2022-12-19T06:33:28.973ZuncaughtException: тип Unable to compile TypeScript:
[96msrc/utils/fs.utils.ts[0m:[93m50[0m:[93m26[0m - [91merror[0m[90m TS2554: [0mExpected 1 arguments, but got 0.

[7m50[0m       const data = await insertData();
[7m  [0m [91m                         ~~~~~~~~~~~~[0m

  [96msrc/utils/fs.utils.ts[0m:[93m28[0m:[93m29[0m
    [7m28[0m   const insertData = async (userData:any): Promise<any> => {
    [7m  [0m [96m                            ~~~~~~~~~~~~[0m
    An argument for 'userData' was not provided.

TSError: тип Unable to compile TypeScript:
[96msrc/utils/fs.utils.ts[0m:[93m50[0m:[93m26[0m - [91merror[0m[90m TS2554: [0mExpected 1 arguments, but got 0.

[7m50[0m       const data = await insertData();
[7m  [0m [91m                         ~~~~~~~~~~~~[0m

  [96msrc/utils/fs.utils.ts[0m:[93m28[0m:[93m29[0m
    [7m28[0m   const insertData = async (userData:any): Promise<any> => {
    [7m  [0m [96m                            ~~~~~~~~~~~~[0m
    An argument for 'userData' was not provided.

    at createTSError (/home/thoughtwin/Documents/EB_Ty/node_modules/ts-node/src/index.ts:859:12)
    at reportTSError (/home/thoughtwin/Documents/EB_Ty/node_modules/ts-node/src/index.ts:863:19)
    at getOutput (/home/thoughtwin/Documents/EB_Ty/node_modules/ts-node/src/index.ts:1077:36)
    at Object.compile (/home/thoughtwin/Documents/EB_Ty/node_modules/ts-node/src/index.ts:1433:41)
    at Module.m._compile (/home/thoughtwin/Documents/EB_Ty/node_modules/ts-node/src/index.ts:1617:30)
    at Module._extensions..js (node:internal/modules/cjs/loader:1159:10)
    at Object.require.extensions.<computed> [as .ts] (/home/thoughtwin/Documents/EB_Ty/node_modules/ts-node/src/index.ts:1621:12)
    at Module.load (node:internal/modules/cjs/loader:981:32)
    at Function.Module._load (node:internal/modules/cjs/loader:827:12)
    at Module.require (node:internal/modules/cjs/loader:1005:19)
[Node] [ERROR] - 2022-12-19T06:33:58.142ZuncaughtException: тип Unable to compile TypeScript:
[96msrc/utils/fs.utils.ts[0m:[93m51[0m:[93m12[0m - [91merror[0m[90m TS2304: [0mCannot find name 'result'.

[7m51[0m       if (!result) {
[7m  [0m [91m           ~~~~~~[0m

TSError: тип Unable to compile TypeScript:
[96msrc/utils/fs.utils.ts[0m:[93m51[0m:[93m12[0m - [91merror[0m[90m TS2304: [0mCannot find name 'result'.

[7m51[0m       if (!result) {
[7m  [0m [91m           ~~~~~~[0m

    at createTSError (/home/thoughtwin/Documents/EB_Ty/node_modules/ts-node/src/index.ts:859:12)
    at reportTSError (/home/thoughtwin/Documents/EB_Ty/node_modules/ts-node/src/index.ts:863:19)
    at getOutput (/home/thoughtwin/Documents/EB_Ty/node_modules/ts-node/src/index.ts:1077:36)
    at Object.compile (/home/thoughtwin/Documents/EB_Ty/node_modules/ts-node/src/index.ts:1433:41)
    at Module.m._compile (/home/thoughtwin/Documents/EB_Ty/node_modules/ts-node/src/index.ts:1617:30)
    at Module._extensions..js (node:internal/modules/cjs/loader:1159:10)
    at Object.require.extensions.<computed> [as .ts] (/home/thoughtwin/Documents/EB_Ty/node_modules/ts-node/src/index.ts:1621:12)
    at Module.load (node:internal/modules/cjs/loader:981:32)
    at Function.Module._load (node:internal/modules/cjs/loader:827:12)
    at Module.require (node:internal/modules/cjs/loader:1005:19)
[Node] [ERROR] - 2022-12-19T06:36:40.026Z500 - /api/v1/csv/post [POST] - WHERE parameter "email" has invalid "undefined" value 
[Node] [ERROR] - 2022-12-19T06:37:42.434Z500 - /api/v1/csv/post [POST] - WHERE parameter "email" has invalid "undefined" value 
[Node] [ERROR] - 2022-12-19T06:38:13.403ZuncaughtException: тип Unable to compile TypeScript:
[96msrc/utils/fs.utils.ts[0m:[93m50[0m:[93m38[0m - [91merror[0m[90m TS2448: [0mBlock-scoped variable 'data' used before its declaration.

[7m50[0m       console.log('>>>>>>>>>>>>>>>', data.email);
[7m  [0m [91m                                     ~~~~[0m

  [96msrc/utils/fs.utils.ts[0m:[93m51[0m:[93m13[0m
    [7m51[0m       const data = await insertData(userData);
    [7m  [0m [96m            ~~~~[0m
    'data' is declared here.

TSError: тип Unable to compile TypeScript:
[96msrc/utils/fs.utils.ts[0m:[93m50[0m:[93m38[0m - [91merror[0m[90m TS2448: [0mBlock-scoped variable 'data' used before its declaration.

[7m50[0m       console.log('>>>>>>>>>>>>>>>', data.email);
[7m  [0m [91m                                     ~~~~[0m

  [96msrc/utils/fs.utils.ts[0m:[93m51[0m:[93m13[0m
    [7m51[0m       const data = await insertData(userData);
    [7m  [0m [96m            ~~~~[0m
    'data' is declared here.

    at createTSError (/home/thoughtwin/Documents/EB_Ty/node_modules/ts-node/src/index.ts:859:12)
    at reportTSError (/home/thoughtwin/Documents/EB_Ty/node_modules/ts-node/src/index.ts:863:19)
    at getOutput (/home/thoughtwin/Documents/EB_Ty/node_modules/ts-node/src/index.ts:1077:36)
    at Object.compile (/home/thoughtwin/Documents/EB_Ty/node_modules/ts-node/src/index.ts:1433:41)
    at Module.m._compile (/home/thoughtwin/Documents/EB_Ty/node_modules/ts-node/src/index.ts:1617:30)
    at Module._extensions..js (node:internal/modules/cjs/loader:1159:10)
    at Object.require.extensions.<computed> [as .ts] (/home/thoughtwin/Documents/EB_Ty/node_modules/ts-node/src/index.ts:1621:12)
    at Module.load (node:internal/modules/cjs/loader:981:32)
    at Function.Module._load (node:internal/modules/cjs/loader:827:12)
    at Module.require (node:internal/modules/cjs/loader:1005:19)
[Node] [ERROR] - 2022-12-19T06:38:34.504Z500 - /api/v1/csv/post [POST] - WHERE parameter "email" has invalid "undefined" value 
[Node] [ERROR] - 2022-12-19T06:39:01.778Z500 - /api/v1/csv/post [POST] - WHERE parameter "email" has invalid "undefined" value 
[Node] [ERROR] - 2022-12-19T06:40:40.991Z500 - /api/v1/csv/post [POST] - data already exist 
[Node] [ERROR] - 2022-12-19T06:42:39.727Z500 - /api/v1/csv/post [POST] - email undefined already exist 
[Node] [ERROR] - 2022-12-19T06:43:23.540Z500 - /api/v1/csv/post [POST] - email saurabh@thoughtwin.com already exist 
[Node] [ERROR] - 2022-12-19T06:47:53.905ZuncaughtException: тип Unable to compile TypeScript:
[96msrc/controllers/user/users.controller.ts[0m:[93m124[0m:[93m22[0m - [91merror[0m[90m TS2304: [0mCannot find name 'req'.

[7m124[0m    let offset = 0 + (req.body.page - 1) * limit
[7m   [0m [91m                     ~~~[0m
[96msrc/controllers/user/users.controller.ts[0m:[93m125[0m:[93m4[0m - [91merror[0m[90m TS2304: [0mCannot find name 'Posts'.

[7m125[0m    Posts.findAndCountAll({
[7m   [0m [91m   ~~~~~[0m
[96msrc/controllers/user/users.controller.ts[0m:[93m132[0m:[93m19[0m - [91merror[0m[90m TS2304: [0mCannot find name 'res'.

[7m132[0m            return res.status(200).json({
[7m   [0m [91m                  ~~~[0m
[96msrc/controllers/user/users.controller.ts[0m:[93m134[0m:[93m25[0m - [91merror[0m[90m TS2304: [0mCannot find name 'res'.

[7m134[0m                message: res.__('success'),
[7m   [0m [91m                        ~~~[0m
[96msrc/controllers/user/users.controller.ts[0m:[93m139[0m:[93m19[0m - [91merror[0m[90m TS2686: [0m'validator' refers to a UMD global, but the current file is a module. Consider adding an import instead.

[7m139[0m            return validator.InvalidResponse(res, `${err}`)
[7m   [0m [91m                  ~~~~~~~~~[0m
[96msrc/controllers/user/users.controller.ts[0m:[93m139[0m:[93m29[0m - [91merror[0m[90m TS2339: [0mProperty 'InvalidResponse' does not exist on type 'typeof import("/home/thoughtwin/Documents/EB_Ty/node_modules/@types/validator/index")'.

[7m139[0m            return validator.InvalidResponse(res, `${err}`)
[7m   [0m [91m                            ~~~~~~~~~~~~~~~[0m
[96msrc/controllers/user/users.controller.ts[0m:[93m139[0m:[93m45[0m - [91merror[0m[90m TS2304: [0mCannot find name 'res'.

[7m139[0m            return validator.InvalidResponse(res, `${err}`)
[7m   [0m [91m                                            ~~~[0m
[96msrc/controllers/user/users.controller.ts[0m:[93m142[0m:[93m10[0m - [91merror[0m[90m TS2304: [0mCannot find name 'getUsers'.

[7m142[0m   public getUsers = async (req: Request, res: Response, next: NextFunction) => {
[7m   [0m [91m         ~~~~~~~~[0m
[96msrc/controllers/user/users.controller.ts[0m:[93m144[0m:[93m38[0m - [91merror[0m[90m TS2532: [0mObject is possibly 'undefined'.

[7m144[0m       const findAllUsersData = await this.userService.findAllUser();
[7m   [0m [91m                                     ~~~~[0m
[96msrc/controllers/user/users.controller.ts[0m:[93m167[0m:[93m10[0m - [91merror[0m[90m TS2304: [0mCannot find name 'getUserById'.

[7m167[0m   public getUserById = async (req: Request, res: Response, next: NextFunction) => {
[7m   [0m [91m         ~~~~~~~~~~~[0m
[96msrc/controllers/user/users.controller.ts[0m:[93m170[0m:[93m44[0m - [91merror[0m[90m TS2532: [0mObject is possibly 'undefined'.

[7m170[0m       const findOneUserData: IUser = await this.userService.findUserById(userId);
[7m   [0m [91m                                           ~~~~[0m
[96msrc/controllers/user/users.controller.ts[0m:[93m193[0m:[93m10[0m - [91merror[0m[90m TS2304: [0mCannot find name 'deleteUser'.

[7m193[0m   public deleteUser = async (req: Request, res: Response, next: NextFunction) => {
[7m   [0m [91m         ~~~~~~~~~~[0m
[96msrc/controllers/user/users.controller.ts[0m:[93m196[0m:[93m26[0m - [91merror[0m[90m TS2532: [0mObject is possibly 'undefined'.

[7m196[0m       const data = await this.userService.deleteUser(id);
[7m   [0m [91m                         ~~~~[0m
[96msrc/controllers/user/users.controller.ts[0m:[93m238[0m:[93m10[0m - [91merror[0m[90m TS2304: [0mCannot find name 'updateUserDetail'.

[7m238[0m   public updateUserDetail = async (req: Request, res: Response, next: NextFunction) => {
[7m   [0m [91m         ~~~~~~~~~~~~~~~~[0m
[96msrc/controllers/user/users.controller.ts[0m:[93m242[0m:[93m26[0m - [91merror[0m[90m TS2532: [0mObject is possibly 'undefined'.

[7m242[0m       const data = await this.userService.updateUserDetail(id, userData);
[7m   [0m [91m                         ~~~~[0m
[96msrc/controllers/user/users.controller.ts[0m:[93m250[0m:[93m10[0m - [91merror[0m[90m TS2304: [0mCannot find name 'uploadUserFile'.

[7m250[0m   public uploadUserFile = async (req: any, res: any, next: NextFunction) => {
[7m   [0m [91m         ~~~~~~~~~~~~~~[0m
[96msrc/controllers/user/users.controller.ts[0m:[93m256[0m:[93m13[0m - [91merror[0m[90m TS2532: [0mObject is possibly 'undefined'.

[7m256[0m       await this.userService.uploadFile(data);
[7m   [0m [91m            ~~~~[0m
[96msrc/controllers/user/users.controller.ts[0m:[93m123[0m:[93m4[0m - [91merror[0m[90m TS1068: [0mUnexpected token. A constructor, method, accessor, or property was expected.

[7m123[0m    let limit = 10
[7m   [0m [91m   ~~~[0m
[96msrc/controllers/user/users.controller.ts[0m:[93m142[0m:[93m3[0m - [91merror[0m[90m TS1128: [0mDeclaration or statement expected.

[7m142[0m   public getUsers = async (req: Request, res: Response, next: NextFunction) => {
[7m   [0m [91m  ~~~~~~[0m
[96msrc/controllers/user/users.controller.ts[0m:[93m167[0m:[93m3[0m - [91merror[0m[90m TS1128: [0mDeclaration or statement expected.

[7m167[0m   public getUserById = async (req: Request, res: Response, next: NextFunction) => {
[7m   [0m [91m  ~~~~~~[0m
[96msrc/controllers/user/users.controller.ts[0m:[93m193[0m:[93m3[0m - [91merror[0m[90m TS1128: [0mDeclaration or statement expected.

[7m193[0m   public deleteUser = async (req: Request, res: Response, next: NextFunction) => {
[7m   [0m [91m  ~~~~~~[0m
[96msrc/controllers/user/users.controller.ts[0m:[93m238[0m:[93m3[0m - [91merror[0m[90m TS1128: [0mDeclaration or statement expected.

[7m238[0m   public updateUserDetail = async (req: Request, res: Response, next: NextFunction) => {
[7m   [0m [91m  ~~~~~~[0m
[96msrc/controllers/user/users.controller.ts[0m:[93m250[0m:[93m3[0m - [91merror[0m[90m TS1128: [0mDeclaration or statement expected.

[7m250[0m   public uploadUserFile = async (req: any, res: any, next: NextFunction) => {
[7m   [0m [91m  ~~~~~~[0m
[96msrc/controllers/user/users.controller.ts[0m:[93m266[0m:[93m1[0m - [91merror[0m[90m TS1128: [0mDeclaration or statement expected.

[7m266[0m }
[7m   [0m [91m~[0m

TSError: тип Unable to compile TypeScript:
[96msrc/controllers/user/users.controller.ts[0m:[93m124[0m:[93m22[0m - [91merror[0m[90m TS2304: [0mCannot find name 'req'.

[7m124[0m    let offset = 0 + (req.body.page - 1) * limit
[7m   [0m [91m                     ~~~[0m
[96msrc/controllers/user/users.controller.ts[0m:[93m125[0m:[93m4[0m - [91merror[0m[90m TS2304: [0mCannot find name 'Posts'.

[7m125[0m    Posts.findAndCountAll({
[7m   [0m [91m   ~~~~~[0m
[96msrc/controllers/user/users.controller.ts[0m:[93m132[0m:[93m19[0m - [91merror[0m[90m TS2304: [0mCannot find name 'res'.

[7m132[0m            return res.status(200).json({
[7m   [0m [91m                  ~~~[0m
[96msrc/controllers/user/users.controller.ts[0m:[93m134[0m:[93m25[0m - [91merror[0m[90m TS2304: [0mCannot find name 'res'.

[7m134[0m                message: res.__('success'),
[7m   [0m [91m                        ~~~[0m
[96msrc/controllers/user/users.controller.ts[0m:[93m139[0m:[93m19[0m - [91merror[0m[90m TS2686: [0m'validator' refers to a UMD global, but the current file is a module. Consider adding an import instead.

[7m139[0m            return validator.InvalidResponse(res, `${err}`)
[7m   [0m [91m                  ~~~~~~~~~[0m
[96msrc/controllers/user/users.controller.ts[0m:[93m139[0m:[93m29[0m - [91merror[0m[90m TS2339: [0mProperty 'InvalidResponse' does not exist on type 'typeof import("/home/thoughtwin/Documents/EB_Ty/node_modules/@types/validator/index")'.

[7m139[0m            return validator.InvalidResponse(res, `${err}`)
[7m   [0m [91m                            ~~~~~~~~~~~~~~~[0m
[96msrc/controllers/user/users.controller.ts[0m:[93m139[0m:[93m45[0m - [91merror[0m[90m TS2304: [0mCannot find name 'res'.

[7m139[0m            return validator.InvalidResponse(res, `${err}`)
[7m   [0m [91m                                            ~~~[0m
[96msrc/controllers/user/users.controller.ts[0m:[93m142[0m:[93m10[0m - [91merror[0m[90m TS2304: [0mCannot find name 'getUsers'.

[7m142[0m   public getUsers = async (req: Request, res: Response, next: NextFunction) => {
[7m   [0m [91m         ~~~~~~~~[0m
[96msrc/controllers/user/users.controller.ts[0m:[93m144[0m:[93m38[0m - [91merror[0m[90m TS2532: [0mObject is possibly 'undefined'.

[7m144[0m       const findAllUsersData = await this.userService.findAllUser();
[7m   [0m [91m                                     ~~~~[0m
[96msrc/controllers/user/users.controller.ts[0m:[93m167[0m:[93m10[0m - [91merror[0m[90m TS2304: [0mCannot find name 'getUserById'.

[7m167[0m   public getUserById = async (req: Request, res: Response, next: NextFunction) => {
[7m   [0m [91m         ~~~~~~~~~~~[0m
[96msrc/controllers/user/users.controller.ts[0m:[93m170[0m:[93m44[0m - [91merror[0m[90m TS2532: [0mObject is possibly 'undefined'.

[7m170[0m       const findOneUserData: IUser = await this.userService.findUserById(userId);
[7m   [0m [91m                                           ~~~~[0m
[96msrc/controllers/user/users.controller.ts[0m:[93m193[0m:[93m10[0m - [91merror[0m[90m TS2304: [0mCannot find name 'deleteUser'.

[7m193[0m   public deleteUser = async (req: Request, res: Response, next: NextFunction) => {
[7m   [0m [91m         ~~~~~~~~~~[0m
[96msrc/controllers/user/users.controller.ts[0m:[93m196[0m:[93m26[0m - [91merror[0m[90m TS2532: [0mObject is possibly 'undefined'.

[7m196[0m       const data = await this.userService.deleteUser(id);
[7m   [0m [91m                         ~~~~[0m
[96msrc/controllers/user/users.controller.ts[0m:[93m238[0m:[93m10[0m - [91merror[0m[90m TS2304: [0mCannot find name 'updateUserDetail'.

[7m238[0m   public updateUserDetail = async (req: Request, res: Response, next: NextFunction) => {
[7m   [0m [91m         ~~~~~~~~~~~~~~~~[0m
[96msrc/controllers/user/users.controller.ts[0m:[93m242[0m:[93m26[0m - [91merror[0m[90m TS2532: [0mObject is possibly 'undefined'.

[7m242[0m       const data = await this.userService.updateUserDetail(id, userData);
[7m   [0m [91m                         ~~~~[0m
[96msrc/controllers/user/users.controller.ts[0m:[93m250[0m:[93m10[0m - [91merror[0m[90m TS2304: [0mCannot find name 'uploadUserFile'.

[7m250[0m   public uploadUserFile = async (req: any, res: any, next: NextFunction) => {
[7m   [0m [91m         ~~~~~~~~~~~~~~[0m
[96msrc/controllers/user/users.controller.ts[0m:[93m256[0m:[93m13[0m - [91merror[0m[90m TS2532: [0mObject is possibly 'undefined'.

[7m256[0m       await this.userService.uploadFile(data);
[7m   [0m [91m            ~~~~[0m
[96msrc/controllers/user/users.controller.ts[0m:[93m123[0m:[93m4[0m - [91merror[0m[90m TS1068: [0mUnexpected token. A constructor, method, accessor, or property was expected.

[7m123[0m    let limit = 10
[7m   [0m [91m   ~~~[0m
[96msrc/controllers/user/users.controller.ts[0m:[93m142[0m:[93m3[0m - [91merror[0m[90m TS1128: [0mDeclaration or statement expected.

[7m142[0m   public getUsers = async (req: Request, res: Response, next: NextFunction) => {
[7m   [0m [91m  ~~~~~~[0m
[96msrc/controllers/user/users.controller.ts[0m:[93m167[0m:[93m3[0m - [91merror[0m[90m TS1128: [0mDeclaration or statement expected.

[7m167[0m   public getUserById = async (req: Request, res: Response, next: NextFunction) => {
[7m   [0m [91m  ~~~~~~[0m
[96msrc/controllers/user/users.controller.ts[0m:[93m193[0m:[93m3[0m - [91merror[0m[90m TS1128: [0mDeclaration or statement expected.

[7m193[0m   public deleteUser = async (req: Request, res: Response, next: NextFunction) => {
[7m   [0m [91m  ~~~~~~[0m
[96msrc/controllers/user/users.controller.ts[0m:[93m238[0m:[93m3[0m - [91merror[0m[90m TS1128: [0mDeclaration or statement expected.

[7m238[0m   public updateUserDetail = async (req: Request, res: Response, next: NextFunction) => {
[7m   [0m [91m  ~~~~~~[0m
[96msrc/controllers/user/users.controller.ts[0m:[93m250[0m:[93m3[0m - [91merror[0m[90m TS1128: [0mDeclaration or statement expected.

[7m250[0m   public uploadUserFile = async (req: any, res: any, next: NextFunction) => {
[7m   [0m [91m  ~~~~~~[0m
[96msrc/controllers/user/users.controller.ts[0m:[93m266[0m:[93m1[0m - [91merror[0m[90m TS1128: [0mDeclaration or statement expected.

[7m266[0m }
[7m   [0m [91m~[0m

    at createTSError (/home/thoughtwin/Documents/EB_Ty/node_modules/ts-node/src/index.ts:859:12)
    at reportTSError (/home/thoughtwin/Documents/EB_Ty/node_modules/ts-node/src/index.ts:863:19)
    at getOutput (/home/thoughtwin/Documents/EB_Ty/node_modules/ts-node/src/index.ts:1077:36)
    at Object.compile (/home/thoughtwin/Documents/EB_Ty/node_modules/ts-node/src/index.ts:1433:41)
    at Module.m._compile (/home/thoughtwin/Documents/EB_Ty/node_modules/ts-node/src/index.ts:1617:30)
    at Module._extensions..js (node:internal/modules/cjs/loader:1159:10)
    at Object.require.extensions.<computed> [as .ts] (/home/thoughtwin/Documents/EB_Ty/node_modules/ts-node/src/index.ts:1621:12)
    at Module.load (node:internal/modules/cjs/loader:981:32)
    at Function.Module._load (node:internal/modules/cjs/loader:827:12)
    at Module.require (node:internal/modules/cjs/loader:1005:19)
[Node] [ERROR] - 2022-12-19T06:48:53.711ZuncaughtException: тип Unable to compile TypeScript:
[96msrc/controllers/user/users.controller.ts[0m:[93m146[0m:[93m67[0m - [91merror[0m[90m TS2554: [0mExpected 0 arguments, but got 1.

[7m146[0m       const findAllUsersData = await this.userService.findAllUser({
[7m   [0m [91m                                                                  ~[0m
[7m147[0m         offset,
[7m   [0m [91m~~~~~~~~~~~~~~~[0m
[7m148[0m       });
[7m   [0m [91m~~~~~~~[0m

TSError: тип Unable to compile TypeScript:
[96msrc/controllers/user/users.controller.ts[0m:[93m146[0m:[93m67[0m - [91merror[0m[90m TS2554: [0mExpected 0 arguments, but got 1.

[7m146[0m       const findAllUsersData = await this.userService.findAllUser({
[7m   [0m [91m                                                                  ~[0m
[7m147[0m         offset,
[7m   [0m [91m~~~~~~~~~~~~~~~[0m
[7m148[0m       });
[7m   [0m [91m~~~~~~~[0m

    at createTSError (/home/thoughtwin/Documents/EB_Ty/node_modules/ts-node/src/index.ts:859:12)
    at reportTSError (/home/thoughtwin/Documents/EB_Ty/node_modules/ts-node/src/index.ts:863:19)
    at getOutput (/home/thoughtwin/Documents/EB_Ty/node_modules/ts-node/src/index.ts:1077:36)
    at Object.compile (/home/thoughtwin/Documents/EB_Ty/node_modules/ts-node/src/index.ts:1433:41)
    at Module.m._compile (/home/thoughtwin/Documents/EB_Ty/node_modules/ts-node/src/index.ts:1617:30)
    at Module._extensions..js (node:internal/modules/cjs/loader:1159:10)
    at Object.require.extensions.<computed> [as .ts] (/home/thoughtwin/Documents/EB_Ty/node_modules/ts-node/src/index.ts:1621:12)
    at Module.load (node:internal/modules/cjs/loader:981:32)
    at Function.Module._load (node:internal/modules/cjs/loader:827:12)
    at Module.require (node:internal/modules/cjs/loader:1005:19)
[Node] [ERROR] - 2022-12-19T06:49:04.770ZuncaughtException: тип Unable to compile TypeScript:
[96msrc/controllers/user/users.controller.ts[0m:[93m146[0m:[93m67[0m - [91merror[0m[90m TS2554: [0mExpected 0 arguments, but got 1.

[7m146[0m       const findAllUsersData = await this.userService.findAllUser({
[7m   [0m [91m                                                                  ~[0m
[7m147[0m         offset,
[7m   [0m [91m~~~~~~~~~~~~~~~[0m
[7m148[0m         limit,
[7m   [0m [91m~~~~~~~~~~~~~~[0m
[7m149[0m       });
[7m   [0m [91m~~~~~~~[0m

TSError: тип Unable to compile TypeScript:
[96msrc/controllers/user/users.controller.ts[0m:[93m146[0m:[93m67[0m - [91merror[0m[90m TS2554: [0mExpected 0 arguments, but got 1.

[7m146[0m       const findAllUsersData = await this.userService.findAllUser({
[7m   [0m [91m                                                                  ~[0m
[7m147[0m         offset,
[7m   [0m [91m~~~~~~~~~~~~~~~[0m
[7m148[0m         limit,
[7m   [0m [91m~~~~~~~~~~~~~~[0m
[7m149[0m       });
[7m   [0m [91m~~~~~~~[0m

    at createTSError (/home/thoughtwin/Documents/EB_Ty/node_modules/ts-node/src/index.ts:859:12)
    at reportTSError (/home/thoughtwin/Documents/EB_Ty/node_modules/ts-node/src/index.ts:863:19)
    at getOutput (/home/thoughtwin/Documents/EB_Ty/node_modules/ts-node/src/index.ts:1077:36)
    at Object.compile (/home/thoughtwin/Documents/EB_Ty/node_modules/ts-node/src/index.ts:1433:41)
    at Module.m._compile (/home/thoughtwin/Documents/EB_Ty/node_modules/ts-node/src/index.ts:1617:30)
    at Module._extensions..js (node:internal/modules/cjs/loader:1159:10)
    at Object.require.extensions.<computed> [as .ts] (/home/thoughtwin/Documents/EB_Ty/node_modules/ts-node/src/index.ts:1621:12)
    at Module.load (node:internal/modules/cjs/loader:981:32)
    at Function.Module._load (node:internal/modules/cjs/loader:827:12)
    at Module.require (node:internal/modules/cjs/loader:1005:19)
[Node] [ERROR] - 2022-12-19T06:49:14.069ZuncaughtException: тип Unable to compile TypeScript:
[96msrc/controllers/user/users.controller.ts[0m:[93m146[0m:[93m67[0m - [91merror[0m[90m TS2554: [0mExpected 0 arguments, but got 1.

[7m146[0m       const findAllUsersData = await this.userService.findAllUser({
[7m   [0m [91m                                                                  ~[0m
[7m147[0m         offset,
[7m   [0m [91m~~~~~~~~~~~~~~~[0m
[7m...[0m 
[7m151[0m         ],
[7m   [0m [91m~~~~~~~~~~[0m
[7m152[0m       });
[7m   [0m [91m~~~~~~~[0m

TSError: тип Unable to compile TypeScript:
[96msrc/controllers/user/users.controller.ts[0m:[93m146[0m:[93m67[0m - [91merror[0m[90m TS2554: [0mExpected 0 arguments, but got 1.

[7m146[0m       const findAllUsersData = await this.userService.findAllUser({
[7m   [0m [91m                                                                  ~[0m
[7m147[0m         offset,
[7m   [0m [91m~~~~~~~~~~~~~~~[0m
[7m...[0m 
[7m151[0m         ],
[7m   [0m [91m~~~~~~~~~~[0m
[7m152[0m       });
[7m   [0m [91m~~~~~~~[0m

    at createTSError (/home/thoughtwin/Documents/EB_Ty/node_modules/ts-node/src/index.ts:859:12)
    at reportTSError (/home/thoughtwin/Documents/EB_Ty/node_modules/ts-node/src/index.ts:863:19)
    at getOutput (/home/thoughtwin/Documents/EB_Ty/node_modules/ts-node/src/index.ts:1077:36)
    at Object.compile (/home/thoughtwin/Documents/EB_Ty/node_modules/ts-node/src/index.ts:1433:41)
    at Module.m._compile (/home/thoughtwin/Documents/EB_Ty/node_modules/ts-node/src/index.ts:1617:30)
    at Module._extensions..js (node:internal/modules/cjs/loader:1159:10)
    at Object.require.extensions.<computed> [as .ts] (/home/thoughtwin/Documents/EB_Ty/node_modules/ts-node/src/index.ts:1621:12)
    at Module.load (node:internal/modules/cjs/loader:981:32)
    at Function.Module._load (node:internal/modules/cjs/loader:827:12)
    at Module.require (node:internal/modules/cjs/loader:1005:19)
[Node] [ERROR] - 2022-12-19T06:50:07.296ZuncaughtException: тип Unable to compile TypeScript:
[96msrc/services/user/index.ts[0m:[93m80[0m:[93m25[0m - [91merror[0m[90m TS2304: [0mCannot find name 'req'.

[7m80[0m     const offset = 0 + (req.body.page - 1) * limit;
[7m  [0m [91m                        ~~~[0m

TSError: тип Unable to compile TypeScript:
[96msrc/services/user/index.ts[0m:[93m80[0m:[93m25[0m - [91merror[0m[90m TS2304: [0mCannot find name 'req'.

[7m80[0m     const offset = 0 + (req.body.page - 1) * limit;
[7m  [0m [91m                        ~~~[0m

    at createTSError (/home/thoughtwin/Documents/EB_Ty/node_modules/ts-node/src/index.ts:859:12)
    at reportTSError (/home/thoughtwin/Documents/EB_Ty/node_modules/ts-node/src/index.ts:863:19)
    at getOutput (/home/thoughtwin/Documents/EB_Ty/node_modules/ts-node/src/index.ts:1077:36)
    at Object.compile (/home/thoughtwin/Documents/EB_Ty/node_modules/ts-node/src/index.ts:1433:41)
    at Module.m._compile (/home/thoughtwin/Documents/EB_Ty/node_modules/ts-node/src/index.ts:1617:30)
    at Module._extensions..js (node:internal/modules/cjs/loader:1159:10)
    at Object.require.extensions.<computed> [as .ts] (/home/thoughtwin/Documents/EB_Ty/node_modules/ts-node/src/index.ts:1621:12)
    at Module.load (node:internal/modules/cjs/loader:981:32)
    at Function.Module._load (node:internal/modules/cjs/loader:827:12)
    at Module.require (node:internal/modules/cjs/loader:1005:19)
[Node] [ERROR] - 2022-12-19T06:50:30.082ZuncaughtException: тип Unable to compile TypeScript:
[96msrc/services/user/index.ts[0m:[93m80[0m:[93m29[0m - [91merror[0m[90m TS2304: [0mCannot find name 'req'.

[7m80[0m     const offset:any = 0 + (req.body.page - 1) * limit;
[7m  [0m [91m                            ~~~[0m

TSError: тип Unable to compile TypeScript:
[96msrc/services/user/index.ts[0m:[93m80[0m:[93m29[0m - [91merror[0m[90m TS2304: [0mCannot find name 'req'.

[7m80[0m     const offset:any = 0 + (req.body.page - 1) * limit;
[7m  [0m [91m                            ~~~[0m

    at createTSError (/home/thoughtwin/Documents/EB_Ty/node_modules/ts-node/src/index.ts:859:12)
    at reportTSError (/home/thoughtwin/Documents/EB_Ty/node_modules/ts-node/src/index.ts:863:19)
    at getOutput (/home/thoughtwin/Documents/EB_Ty/node_modules/ts-node/src/index.ts:1077:36)
    at Object.compile (/home/thoughtwin/Documents/EB_Ty/node_modules/ts-node/src/index.ts:1433:41)
    at Module.m._compile (/home/thoughtwin/Documents/EB_Ty/node_modules/ts-node/src/index.ts:1617:30)
    at Module._extensions..js (node:internal/modules/cjs/loader:1159:10)
    at Object.require.extensions.<computed> [as .ts] (/home/thoughtwin/Documents/EB_Ty/node_modules/ts-node/src/index.ts:1621:12)
    at Module.load (node:internal/modules/cjs/loader:981:32)
    at Function.Module._load (node:internal/modules/cjs/loader:827:12)
    at Module.require (node:internal/modules/cjs/loader:1005:19)
[Node] [ERROR] - 2022-12-19T06:50:49.612ZuncaughtException: тип Unable to compile TypeScript:
[96msrc/services/user/index.ts[0m:[93m81[0m:[93m29[0m - [91merror[0m[90m TS2304: [0mCannot find name 'req'.

[7m81[0m     const offset:any = 0 + (req.body.page - 1) * limit;
[7m  [0m [91m                            ~~~[0m

TSError: тип Unable to compile TypeScript:
[96msrc/services/user/index.ts[0m:[93m81[0m:[93m29[0m - [91merror[0m[90m TS2304: [0mCannot find name 'req'.

[7m81[0m     const offset:any = 0 + (req.body.page - 1) * limit;
[7m  [0m [91m                            ~~~[0m

    at createTSError (/home/thoughtwin/Documents/EB_Ty/node_modules/ts-node/src/index.ts:859:12)
    at reportTSError (/home/thoughtwin/Documents/EB_Ty/node_modules/ts-node/src/index.ts:863:19)
    at getOutput (/home/thoughtwin/Documents/EB_Ty/node_modules/ts-node/src/index.ts:1077:36)
    at Object.compile (/home/thoughtwin/Documents/EB_Ty/node_modules/ts-node/src/index.ts:1433:41)
    at Module.m._compile (/home/thoughtwin/Documents/EB_Ty/node_modules/ts-node/src/index.ts:1617:30)
    at Module._extensions..js (node:internal/modules/cjs/loader:1159:10)
    at Object.require.extensions.<computed> [as .ts] (/home/thoughtwin/Documents/EB_Ty/node_modules/ts-node/src/index.ts:1621:12)
    at Module.load (node:internal/modules/cjs/loader:981:32)
    at Function.Module._load (node:internal/modules/cjs/loader:827:12)
    at Module.require (node:internal/modules/cjs/loader:1005:19)
[Node] [ERROR] - 2022-12-19T06:50:55.174ZuncaughtException: тип Unable to compile TypeScript:
[96msrc/services/user/index.ts[0m:[93m81[0m:[93m29[0m - [91merror[0m[90m TS2304: [0mCannot find name 'req'.

[7m81[0m     const offset:any = 0 + (req.body.page - 1) * limit;
[7m  [0m [91m                            ~~~[0m

TSError: тип Unable to compile TypeScript:
[96msrc/services/user/index.ts[0m:[93m81[0m:[93m29[0m - [91merror[0m[90m TS2304: [0mCannot find name 'req'.

[7m81[0m     const offset:any = 0 + (req.body.page - 1) * limit;
[7m  [0m [91m                            ~~~[0m

    at createTSError (/home/thoughtwin/Documents/EB_Ty/node_modules/ts-node/src/index.ts:859:12)
    at reportTSError (/home/thoughtwin/Documents/EB_Ty/node_modules/ts-node/src/index.ts:863:19)
    at getOutput (/home/thoughtwin/Documents/EB_Ty/node_modules/ts-node/src/index.ts:1077:36)
    at Object.compile (/home/thoughtwin/Documents/EB_Ty/node_modules/ts-node/src/index.ts:1433:41)
    at Module.m._compile (/home/thoughtwin/Documents/EB_Ty/node_modules/ts-node/src/index.ts:1617:30)
    at Module._extensions..js (node:internal/modules/cjs/loader:1159:10)
    at Object.require.extensions.<computed> [as .ts] (/home/thoughtwin/Documents/EB_Ty/node_modules/ts-node/src/index.ts:1621:12)
    at Module.load (node:internal/modules/cjs/loader:981:32)
    at Function.Module._load (node:internal/modules/cjs/loader:827:12)
    at Module.require (node:internal/modules/cjs/loader:1005:19)
[Node] [ERROR] - 2022-12-19T06:51:05.494ZuncaughtException: тип Unable to compile TypeScript:
[96msrc/services/user/index.ts[0m:[93m81[0m:[93m29[0m - [91merror[0m[90m TS2304: [0mCannot find name 'req'.

[7m81[0m     const offset:any = 0 + (req.body.page - 1) * limit;
[7m  [0m [91m                            ~~~[0m
[96msrc/services/user/index.ts[0m:[93m88[0m:[93m7[0m - [91merror[0m[90m TS1005: [0m',' expected.

[7m88[0m       include: [{
[7m  [0m [91m      ~~~~~~~[0m

TSError: тип Unable to compile TypeScript:
[96msrc/services/user/index.ts[0m:[93m81[0m:[93m29[0m - [91merror[0m[90m TS2304: [0mCannot find name 'req'.

[7m81[0m     const offset:any = 0 + (req.body.page - 1) * limit;
[7m  [0m [91m                            ~~~[0m
[96msrc/services/user/index.ts[0m:[93m88[0m:[93m7[0m - [91merror[0m[90m TS1005: [0m',' expected.

[7m88[0m       include: [{
[7m  [0m [91m      ~~~~~~~[0m

    at createTSError (/home/thoughtwin/Documents/EB_Ty/node_modules/ts-node/src/index.ts:859:12)
    at reportTSError (/home/thoughtwin/Documents/EB_Ty/node_modules/ts-node/src/index.ts:863:19)
    at getOutput (/home/thoughtwin/Documents/EB_Ty/node_modules/ts-node/src/index.ts:1077:36)
    at Object.compile (/home/thoughtwin/Documents/EB_Ty/node_modules/ts-node/src/index.ts:1433:41)
    at Module.m._compile (/home/thoughtwin/Documents/EB_Ty/node_modules/ts-node/src/index.ts:1617:30)
    at Module._extensions..js (node:internal/modules/cjs/loader:1159:10)
    at Object.require.extensions.<computed> [as .ts] (/home/thoughtwin/Documents/EB_Ty/node_modules/ts-node/src/index.ts:1621:12)
    at Module.load (node:internal/modules/cjs/loader:981:32)
    at Function.Module._load (node:internal/modules/cjs/loader:827:12)
    at Module.require (node:internal/modules/cjs/loader:1005:19)
[Node] [ERROR] - 2022-12-19T06:51:12.583ZuncaughtException: тип Unable to compile TypeScript:
[96msrc/services/user/index.ts[0m:[93m81[0m:[93m29[0m - [91merror[0m[90m TS2304: [0mCannot find name 'req'.

[7m81[0m     const offset:any = 0 + (req.body.page - 1) * limit;
[7m  [0m [91m                            ~~~[0m

TSError: тип Unable to compile TypeScript:
[96msrc/services/user/index.ts[0m:[93m81[0m:[93m29[0m - [91merror[0m[90m TS2304: [0mCannot find name 'req'.

[7m81[0m     const offset:any = 0 + (req.body.page - 1) * limit;
[7m  [0m [91m                            ~~~[0m

    at createTSError (/home/thoughtwin/Documents/EB_Ty/node_modules/ts-node/src/index.ts:859:12)
    at reportTSError (/home/thoughtwin/Documents/EB_Ty/node_modules/ts-node/src/index.ts:863:19)
    at getOutput (/home/thoughtwin/Documents/EB_Ty/node_modules/ts-node/src/index.ts:1077:36)
    at Object.compile (/home/thoughtwin/Documents/EB_Ty/node_modules/ts-node/src/index.ts:1433:41)
    at Module.m._compile (/home/thoughtwin/Documents/EB_Ty/node_modules/ts-node/src/index.ts:1617:30)
    at Module._extensions..js (node:internal/modules/cjs/loader:1159:10)
    at Object.require.extensions.<computed> [as .ts] (/home/thoughtwin/Documents/EB_Ty/node_modules/ts-node/src/index.ts:1621:12)
    at Module.load (node:internal/modules/cjs/loader:981:32)
    at Function.Module._load (node:internal/modules/cjs/loader:827:12)
    at Module.require (node:internal/modules/cjs/loader:1005:19)
[Node] [ERROR] - 2022-12-19T06:51:46.436ZuncaughtException: тип Unable to compile TypeScript:
[96msrc/controllers/user/users.controller.ts[0m:[93m144[0m:[93m55[0m - [91merror[0m[90m TS2554: [0mExpected 1 arguments, but got 0.

[7m144[0m       const findAllUsersData = await this.userService.findAllUser();
[7m   [0m [91m                                                      ~~~~~~~~~~~~~[0m

  [96msrc/services/user/index.ts[0m:[93m79[0m:[93m28[0m
    [7m79[0m   public async findAllUser(req: any) {
    [7m  [0m [96m                           ~~~~~~~~[0m
    An argument for 'req' was not provided.

TSError: тип Unable to compile TypeScript:
[96msrc/controllers/user/users.controller.ts[0m:[93m144[0m:[93m55[0m - [91merror[0m[90m TS2554: [0mExpected 1 arguments, but got 0.

[7m144[0m       const findAllUsersData = await this.userService.findAllUser();
[7m   [0m [91m                                                      ~~~~~~~~~~~~~[0m

  [96msrc/services/user/index.ts[0m:[93m79[0m:[93m28[0m
    [7m79[0m   public async findAllUser(req: any) {
    [7m  [0m [96m                           ~~~~~~~~[0m
    An argument for 'req' was not provided.

    at createTSError (/home/thoughtwin/Documents/EB_Ty/node_modules/ts-node/src/index.ts:859:12)
    at reportTSError (/home/thoughtwin/Documents/EB_Ty/node_modules/ts-node/src/index.ts:863:19)
    at getOutput (/home/thoughtwin/Documents/EB_Ty/node_modules/ts-node/src/index.ts:1077:36)
    at Object.compile (/home/thoughtwin/Documents/EB_Ty/node_modules/ts-node/src/index.ts:1433:41)
    at Module.m._compile (/home/thoughtwin/Documents/EB_Ty/node_modules/ts-node/src/index.ts:1617:30)
    at Module._extensions..js (node:internal/modules/cjs/loader:1159:10)
    at Object.require.extensions.<computed> [as .ts] (/home/thoughtwin/Documents/EB_Ty/node_modules/ts-node/src/index.ts:1621:12)
    at Module.load (node:internal/modules/cjs/loader:981:32)
    at Function.Module._load (node:internal/modules/cjs/loader:827:12)
    at Module.require (node:internal/modules/cjs/loader:1005:19)
[Node] [ERROR] - 2022-12-19T06:52:17.987ZuncaughtException: тип Unable to compile TypeScript:
[96msrc/services/user/index.ts[0m:[93m81[0m:[93m29[0m - [91merror[0m[90m TS2304: [0mCannot find name 'req'.

[7m81[0m     const offset:any = 0 + (req.body.page - 1) * limit;
[7m  [0m [91m                            ~~~[0m

TSError: тип Unable to compile TypeScript:
[96msrc/services/user/index.ts[0m:[93m81[0m:[93m29[0m - [91merror[0m[90m TS2304: [0mCannot find name 'req'.

[7m81[0m     const offset:any = 0 + (req.body.page - 1) * limit;
[7m  [0m [91m                            ~~~[0m

    at createTSError (/home/thoughtwin/Documents/EB_Ty/node_modules/ts-node/src/index.ts:859:12)
    at reportTSError (/home/thoughtwin/Documents/EB_Ty/node_modules/ts-node/src/index.ts:863:19)
    at getOutput (/home/thoughtwin/Documents/EB_Ty/node_modules/ts-node/src/index.ts:1077:36)
    at Object.compile (/home/thoughtwin/Documents/EB_Ty/node_modules/ts-node/src/index.ts:1433:41)
    at Module.m._compile (/home/thoughtwin/Documents/EB_Ty/node_modules/ts-node/src/index.ts:1617:30)
    at Module._extensions..js (node:internal/modules/cjs/loader:1159:10)
    at Object.require.extensions.<computed> [as .ts] (/home/thoughtwin/Documents/EB_Ty/node_modules/ts-node/src/index.ts:1621:12)
    at Module.load (node:internal/modules/cjs/loader:981:32)
    at Function.Module._load (node:internal/modules/cjs/loader:827:12)
    at Module.require (node:internal/modules/cjs/loader:1005:19)
[Node] [ERROR] - 2022-12-19T06:52:28.668ZuncaughtException: тип Unable to compile TypeScript:
[96msrc/controllers/user/users.controller.ts[0m:[93m144[0m:[93m55[0m - [91merror[0m[90m TS2554: [0mExpected 1 arguments, but got 0.

[7m144[0m       const findAllUsersData = await this.userService.findAllUser();
[7m   [0m [91m                                                      ~~~~~~~~~~~~~[0m

  [96msrc/services/user/index.ts[0m:[93m79[0m:[93m28[0m
    [7m79[0m   public async findAllUser(req: any) {
    [7m  [0m [96m                           ~~~~~~~~[0m
    An argument for 'req' was not provided.

TSError: тип Unable to compile TypeScript:
[96msrc/controllers/user/users.controller.ts[0m:[93m144[0m:[93m55[0m - [91merror[0m[90m TS2554: [0mExpected 1 arguments, but got 0.

[7m144[0m       const findAllUsersData = await this.userService.findAllUser();
[7m   [0m [91m                                                      ~~~~~~~~~~~~~[0m

  [96msrc/services/user/index.ts[0m:[93m79[0m:[93m28[0m
    [7m79[0m   public async findAllUser(req: any) {
    [7m  [0m [96m                           ~~~~~~~~[0m
    An argument for 'req' was not provided.

    at createTSError (/home/thoughtwin/Documents/EB_Ty/node_modules/ts-node/src/index.ts:859:12)
    at reportTSError (/home/thoughtwin/Documents/EB_Ty/node_modules/ts-node/src/index.ts:863:19)
    at getOutput (/home/thoughtwin/Documents/EB_Ty/node_modules/ts-node/src/index.ts:1077:36)
    at Object.compile (/home/thoughtwin/Documents/EB_Ty/node_modules/ts-node/src/index.ts:1433:41)
    at Module.m._compile (/home/thoughtwin/Documents/EB_Ty/node_modules/ts-node/src/index.ts:1617:30)
    at Module._extensions..js (node:internal/modules/cjs/loader:1159:10)
    at Object.require.extensions.<computed> [as .ts] (/home/thoughtwin/Documents/EB_Ty/node_modules/ts-node/src/index.ts:1621:12)
    at Module.load (node:internal/modules/cjs/loader:981:32)
    at Function.Module._load (node:internal/modules/cjs/loader:827:12)
    at Module.require (node:internal/modules/cjs/loader:1005:19)
[Node] [ERROR] - 2022-12-19T06:52:33.424ZuncaughtException: тип Unable to compile TypeScript:
[96msrc/controllers/user/users.controller.ts[0m:[93m125[0m:[93m55[0m - [91merror[0m[90m TS2554: [0mExpected 1 arguments, but got 0.

[7m125[0m       const findAllUsersData = await this.userService.findAllUser();
[7m   [0m [91m                                                      ~~~~~~~~~~~~~[0m

  [96msrc/services/user/index.ts[0m:[93m79[0m:[93m28[0m
    [7m79[0m   public async findAllUser(req: any) {
    [7m  [0m [96m                           ~~~~~~~~[0m
    An argument for 'req' was not provided.

TSError: тип Unable to compile TypeScript:
[96msrc/controllers/user/users.controller.ts[0m:[93m125[0m:[93m55[0m - [91merror[0m[90m TS2554: [0mExpected 1 arguments, but got 0.

[7m125[0m       const findAllUsersData = await this.userService.findAllUser();
[7m   [0m [91m                                                      ~~~~~~~~~~~~~[0m

  [96msrc/services/user/index.ts[0m:[93m79[0m:[93m28[0m
    [7m79[0m   public async findAllUser(req: any) {
    [7m  [0m [96m                           ~~~~~~~~[0m
    An argument for 'req' was not provided.

    at createTSError (/home/thoughtwin/Documents/EB_Ty/node_modules/ts-node/src/index.ts:859:12)
    at reportTSError (/home/thoughtwin/Documents/EB_Ty/node_modules/ts-node/src/index.ts:863:19)
    at getOutput (/home/thoughtwin/Documents/EB_Ty/node_modules/ts-node/src/index.ts:1077:36)
    at Object.compile (/home/thoughtwin/Documents/EB_Ty/node_modules/ts-node/src/index.ts:1433:41)
    at Module.m._compile (/home/thoughtwin/Documents/EB_Ty/node_modules/ts-node/src/index.ts:1617:30)
    at Module._extensions..js (node:internal/modules/cjs/loader:1159:10)
    at Object.require.extensions.<computed> [as .ts] (/home/thoughtwin/Documents/EB_Ty/node_modules/ts-node/src/index.ts:1621:12)
    at Module.load (node:internal/modules/cjs/loader:981:32)
    at Function.Module._load (node:internal/modules/cjs/loader:827:12)
    at Module.require (node:internal/modules/cjs/loader:1005:19)
[Node] [ERROR] - 2022-12-19T06:52:56.967Z500 - /api/v1/getAll [GET] - column users.date does not exist 
[Node] [ERROR] - 2022-12-19T06:53:05.582Z500 - /api/v1/getAll [GET] - column users.date does not exist 
[Node] [ERROR] - 2022-12-19T06:53:29.942ZuncaughtException: тип Unable to compile TypeScript:
[96msrc/controllers/user/users.controller.ts[0m:[93m125[0m:[93m55[0m - [91merror[0m[90m TS2554: [0mExpected 1 arguments, but got 0.

[7m125[0m       const findAllUsersData = await this.userService.findAllUser();
[7m   [0m [91m                                                      ~~~~~~~~~~~~~[0m

  [96msrc/services/user/index.ts[0m:[93m79[0m:[93m28[0m
    [7m79[0m   public async findAllUser(req: any) {
    [7m  [0m [96m                           ~~~~~~~~[0m
    An argument for 'req' was not provided.

TSError: тип Unable to compile TypeScript:
[96msrc/controllers/user/users.controller.ts[0m:[93m125[0m:[93m55[0m - [91merror[0m[90m TS2554: [0mExpected 1 arguments, but got 0.

[7m125[0m       const findAllUsersData = await this.userService.findAllUser();
[7m   [0m [91m                                                      ~~~~~~~~~~~~~[0m

  [96msrc/services/user/index.ts[0m:[93m79[0m:[93m28[0m
    [7m79[0m   public async findAllUser(req: any) {
    [7m  [0m [96m                           ~~~~~~~~[0m
    An argument for 'req' was not provided.

    at createTSError (/home/thoughtwin/Documents/EB_Ty/node_modules/ts-node/src/index.ts:859:12)
    at reportTSError (/home/thoughtwin/Documents/EB_Ty/node_modules/ts-node/src/index.ts:863:19)
    at getOutput (/home/thoughtwin/Documents/EB_Ty/node_modules/ts-node/src/index.ts:1077:36)
    at Object.compile (/home/thoughtwin/Documents/EB_Ty/node_modules/ts-node/src/index.ts:1433:41)
    at Module.m._compile (/home/thoughtwin/Documents/EB_Ty/node_modules/ts-node/src/index.ts:1617:30)
    at Module._extensions..js (node:internal/modules/cjs/loader:1159:10)
    at Object.require.extensions.<computed> [as .ts] (/home/thoughtwin/Documents/EB_Ty/node_modules/ts-node/src/index.ts:1621:12)
    at Module.load (node:internal/modules/cjs/loader:981:32)
    at Function.Module._load (node:internal/modules/cjs/loader:827:12)
    at Module.require (node:internal/modules/cjs/loader:1005:19)
[Node] [ERROR] - 2022-12-19T09:29:08.724Z404 - /api/v1/profile [PATCH] - Can't find /api/v1/profile on this server! 
[Node] [ERROR] - 2022-12-19T09:30:40.237Z404 - /api/v1/profile/create [PATCH] - Can't find /api/v1/profile/create on this server! 
[Node] [ERROR] - 2022-12-19T09:32:10.442Z500 - /api/v1/profile/create [POST] - WHERE parameter "user_id" has invalid "undefined" value 
[Node] [ERROR] - 2022-12-19T09:53:14.021Z500 - /api/v1/profile/create [POST] - WHERE parameter "user_id" has invalid "undefined" value 
[Node] [ERROR] - 2022-12-19T09:56:52.749Z500 - /api/v1/profile/create [POST] - insert or update on table "users_profile" violates foreign key constraint "users_profile_user_id_fkey" 
[Node] [ERROR] - 2022-12-19T09:57:38.197Z500 - /api/v1/profile/create [POST] - WHERE parameter "user_id" has invalid "undefined" value 
[Node] [ERROR] - 2022-12-19T10:06:10.419Z500 - /api/v1/profile/create [POST] - WHERE parameter "user_id" has invalid "undefined" value 
[Node] [ERROR] - 2022-12-19T10:06:51.088Z500 - /api/v1/profile/create [POST] - WHERE parameter "user_id" has invalid "undefined" value 
[Node] [ERROR] - 2022-12-19T10:08:47.319Z500 - /api/v1/profile/create [POST] - WHERE parameter "user_id" has invalid "undefined" value 
[Node] [ERROR] - 2022-12-19T10:13:58.765Z500 - /api/v1/profile/create [POST] - WHERE parameter "user_id" has invalid "undefined" value 
[Node] [ERROR] - 2022-12-19T10:16:09.459Z400 - /api/v1/profile/create [POST] - Unexpected token " in JSON at position 0 
[Node] [ERROR] - 2022-12-19T10:16:09.495Z400 - /api/v1/profile/create [POST] - Unexpected token " in JSON at position 0 
[Node] [ERROR] - 2022-12-19T10:16:26.373Z400 - /api/v1/profile/create [POST] - Unexpected token " in JSON at position 0 
[Node] [ERROR] - 2022-12-19T10:16:48.040Z500 - /api/v1/profile/create [POST] - WHERE parameter "user_id" has invalid "undefined" value 
[Node] [ERROR] - 2022-12-19T10:17:27.879Z400 - /api/v1/profile/create [POST] - Unexpected token " in JSON at position 0 
[Node] [ERROR] - 2022-12-19T10:17:27.983Z400 - /api/v1/profile/create [POST] - Unexpected token " in JSON at position 0 
[Node] [ERROR] - 2022-12-19T10:18:04.457Z500 - /api/v1/profile/create [POST] - WHERE parameter "user_id" has invalid "undefined" value 
[Node] [ERROR] - 2022-12-19T10:18:09.418Z500 - /api/v1/profile/create [POST] - WHERE parameter "user_id" has invalid "undefined" value 
[Node] [ERROR] - 2022-12-19T10:18:09.503Z500 - /api/v1/profile/create [POST] - WHERE parameter "user_id" has invalid "undefined" value 
[Node] [ERROR] - 2022-12-19T10:18:37.331Z500 - /api/v1/profile/create [POST] - WHERE parameter "user_id" has invalid "undefined" value 
[Node] [ERROR] - 2022-12-19T10:18:41.652Z500 - /api/v1/profile/create [POST] - WHERE parameter "user_id" has invalid "undefined" value 
[Node] [ERROR] - 2022-12-19T10:18:41.675Z500 - /api/v1/profile/create [POST] - WHERE parameter "user_id" has invalid "undefined" value 
[Node] [ERROR] - 2022-12-19T10:19:32.265Z500 - /api/v1/profile/create [POST] - WHERE parameter "user_id" has invalid "undefined" value 
[Node] [ERROR] - 2022-12-19T10:20:44.077Z500 - /api/v1/profile/create [POST] - insert or update on table "users_profile" violates foreign key constraint "users_profile_user_id_fkey" 
[Node] [ERROR] - 2022-12-19T10:21:14.037Z500 - /api/v1/profile/create [POST] - insert or update on table "users_profile" violates foreign key constraint "users_profile_user_id_fkey" 
[Node] [ERROR] - 2022-12-19T10:21:24.287Z500 - /api/v1/profile/create [POST] - insert or update on table "users_profile" violates foreign key constraint "users_profile_user_id_fkey" 
[Node] [ERROR] - 2022-12-19T10:22:07.132Z500 - /api/v1/profile/create [POST] - insert or update on table "users_profile" violates foreign key constraint "users_profile_user_id_fkey" 
[Node] [ERROR] - 2022-12-19T10:24:22.411Z500 - /api/v1/profile/create [POST] - insert or update on table "users_profile" violates foreign key constraint "users_profile_user_id_fkey" 
[Node] [ERROR] - 2022-12-19T10:25:45.401Z500 - /api/v1/profile/create [POST] - insert or update on table "users_profile" violates foreign key constraint "users_profile_user_id_fkey" 
[Node] [ERROR] - 2022-12-19T10:28:16.830Z500 - /api/v1/profile/create [POST] - insert or update on table "users_profile" violates foreign key constraint "users_profile_user_id_fkey" 
[Node] [ERROR] - 2022-12-19T10:29:01.019Z500 - /api/v1/profile/create [POST] - insert or update on table "users_profile" violates foreign key constraint "users_profile_user_id_fkey" 
[Node] [ERROR] - 2022-12-19T10:29:05.379Z500 - /api/v1/profile/create [POST] - insert or update on table "users_profile" violates foreign key constraint "users_profile_designation_id_fkey" 
[Node] [ERROR] - 2022-12-19T10:29:33.370Z500 - /api/v1/profile/create [POST] - insert or update on table "users_profile" violates foreign key constraint "users_profile_designation_id_fkey" 
[Node] [ERROR] - 2022-12-19T10:30:10.270Z500 - /api/v1/profile/create [POST] - insert or update on table "users_profile" violates foreign key constraint "users_profile_designation_id_fkey" 
[Node] [ERROR] - 2022-12-19T10:31:11.721Z401 - /api/v1/designation/getAll [GET] - Your token has expired! Please log in again. 
[Node] [ERROR] - 2022-12-19T10:31:18.284Z401 - /api/v1/designation/getAll [GET] - You are not logged in! Please log in to get access. 
[Node] [ERROR] - 2022-12-19T10:31:38.216Z409 - /api/v1/login [POST] - This email amin@thoughtwin.com was not found 
[Node] [ERROR] - 2022-12-19T10:32:10.563Z409 - /api/v1/profile/create [POST] - This user profile already exists 
[Node] [ERROR] - 2022-12-19T10:32:12.728Z409 - /api/v1/profile/create [POST] - This user profile already exists 
[Node] [ERROR] - 2022-12-19T10:32:13.924Z409 - /api/v1/profile/create [POST] - This user profile already exists 
[Node] [ERROR] - 2022-12-19T10:32:14.928Z409 - /api/v1/profile/create [POST] - This user profile already exists 
[Node] [ERROR] - 2022-12-19T10:32:15.670Z409 - /api/v1/profile/create [POST] - This user profile already exists 
[Node] [ERROR] - 2022-12-19T10:32:52.253Z500 - /api/v1/profile/create [POST] - WHERE parameter "user_id" has invalid "undefined" value 
[Node] [ERROR] - 2022-12-19T10:32:52.271Z500 - /api/v1/profile/create [POST] - WHERE parameter "user_id" has invalid "undefined" value 
[Node] [ERROR] - 2022-12-19T10:33:42.619Z400 - /api/v1/profile/create [POST] - Unexpected token " in JSON at position 0 
[Node] [ERROR] - 2022-12-19T10:33:48.637Z400 - /api/v1/profile/create [POST] - Unexpected token " in JSON at position 0 
[Node] [ERROR] - 2022-12-19T10:34:15.613Z500 - /api/v1/profile/create [POST] - WHERE parameter "user_id" has invalid "undefined" value 
[Node] [ERROR] - 2022-12-19T10:34:53.558Z500 - /api/v1/profile/create [POST] - WHERE parameter "user_id" has invalid "undefined" value 
[Node] [ERROR] - 2022-12-19T10:34:53.611Z500 - /api/v1/profile/create [POST] - WHERE parameter "user_id" has invalid "undefined" value 
[Node] [ERROR] - 2022-12-19T10:36:11.800Z500 - /api/v1/profile/create [POST] - WHERE parameter "user_id" has invalid "undefined" value 
[Node] [ERROR] - 2022-12-19T10:36:58.248Z500 - /api/v1/profile/create [POST] - Validation error 
[Node] [ERROR] - 2022-12-19T10:37:48.322Z500 - /api/v1/profile/create [POST] - Validation error 
[Node] [ERROR] - 2022-12-19T10:37:48.329Z500 - /api/v1/profile/create [POST] - Validation error 
[Node] [ERROR] - 2022-12-19T10:38:36.697Z400 - /api/v1/profile/create [POST] - Unexpected token " in JSON at position 0 
[Node] [ERROR] - 2022-12-19T10:42:02.052Z400 - /api/v1/profile/create [POST] - Unexpected token " in JSON at position 0 
[Node] [ERROR] - 2022-12-19T10:42:04.279Z400 - /api/v1/profile/create [POST] - Unexpected token " in JSON at position 0 
[Node] [ERROR] - 2022-12-19T10:42:04.303Z400 - /api/v1/profile/create [POST] - Unexpected token " in JSON at position 0 
[Node] [ERROR] - 2022-12-19T10:42:51.249Z500 - /api/v1/profile/create [POST] - WHERE parameter "user_id" has invalid "undefined" value 
[Node] [ERROR] - 2022-12-19T10:42:51.334Z500 - /api/v1/profile/create [POST] - WHERE parameter "user_id" has invalid "undefined" value 
[Node] [ERROR] - 2022-12-19T10:46:25.003Z500 - /api/v1/profile/create [POST] - WHERE parameter "user_id" has invalid "undefined" value 
[Node] [ERROR] - 2022-12-19T10:49:12.053Z500 - /api/v1/get/undefined [GET] - invalid input syntax for type bigint: "undefined" 
[Node] [ERROR] - 2022-12-19T10:57:52.828Z409 - /api/v1/get/0 [GET] - User doesn't exist 
[Node] [ERROR] - 2022-12-19T10:57:52.846Z409 - /api/v1/get/0 [GET] - User doesn't exist 
[Node] [ERROR] - 2022-12-19T10:58:55.416Z409 - /api/v1/get/0 [GET] - User doesn't exist 
[Node] [ERROR] - 2022-12-19T10:58:55.463Z409 - /api/v1/get/0 [GET] - User doesn't exist 
[Node] [ERROR] - 2022-12-19T11:02:52.105ZuncaughtException: тип Unable to compile TypeScript:
[96msrc/services/user/index.ts[0m:[93m85[0m:[93m23[0m - [91merror[0m[90m TS2769: [0mNo overload matches this call.
  Overload 1 of 2, '(this: ModelStatic<Model<any, any>>, options: NonNullFindOptions<any>): Promise<Model<any, any>>', gave the following error.
    Type '{ model: ModelCtor<Model<any, any>>; as: string; attributes: { name: void; id: any; }; }' is not assignable to type 'Includeable | Includeable[]'.
      Types of property 'attributes' are incompatible.
        Type '{ name: void; id: any; }' is not assignable to type 'FindAttributeOptions'.
          Object literal may only specify known properties, and 'name' does not exist in type 'FindAttributeOptions'.
  Overload 2 of 2, '(this: ModelStatic<Model<any, any>>, options?: FindOptions<any>): Promise<Model<any, any>>', gave the following error.
    Type '{ model: ModelCtor<Model<any, any>>; as: string; attributes: { name: void; id: any; }; }' is not assignable to type 'Includeable | Includeable[]'.
      Types of property 'attributes' are incompatible.
        Type '{ name: void; id: any; }' is not assignable to type 'FindAttributeOptions'.
          Object literal may only specify known properties, and 'name' does not exist in type 'FindAttributeOptions'.

[7m85[0m         attributes: { name, id },
[7m  [0m [91m                      ~~~~[0m

  [96mnode_modules/sequelize/types/model.d.ts[0m:[93m780[0m:[93m3[0m
    [7m780[0m   include?: Includeable | Includeable[];
    [7m   [0m [96m  ~~~~~~~[0m
    The expected type comes from property 'include' which is declared here on type 'NonNullFindOptions<any>'
  [96mnode_modules/sequelize/types/model.d.ts[0m:[93m780[0m:[93m3[0m
    [7m780[0m   include?: Includeable | Includeable[];
    [7m   [0m [96m  ~~~~~~~[0m
    The expected type comes from property 'include' which is declared here on type 'FindOptions<any>'
[96msrc/services/user/index.ts[0m:[93m85[0m:[93m29[0m - [91merror[0m[90m TS18004: [0mNo value exists in scope for the shorthand property 'id'. Either declare one or provide an initializer.

[7m85[0m         attributes: { name, id },
[7m  [0m [91m                            ~~[0m

TSError: тип Unable to compile TypeScript:
[96msrc/services/user/index.ts[0m:[93m85[0m:[93m23[0m - [91merror[0m[90m TS2769: [0mNo overload matches this call.
  Overload 1 of 2, '(this: ModelStatic<Model<any, any>>, options: NonNullFindOptions<any>): Promise<Model<any, any>>', gave the following error.
    Type '{ model: ModelCtor<Model<any, any>>; as: string; attributes: { name: void; id: any; }; }' is not assignable to type 'Includeable | Includeable[]'.
      Types of property 'attributes' are incompatible.
        Type '{ name: void; id: any; }' is not assignable to type 'FindAttributeOptions'.
          Object literal may only specify known properties, and 'name' does not exist in type 'FindAttributeOptions'.
  Overload 2 of 2, '(this: ModelStatic<Model<any, any>>, options?: FindOptions<any>): Promise<Model<any, any>>', gave the following error.
    Type '{ model: ModelCtor<Model<any, any>>; as: string; attributes: { name: void; id: any; }; }' is not assignable to type 'Includeable | Includeable[]'.
      Types of property 'attributes' are incompatible.
        Type '{ name: void; id: any; }' is not assignable to type 'FindAttributeOptions'.
          Object literal may only specify known properties, and 'name' does not exist in type 'FindAttributeOptions'.

[7m85[0m         attributes: { name, id },
[7m  [0m [91m                      ~~~~[0m

  [96mnode_modules/sequelize/types/model.d.ts[0m:[93m780[0m:[93m3[0m
    [7m780[0m   include?: Includeable | Includeable[];
    [7m   [0m [96m  ~~~~~~~[0m
    The expected type comes from property 'include' which is declared here on type 'NonNullFindOptions<any>'
  [96mnode_modules/sequelize/types/model.d.ts[0m:[93m780[0m:[93m3[0m
    [7m780[0m   include?: Includeable | Includeable[];
    [7m   [0m [96m  ~~~~~~~[0m
    The expected type comes from property 'include' which is declared here on type 'FindOptions<any>'
[96msrc/services/user/index.ts[0m:[93m85[0m:[93m29[0m - [91merror[0m[90m TS18004: [0mNo value exists in scope for the shorthand property 'id'. Either declare one or provide an initializer.

[7m85[0m         attributes: { name, id },
[7m  [0m [91m                            ~~[0m

    at createTSError (/home/thoughtwin/Documents/EB_Ty/node_modules/ts-node/src/index.ts:859:12)
    at reportTSError (/home/thoughtwin/Documents/EB_Ty/node_modules/ts-node/src/index.ts:863:19)
    at getOutput (/home/thoughtwin/Documents/EB_Ty/node_modules/ts-node/src/index.ts:1077:36)
    at Object.compile (/home/thoughtwin/Documents/EB_Ty/node_modules/ts-node/src/index.ts:1433:41)
    at Module.m._compile (/home/thoughtwin/Documents/EB_Ty/node_modules/ts-node/src/index.ts:1617:30)
    at Module._extensions..js (node:internal/modules/cjs/loader:1159:10)
    at Object.require.extensions.<computed> [as .ts] (/home/thoughtwin/Documents/EB_Ty/node_modules/ts-node/src/index.ts:1621:12)
    at Module.load (node:internal/modules/cjs/loader:981:32)
    at Function.Module._load (node:internal/modules/cjs/loader:827:12)
    at Module.require (node:internal/modules/cjs/loader:1005:19)
[Node] [ERROR] - 2022-12-19T11:03:04.946ZuncaughtException: тип Unable to compile TypeScript:
[96msrc/services/user/index.ts[0m:[93m85[0m:[93m24[0m - [91merror[0m[90m TS2769: [0mNo overload matches this call.
  Overload 1 of 2, '(this: ModelStatic<Model<any, any>>, options: NonNullFindOptions<any>): Promise<Model<any, any>>', gave the following error.
    Type '{ model: ModelCtor<Model<any, any>>; as: string; attributes: { name: void; id: any; }[]; }' is not assignable to type 'Includeable | Includeable[]'.
      Types of property 'attributes' are incompatible.
        Type '{ name: void; id: any; }[]' is not assignable to type 'FindAttributeOptions'.
          Type '{ name: void; id: any; }[]' is not assignable to type '(string | ProjectionAlias)[]'.
            Type '{ name: void; id: any; }' is not assignable to type 'string | ProjectionAlias'.
              Object literal may only specify known properties, and 'name' does not exist in type 'ProjectionAlias'.
  Overload 2 of 2, '(this: ModelStatic<Model<any, any>>, options?: FindOptions<any>): Promise<Model<any, any>>', gave the following error.
    Type '{ model: ModelCtor<Model<any, any>>; as: string; attributes: { name: void; id: any; }[]; }' is not assignable to type 'Includeable | Includeable[]'.
      Types of property 'attributes' are incompatible.
        Type '{ name: void; id: any; }[]' is not assignable to type 'FindAttributeOptions'.
          Type '{ name: void; id: any; }[]' is not assignable to type '(string | ProjectionAlias)[]'.
            Type '{ name: void; id: any; }' is not assignable to type 'string | ProjectionAlias'.
              Object literal may only specify known properties, and 'name' does not exist in type 'ProjectionAlias'.

[7m85[0m         attributes: [{ name, id }],
[7m  [0m [91m                       ~~~~[0m

  [96mnode_modules/sequelize/types/model.d.ts[0m:[93m780[0m:[93m3[0m
    [7m780[0m   include?: Includeable | Includeable[];
    [7m   [0m [96m  ~~~~~~~[0m
    The expected type comes from property 'include' which is declared here on type 'NonNullFindOptions<any>'
  [96mnode_modules/sequelize/types/model.d.ts[0m:[93m780[0m:[93m3[0m
    [7m780[0m   include?: Includeable | Includeable[];
    [7m   [0m [96m  ~~~~~~~[0m
    The expected type comes from property 'include' which is declared here on type 'FindOptions<any>'
[96msrc/services/user/index.ts[0m:[93m85[0m:[93m30[0m - [91merror[0m[90m TS18004: [0mNo value exists in scope for the shorthand property 'id'. Either declare one or provide an initializer.

[7m85[0m         attributes: [{ name, id }],
[7m  [0m [91m                             ~~[0m

TSError: тип Unable to compile TypeScript:
[96msrc/services/user/index.ts[0m:[93m85[0m:[93m24[0m - [91merror[0m[90m TS2769: [0mNo overload matches this call.
  Overload 1 of 2, '(this: ModelStatic<Model<any, any>>, options: NonNullFindOptions<any>): Promise<Model<any, any>>', gave the following error.
    Type '{ model: ModelCtor<Model<any, any>>; as: string; attributes: { name: void; id: any; }[]; }' is not assignable to type 'Includeable | Includeable[]'.
      Types of property 'attributes' are incompatible.
        Type '{ name: void; id: any; }[]' is not assignable to type 'FindAttributeOptions'.
          Type '{ name: void; id: any; }[]' is not assignable to type '(string | ProjectionAlias)[]'.
            Type '{ name: void; id: any; }' is not assignable to type 'string | ProjectionAlias'.
              Object literal may only specify known properties, and 'name' does not exist in type 'ProjectionAlias'.
  Overload 2 of 2, '(this: ModelStatic<Model<any, any>>, options?: FindOptions<any>): Promise<Model<any, any>>', gave the following error.
    Type '{ model: ModelCtor<Model<any, any>>; as: string; attributes: { name: void; id: any; }[]; }' is not assignable to type 'Includeable | Includeable[]'.
      Types of property 'attributes' are incompatible.
        Type '{ name: void; id: any; }[]' is not assignable to type 'FindAttributeOptions'.
          Type '{ name: void; id: any; }[]' is not assignable to type '(string | ProjectionAlias)[]'.
            Type '{ name: void; id: any; }' is not assignable to type 'string | ProjectionAlias'.
              Object literal may only specify known properties, and 'name' does not exist in type 'ProjectionAlias'.

[7m85[0m         attributes: [{ name, id }],
[7m  [0m [91m                       ~~~~[0m

  [96mnode_modules/sequelize/types/model.d.ts[0m:[93m780[0m:[93m3[0m
    [7m780[0m   include?: Includeable | Includeable[];
    [7m   [0m [96m  ~~~~~~~[0m
    The expected type comes from property 'include' which is declared here on type 'NonNullFindOptions<any>'
  [96mnode_modules/sequelize/types/model.d.ts[0m:[93m780[0m:[93m3[0m
    [7m780[0m   include?: Includeable | Includeable[];
    [7m   [0m [96m  ~~~~~~~[0m
    The expected type comes from property 'include' which is declared here on type 'FindOptions<any>'
[96msrc/services/user/index.ts[0m:[93m85[0m:[93m30[0m - [91merror[0m[90m TS18004: [0mNo value exists in scope for the shorthand property 'id'. Either declare one or provide an initializer.

[7m85[0m         attributes: [{ name, id }],
[7m  [0m [91m                             ~~[0m

    at createTSError (/home/thoughtwin/Documents/EB_Ty/node_modules/ts-node/src/index.ts:859:12)
    at reportTSError (/home/thoughtwin/Documents/EB_Ty/node_modules/ts-node/src/index.ts:863:19)
    at getOutput (/home/thoughtwin/Documents/EB_Ty/node_modules/ts-node/src/index.ts:1077:36)
    at Object.compile (/home/thoughtwin/Documents/EB_Ty/node_modules/ts-node/src/index.ts:1433:41)
    at Module.m._compile (/home/thoughtwin/Documents/EB_Ty/node_modules/ts-node/src/index.ts:1617:30)
    at Module._extensions..js (node:internal/modules/cjs/loader:1159:10)
    at Object.require.extensions.<computed> [as .ts] (/home/thoughtwin/Documents/EB_Ty/node_modules/ts-node/src/index.ts:1621:12)
    at Module.load (node:internal/modules/cjs/loader:981:32)
    at Function.Module._load (node:internal/modules/cjs/loader:827:12)
    at Module.require (node:internal/modules/cjs/loader:1005:19)
[Node] [ERROR] - 2022-12-19T11:04:12.886ZuncaughtException: тип Unable to compile TypeScript:
[96msrc/services/user/index.ts[0m:[93m85[0m:[93m24[0m - [91merror[0m[90m TS18004: [0mNo value exists in scope for the shorthand property 'id'. Either declare one or provide an initializer.

[7m85[0m         where: { name, id },
[7m  [0m [91m                       ~~[0m

TSError: тип Unable to compile TypeScript:
[96msrc/services/user/index.ts[0m:[93m85[0m:[93m24[0m - [91merror[0m[90m TS18004: [0mNo value exists in scope for the shorthand property 'id'. Either declare one or provide an initializer.

[7m85[0m         where: { name, id },
[7m  [0m [91m                       ~~[0m

    at createTSError (/home/thoughtwin/Documents/EB_Ty/node_modules/ts-node/src/index.ts:859:12)
    at reportTSError (/home/thoughtwin/Documents/EB_Ty/node_modules/ts-node/src/index.ts:863:19)
    at getOutput (/home/thoughtwin/Documents/EB_Ty/node_modules/ts-node/src/index.ts:1077:36)
    at Object.compile (/home/thoughtwin/Documents/EB_Ty/node_modules/ts-node/src/index.ts:1433:41)
    at Module.m._compile (/home/thoughtwin/Documents/EB_Ty/node_modules/ts-node/src/index.ts:1617:30)
    at Module._extensions..js (node:internal/modules/cjs/loader:1159:10)
    at Object.require.extensions.<computed> [as .ts] (/home/thoughtwin/Documents/EB_Ty/node_modules/ts-node/src/index.ts:1621:12)
    at Module.load (node:internal/modules/cjs/loader:981:32)
    at Function.Module._load (node:internal/modules/cjs/loader:827:12)
    at Module.require (node:internal/modules/cjs/loader:1005:19)
[Node] [ERROR] - 2022-12-19T11:05:38.024ZuncaughtException: тип Unable to compile TypeScript:
[96msrc/services/user/index.ts[0m:[93m86[0m:[93m30[0m - [91merror[0m[90m TS2304: [0mCannot find name 'id'.

[7m86[0m           attributes: [name, id]
[7m  [0m [91m                             ~~[0m
[96msrc/services/user/index.ts[0m:[93m88[0m:[93m9[0m - [91merror[0m[90m TS1005: [0m',' expected.

[7m88[0m         where: { name: {}, id: {} },
[7m  [0m [91m        ~~~~~[0m

TSError: тип Unable to compile TypeScript:
[96msrc/services/user/index.ts[0m:[93m86[0m:[93m30[0m - [91merror[0m[90m TS2304: [0mCannot find name 'id'.

[7m86[0m           attributes: [name, id]
[7m  [0m [91m                             ~~[0m
[96msrc/services/user/index.ts[0m:[93m88[0m:[93m9[0m - [91merror[0m[90m TS1005: [0m',' expected.

[7m88[0m         where: { name: {}, id: {} },
[7m  [0m [91m        ~~~~~[0m

    at createTSError (/home/thoughtwin/Documents/EB_Ty/node_modules/ts-node/src/index.ts:859:12)
    at reportTSError (/home/thoughtwin/Documents/EB_Ty/node_modules/ts-node/src/index.ts:863:19)
    at getOutput (/home/thoughtwin/Documents/EB_Ty/node_modules/ts-node/src/index.ts:1077:36)
    at Object.compile (/home/thoughtwin/Documents/EB_Ty/node_modules/ts-node/src/index.ts:1433:41)
    at Module.m._compile (/home/thoughtwin/Documents/EB_Ty/node_modules/ts-node/src/index.ts:1617:30)
    at Module._extensions..js (node:internal/modules/cjs/loader:1159:10)
    at Object.require.extensions.<computed> [as .ts] (/home/thoughtwin/Documents/EB_Ty/node_modules/ts-node/src/index.ts:1621:12)
    at Module.load (node:internal/modules/cjs/loader:981:32)
    at Function.Module._load (node:internal/modules/cjs/loader:827:12)
    at Module.require (node:internal/modules/cjs/loader:1005:19)
[Node] [ERROR] - 2022-12-19T11:05:43.534ZuncaughtException: тип Unable to compile TypeScript:
[96msrc/services/user/index.ts[0m:[93m86[0m:[93m30[0m - [91merror[0m[90m TS2304: [0mCannot find name 'id'.

[7m86[0m           attributes: [name, id],
[7m  [0m [91m                             ~~[0m

TSError: тип Unable to compile TypeScript:
[96msrc/services/user/index.ts[0m:[93m86[0m:[93m30[0m - [91merror[0m[90m TS2304: [0mCannot find name 'id'.

[7m86[0m           attributes: [name, id],
[7m  [0m [91m                             ~~[0m

    at createTSError (/home/thoughtwin/Documents/EB_Ty/node_modules/ts-node/src/index.ts:859:12)
    at reportTSError (/home/thoughtwin/Documents/EB_Ty/node_modules/ts-node/src/index.ts:863:19)
    at getOutput (/home/thoughtwin/Documents/EB_Ty/node_modules/ts-node/src/index.ts:1077:36)
    at Object.compile (/home/thoughtwin/Documents/EB_Ty/node_modules/ts-node/src/index.ts:1433:41)
    at Module.m._compile (/home/thoughtwin/Documents/EB_Ty/node_modules/ts-node/src/index.ts:1617:30)
    at Module._extensions..js (node:internal/modules/cjs/loader:1159:10)
    at Object.require.extensions.<computed> [as .ts] (/home/thoughtwin/Documents/EB_Ty/node_modules/ts-node/src/index.ts:1621:12)
    at Module.load (node:internal/modules/cjs/loader:981:32)
    at Function.Module._load (node:internal/modules/cjs/loader:827:12)
    at Module.require (node:internal/modules/cjs/loader:1005:19)
[Node] [ERROR] - 2022-12-19T11:05:55.310ZuncaughtException: тип Unable to compile TypeScript:
[96msrc/services/user/index.ts[0m:[93m83[0m:[93m7[0m - [91merror[0m[90m TS2769: [0mNo overload matches this call.
  Overload 1 of 2, '(this: ModelStatic<Model<any, any>>, options: NonNullFindOptions<any>): Promise<Model<any, any>>', gave the following error.
    Type '{ model: ModelCtor<Model<any, any>>; as: string; through: { attributes: void[]; }; }' is not assignable to type 'Includeable | Includeable[]'.
      The types of 'through.attributes' are incompatible between these types.
        Type 'void[]' is not assignable to type 'FindAttributeOptions'.
          Type 'void[]' is not assignable to type '(string | ProjectionAlias)[]'.
            Type 'void' is not assignable to type 'string | ProjectionAlias'.
  Overload 2 of 2, '(this: ModelStatic<Model<any, any>>, options?: FindOptions<any>): Promise<Model<any, any>>', gave the following error.
    Type '{ model: ModelCtor<Model<any, any>>; as: string; through: { attributes: void[]; }; }' is not assignable to type 'Includeable | Includeable[]'.
      The types of 'through.attributes' are incompatible between these types.
        Type 'void[]' is not assignable to type 'FindAttributeOptions'.

[7m83[0m       include: {
[7m  [0m [91m      ~~~~~~~[0m

  [96mnode_modules/sequelize/types/model.d.ts[0m:[93m780[0m:[93m3[0m
    [7m780[0m   include?: Includeable | Includeable[];
    [7m   [0m [96m  ~~~~~~~[0m
    The expected type comes from property 'include' which is declared here on type 'NonNullFindOptions<any>'
  [96mnode_modules/sequelize/types/model.d.ts[0m:[93m780[0m:[93m3[0m
    [7m780[0m   include?: Includeable | Includeable[];
    [7m   [0m [96m  ~~~~~~~[0m
    The expected type comes from property 'include' which is declared here on type 'FindOptions<any>'

TSError: тип Unable to compile TypeScript:
[96msrc/services/user/index.ts[0m:[93m83[0m:[93m7[0m - [91merror[0m[90m TS2769: [0mNo overload matches this call.
  Overload 1 of 2, '(this: ModelStatic<Model<any, any>>, options: NonNullFindOptions<any>): Promise<Model<any, any>>', gave the following error.
    Type '{ model: ModelCtor<Model<any, any>>; as: string; through: { attributes: void[]; }; }' is not assignable to type 'Includeable | Includeable[]'.
      The types of 'through.attributes' are incompatible between these types.
        Type 'void[]' is not assignable to type 'FindAttributeOptions'.
          Type 'void[]' is not assignable to type '(string | ProjectionAlias)[]'.
            Type 'void' is not assignable to type 'string | ProjectionAlias'.
  Overload 2 of 2, '(this: ModelStatic<Model<any, any>>, options?: FindOptions<any>): Promise<Model<any, any>>', gave the following error.
    Type '{ model: ModelCtor<Model<any, any>>; as: string; through: { attributes: void[]; }; }' is not assignable to type 'Includeable | Includeable[]'.
      The types of 'through.attributes' are incompatible between these types.
        Type 'void[]' is not assignable to type 'FindAttributeOptions'.

[7m83[0m       include: {
[7m  [0m [91m      ~~~~~~~[0m

  [96mnode_modules/sequelize/types/model.d.ts[0m:[93m780[0m:[93m3[0m
    [7m780[0m   include?: Includeable | Includeable[];
    [7m   [0m [96m  ~~~~~~~[0m
    The expected type comes from property 'include' which is declared here on type 'NonNullFindOptions<any>'
  [96mnode_modules/sequelize/types/model.d.ts[0m:[93m780[0m:[93m3[0m
    [7m780[0m   include?: Includeable | Includeable[];
    [7m   [0m [96m  ~~~~~~~[0m
    The expected type comes from property 'include' which is declared here on type 'FindOptions<any>'

    at createTSError (/home/thoughtwin/Documents/EB_Ty/node_modules/ts-node/src/index.ts:859:12)
    at reportTSError (/home/thoughtwin/Documents/EB_Ty/node_modules/ts-node/src/index.ts:863:19)
    at getOutput (/home/thoughtwin/Documents/EB_Ty/node_modules/ts-node/src/index.ts:1077:36)
    at Object.compile (/home/thoughtwin/Documents/EB_Ty/node_modules/ts-node/src/index.ts:1433:41)
    at Module.m._compile (/home/thoughtwin/Documents/EB_Ty/node_modules/ts-node/src/index.ts:1617:30)
    at Module._extensions..js (node:internal/modules/cjs/loader:1159:10)
    at Object.require.extensions.<computed> [as .ts] (/home/thoughtwin/Documents/EB_Ty/node_modules/ts-node/src/index.ts:1621:12)
    at Module.load (node:internal/modules/cjs/loader:981:32)
    at Function.Module._load (node:internal/modules/cjs/loader:827:12)
    at Module.require (node:internal/modules/cjs/loader:1005:19)
[Node] [ERROR] - 2022-12-19T11:11:02.140ZuncaughtException: тип Unable to compile TypeScript:
[96msrc/services/user/index.ts[0m:[93m87[0m:[93m22[0m - [91merror[0m[90m TS2304: [0mCannot find name 'id'.

[7m87[0m         attributes: [id],
[7m  [0m [91m                     ~~[0m

TSError: тип Unable to compile TypeScript:
[96msrc/services/user/index.ts[0m:[93m87[0m:[93m22[0m - [91merror[0m[90m TS2304: [0mCannot find name 'id'.

[7m87[0m         attributes: [id],
[7m  [0m [91m                     ~~[0m

    at createTSError (/home/thoughtwin/Documents/EB_Ty/node_modules/ts-node/src/index.ts:859:12)
    at reportTSError (/home/thoughtwin/Documents/EB_Ty/node_modules/ts-node/src/index.ts:863:19)
    at getOutput (/home/thoughtwin/Documents/EB_Ty/node_modules/ts-node/src/index.ts:1077:36)
    at Object.compile (/home/thoughtwin/Documents/EB_Ty/node_modules/ts-node/src/index.ts:1433:41)
    at Module.m._compile (/home/thoughtwin/Documents/EB_Ty/node_modules/ts-node/src/index.ts:1617:30)
    at Module._extensions..js (node:internal/modules/cjs/loader:1159:10)
    at Object.require.extensions.<computed> [as .ts] (/home/thoughtwin/Documents/EB_Ty/node_modules/ts-node/src/index.ts:1621:12)
    at Module.load (node:internal/modules/cjs/loader:981:32)
    at Function.Module._load (node:internal/modules/cjs/loader:827:12)
    at Module.require (node:internal/modules/cjs/loader:1005:19)
[Node] [ERROR] - 2022-12-19T11:11:55.036ZuncaughtException: тип Unable to compile TypeScript:
[96msrc/services/user/index.ts[0m:[93m88[0m:[93m22[0m - [91merror[0m[90m TS2304: [0mCannot find name 'id'.

[7m88[0m         attributes: [id],
[7m  [0m [91m                     ~~[0m

TSError: тип Unable to compile TypeScript:
[96msrc/services/user/index.ts[0m:[93m88[0m:[93m22[0m - [91merror[0m[90m TS2304: [0mCannot find name 'id'.

[7m88[0m         attributes: [id],
[7m  [0m [91m                     ~~[0m

    at createTSError (/home/thoughtwin/Documents/EB_Ty/node_modules/ts-node/src/index.ts:859:12)
    at reportTSError (/home/thoughtwin/Documents/EB_Ty/node_modules/ts-node/src/index.ts:863:19)
    at getOutput (/home/thoughtwin/Documents/EB_Ty/node_modules/ts-node/src/index.ts:1077:36)
    at Object.compile (/home/thoughtwin/Documents/EB_Ty/node_modules/ts-node/src/index.ts:1433:41)
    at Module.m._compile (/home/thoughtwin/Documents/EB_Ty/node_modules/ts-node/src/index.ts:1617:30)
    at Module._extensions..js (node:internal/modules/cjs/loader:1159:10)
    at Object.require.extensions.<computed> [as .ts] (/home/thoughtwin/Documents/EB_Ty/node_modules/ts-node/src/index.ts:1621:12)
    at Module.load (node:internal/modules/cjs/loader:981:32)
    at Function.Module._load (node:internal/modules/cjs/loader:827:12)
    at Module.require (node:internal/modules/cjs/loader:1005:19)
[Node] [ERROR] - 2022-12-19T11:23:49.211ZuncaughtException: тип Unable to compile TypeScript:
[96msrc/services/user/index.ts[0m:[93m88[0m:[93m9[0m - [91merror[0m[90m TS18004: [0mNo value exists in scope for the shorthand property 'attributes'. Either declare one or provide an initializer.

[7m88[0m         attributes,
[7m  [0m [91m        ~~~~~~~~~~[0m

TSError: тип Unable to compile TypeScript:
[96msrc/services/user/index.ts[0m:[93m88[0m:[93m9[0m - [91merror[0m[90m TS18004: [0mNo value exists in scope for the shorthand property 'attributes'. Either declare one or provide an initializer.

[7m88[0m         attributes,
[7m  [0m [91m        ~~~~~~~~~~[0m

    at createTSError (/home/thoughtwin/Documents/EB_Ty/node_modules/ts-node/src/index.ts:859:12)
    at reportTSError (/home/thoughtwin/Documents/EB_Ty/node_modules/ts-node/src/index.ts:863:19)
    at getOutput (/home/thoughtwin/Documents/EB_Ty/node_modules/ts-node/src/index.ts:1077:36)
    at Object.compile (/home/thoughtwin/Documents/EB_Ty/node_modules/ts-node/src/index.ts:1433:41)
    at Module.m._compile (/home/thoughtwin/Documents/EB_Ty/node_modules/ts-node/src/index.ts:1617:30)
    at Module._extensions..js (node:internal/modules/cjs/loader:1159:10)
    at Object.require.extensions.<computed> [as .ts] (/home/thoughtwin/Documents/EB_Ty/node_modules/ts-node/src/index.ts:1621:12)
    at Module.load (node:internal/modules/cjs/loader:981:32)
    at Function.Module._load (node:internal/modules/cjs/loader:827:12)
    at Module.require (node:internal/modules/cjs/loader:1005:19)
[Node] [ERROR] - 2022-12-19T11:25:43.871ZuncaughtException: тип Unable to compile TypeScript:
[96msrc/services/user/index.ts[0m:[93m90[0m:[93m19[0m - [91merror[0m[90m TS1128: [0mDeclaration or statement expected.

[7m90[0m     console.log();=
[7m  [0m [91m                  ~[0m

TSError: тип Unable to compile TypeScript:
[96msrc/services/user/index.ts[0m:[93m90[0m:[93m19[0m - [91merror[0m[90m TS1128: [0mDeclaration or statement expected.

[7m90[0m     console.log();=
[7m  [0m [91m                  ~[0m

    at createTSError (/home/thoughtwin/Documents/EB_Ty/node_modules/ts-node/src/index.ts:859:12)
    at reportTSError (/home/thoughtwin/Documents/EB_Ty/node_modules/ts-node/src/index.ts:863:19)
    at getOutput (/home/thoughtwin/Documents/EB_Ty/node_modules/ts-node/src/index.ts:1077:36)
    at Object.compile (/home/thoughtwin/Documents/EB_Ty/node_modules/ts-node/src/index.ts:1433:41)
    at Module.m._compile (/home/thoughtwin/Documents/EB_Ty/node_modules/ts-node/src/index.ts:1617:30)
    at Module._extensions..js (node:internal/modules/cjs/loader:1159:10)
    at Object.require.extensions.<computed> [as .ts] (/home/thoughtwin/Documents/EB_Ty/node_modules/ts-node/src/index.ts:1621:12)
    at Module.load (node:internal/modules/cjs/loader:981:32)
    at Function.Module._load (node:internal/modules/cjs/loader:827:12)
    at Module.require (node:internal/modules/cjs/loader:1005:19)
[Node] [ERROR] - 2022-12-19T13:23:35.013Z500 - /api/v1/getAll [GET] - column users.date does not exist 
[Node] [ERROR] - 2022-12-19T13:31:26.350ZuncaughtException: тип Unable to compile TypeScript:
[96msrc/controllers/user/users.controller.ts[0m:[93m128[0m:[93m33[0m - [91merror[0m[90m TS2339: [0mProperty 'length' does not exist on type '{ user: any; }'.

[7m128[0m         count: findAllUsersData.length, data: findAllUsersData, status: 200, message: 'findAll',
[7m   [0m [91m                                ~~~~~~[0m

TSError: тип Unable to compile TypeScript:
[96msrc/controllers/user/users.controller.ts[0m:[93m128[0m:[93m33[0m - [91merror[0m[90m TS2339: [0mProperty 'length' does not exist on type '{ user: any; }'.

[7m128[0m         count: findAllUsersData.length, data: findAllUsersData, status: 200, message: 'findAll',
[7m   [0m [91m                                ~~~~~~[0m

    at createTSError (/home/thoughtwin/Documents/EB_Ty/node_modules/ts-node/src/index.ts:859:12)
    at reportTSError (/home/thoughtwin/Documents/EB_Ty/node_modules/ts-node/src/index.ts:863:19)
    at getOutput (/home/thoughtwin/Documents/EB_Ty/node_modules/ts-node/src/index.ts:1077:36)
    at Object.compile (/home/thoughtwin/Documents/EB_Ty/node_modules/ts-node/src/index.ts:1433:41)
    at Module.m._compile (/home/thoughtwin/Documents/EB_Ty/node_modules/ts-node/src/index.ts:1617:30)
    at Module._extensions..js (node:internal/modules/cjs/loader:1159:10)
    at Object.require.extensions.<computed> [as .ts] (/home/thoughtwin/Documents/EB_Ty/node_modules/ts-node/src/index.ts:1621:12)
    at Module.load (node:internal/modules/cjs/loader:981:32)
    at Function.Module._load (node:internal/modules/cjs/loader:827:12)
    at Module.require (node:internal/modules/cjs/loader:1005:19)
[Node] [ERROR] - 2022-12-19T14:57:55.537Z [App] [bootstrap] Database not connected: EIO: i/o error, write
