[Node] [ERROR] - 2022-12-12T05:38:31.703Z404 - /api/v1/get/profile [POST] - Can't find /api/v1/get/profile on this server! 
[Node] [ERROR] - 2022-12-12T05:39:03.341Z404 - /api/v1/profile/get/profile [POST] - Can't find /api/v1/profile/get/profile on this server! 
[Node] [ERROR] - 2022-12-12T05:39:41.206Z404 - /api/v1/profile/getAll [POST] - Can't find /api/v1/profile/getAll on this server! 
[Node] [ERROR] - 2022-12-12T06:12:43.529Z401 - /api/v1/department/getAll [GET] - You are not logged in! Please log in to get access. 
[Node] [ERROR] - 2022-12-12T06:16:17.875Z401 - /api/v1/department/getAll [GET] - You are not logged in! Please log in to get access. 
[Node] [ERROR] - 2022-12-12T06:23:26.064ZuncaughtException: тип Unable to compile TypeScript:
[96msrc/routes/user.routes.ts[0m:[93m22[0m:[93m78[0m - [91merror[0m[90m TS2339: [0mProperty 'getAllUsersProfile' does not exist on type 'UsersController'.

[7m22[0m       this.router.get(RoutesConstants.USER.GET_PROFILE, this.usersController.getAllUsersProfile);
[7m  [0m [91m                                                                             ~~~~~~~~~~~~~~~~~~[0m
[96msrc/routes/user.routes.ts[0m:[93m27[0m:[93m75[0m - [91merror[0m[90m TS2339: [0mProperty 'createProfileUser' does not exist on type 'UsersController'.

[7m27[0m       this.router.post(RoutesConstants.USER.PROFILE, this.usersController.createProfileUser);
[7m  [0m [91m                                                                          ~~~~~~~~~~~~~~~~~[0m

TSError: тип Unable to compile TypeScript:
[96msrc/routes/user.routes.ts[0m:[93m22[0m:[93m78[0m - [91merror[0m[90m TS2339: [0mProperty 'getAllUsersProfile' does not exist on type 'UsersController'.

[7m22[0m       this.router.get(RoutesConstants.USER.GET_PROFILE, this.usersController.getAllUsersProfile);
[7m  [0m [91m                                                                             ~~~~~~~~~~~~~~~~~~[0m
[96msrc/routes/user.routes.ts[0m:[93m27[0m:[93m75[0m - [91merror[0m[90m TS2339: [0mProperty 'createProfileUser' does not exist on type 'UsersController'.

[7m27[0m       this.router.post(RoutesConstants.USER.PROFILE, this.usersController.createProfileUser);
[7m  [0m [91m                                                                          ~~~~~~~~~~~~~~~~~[0m

    at createTSError (/home/thoughtwin/Documents/EB_Ty/node_modules/ts-node/src/index.ts:859:12)
    at reportTSError (/home/thoughtwin/Documents/EB_Ty/node_modules/ts-node/src/index.ts:863:19)
    at getOutput (/home/thoughtwin/Documents/EB_Ty/node_modules/ts-node/src/index.ts:1077:36)
    at Object.compile (/home/thoughtwin/Documents/EB_Ty/node_modules/ts-node/src/index.ts:1433:41)
    at Module.m._compile (/home/thoughtwin/Documents/EB_Ty/node_modules/ts-node/src/index.ts:1617:30)
    at Module._extensions..js (node:internal/modules/cjs/loader:1159:10)
    at Object.require.extensions.<computed> [as .ts] (/home/thoughtwin/Documents/EB_Ty/node_modules/ts-node/src/index.ts:1621:12)
    at Module.load (node:internal/modules/cjs/loader:981:32)
    at Function.Module._load (node:internal/modules/cjs/loader:827:12)
    at Module.require (node:internal/modules/cjs/loader:1005:19)
[Node] [ERROR] - 2022-12-12T06:56:54.705ZuncaughtException: тип Unable to compile TypeScript:
[96msrc/routes/user.routes.ts[0m:[93m22[0m:[93m78[0m - [91merror[0m[90m TS2339: [0mProperty 'getAllUsersProfile' does not exist on type 'UsersController'.

[7m22[0m       this.router.get(RoutesConstants.USER.GET_PROFILE, this.usersController.getAllUsersProfile);
[7m  [0m [91m                                                                             ~~~~~~~~~~~~~~~~~~[0m
[96msrc/routes/user.routes.ts[0m:[93m27[0m:[93m75[0m - [91merror[0m[90m TS2339: [0mProperty 'createProfileUser' does not exist on type 'UsersController'.

[7m27[0m       this.router.post(RoutesConstants.USER.PROFILE, this.usersController.createProfileUser);
[7m  [0m [91m                                                                          ~~~~~~~~~~~~~~~~~[0m

TSError: тип Unable to compile TypeScript:
[96msrc/routes/user.routes.ts[0m:[93m22[0m:[93m78[0m - [91merror[0m[90m TS2339: [0mProperty 'getAllUsersProfile' does not exist on type 'UsersController'.

[7m22[0m       this.router.get(RoutesConstants.USER.GET_PROFILE, this.usersController.getAllUsersProfile);
[7m  [0m [91m                                                                             ~~~~~~~~~~~~~~~~~~[0m
[96msrc/routes/user.routes.ts[0m:[93m27[0m:[93m75[0m - [91merror[0m[90m TS2339: [0mProperty 'createProfileUser' does not exist on type 'UsersController'.

[7m27[0m       this.router.post(RoutesConstants.USER.PROFILE, this.usersController.createProfileUser);
[7m  [0m [91m                                                                          ~~~~~~~~~~~~~~~~~[0m

    at createTSError (/home/thoughtwin/Documents/EB_Ty/node_modules/ts-node/src/index.ts:859:12)
    at reportTSError (/home/thoughtwin/Documents/EB_Ty/node_modules/ts-node/src/index.ts:863:19)
    at getOutput (/home/thoughtwin/Documents/EB_Ty/node_modules/ts-node/src/index.ts:1077:36)
    at Object.compile (/home/thoughtwin/Documents/EB_Ty/node_modules/ts-node/src/index.ts:1433:41)
    at Module.m._compile (/home/thoughtwin/Documents/EB_Ty/node_modules/ts-node/src/index.ts:1617:30)
    at Module._extensions..js (node:internal/modules/cjs/loader:1159:10)
    at Object.require.extensions.<computed> [as .ts] (/home/thoughtwin/Documents/EB_Ty/node_modules/ts-node/src/index.ts:1621:12)
    at Module.load (node:internal/modules/cjs/loader:981:32)
    at Function.Module._load (node:internal/modules/cjs/loader:827:12)
    at Module.require (node:internal/modules/cjs/loader:1005:19)
[Node] [ERROR] - 2022-12-12T06:57:07.144ZuncaughtException: тип Unable to compile TypeScript:
[96msrc/routes/user.routes.ts[0m:[93m22[0m:[93m78[0m - [91merror[0m[90m TS2339: [0mProperty 'getAllUsersProfile' does not exist on type 'UsersController'.

[7m22[0m       this.router.get(RoutesConstants.USER.GET_PROFILE, this.usersController.getAllUsersProfile);
[7m  [0m [91m                                                                             ~~~~~~~~~~~~~~~~~~[0m
[96msrc/routes/user.routes.ts[0m:[93m27[0m:[93m75[0m - [91merror[0m[90m TS2339: [0mProperty 'createProfileUser' does not exist on type 'UsersController'.

[7m27[0m       this.router.post(RoutesConstants.USER.PROFILE, this.usersController.createProfileUser);
[7m  [0m [91m                                                                          ~~~~~~~~~~~~~~~~~[0m

TSError: тип Unable to compile TypeScript:
[96msrc/routes/user.routes.ts[0m:[93m22[0m:[93m78[0m - [91merror[0m[90m TS2339: [0mProperty 'getAllUsersProfile' does not exist on type 'UsersController'.

[7m22[0m       this.router.get(RoutesConstants.USER.GET_PROFILE, this.usersController.getAllUsersProfile);
[7m  [0m [91m                                                                             ~~~~~~~~~~~~~~~~~~[0m
[96msrc/routes/user.routes.ts[0m:[93m27[0m:[93m75[0m - [91merror[0m[90m TS2339: [0mProperty 'createProfileUser' does not exist on type 'UsersController'.

[7m27[0m       this.router.post(RoutesConstants.USER.PROFILE, this.usersController.createProfileUser);
[7m  [0m [91m                                                                          ~~~~~~~~~~~~~~~~~[0m

    at createTSError (/home/thoughtwin/Documents/EB_Ty/node_modules/ts-node/src/index.ts:859:12)
    at reportTSError (/home/thoughtwin/Documents/EB_Ty/node_modules/ts-node/src/index.ts:863:19)
    at getOutput (/home/thoughtwin/Documents/EB_Ty/node_modules/ts-node/src/index.ts:1077:36)
    at Object.compile (/home/thoughtwin/Documents/EB_Ty/node_modules/ts-node/src/index.ts:1433:41)
    at Module.m._compile (/home/thoughtwin/Documents/EB_Ty/node_modules/ts-node/src/index.ts:1617:30)
    at Module._extensions..js (node:internal/modules/cjs/loader:1159:10)
    at Object.require.extensions.<computed> [as .ts] (/home/thoughtwin/Documents/EB_Ty/node_modules/ts-node/src/index.ts:1621:12)
    at Module.load (node:internal/modules/cjs/loader:981:32)
    at Function.Module._load (node:internal/modules/cjs/loader:827:12)
    at Module.require (node:internal/modules/cjs/loader:1005:19)
[Node] [ERROR] - 2022-12-12T06:57:58.861ZuncaughtException: тип Unable to compile TypeScript:
[96msrc/routes/user.routes.ts[0m:[93m22[0m:[93m78[0m - [91merror[0m[90m TS2339: [0mProperty 'getAllUsersProfile' does not exist on type 'UsersController'.

[7m22[0m       this.router.get(RoutesConstants.USER.GET_PROFILE, this.usersController.getAllUsersProfile);
[7m  [0m [91m                                                                             ~~~~~~~~~~~~~~~~~~[0m
[96msrc/routes/user.routes.ts[0m:[93m27[0m:[93m75[0m - [91merror[0m[90m TS2339: [0mProperty 'createProfileUser' does not exist on type 'UsersController'.

[7m27[0m       this.router.post(RoutesConstants.USER.PROFILE, this.usersController.createProfileUser);
[7m  [0m [91m                                                                          ~~~~~~~~~~~~~~~~~[0m

TSError: тип Unable to compile TypeScript:
[96msrc/routes/user.routes.ts[0m:[93m22[0m:[93m78[0m - [91merror[0m[90m TS2339: [0mProperty 'getAllUsersProfile' does not exist on type 'UsersController'.

[7m22[0m       this.router.get(RoutesConstants.USER.GET_PROFILE, this.usersController.getAllUsersProfile);
[7m  [0m [91m                                                                             ~~~~~~~~~~~~~~~~~~[0m
[96msrc/routes/user.routes.ts[0m:[93m27[0m:[93m75[0m - [91merror[0m[90m TS2339: [0mProperty 'createProfileUser' does not exist on type 'UsersController'.

[7m27[0m       this.router.post(RoutesConstants.USER.PROFILE, this.usersController.createProfileUser);
[7m  [0m [91m                                                                          ~~~~~~~~~~~~~~~~~[0m

    at createTSError (/home/thoughtwin/Documents/EB_Ty/node_modules/ts-node/src/index.ts:859:12)
    at reportTSError (/home/thoughtwin/Documents/EB_Ty/node_modules/ts-node/src/index.ts:863:19)
    at getOutput (/home/thoughtwin/Documents/EB_Ty/node_modules/ts-node/src/index.ts:1077:36)
    at Object.compile (/home/thoughtwin/Documents/EB_Ty/node_modules/ts-node/src/index.ts:1433:41)
    at Module.m._compile (/home/thoughtwin/Documents/EB_Ty/node_modules/ts-node/src/index.ts:1617:30)
    at Module._extensions..js (node:internal/modules/cjs/loader:1159:10)
    at Object.require.extensions.<computed> [as .ts] (/home/thoughtwin/Documents/EB_Ty/node_modules/ts-node/src/index.ts:1621:12)
    at Module.load (node:internal/modules/cjs/loader:981:32)
    at Function.Module._load (node:internal/modules/cjs/loader:827:12)
    at Module.require (node:internal/modules/cjs/loader:1005:19)
[Node] [ERROR] - 2022-12-12T06:58:17.498ZuncaughtException: тип Unable to compile TypeScript:
[96msrc/routes/user.routes.ts[0m:[93m22[0m:[93m78[0m - [91merror[0m[90m TS2339: [0mProperty 'getAllUsersProfile' does not exist on type 'UsersController'.

[7m22[0m       this.router.get(RoutesConstants.USER.GET_PROFILE, this.usersController.getAllUsersProfile);
[7m  [0m [91m                                                                             ~~~~~~~~~~~~~~~~~~[0m
[96msrc/routes/user.routes.ts[0m:[93m27[0m:[93m75[0m - [91merror[0m[90m TS2339: [0mProperty 'createProfileUser' does not exist on type 'UsersController'.

[7m27[0m       this.router.post(RoutesConstants.USER.PROFILE, this.usersController.createProfileUser);
[7m  [0m [91m                                                                          ~~~~~~~~~~~~~~~~~[0m

TSError: тип Unable to compile TypeScript:
[96msrc/routes/user.routes.ts[0m:[93m22[0m:[93m78[0m - [91merror[0m[90m TS2339: [0mProperty 'getAllUsersProfile' does not exist on type 'UsersController'.

[7m22[0m       this.router.get(RoutesConstants.USER.GET_PROFILE, this.usersController.getAllUsersProfile);
[7m  [0m [91m                                                                             ~~~~~~~~~~~~~~~~~~[0m
[96msrc/routes/user.routes.ts[0m:[93m27[0m:[93m75[0m - [91merror[0m[90m TS2339: [0mProperty 'createProfileUser' does not exist on type 'UsersController'.

[7m27[0m       this.router.post(RoutesConstants.USER.PROFILE, this.usersController.createProfileUser);
[7m  [0m [91m                                                                          ~~~~~~~~~~~~~~~~~[0m

    at createTSError (/home/thoughtwin/Documents/EB_Ty/node_modules/ts-node/src/index.ts:859:12)
    at reportTSError (/home/thoughtwin/Documents/EB_Ty/node_modules/ts-node/src/index.ts:863:19)
    at getOutput (/home/thoughtwin/Documents/EB_Ty/node_modules/ts-node/src/index.ts:1077:36)
    at Object.compile (/home/thoughtwin/Documents/EB_Ty/node_modules/ts-node/src/index.ts:1433:41)
    at Module.m._compile (/home/thoughtwin/Documents/EB_Ty/node_modules/ts-node/src/index.ts:1617:30)
    at Module._extensions..js (node:internal/modules/cjs/loader:1159:10)
    at Object.require.extensions.<computed> [as .ts] (/home/thoughtwin/Documents/EB_Ty/node_modules/ts-node/src/index.ts:1621:12)
    at Module.load (node:internal/modules/cjs/loader:981:32)
    at Function.Module._load (node:internal/modules/cjs/loader:827:12)
    at Module.require (node:internal/modules/cjs/loader:1005:19)
[Node] [ERROR] - 2022-12-12T07:34:07.038ZuncaughtException: тип Unable to compile TypeScript:
[96msrc/services/user/index.ts[0m:[93m110[0m:[93m13[0m - [91merror[0m[90m TS2304: [0mCannot find name 'res'.

[7m110[0m             res.status(200).send({
[7m   [0m [91m            ~~~[0m
[96msrc/services/user/index.ts[0m:[93m116[0m:[93m13[0m - [91merror[0m[90m TS2304: [0mCannot find name 'res'.

[7m116[0m             res.status(500).send({
[7m   [0m [91m            ~~~[0m

TSError: тип Unable to compile TypeScript:
[96msrc/services/user/index.ts[0m:[93m110[0m:[93m13[0m - [91merror[0m[90m TS2304: [0mCannot find name 'res'.

[7m110[0m             res.status(200).send({
[7m   [0m [91m            ~~~[0m
[96msrc/services/user/index.ts[0m:[93m116[0m:[93m13[0m - [91merror[0m[90m TS2304: [0mCannot find name 'res'.

[7m116[0m             res.status(500).send({
[7m   [0m [91m            ~~~[0m

    at createTSError (/home/thoughtwin/Documents/EB_Ty/node_modules/ts-node/src/index.ts:859:12)
    at reportTSError (/home/thoughtwin/Documents/EB_Ty/node_modules/ts-node/src/index.ts:863:19)
    at getOutput (/home/thoughtwin/Documents/EB_Ty/node_modules/ts-node/src/index.ts:1077:36)
    at Object.compile (/home/thoughtwin/Documents/EB_Ty/node_modules/ts-node/src/index.ts:1433:41)
    at Module.m._compile (/home/thoughtwin/Documents/EB_Ty/node_modules/ts-node/src/index.ts:1617:30)
    at Module._extensions..js (node:internal/modules/cjs/loader:1159:10)
    at Object.require.extensions.<computed> [as .ts] (/home/thoughtwin/Documents/EB_Ty/node_modules/ts-node/src/index.ts:1621:12)
    at Module.load (node:internal/modules/cjs/loader:981:32)
    at Function.Module._load (node:internal/modules/cjs/loader:827:12)
    at Module.require (node:internal/modules/cjs/loader:1005:19)
[Node] [ERROR] - 2022-12-12T07:34:44.918ZuncaughtException: тип Unable to compile TypeScript:
[96msrc/services/user/index.ts[0m:[93m109[0m:[93m11[0m - [91merror[0m[90m TS2552: [0mCannot find name 'Tutorial'. Did you mean 'tutorials'?

[7m109[0m           Tutorial.bulkCreate(tutorials)
[7m   [0m [91m          ~~~~~~~~[0m

  [96msrc/services/user/index.ts[0m:[93m97[0m:[93m13[0m
    [7m97[0m       const tutorials = [];
    [7m  [0m [96m            ~~~~~~~~~[0m
    'tutorials' is declared here.
[96msrc/services/user/index.ts[0m:[93m111[0m:[93m15[0m - [91merror[0m[90m TS2304: [0mCannot find name 'res'.

[7m111[0m               res.status(200).send({
[7m   [0m [91m              ~~~[0m
[96msrc/services/user/index.ts[0m:[93m117[0m:[93m15[0m - [91merror[0m[90m TS2304: [0mCannot find name 'res'.

[7m117[0m               res.status(500).send({
[7m   [0m [91m              ~~~[0m
[96msrc/services/user/index.ts[0m:[93m125[0m:[93m7[0m - [91merror[0m[90m TS2304: [0mCannot find name 'res'.

[7m125[0m       res.status(500).send({
[7m   [0m [91m      ~~~[0m

TSError: тип Unable to compile TypeScript:
[96msrc/services/user/index.ts[0m:[93m109[0m:[93m11[0m - [91merror[0m[90m TS2552: [0mCannot find name 'Tutorial'. Did you mean 'tutorials'?

[7m109[0m           Tutorial.bulkCreate(tutorials)
[7m   [0m [91m          ~~~~~~~~[0m

  [96msrc/services/user/index.ts[0m:[93m97[0m:[93m13[0m
    [7m97[0m       const tutorials = [];
    [7m  [0m [96m            ~~~~~~~~~[0m
    'tutorials' is declared here.
[96msrc/services/user/index.ts[0m:[93m111[0m:[93m15[0m - [91merror[0m[90m TS2304: [0mCannot find name 'res'.

[7m111[0m               res.status(200).send({
[7m   [0m [91m              ~~~[0m
[96msrc/services/user/index.ts[0m:[93m117[0m:[93m15[0m - [91merror[0m[90m TS2304: [0mCannot find name 'res'.

[7m117[0m               res.status(500).send({
[7m   [0m [91m              ~~~[0m
[96msrc/services/user/index.ts[0m:[93m125[0m:[93m7[0m - [91merror[0m[90m TS2304: [0mCannot find name 'res'.

[7m125[0m       res.status(500).send({
[7m   [0m [91m      ~~~[0m

    at createTSError (/home/thoughtwin/Documents/EB_Ty/node_modules/ts-node/src/index.ts:859:12)
    at reportTSError (/home/thoughtwin/Documents/EB_Ty/node_modules/ts-node/src/index.ts:863:19)
    at getOutput (/home/thoughtwin/Documents/EB_Ty/node_modules/ts-node/src/index.ts:1077:36)
    at Object.compile (/home/thoughtwin/Documents/EB_Ty/node_modules/ts-node/src/index.ts:1433:41)
    at Module.m._compile (/home/thoughtwin/Documents/EB_Ty/node_modules/ts-node/src/index.ts:1617:30)
    at Module._extensions..js (node:internal/modules/cjs/loader:1159:10)
    at Object.require.extensions.<computed> [as .ts] (/home/thoughtwin/Documents/EB_Ty/node_modules/ts-node/src/index.ts:1621:12)
    at Module.load (node:internal/modules/cjs/loader:981:32)
    at Function.Module._load (node:internal/modules/cjs/loader:827:12)
    at Module.require (node:internal/modules/cjs/loader:1005:19)
[Node] [ERROR] - 2022-12-12T07:35:02.226ZuncaughtException: тип Unable to compile TypeScript:
[96msrc/controllers/user/users.controller.ts[0m:[93m61[0m:[93m7[0m - [91merror[0m[90m TS2304: [0mCannot find name 'fs'.

[7m61[0m       fs.createReadStream(path)
[7m  [0m [91m      ~~[0m
[96msrc/controllers/user/users.controller.ts[0m:[93m62[0m:[93m15[0m - [91merror[0m[90m TS2304: [0mCannot find name 'csv'.

[7m62[0m         .pipe(csv.parse({ headers: true }))
[7m  [0m [91m              ~~~[0m
[96msrc/controllers/user/users.controller.ts[0m:[93m70[0m:[93m11[0m - [91merror[0m[90m TS2552: [0mCannot find name 'Tutorial'. Did you mean 'tutorials'?

[7m70[0m           Tutorial.bulkCreate(tutorials)
[7m  [0m [91m          ~~~~~~~~[0m

  [96msrc/controllers/user/users.controller.ts[0m:[93m58[0m:[93m13[0m
    [7m58[0m       const tutorials = [];
    [7m  [0m [96m            ~~~~~~~~~[0m
    'tutorials' is declared here.
[96msrc/controllers/user/users.controller.ts[0m:[93m72[0m:[93m15[0m - [91merror[0m[90m TS2304: [0mCannot find name 'res'.

[7m72[0m               res.status(200).send({
[7m  [0m [91m              ~~~[0m
[96msrc/controllers/user/users.controller.ts[0m:[93m78[0m:[93m15[0m - [91merror[0m[90m TS2304: [0mCannot find name 'res'.

[7m78[0m               res.status(500).send({
[7m  [0m [91m              ~~~[0m
[96msrc/controllers/user/users.controller.ts[0m:[93m86[0m:[93m7[0m - [91merror[0m[90m TS2304: [0mCannot find name 'res'.

[7m86[0m       res.status(500).send({
[7m  [0m [91m      ~~~[0m

TSError: тип Unable to compile TypeScript:
[96msrc/controllers/user/users.controller.ts[0m:[93m61[0m:[93m7[0m - [91merror[0m[90m TS2304: [0mCannot find name 'fs'.

[7m61[0m       fs.createReadStream(path)
[7m  [0m [91m      ~~[0m
[96msrc/controllers/user/users.controller.ts[0m:[93m62[0m:[93m15[0m - [91merror[0m[90m TS2304: [0mCannot find name 'csv'.

[7m62[0m         .pipe(csv.parse({ headers: true }))
[7m  [0m [91m              ~~~[0m
[96msrc/controllers/user/users.controller.ts[0m:[93m70[0m:[93m11[0m - [91merror[0m[90m TS2552: [0mCannot find name 'Tutorial'. Did you mean 'tutorials'?

[7m70[0m           Tutorial.bulkCreate(tutorials)
[7m  [0m [91m          ~~~~~~~~[0m

  [96msrc/controllers/user/users.controller.ts[0m:[93m58[0m:[93m13[0m
    [7m58[0m       const tutorials = [];
    [7m  [0m [96m            ~~~~~~~~~[0m
    'tutorials' is declared here.
[96msrc/controllers/user/users.controller.ts[0m:[93m72[0m:[93m15[0m - [91merror[0m[90m TS2304: [0mCannot find name 'res'.

[7m72[0m               res.status(200).send({
[7m  [0m [91m              ~~~[0m
[96msrc/controllers/user/users.controller.ts[0m:[93m78[0m:[93m15[0m - [91merror[0m[90m TS2304: [0mCannot find name 'res'.

[7m78[0m               res.status(500).send({
[7m  [0m [91m              ~~~[0m
[96msrc/controllers/user/users.controller.ts[0m:[93m86[0m:[93m7[0m - [91merror[0m[90m TS2304: [0mCannot find name 'res'.

[7m86[0m       res.status(500).send({
[7m  [0m [91m      ~~~[0m

    at createTSError (/home/thoughtwin/Documents/EB_Ty/node_modules/ts-node/src/index.ts:859:12)
    at reportTSError (/home/thoughtwin/Documents/EB_Ty/node_modules/ts-node/src/index.ts:863:19)
    at getOutput (/home/thoughtwin/Documents/EB_Ty/node_modules/ts-node/src/index.ts:1077:36)
    at Object.compile (/home/thoughtwin/Documents/EB_Ty/node_modules/ts-node/src/index.ts:1433:41)
    at Module.m._compile (/home/thoughtwin/Documents/EB_Ty/node_modules/ts-node/src/index.ts:1617:30)
    at Module._extensions..js (node:internal/modules/cjs/loader:1159:10)
    at Object.require.extensions.<computed> [as .ts] (/home/thoughtwin/Documents/EB_Ty/node_modules/ts-node/src/index.ts:1621:12)
    at Module.load (node:internal/modules/cjs/loader:981:32)
    at Function.Module._load (node:internal/modules/cjs/loader:827:12)
    at Module.require (node:internal/modules/cjs/loader:1005:19)
[Node] [ERROR] - 2022-12-12T07:35:30.241ZuncaughtException: тип Unable to compile TypeScript:
[96msrc/controllers/user/users.controller.ts[0m:[93m54[0m:[93m11[0m - [91merror[0m[90m TS2304: [0mCannot find name 'userFile'.

[7m54[0m       if (userFile.file == undefined) {
[7m  [0m [91m          ~~~~~~~~[0m
[96msrc/controllers/user/users.controller.ts[0m:[93m55[0m:[93m16[0m - [91merror[0m[90m TS2304: [0mCannot find name 'userFile'.

[7m55[0m         return userFile.status(400).send('Please upload a CSV file!');
[7m  [0m [91m               ~~~~~~~~[0m
[96msrc/controllers/user/users.controller.ts[0m:[93m59[0m:[93m54[0m - [91merror[0m[90m TS2304: [0mCannot find name 'userFile'.

[7m59[0m       const path = `${__dirname}/EB_TY/src/uploads/${userFile.file.filename}`;
[7m  [0m [91m                                                     ~~~~~~~~[0m
[96msrc/controllers/user/users.controller.ts[0m:[93m61[0m:[93m7[0m - [91merror[0m[90m TS2304: [0mCannot find name 'fs'.

[7m61[0m       fs.createReadStream(path)
[7m  [0m [91m      ~~[0m
[96msrc/controllers/user/users.controller.ts[0m:[93m62[0m:[93m15[0m - [91merror[0m[90m TS2304: [0mCannot find name 'csv'.

[7m62[0m         .pipe(csv.parse({ headers: true }))
[7m  [0m [91m              ~~~[0m
[96msrc/controllers/user/users.controller.ts[0m:[93m70[0m:[93m11[0m - [91merror[0m[90m TS2552: [0mCannot find name 'Tutorial'. Did you mean 'tutorials'?

[7m70[0m           Tutorial.bulkCreate(tutorials)
[7m  [0m [91m          ~~~~~~~~[0m

  [96msrc/controllers/user/users.controller.ts[0m:[93m58[0m:[93m13[0m
    [7m58[0m       const tutorials = [];
    [7m  [0m [96m            ~~~~~~~~~[0m
    'tutorials' is declared here.
[96msrc/controllers/user/users.controller.ts[0m:[93m74[0m:[93m54[0m - [91merror[0m[90m TS2304: [0mCannot find name 'userFile'.

[7m74[0m                   `Uploaded the file successfully: ${userFile.file.originalname}`,
[7m  [0m [91m                                                     ~~~~~~~~[0m
[96msrc/controllers/user/users.controller.ts[0m:[93m87[0m:[93m48[0m - [91merror[0m[90m TS2304: [0mCannot find name 'userFile'.

[7m87[0m         message: `Could not upload the file: ${userFile.file.originalname}`,
[7m  [0m [91m                                               ~~~~~~~~[0m

TSError: тип Unable to compile TypeScript:
[96msrc/controllers/user/users.controller.ts[0m:[93m54[0m:[93m11[0m - [91merror[0m[90m TS2304: [0mCannot find name 'userFile'.

[7m54[0m       if (userFile.file == undefined) {
[7m  [0m [91m          ~~~~~~~~[0m
[96msrc/controllers/user/users.controller.ts[0m:[93m55[0m:[93m16[0m - [91merror[0m[90m TS2304: [0mCannot find name 'userFile'.

[7m55[0m         return userFile.status(400).send('Please upload a CSV file!');
[7m  [0m [91m               ~~~~~~~~[0m
[96msrc/controllers/user/users.controller.ts[0m:[93m59[0m:[93m54[0m - [91merror[0m[90m TS2304: [0mCannot find name 'userFile'.

[7m59[0m       const path = `${__dirname}/EB_TY/src/uploads/${userFile.file.filename}`;
[7m  [0m [91m                                                     ~~~~~~~~[0m
[96msrc/controllers/user/users.controller.ts[0m:[93m61[0m:[93m7[0m - [91merror[0m[90m TS2304: [0mCannot find name 'fs'.

[7m61[0m       fs.createReadStream(path)
[7m  [0m [91m      ~~[0m
[96msrc/controllers/user/users.controller.ts[0m:[93m62[0m:[93m15[0m - [91merror[0m[90m TS2304: [0mCannot find name 'csv'.

[7m62[0m         .pipe(csv.parse({ headers: true }))
[7m  [0m [91m              ~~~[0m
[96msrc/controllers/user/users.controller.ts[0m:[93m70[0m:[93m11[0m - [91merror[0m[90m TS2552: [0mCannot find name 'Tutorial'. Did you mean 'tutorials'?

[7m70[0m           Tutorial.bulkCreate(tutorials)
[7m  [0m [91m          ~~~~~~~~[0m

  [96msrc/controllers/user/users.controller.ts[0m:[93m58[0m:[93m13[0m
    [7m58[0m       const tutorials = [];
    [7m  [0m [96m            ~~~~~~~~~[0m
    'tutorials' is declared here.
[96msrc/controllers/user/users.controller.ts[0m:[93m74[0m:[93m54[0m - [91merror[0m[90m TS2304: [0mCannot find name 'userFile'.

[7m74[0m                   `Uploaded the file successfully: ${userFile.file.originalname}`,
[7m  [0m [91m                                                     ~~~~~~~~[0m
[96msrc/controllers/user/users.controller.ts[0m:[93m87[0m:[93m48[0m - [91merror[0m[90m TS2304: [0mCannot find name 'userFile'.

[7m87[0m         message: `Could not upload the file: ${userFile.file.originalname}`,
[7m  [0m [91m                                               ~~~~~~~~[0m

    at createTSError (/home/thoughtwin/Documents/EB_Ty/node_modules/ts-node/src/index.ts:859:12)
    at reportTSError (/home/thoughtwin/Documents/EB_Ty/node_modules/ts-node/src/index.ts:863:19)
    at getOutput (/home/thoughtwin/Documents/EB_Ty/node_modules/ts-node/src/index.ts:1077:36)
    at Object.compile (/home/thoughtwin/Documents/EB_Ty/node_modules/ts-node/src/index.ts:1433:41)
    at Module.m._compile (/home/thoughtwin/Documents/EB_Ty/node_modules/ts-node/src/index.ts:1617:30)
    at Module._extensions..js (node:internal/modules/cjs/loader:1159:10)
    at Object.require.extensions.<computed> [as .ts] (/home/thoughtwin/Documents/EB_Ty/node_modules/ts-node/src/index.ts:1621:12)
    at Module.load (node:internal/modules/cjs/loader:981:32)
    at Function.Module._load (node:internal/modules/cjs/loader:827:12)
    at Module.require (node:internal/modules/cjs/loader:1005:19)
[Node] [ERROR] - 2022-12-12T07:35:38.871ZuncaughtException: тип Unable to compile TypeScript:
[96msrc/controllers/user/users.controller.ts[0m:[93m55[0m:[93m20[0m - [91merror[0m[90m TS2339: [0mProperty 'status' does not exist on type 'Request<ParamsDictionary, any, any, ParsedQs, Record<string, any>>'.

[7m55[0m         return req.status(400).send('Please upload a CSV file!');
[7m  [0m [91m                   ~~~~~~[0m
[96msrc/controllers/user/users.controller.ts[0m:[93m59[0m:[93m54[0m - [91merror[0m[90m TS2304: [0mCannot find name 'userFile'.

[7m59[0m       const path = `${__dirname}/EB_TY/src/uploads/${userFile.file.filename}`;
[7m  [0m [91m                                                     ~~~~~~~~[0m
[96msrc/controllers/user/users.controller.ts[0m:[93m61[0m:[93m7[0m - [91merror[0m[90m TS2304: [0mCannot find name 'fs'.

[7m61[0m       fs.createReadStream(path)
[7m  [0m [91m      ~~[0m
[96msrc/controllers/user/users.controller.ts[0m:[93m62[0m:[93m15[0m - [91merror[0m[90m TS2304: [0mCannot find name 'csv'.

[7m62[0m         .pipe(csv.parse({ headers: true }))
[7m  [0m [91m              ~~~[0m
[96msrc/controllers/user/users.controller.ts[0m:[93m70[0m:[93m11[0m - [91merror[0m[90m TS2552: [0mCannot find name 'Tutorial'. Did you mean 'tutorials'?

[7m70[0m           Tutorial.bulkCreate(tutorials)
[7m  [0m [91m          ~~~~~~~~[0m

  [96msrc/controllers/user/users.controller.ts[0m:[93m58[0m:[93m13[0m
    [7m58[0m       const tutorials = [];
    [7m  [0m [96m            ~~~~~~~~~[0m
    'tutorials' is declared here.
[96msrc/controllers/user/users.controller.ts[0m:[93m74[0m:[93m54[0m - [91merror[0m[90m TS2304: [0mCannot find name 'userFile'.

[7m74[0m                   `Uploaded the file successfully: ${userFile.file.originalname}`,
[7m  [0m [91m                                                     ~~~~~~~~[0m
[96msrc/controllers/user/users.controller.ts[0m:[93m87[0m:[93m48[0m - [91merror[0m[90m TS2304: [0mCannot find name 'userFile'.

[7m87[0m         message: `Could not upload the file: ${userFile.file.originalname}`,
[7m  [0m [91m                                               ~~~~~~~~[0m

TSError: тип Unable to compile TypeScript:
[96msrc/controllers/user/users.controller.ts[0m:[93m55[0m:[93m20[0m - [91merror[0m[90m TS2339: [0mProperty 'status' does not exist on type 'Request<ParamsDictionary, any, any, ParsedQs, Record<string, any>>'.

[7m55[0m         return req.status(400).send('Please upload a CSV file!');
[7m  [0m [91m                   ~~~~~~[0m
[96msrc/controllers/user/users.controller.ts[0m:[93m59[0m:[93m54[0m - [91merror[0m[90m TS2304: [0mCannot find name 'userFile'.

[7m59[0m       const path = `${__dirname}/EB_TY/src/uploads/${userFile.file.filename}`;
[7m  [0m [91m                                                     ~~~~~~~~[0m
[96msrc/controllers/user/users.controller.ts[0m:[93m61[0m:[93m7[0m - [91merror[0m[90m TS2304: [0mCannot find name 'fs'.

[7m61[0m       fs.createReadStream(path)
[7m  [0m [91m      ~~[0m
[96msrc/controllers/user/users.controller.ts[0m:[93m62[0m:[93m15[0m - [91merror[0m[90m TS2304: [0mCannot find name 'csv'.

[7m62[0m         .pipe(csv.parse({ headers: true }))
[7m  [0m [91m              ~~~[0m
[96msrc/controllers/user/users.controller.ts[0m:[93m70[0m:[93m11[0m - [91merror[0m[90m TS2552: [0mCannot find name 'Tutorial'. Did you mean 'tutorials'?

[7m70[0m           Tutorial.bulkCreate(tutorials)
[7m  [0m [91m          ~~~~~~~~[0m

  [96msrc/controllers/user/users.controller.ts[0m:[93m58[0m:[93m13[0m
    [7m58[0m       const tutorials = [];
    [7m  [0m [96m            ~~~~~~~~~[0m
    'tutorials' is declared here.
[96msrc/controllers/user/users.controller.ts[0m:[93m74[0m:[93m54[0m - [91merror[0m[90m TS2304: [0mCannot find name 'userFile'.

[7m74[0m                   `Uploaded the file successfully: ${userFile.file.originalname}`,
[7m  [0m [91m                                                     ~~~~~~~~[0m
[96msrc/controllers/user/users.controller.ts[0m:[93m87[0m:[93m48[0m - [91merror[0m[90m TS2304: [0mCannot find name 'userFile'.

[7m87[0m         message: `Could not upload the file: ${userFile.file.originalname}`,
[7m  [0m [91m                                               ~~~~~~~~[0m

    at createTSError (/home/thoughtwin/Documents/EB_Ty/node_modules/ts-node/src/index.ts:859:12)
    at reportTSError (/home/thoughtwin/Documents/EB_Ty/node_modules/ts-node/src/index.ts:863:19)
    at getOutput (/home/thoughtwin/Documents/EB_Ty/node_modules/ts-node/src/index.ts:1077:36)
    at Object.compile (/home/thoughtwin/Documents/EB_Ty/node_modules/ts-node/src/index.ts:1433:41)
    at Module.m._compile (/home/thoughtwin/Documents/EB_Ty/node_modules/ts-node/src/index.ts:1617:30)
    at Module._extensions..js (node:internal/modules/cjs/loader:1159:10)
    at Object.require.extensions.<computed> [as .ts] (/home/thoughtwin/Documents/EB_Ty/node_modules/ts-node/src/index.ts:1621:12)
    at Module.load (node:internal/modules/cjs/loader:981:32)
    at Function.Module._load (node:internal/modules/cjs/loader:827:12)
    at Module.require (node:internal/modules/cjs/loader:1005:19)
[Node] [ERROR] - 2022-12-12T07:35:45.299ZuncaughtException: тип Unable to compile TypeScript:
[96msrc/controllers/user/users.controller.ts[0m:[93m55[0m:[93m20[0m - [91merror[0m[90m TS2339: [0mProperty 'status' does not exist on type 'Request<ParamsDictionary, any, any, ParsedQs, Record<string, any>>'.

[7m55[0m         return req.status(400).send('Please upload a CSV file!');
[7m  [0m [91m                   ~~~~~~[0m
[96msrc/controllers/user/users.controller.ts[0m:[93m61[0m:[93m7[0m - [91merror[0m[90m TS2304: [0mCannot find name 'fs'.

[7m61[0m       fs.createReadStream(path)
[7m  [0m [91m      ~~[0m
[96msrc/controllers/user/users.controller.ts[0m:[93m62[0m:[93m15[0m - [91merror[0m[90m TS2304: [0mCannot find name 'csv'.

[7m62[0m         .pipe(csv.parse({ headers: true }))
[7m  [0m [91m              ~~~[0m
[96msrc/controllers/user/users.controller.ts[0m:[93m70[0m:[93m11[0m - [91merror[0m[90m TS2552: [0mCannot find name 'Tutorial'. Did you mean 'tutorials'?

[7m70[0m           Tutorial.bulkCreate(tutorials)
[7m  [0m [91m          ~~~~~~~~[0m

  [96msrc/controllers/user/users.controller.ts[0m:[93m58[0m:[93m13[0m
    [7m58[0m       const tutorials = [];
    [7m  [0m [96m            ~~~~~~~~~[0m
    'tutorials' is declared here.
[96msrc/controllers/user/users.controller.ts[0m:[93m74[0m:[93m54[0m - [91merror[0m[90m TS2304: [0mCannot find name 'userFile'.

[7m74[0m                   `Uploaded the file successfully: ${userFile.file.originalname}`,
[7m  [0m [91m                                                     ~~~~~~~~[0m
[96msrc/controllers/user/users.controller.ts[0m:[93m87[0m:[93m48[0m - [91merror[0m[90m TS2304: [0mCannot find name 'userFile'.

[7m87[0m         message: `Could not upload the file: ${userFile.file.originalname}`,
[7m  [0m [91m                                               ~~~~~~~~[0m

TSError: тип Unable to compile TypeScript:
[96msrc/controllers/user/users.controller.ts[0m:[93m55[0m:[93m20[0m - [91merror[0m[90m TS2339: [0mProperty 'status' does not exist on type 'Request<ParamsDictionary, any, any, ParsedQs, Record<string, any>>'.

[7m55[0m         return req.status(400).send('Please upload a CSV file!');
[7m  [0m [91m                   ~~~~~~[0m
[96msrc/controllers/user/users.controller.ts[0m:[93m61[0m:[93m7[0m - [91merror[0m[90m TS2304: [0mCannot find name 'fs'.

[7m61[0m       fs.createReadStream(path)
[7m  [0m [91m      ~~[0m
[96msrc/controllers/user/users.controller.ts[0m:[93m62[0m:[93m15[0m - [91merror[0m[90m TS2304: [0mCannot find name 'csv'.

[7m62[0m         .pipe(csv.parse({ headers: true }))
[7m  [0m [91m              ~~~[0m
[96msrc/controllers/user/users.controller.ts[0m:[93m70[0m:[93m11[0m - [91merror[0m[90m TS2552: [0mCannot find name 'Tutorial'. Did you mean 'tutorials'?

[7m70[0m           Tutorial.bulkCreate(tutorials)
[7m  [0m [91m          ~~~~~~~~[0m

  [96msrc/controllers/user/users.controller.ts[0m:[93m58[0m:[93m13[0m
    [7m58[0m       const tutorials = [];
    [7m  [0m [96m            ~~~~~~~~~[0m
    'tutorials' is declared here.
[96msrc/controllers/user/users.controller.ts[0m:[93m74[0m:[93m54[0m - [91merror[0m[90m TS2304: [0mCannot find name 'userFile'.

[7m74[0m                   `Uploaded the file successfully: ${userFile.file.originalname}`,
[7m  [0m [91m                                                     ~~~~~~~~[0m
[96msrc/controllers/user/users.controller.ts[0m:[93m87[0m:[93m48[0m - [91merror[0m[90m TS2304: [0mCannot find name 'userFile'.

[7m87[0m         message: `Could not upload the file: ${userFile.file.originalname}`,
[7m  [0m [91m                                               ~~~~~~~~[0m

    at createTSError (/home/thoughtwin/Documents/EB_Ty/node_modules/ts-node/src/index.ts:859:12)
    at reportTSError (/home/thoughtwin/Documents/EB_Ty/node_modules/ts-node/src/index.ts:863:19)
    at getOutput (/home/thoughtwin/Documents/EB_Ty/node_modules/ts-node/src/index.ts:1077:36)
    at Object.compile (/home/thoughtwin/Documents/EB_Ty/node_modules/ts-node/src/index.ts:1433:41)
    at Module.m._compile (/home/thoughtwin/Documents/EB_Ty/node_modules/ts-node/src/index.ts:1617:30)
    at Module._extensions..js (node:internal/modules/cjs/loader:1159:10)
    at Object.require.extensions.<computed> [as .ts] (/home/thoughtwin/Documents/EB_Ty/node_modules/ts-node/src/index.ts:1621:12)
    at Module.load (node:internal/modules/cjs/loader:981:32)
    at Function.Module._load (node:internal/modules/cjs/loader:827:12)
    at Module.require (node:internal/modules/cjs/loader:1005:19)
[Node] [ERROR] - 2022-12-12T07:35:51.575ZuncaughtException: тип Unable to compile TypeScript:
[96msrc/controllers/user/users.controller.ts[0m:[93m56[0m:[93m20[0m - [91merror[0m[90m TS2339: [0mProperty 'status' does not exist on type 'Request<ParamsDictionary, any, any, ParsedQs, Record<string, any>>'.

[7m56[0m         return req.status(400).send('Please upload a CSV file!');
[7m  [0m [91m                   ~~~~~~[0m
[96msrc/controllers/user/users.controller.ts[0m:[93m62[0m:[93m7[0m - [91merror[0m[90m TS2304: [0mCannot find name 'fs'.

[7m62[0m       fs.createReadStream(path)
[7m  [0m [91m      ~~[0m
[96msrc/controllers/user/users.controller.ts[0m:[93m63[0m:[93m15[0m - [91merror[0m[90m TS2304: [0mCannot find name 'csv'.

[7m63[0m         .pipe(csv.parse({ headers: true }))
[7m  [0m [91m              ~~~[0m
[96msrc/controllers/user/users.controller.ts[0m:[93m71[0m:[93m11[0m - [91merror[0m[90m TS2552: [0mCannot find name 'Tutorial'. Did you mean 'tutorials'?

[7m71[0m           Tutorial.bulkCreate(tutorials)
[7m  [0m [91m          ~~~~~~~~[0m

  [96msrc/controllers/user/users.controller.ts[0m:[93m59[0m:[93m13[0m
    [7m59[0m       const tutorials = [];
    [7m  [0m [96m            ~~~~~~~~~[0m
    'tutorials' is declared here.
[96msrc/controllers/user/users.controller.ts[0m:[93m75[0m:[93m54[0m - [91merror[0m[90m TS2304: [0mCannot find name 'userFile'.

[7m75[0m                   `Uploaded the file successfully: ${userFile.file.originalname}`,
[7m  [0m [91m                                                     ~~~~~~~~[0m
[96msrc/controllers/user/users.controller.ts[0m:[93m88[0m:[93m48[0m - [91merror[0m[90m TS2304: [0mCannot find name 'userFile'.

[7m88[0m         message: `Could not upload the file: ${userFile.file.originalname}`,
[7m  [0m [91m                                               ~~~~~~~~[0m

TSError: тип Unable to compile TypeScript:
[96msrc/controllers/user/users.controller.ts[0m:[93m56[0m:[93m20[0m - [91merror[0m[90m TS2339: [0mProperty 'status' does not exist on type 'Request<ParamsDictionary, any, any, ParsedQs, Record<string, any>>'.

[7m56[0m         return req.status(400).send('Please upload a CSV file!');
[7m  [0m [91m                   ~~~~~~[0m
[96msrc/controllers/user/users.controller.ts[0m:[93m62[0m:[93m7[0m - [91merror[0m[90m TS2304: [0mCannot find name 'fs'.

[7m62[0m       fs.createReadStream(path)
[7m  [0m [91m      ~~[0m
[96msrc/controllers/user/users.controller.ts[0m:[93m63[0m:[93m15[0m - [91merror[0m[90m TS2304: [0mCannot find name 'csv'.

[7m63[0m         .pipe(csv.parse({ headers: true }))
[7m  [0m [91m              ~~~[0m
[96msrc/controllers/user/users.controller.ts[0m:[93m71[0m:[93m11[0m - [91merror[0m[90m TS2552: [0mCannot find name 'Tutorial'. Did you mean 'tutorials'?

[7m71[0m           Tutorial.bulkCreate(tutorials)
[7m  [0m [91m          ~~~~~~~~[0m

  [96msrc/controllers/user/users.controller.ts[0m:[93m59[0m:[93m13[0m
    [7m59[0m       const tutorials = [];
    [7m  [0m [96m            ~~~~~~~~~[0m
    'tutorials' is declared here.
[96msrc/controllers/user/users.controller.ts[0m:[93m75[0m:[93m54[0m - [91merror[0m[90m TS2304: [0mCannot find name 'userFile'.

[7m75[0m                   `Uploaded the file successfully: ${userFile.file.originalname}`,
[7m  [0m [91m                                                     ~~~~~~~~[0m
[96msrc/controllers/user/users.controller.ts[0m:[93m88[0m:[93m48[0m - [91merror[0m[90m TS2304: [0mCannot find name 'userFile'.

[7m88[0m         message: `Could not upload the file: ${userFile.file.originalname}`,
[7m  [0m [91m                                               ~~~~~~~~[0m

    at createTSError (/home/thoughtwin/Documents/EB_Ty/node_modules/ts-node/src/index.ts:859:12)
    at reportTSError (/home/thoughtwin/Documents/EB_Ty/node_modules/ts-node/src/index.ts:863:19)
    at getOutput (/home/thoughtwin/Documents/EB_Ty/node_modules/ts-node/src/index.ts:1077:36)
    at Object.compile (/home/thoughtwin/Documents/EB_Ty/node_modules/ts-node/src/index.ts:1433:41)
    at Module.m._compile (/home/thoughtwin/Documents/EB_Ty/node_modules/ts-node/src/index.ts:1617:30)
    at Module._extensions..js (node:internal/modules/cjs/loader:1159:10)
    at Object.require.extensions.<computed> [as .ts] (/home/thoughtwin/Documents/EB_Ty/node_modules/ts-node/src/index.ts:1621:12)
    at Module.load (node:internal/modules/cjs/loader:981:32)
    at Function.Module._load (node:internal/modules/cjs/loader:827:12)
    at Module.require (node:internal/modules/cjs/loader:1005:19)
[Node] [ERROR] - 2022-12-12T07:36:24.531ZuncaughtException: тип Unable to compile TypeScript:
[96msrc/controllers/user/users.controller.ts[0m:[93m57[0m:[93m20[0m - [91merror[0m[90m TS2339: [0mProperty 'status' does not exist on type 'Request<ParamsDictionary, any, any, ParsedQs, Record<string, any>>'.

[7m57[0m         return req.status(400).send('Please upload a CSV file!');
[7m  [0m [91m                   ~~~~~~[0m
[96msrc/controllers/user/users.controller.ts[0m:[93m63[0m:[93m7[0m - [91merror[0m[90m TS2304: [0mCannot find name 'fs'.

[7m63[0m       fs.createReadStream(path)
[7m  [0m [91m      ~~[0m
[96msrc/controllers/user/users.controller.ts[0m:[93m64[0m:[93m15[0m - [91merror[0m[90m TS2304: [0mCannot find name 'csv'.

[7m64[0m         .pipe(csv.parse({ headers: true }))
[7m  [0m [91m              ~~~[0m
[96msrc/controllers/user/users.controller.ts[0m:[93m72[0m:[93m11[0m - [91merror[0m[90m TS2552: [0mCannot find name 'Tutorial'. Did you mean 'tutorials'?

[7m72[0m           Tutorial.bulkCreate(tutorials)
[7m  [0m [91m          ~~~~~~~~[0m

  [96msrc/controllers/user/users.controller.ts[0m:[93m60[0m:[93m13[0m
    [7m60[0m       const tutorials = [];
    [7m  [0m [96m            ~~~~~~~~~[0m
    'tutorials' is declared here.
[96msrc/controllers/user/users.controller.ts[0m:[93m76[0m:[93m54[0m - [91merror[0m[90m TS2304: [0mCannot find name 'userFile'.

[7m76[0m                   `Uploaded the file successfully: ${userFile.file.originalname}`,
[7m  [0m [91m                                                     ~~~~~~~~[0m
[96msrc/controllers/user/users.controller.ts[0m:[93m88[0m:[93m7[0m - [91merror[0m[90m TS2740: [0mType 'Response<any, Record<string, any>>' is missing the following properties from type 'IUser': id, name, email, password, and 7 more.

[7m88[0m       return res.status(500).send({
[7m  [0m [91m      ~~~~~~~~~~~~~~~~~~~~~~~~~~~~~[0m
[7m89[0m         message: `Could not upload the file: ${userFile.file.originalname}`,
[7m  [0m [91m~~~~~~~~~~~~~~~~~~~~~~~~~~~~~~~~~~~~~~~~~~~~~~~~~~~~~~~~~~~~~~~~~~~~~~~~~~~~[0m
[7m90[0m       });
[7m  [0m [91m~~~~~~~~~[0m
[96msrc/controllers/user/users.controller.ts[0m:[93m89[0m:[93m48[0m - [91merror[0m[90m TS2304: [0mCannot find name 'userFile'.

[7m89[0m         message: `Could not upload the file: ${userFile.file.originalname}`,
[7m  [0m [91m                                               ~~~~~~~~[0m

TSError: тип Unable to compile TypeScript:
[96msrc/controllers/user/users.controller.ts[0m:[93m57[0m:[93m20[0m - [91merror[0m[90m TS2339: [0mProperty 'status' does not exist on type 'Request<ParamsDictionary, any, any, ParsedQs, Record<string, any>>'.

[7m57[0m         return req.status(400).send('Please upload a CSV file!');
[7m  [0m [91m                   ~~~~~~[0m
[96msrc/controllers/user/users.controller.ts[0m:[93m63[0m:[93m7[0m - [91merror[0m[90m TS2304: [0mCannot find name 'fs'.

[7m63[0m       fs.createReadStream(path)
[7m  [0m [91m      ~~[0m
[96msrc/controllers/user/users.controller.ts[0m:[93m64[0m:[93m15[0m - [91merror[0m[90m TS2304: [0mCannot find name 'csv'.

[7m64[0m         .pipe(csv.parse({ headers: true }))
[7m  [0m [91m              ~~~[0m
[96msrc/controllers/user/users.controller.ts[0m:[93m72[0m:[93m11[0m - [91merror[0m[90m TS2552: [0mCannot find name 'Tutorial'. Did you mean 'tutorials'?

[7m72[0m           Tutorial.bulkCreate(tutorials)
[7m  [0m [91m          ~~~~~~~~[0m

  [96msrc/controllers/user/users.controller.ts[0m:[93m60[0m:[93m13[0m
    [7m60[0m       const tutorials = [];
    [7m  [0m [96m            ~~~~~~~~~[0m
    'tutorials' is declared here.
[96msrc/controllers/user/users.controller.ts[0m:[93m76[0m:[93m54[0m - [91merror[0m[90m TS2304: [0mCannot find name 'userFile'.

[7m76[0m                   `Uploaded the file successfully: ${userFile.file.originalname}`,
[7m  [0m [91m                                                     ~~~~~~~~[0m
[96msrc/controllers/user/users.controller.ts[0m:[93m88[0m:[93m7[0m - [91merror[0m[90m TS2740: [0mType 'Response<any, Record<string, any>>' is missing the following properties from type 'IUser': id, name, email, password, and 7 more.

[7m88[0m       return res.status(500).send({
[7m  [0m [91m      ~~~~~~~~~~~~~~~~~~~~~~~~~~~~~[0m
[7m89[0m         message: `Could not upload the file: ${userFile.file.originalname}`,
[7m  [0m [91m~~~~~~~~~~~~~~~~~~~~~~~~~~~~~~~~~~~~~~~~~~~~~~~~~~~~~~~~~~~~~~~~~~~~~~~~~~~~[0m
[7m90[0m       });
[7m  [0m [91m~~~~~~~~~[0m
[96msrc/controllers/user/users.controller.ts[0m:[93m89[0m:[93m48[0m - [91merror[0m[90m TS2304: [0mCannot find name 'userFile'.

[7m89[0m         message: `Could not upload the file: ${userFile.file.originalname}`,
[7m  [0m [91m                                               ~~~~~~~~[0m

    at createTSError (/home/thoughtwin/Documents/EB_Ty/node_modules/ts-node/src/index.ts:859:12)
    at reportTSError (/home/thoughtwin/Documents/EB_Ty/node_modules/ts-node/src/index.ts:863:19)
    at getOutput (/home/thoughtwin/Documents/EB_Ty/node_modules/ts-node/src/index.ts:1077:36)
    at Object.compile (/home/thoughtwin/Documents/EB_Ty/node_modules/ts-node/src/index.ts:1433:41)
    at Module.m._compile (/home/thoughtwin/Documents/EB_Ty/node_modules/ts-node/src/index.ts:1617:30)
    at Module._extensions..js (node:internal/modules/cjs/loader:1159:10)
    at Object.require.extensions.<computed> [as .ts] (/home/thoughtwin/Documents/EB_Ty/node_modules/ts-node/src/index.ts:1621:12)
    at Module.load (node:internal/modules/cjs/loader:981:32)
    at Function.Module._load (node:internal/modules/cjs/loader:827:12)
    at Module.require (node:internal/modules/cjs/loader:1005:19)
[Node] [ERROR] - 2022-12-12T07:36:28.672ZuncaughtException: тип Unable to compile TypeScript:
[96msrc/controllers/user/users.controller.ts[0m:[93m57[0m:[93m20[0m - [91merror[0m[90m TS2339: [0mProperty 'status' does not exist on type 'Request<ParamsDictionary, any, any, ParsedQs, Record<string, any>>'.

[7m57[0m         return req.status(400).send('Please upload a CSV file!');
[7m  [0m [91m                   ~~~~~~[0m
[96msrc/controllers/user/users.controller.ts[0m:[93m63[0m:[93m7[0m - [91merror[0m[90m TS2304: [0mCannot find name 'fs'.

[7m63[0m       fs.createReadStream(path)
[7m  [0m [91m      ~~[0m
[96msrc/controllers/user/users.controller.ts[0m:[93m64[0m:[93m15[0m - [91merror[0m[90m TS2304: [0mCannot find name 'csv'.

[7m64[0m         .pipe(csv.parse({ headers: true }))
[7m  [0m [91m              ~~~[0m
[96msrc/controllers/user/users.controller.ts[0m:[93m72[0m:[93m11[0m - [91merror[0m[90m TS2552: [0mCannot find name 'Tutorial'. Did you mean 'tutorials'?

[7m72[0m           Tutorial.bulkCreate(tutorials)
[7m  [0m [91m          ~~~~~~~~[0m

  [96msrc/controllers/user/users.controller.ts[0m:[93m60[0m:[93m13[0m
    [7m60[0m       const tutorials = [];
    [7m  [0m [96m            ~~~~~~~~~[0m
    'tutorials' is declared here.
[96msrc/controllers/user/users.controller.ts[0m:[93m88[0m:[93m7[0m - [91merror[0m[90m TS2740: [0mType 'Response<any, Record<string, any>>' is missing the following properties from type 'IUser': id, name, email, password, and 7 more.

[7m88[0m       return res.status(500).send({
[7m  [0m [91m      ~~~~~~~~~~~~~~~~~~~~~~~~~~~~~[0m
[7m89[0m         message: `Could not upload the file: ${userFile.file.originalname}`,
[7m  [0m [91m~~~~~~~~~~~~~~~~~~~~~~~~~~~~~~~~~~~~~~~~~~~~~~~~~~~~~~~~~~~~~~~~~~~~~~~~~~~~[0m
[7m90[0m       });
[7m  [0m [91m~~~~~~~~~[0m
[96msrc/controllers/user/users.controller.ts[0m:[93m89[0m:[93m48[0m - [91merror[0m[90m TS2304: [0mCannot find name 'userFile'.

[7m89[0m         message: `Could not upload the file: ${userFile.file.originalname}`,
[7m  [0m [91m                                               ~~~~~~~~[0m

TSError: тип Unable to compile TypeScript:
[96msrc/controllers/user/users.controller.ts[0m:[93m57[0m:[93m20[0m - [91merror[0m[90m TS2339: [0mProperty 'status' does not exist on type 'Request<ParamsDictionary, any, any, ParsedQs, Record<string, any>>'.

[7m57[0m         return req.status(400).send('Please upload a CSV file!');
[7m  [0m [91m                   ~~~~~~[0m
[96msrc/controllers/user/users.controller.ts[0m:[93m63[0m:[93m7[0m - [91merror[0m[90m TS2304: [0mCannot find name 'fs'.

[7m63[0m       fs.createReadStream(path)
[7m  [0m [91m      ~~[0m
[96msrc/controllers/user/users.controller.ts[0m:[93m64[0m:[93m15[0m - [91merror[0m[90m TS2304: [0mCannot find name 'csv'.

[7m64[0m         .pipe(csv.parse({ headers: true }))
[7m  [0m [91m              ~~~[0m
[96msrc/controllers/user/users.controller.ts[0m:[93m72[0m:[93m11[0m - [91merror[0m[90m TS2552: [0mCannot find name 'Tutorial'. Did you mean 'tutorials'?

[7m72[0m           Tutorial.bulkCreate(tutorials)
[7m  [0m [91m          ~~~~~~~~[0m

  [96msrc/controllers/user/users.controller.ts[0m:[93m60[0m:[93m13[0m
    [7m60[0m       const tutorials = [];
    [7m  [0m [96m            ~~~~~~~~~[0m
    'tutorials' is declared here.
[96msrc/controllers/user/users.controller.ts[0m:[93m88[0m:[93m7[0m - [91merror[0m[90m TS2740: [0mType 'Response<any, Record<string, any>>' is missing the following properties from type 'IUser': id, name, email, password, and 7 more.

[7m88[0m       return res.status(500).send({
[7m  [0m [91m      ~~~~~~~~~~~~~~~~~~~~~~~~~~~~~[0m
[7m89[0m         message: `Could not upload the file: ${userFile.file.originalname}`,
[7m  [0m [91m~~~~~~~~~~~~~~~~~~~~~~~~~~~~~~~~~~~~~~~~~~~~~~~~~~~~~~~~~~~~~~~~~~~~~~~~~~~~[0m
[7m90[0m       });
[7m  [0m [91m~~~~~~~~~[0m
[96msrc/controllers/user/users.controller.ts[0m:[93m89[0m:[93m48[0m - [91merror[0m[90m TS2304: [0mCannot find name 'userFile'.

[7m89[0m         message: `Could not upload the file: ${userFile.file.originalname}`,
[7m  [0m [91m                                               ~~~~~~~~[0m

    at createTSError (/home/thoughtwin/Documents/EB_Ty/node_modules/ts-node/src/index.ts:859:12)
    at reportTSError (/home/thoughtwin/Documents/EB_Ty/node_modules/ts-node/src/index.ts:863:19)
    at getOutput (/home/thoughtwin/Documents/EB_Ty/node_modules/ts-node/src/index.ts:1077:36)
    at Object.compile (/home/thoughtwin/Documents/EB_Ty/node_modules/ts-node/src/index.ts:1433:41)
    at Module.m._compile (/home/thoughtwin/Documents/EB_Ty/node_modules/ts-node/src/index.ts:1617:30)
    at Module._extensions..js (node:internal/modules/cjs/loader:1159:10)
    at Object.require.extensions.<computed> [as .ts] (/home/thoughtwin/Documents/EB_Ty/node_modules/ts-node/src/index.ts:1621:12)
    at Module.load (node:internal/modules/cjs/loader:981:32)
    at Function.Module._load (node:internal/modules/cjs/loader:827:12)
    at Module.require (node:internal/modules/cjs/loader:1005:19)
[Node] [ERROR] - 2022-12-12T07:36:39.100ZuncaughtException: тип Unable to compile TypeScript:
[96msrc/controllers/user/users.controller.ts[0m:[93m58[0m:[93m20[0m - [91merror[0m[90m TS2339: [0mProperty 'status' does not exist on type 'Request<ParamsDictionary, any, any, ParsedQs, Record<string, any>>'.

[7m58[0m         return req.status(400).send('Please upload a CSV file!');
[7m  [0m [91m                   ~~~~~~[0m
[96msrc/controllers/user/users.controller.ts[0m:[93m64[0m:[93m7[0m - [91merror[0m[90m TS2304: [0mCannot find name 'fs'.

[7m64[0m       fs.createReadStream(path)
[7m  [0m [91m      ~~[0m
[96msrc/controllers/user/users.controller.ts[0m:[93m65[0m:[93m15[0m - [91merror[0m[90m TS2304: [0mCannot find name 'csv'.

[7m65[0m         .pipe(csv.parse({ headers: true }))
[7m  [0m [91m              ~~~[0m
[96msrc/controllers/user/users.controller.ts[0m:[93m73[0m:[93m16[0m - [91merror[0m[90m TS2339: [0mProperty 'bulkCreate' does not exist on type '(connection: Sequelize, DataTypes: typeof import("/home/thoughtwin/Documents/EB_Ty/node_modules/sequelize/types/data-types")) => UserModel'.

[7m73[0m           user.bulkCreate(tutorials)
[7m  [0m [91m               ~~~~~~~~~~[0m
[96msrc/controllers/user/users.controller.ts[0m:[93m89[0m:[93m7[0m - [91merror[0m[90m TS2740: [0mType 'Response<any, Record<string, any>>' is missing the following properties from type 'IUser': id, name, email, password, and 7 more.

[7m89[0m       return res.status(500).send({
[7m  [0m [91m      ~~~~~~~~~~~~~~~~~~~~~~~~~~~~~[0m
[7m90[0m         message: `Could not upload the file: ${userFile.file.originalname}`,
[7m  [0m [91m~~~~~~~~~~~~~~~~~~~~~~~~~~~~~~~~~~~~~~~~~~~~~~~~~~~~~~~~~~~~~~~~~~~~~~~~~~~~[0m
[7m91[0m       });
[7m  [0m [91m~~~~~~~~~[0m
[96msrc/controllers/user/users.controller.ts[0m:[93m90[0m:[93m48[0m - [91merror[0m[90m TS2304: [0mCannot find name 'userFile'.

[7m90[0m         message: `Could not upload the file: ${userFile.file.originalname}`,
[7m  [0m [91m                                               ~~~~~~~~[0m

TSError: тип Unable to compile TypeScript:
[96msrc/controllers/user/users.controller.ts[0m:[93m58[0m:[93m20[0m - [91merror[0m[90m TS2339: [0mProperty 'status' does not exist on type 'Request<ParamsDictionary, any, any, ParsedQs, Record<string, any>>'.

[7m58[0m         return req.status(400).send('Please upload a CSV file!');
[7m  [0m [91m                   ~~~~~~[0m
[96msrc/controllers/user/users.controller.ts[0m:[93m64[0m:[93m7[0m - [91merror[0m[90m TS2304: [0mCannot find name 'fs'.

[7m64[0m       fs.createReadStream(path)
[7m  [0m [91m      ~~[0m
[96msrc/controllers/user/users.controller.ts[0m:[93m65[0m:[93m15[0m - [91merror[0m[90m TS2304: [0mCannot find name 'csv'.

[7m65[0m         .pipe(csv.parse({ headers: true }))
[7m  [0m [91m              ~~~[0m
[96msrc/controllers/user/users.controller.ts[0m:[93m73[0m:[93m16[0m - [91merror[0m[90m TS2339: [0mProperty 'bulkCreate' does not exist on type '(connection: Sequelize, DataTypes: typeof import("/home/thoughtwin/Documents/EB_Ty/node_modules/sequelize/types/data-types")) => UserModel'.

[7m73[0m           user.bulkCreate(tutorials)
[7m  [0m [91m               ~~~~~~~~~~[0m
[96msrc/controllers/user/users.controller.ts[0m:[93m89[0m:[93m7[0m - [91merror[0m[90m TS2740: [0mType 'Response<any, Record<string, any>>' is missing the following properties from type 'IUser': id, name, email, password, and 7 more.

[7m89[0m       return res.status(500).send({
[7m  [0m [91m      ~~~~~~~~~~~~~~~~~~~~~~~~~~~~~[0m
[7m90[0m         message: `Could not upload the file: ${userFile.file.originalname}`,
[7m  [0m [91m~~~~~~~~~~~~~~~~~~~~~~~~~~~~~~~~~~~~~~~~~~~~~~~~~~~~~~~~~~~~~~~~~~~~~~~~~~~~[0m
[7m91[0m       });
[7m  [0m [91m~~~~~~~~~[0m
[96msrc/controllers/user/users.controller.ts[0m:[93m90[0m:[93m48[0m - [91merror[0m[90m TS2304: [0mCannot find name 'userFile'.

[7m90[0m         message: `Could not upload the file: ${userFile.file.originalname}`,
[7m  [0m [91m                                               ~~~~~~~~[0m

    at createTSError (/home/thoughtwin/Documents/EB_Ty/node_modules/ts-node/src/index.ts:859:12)
    at reportTSError (/home/thoughtwin/Documents/EB_Ty/node_modules/ts-node/src/index.ts:863:19)
    at getOutput (/home/thoughtwin/Documents/EB_Ty/node_modules/ts-node/src/index.ts:1077:36)
    at Object.compile (/home/thoughtwin/Documents/EB_Ty/node_modules/ts-node/src/index.ts:1433:41)
    at Module.m._compile (/home/thoughtwin/Documents/EB_Ty/node_modules/ts-node/src/index.ts:1617:30)
    at Module._extensions..js (node:internal/modules/cjs/loader:1159:10)
    at Object.require.extensions.<computed> [as .ts] (/home/thoughtwin/Documents/EB_Ty/node_modules/ts-node/src/index.ts:1621:12)
    at Module.load (node:internal/modules/cjs/loader:981:32)
    at Function.Module._load (node:internal/modules/cjs/loader:827:12)
    at Module.require (node:internal/modules/cjs/loader:1005:19)
[Node] [ERROR] - 2022-12-12T07:36:49.656ZuncaughtException: тип Unable to compile TypeScript:
[96msrc/controllers/user/users.controller.ts[0m:[93m58[0m:[93m20[0m - [91merror[0m[90m TS2339: [0mProperty 'status' does not exist on type 'Request<ParamsDictionary, any, any, ParsedQs, Record<string, any>>'.

[7m58[0m         return req.status(400).send('Please upload a CSV file!');
[7m  [0m [91m                   ~~~~~~[0m
[96msrc/controllers/user/users.controller.ts[0m:[93m64[0m:[93m7[0m - [91merror[0m[90m TS2304: [0mCannot find name 'fs'.

[7m64[0m       fs.createReadStream(path)
[7m  [0m [91m      ~~[0m
[96msrc/controllers/user/users.controller.ts[0m:[93m65[0m:[93m15[0m - [91merror[0m[90m TS2304: [0mCannot find name 'csv'.

[7m65[0m         .pipe(csv.parse({ headers: true }))
[7m  [0m [91m              ~~~[0m
[96msrc/controllers/user/users.controller.ts[0m:[93m73[0m:[93m16[0m - [91merror[0m[90m TS2339: [0mProperty 'bulkCreate' does not exist on type '(connection: Sequelize, DataTypes: typeof import("/home/thoughtwin/Documents/EB_Ty/node_modules/sequelize/types/data-types")) => UserModel'.

[7m73[0m           user.bulkCreate(tutorials)
[7m  [0m [91m               ~~~~~~~~~~[0m
[96msrc/controllers/user/users.controller.ts[0m:[93m89[0m:[93m7[0m - [91merror[0m[90m TS2740: [0mType 'Response<any, Record<string, any>>' is missing the following properties from type 'IUser': id, name, email, password, and 7 more.

[7m89[0m       return res.status(500).send({
[7m  [0m [91m      ~~~~~~~~~~~~~~~~~~~~~~~~~~~~~[0m
[7m90[0m         message: `Could not upload the file: ${userFile.file.originalname}`,
[7m  [0m [91m~~~~~~~~~~~~~~~~~~~~~~~~~~~~~~~~~~~~~~~~~~~~~~~~~~~~~~~~~~~~~~~~~~~~~~~~~~~~[0m
[7m91[0m       });
[7m  [0m [91m~~~~~~~~~[0m
[96msrc/controllers/user/users.controller.ts[0m:[93m90[0m:[93m48[0m - [91merror[0m[90m TS2304: [0mCannot find name 'userFile'.

[7m90[0m         message: `Could not upload the file: ${userFile.file.originalname}`,
[7m  [0m [91m                                               ~~~~~~~~[0m

TSError: тип Unable to compile TypeScript:
[96msrc/controllers/user/users.controller.ts[0m:[93m58[0m:[93m20[0m - [91merror[0m[90m TS2339: [0mProperty 'status' does not exist on type 'Request<ParamsDictionary, any, any, ParsedQs, Record<string, any>>'.

[7m58[0m         return req.status(400).send('Please upload a CSV file!');
[7m  [0m [91m                   ~~~~~~[0m
[96msrc/controllers/user/users.controller.ts[0m:[93m64[0m:[93m7[0m - [91merror[0m[90m TS2304: [0mCannot find name 'fs'.

[7m64[0m       fs.createReadStream(path)
[7m  [0m [91m      ~~[0m
[96msrc/controllers/user/users.controller.ts[0m:[93m65[0m:[93m15[0m - [91merror[0m[90m TS2304: [0mCannot find name 'csv'.

[7m65[0m         .pipe(csv.parse({ headers: true }))
[7m  [0m [91m              ~~~[0m
[96msrc/controllers/user/users.controller.ts[0m:[93m73[0m:[93m16[0m - [91merror[0m[90m TS2339: [0mProperty 'bulkCreate' does not exist on type '(connection: Sequelize, DataTypes: typeof import("/home/thoughtwin/Documents/EB_Ty/node_modules/sequelize/types/data-types")) => UserModel'.

[7m73[0m           user.bulkCreate(tutorials)
[7m  [0m [91m               ~~~~~~~~~~[0m
[96msrc/controllers/user/users.controller.ts[0m:[93m89[0m:[93m7[0m - [91merror[0m[90m TS2740: [0mType 'Response<any, Record<string, any>>' is missing the following properties from type 'IUser': id, name, email, password, and 7 more.

[7m89[0m       return res.status(500).send({
[7m  [0m [91m      ~~~~~~~~~~~~~~~~~~~~~~~~~~~~~[0m
[7m90[0m         message: `Could not upload the file: ${userFile.file.originalname}`,
[7m  [0m [91m~~~~~~~~~~~~~~~~~~~~~~~~~~~~~~~~~~~~~~~~~~~~~~~~~~~~~~~~~~~~~~~~~~~~~~~~~~~~[0m
[7m91[0m       });
[7m  [0m [91m~~~~~~~~~[0m
[96msrc/controllers/user/users.controller.ts[0m:[93m90[0m:[93m48[0m - [91merror[0m[90m TS2304: [0mCannot find name 'userFile'.

[7m90[0m         message: `Could not upload the file: ${userFile.file.originalname}`,
[7m  [0m [91m                                               ~~~~~~~~[0m

    at createTSError (/home/thoughtwin/Documents/EB_Ty/node_modules/ts-node/src/index.ts:859:12)
    at reportTSError (/home/thoughtwin/Documents/EB_Ty/node_modules/ts-node/src/index.ts:863:19)
    at getOutput (/home/thoughtwin/Documents/EB_Ty/node_modules/ts-node/src/index.ts:1077:36)
    at Object.compile (/home/thoughtwin/Documents/EB_Ty/node_modules/ts-node/src/index.ts:1433:41)
    at Module.m._compile (/home/thoughtwin/Documents/EB_Ty/node_modules/ts-node/src/index.ts:1617:30)
    at Module._extensions..js (node:internal/modules/cjs/loader:1159:10)
    at Object.require.extensions.<computed> [as .ts] (/home/thoughtwin/Documents/EB_Ty/node_modules/ts-node/src/index.ts:1621:12)
    at Module.load (node:internal/modules/cjs/loader:981:32)
    at Function.Module._load (node:internal/modules/cjs/loader:827:12)
    at Module.require (node:internal/modules/cjs/loader:1005:19)
[Node] [ERROR] - 2022-12-12T07:37:03.159ZuncaughtException: тип Unable to compile TypeScript:
[96msrc/controllers/user/users.controller.ts[0m:[93m58[0m:[93m20[0m - [91merror[0m[90m TS2339: [0mProperty 'status' does not exist on type 'Request<ParamsDictionary, any, any, ParsedQs, Record<string, any>>'.

[7m58[0m         return req.status(400).send('Please upload a CSV file!');
[7m  [0m [91m                   ~~~~~~[0m
[96msrc/controllers/user/users.controller.ts[0m:[93m64[0m:[93m7[0m - [91merror[0m[90m TS2304: [0mCannot find name 'fs'.

[7m64[0m       fs.createReadStream(path)
[7m  [0m [91m      ~~[0m
[96msrc/controllers/user/users.controller.ts[0m:[93m65[0m:[93m15[0m - [91merror[0m[90m TS2304: [0mCannot find name 'csv'.

[7m65[0m         .pipe(csv.parse({ headers: true }))
[7m  [0m [91m              ~~~[0m
[96msrc/controllers/user/users.controller.ts[0m:[93m73[0m:[93m16[0m - [91merror[0m[90m TS2339: [0mProperty 'bulkCreate' does not exist on type '(connection: Sequelize, DataTypes: typeof import("/home/thoughtwin/Documents/EB_Ty/node_modules/sequelize/types/data-types")) => UserModel'.

[7m73[0m           user.bulkCreate(tutorials)
[7m  [0m [91m               ~~~~~~~~~~[0m
[96msrc/controllers/user/users.controller.ts[0m:[93m89[0m:[93m7[0m - [91merror[0m[90m TS2740: [0mType 'Response<any, Record<string, any>>' is missing the following properties from type 'IUser': id, name, email, password, and 7 more.

[7m89[0m       return res.status(500).send({
[7m  [0m [91m      ~~~~~~~~~~~~~~~~~~~~~~~~~~~~~[0m
[7m90[0m         message: `Could not upload the file: ${userFile.file.originalname}`,
[7m  [0m [91m~~~~~~~~~~~~~~~~~~~~~~~~~~~~~~~~~~~~~~~~~~~~~~~~~~~~~~~~~~~~~~~~~~~~~~~~~~~~[0m
[7m91[0m       });
[7m  [0m [91m~~~~~~~~~[0m
[96msrc/controllers/user/users.controller.ts[0m:[93m90[0m:[93m48[0m - [91merror[0m[90m TS2304: [0mCannot find name 'userFile'.

[7m90[0m         message: `Could not upload the file: ${userFile.file.originalname}`,
[7m  [0m [91m                                               ~~~~~~~~[0m

TSError: тип Unable to compile TypeScript:
[96msrc/controllers/user/users.controller.ts[0m:[93m58[0m:[93m20[0m - [91merror[0m[90m TS2339: [0mProperty 'status' does not exist on type 'Request<ParamsDictionary, any, any, ParsedQs, Record<string, any>>'.

[7m58[0m         return req.status(400).send('Please upload a CSV file!');
[7m  [0m [91m                   ~~~~~~[0m
[96msrc/controllers/user/users.controller.ts[0m:[93m64[0m:[93m7[0m - [91merror[0m[90m TS2304: [0mCannot find name 'fs'.

[7m64[0m       fs.createReadStream(path)
[7m  [0m [91m      ~~[0m
[96msrc/controllers/user/users.controller.ts[0m:[93m65[0m:[93m15[0m - [91merror[0m[90m TS2304: [0mCannot find name 'csv'.

[7m65[0m         .pipe(csv.parse({ headers: true }))
[7m  [0m [91m              ~~~[0m
[96msrc/controllers/user/users.controller.ts[0m:[93m73[0m:[93m16[0m - [91merror[0m[90m TS2339: [0mProperty 'bulkCreate' does not exist on type '(connection: Sequelize, DataTypes: typeof import("/home/thoughtwin/Documents/EB_Ty/node_modules/sequelize/types/data-types")) => UserModel'.

[7m73[0m           user.bulkCreate(tutorials)
[7m  [0m [91m               ~~~~~~~~~~[0m
[96msrc/controllers/user/users.controller.ts[0m:[93m89[0m:[93m7[0m - [91merror[0m[90m TS2740: [0mType 'Response<any, Record<string, any>>' is missing the following properties from type 'IUser': id, name, email, password, and 7 more.

[7m89[0m       return res.status(500).send({
[7m  [0m [91m      ~~~~~~~~~~~~~~~~~~~~~~~~~~~~~[0m
[7m90[0m         message: `Could not upload the file: ${userFile.file.originalname}`,
[7m  [0m [91m~~~~~~~~~~~~~~~~~~~~~~~~~~~~~~~~~~~~~~~~~~~~~~~~~~~~~~~~~~~~~~~~~~~~~~~~~~~~[0m
[7m91[0m       });
[7m  [0m [91m~~~~~~~~~[0m
[96msrc/controllers/user/users.controller.ts[0m:[93m90[0m:[93m48[0m - [91merror[0m[90m TS2304: [0mCannot find name 'userFile'.

[7m90[0m         message: `Could not upload the file: ${userFile.file.originalname}`,
[7m  [0m [91m                                               ~~~~~~~~[0m

    at createTSError (/home/thoughtwin/Documents/EB_Ty/node_modules/ts-node/src/index.ts:859:12)
    at reportTSError (/home/thoughtwin/Documents/EB_Ty/node_modules/ts-node/src/index.ts:863:19)
    at getOutput (/home/thoughtwin/Documents/EB_Ty/node_modules/ts-node/src/index.ts:1077:36)
    at Object.compile (/home/thoughtwin/Documents/EB_Ty/node_modules/ts-node/src/index.ts:1433:41)
    at Module.m._compile (/home/thoughtwin/Documents/EB_Ty/node_modules/ts-node/src/index.ts:1617:30)
    at Module._extensions..js (node:internal/modules/cjs/loader:1159:10)
    at Object.require.extensions.<computed> [as .ts] (/home/thoughtwin/Documents/EB_Ty/node_modules/ts-node/src/index.ts:1621:12)
    at Module.load (node:internal/modules/cjs/loader:981:32)
    at Function.Module._load (node:internal/modules/cjs/loader:827:12)
    at Module.require (node:internal/modules/cjs/loader:1005:19)
[Node] [ERROR] - 2022-12-12T07:37:40.939ZuncaughtException: тип Unable to compile TypeScript:
[96msrc/services/user/index.ts[0m:[93m109[0m:[93m11[0m - [91merror[0m[90m TS2552: [0mCannot find name 'Tutorial'. Did you mean 'tutorials'?

[7m109[0m           Tutorial.bulkCreate(tutorials)
[7m   [0m [91m          ~~~~~~~~[0m

  [96msrc/services/user/index.ts[0m:[93m97[0m:[93m13[0m
    [7m97[0m       const tutorials = [];
    [7m  [0m [96m            ~~~~~~~~~[0m
    'tutorials' is declared here.
[96msrc/services/user/index.ts[0m:[93m111[0m:[93m15[0m - [91merror[0m[90m TS2304: [0mCannot find name 'res'.

[7m111[0m               res.status(200).send({
[7m   [0m [91m              ~~~[0m
[96msrc/services/user/index.ts[0m:[93m117[0m:[93m15[0m - [91merror[0m[90m TS2304: [0mCannot find name 'res'.

[7m117[0m               res.status(500).send({
[7m   [0m [91m              ~~~[0m
[96msrc/services/user/index.ts[0m:[93m125[0m:[93m7[0m - [91merror[0m[90m TS2304: [0mCannot find name 'res'.

[7m125[0m       res.status(500).send({
[7m   [0m [91m      ~~~[0m

TSError: тип Unable to compile TypeScript:
[96msrc/services/user/index.ts[0m:[93m109[0m:[93m11[0m - [91merror[0m[90m TS2552: [0mCannot find name 'Tutorial'. Did you mean 'tutorials'?

[7m109[0m           Tutorial.bulkCreate(tutorials)
[7m   [0m [91m          ~~~~~~~~[0m

  [96msrc/services/user/index.ts[0m:[93m97[0m:[93m13[0m
    [7m97[0m       const tutorials = [];
    [7m  [0m [96m            ~~~~~~~~~[0m
    'tutorials' is declared here.
[96msrc/services/user/index.ts[0m:[93m111[0m:[93m15[0m - [91merror[0m[90m TS2304: [0mCannot find name 'res'.

[7m111[0m               res.status(200).send({
[7m   [0m [91m              ~~~[0m
[96msrc/services/user/index.ts[0m:[93m117[0m:[93m15[0m - [91merror[0m[90m TS2304: [0mCannot find name 'res'.

[7m117[0m               res.status(500).send({
[7m   [0m [91m              ~~~[0m
[96msrc/services/user/index.ts[0m:[93m125[0m:[93m7[0m - [91merror[0m[90m TS2304: [0mCannot find name 'res'.

[7m125[0m       res.status(500).send({
[7m   [0m [91m      ~~~[0m

    at createTSError (/home/thoughtwin/Documents/EB_Ty/node_modules/ts-node/src/index.ts:859:12)
    at reportTSError (/home/thoughtwin/Documents/EB_Ty/node_modules/ts-node/src/index.ts:863:19)
    at getOutput (/home/thoughtwin/Documents/EB_Ty/node_modules/ts-node/src/index.ts:1077:36)
    at Object.compile (/home/thoughtwin/Documents/EB_Ty/node_modules/ts-node/src/index.ts:1433:41)
    at Module.m._compile (/home/thoughtwin/Documents/EB_Ty/node_modules/ts-node/src/index.ts:1617:30)
    at Module._extensions..js (node:internal/modules/cjs/loader:1159:10)
    at Object.require.extensions.<computed> [as .ts] (/home/thoughtwin/Documents/EB_Ty/node_modules/ts-node/src/index.ts:1621:12)
    at Module.load (node:internal/modules/cjs/loader:981:32)
    at Function.Module._load (node:internal/modules/cjs/loader:827:12)
    at Module.require (node:internal/modules/cjs/loader:1005:19)
[Node] [ERROR] - 2022-12-12T07:37:50.480ZuncaughtException: тип Unable to compile TypeScript:
[96msrc/services/user/index.ts[0m:[93m109[0m:[93m12[0m - [91merror[0m[90m TS2304: [0mCannot find name 'bulkCreate'.

[7m109[0m           .bulkCreate(tutorials)
[7m   [0m [91m           ~~~~~~~~~~[0m
[96msrc/services/user/index.ts[0m:[93m111[0m:[93m15[0m - [91merror[0m[90m TS2304: [0mCannot find name 'res'.

[7m111[0m               res.status(200).send({
[7m   [0m [91m              ~~~[0m
[96msrc/services/user/index.ts[0m:[93m117[0m:[93m15[0m - [91merror[0m[90m TS2304: [0mCannot find name 'res'.

[7m117[0m               res.status(500).send({
[7m   [0m [91m              ~~~[0m
[96msrc/services/user/index.ts[0m:[93m125[0m:[93m7[0m - [91merror[0m[90m TS2304: [0mCannot find name 'res'.

[7m125[0m       res.status(500).send({
[7m   [0m [91m      ~~~[0m
[96msrc/services/user/index.ts[0m:[93m109[0m:[93m11[0m - [91merror[0m[90m TS1128: [0mDeclaration or statement expected.

[7m109[0m           .bulkCreate(tutorials)
[7m   [0m [91m          ~[0m

TSError: тип Unable to compile TypeScript:
[96msrc/services/user/index.ts[0m:[93m109[0m:[93m12[0m - [91merror[0m[90m TS2304: [0mCannot find name 'bulkCreate'.

[7m109[0m           .bulkCreate(tutorials)
[7m   [0m [91m           ~~~~~~~~~~[0m
[96msrc/services/user/index.ts[0m:[93m111[0m:[93m15[0m - [91merror[0m[90m TS2304: [0mCannot find name 'res'.

[7m111[0m               res.status(200).send({
[7m   [0m [91m              ~~~[0m
[96msrc/services/user/index.ts[0m:[93m117[0m:[93m15[0m - [91merror[0m[90m TS2304: [0mCannot find name 'res'.

[7m117[0m               res.status(500).send({
[7m   [0m [91m              ~~~[0m
[96msrc/services/user/index.ts[0m:[93m125[0m:[93m7[0m - [91merror[0m[90m TS2304: [0mCannot find name 'res'.

[7m125[0m       res.status(500).send({
[7m   [0m [91m      ~~~[0m
[96msrc/services/user/index.ts[0m:[93m109[0m:[93m11[0m - [91merror[0m[90m TS1128: [0mDeclaration or statement expected.

[7m109[0m           .bulkCreate(tutorials)
[7m   [0m [91m          ~[0m

    at createTSError (/home/thoughtwin/Documents/EB_Ty/node_modules/ts-node/src/index.ts:859:12)
    at reportTSError (/home/thoughtwin/Documents/EB_Ty/node_modules/ts-node/src/index.ts:863:19)
    at getOutput (/home/thoughtwin/Documents/EB_Ty/node_modules/ts-node/src/index.ts:1077:36)
    at Object.compile (/home/thoughtwin/Documents/EB_Ty/node_modules/ts-node/src/index.ts:1433:41)
    at Module.m._compile (/home/thoughtwin/Documents/EB_Ty/node_modules/ts-node/src/index.ts:1617:30)
    at Module._extensions..js (node:internal/modules/cjs/loader:1159:10)
    at Object.require.extensions.<computed> [as .ts] (/home/thoughtwin/Documents/EB_Ty/node_modules/ts-node/src/index.ts:1621:12)
    at Module.load (node:internal/modules/cjs/loader:981:32)
    at Function.Module._load (node:internal/modules/cjs/loader:827:12)
    at Module.require (node:internal/modules/cjs/loader:1005:19)
[Node] [ERROR] - 2022-12-12T07:37:58.300ZuncaughtException: тип Unable to compile TypeScript:
[96msrc/services/user/index.ts[0m:[93m111[0m:[93m15[0m - [91merror[0m[90m TS2304: [0mCannot find name 'res'.

[7m111[0m               res.status(200).send({
[7m   [0m [91m              ~~~[0m
[96msrc/services/user/index.ts[0m:[93m117[0m:[93m15[0m - [91merror[0m[90m TS2304: [0mCannot find name 'res'.

[7m117[0m               res.status(500).send({
[7m   [0m [91m              ~~~[0m
[96msrc/services/user/index.ts[0m:[93m125[0m:[93m7[0m - [91merror[0m[90m TS2304: [0mCannot find name 'res'.

[7m125[0m       res.status(500).send({
[7m   [0m [91m      ~~~[0m

TSError: тип Unable to compile TypeScript:
[96msrc/services/user/index.ts[0m:[93m111[0m:[93m15[0m - [91merror[0m[90m TS2304: [0mCannot find name 'res'.

[7m111[0m               res.status(200).send({
[7m   [0m [91m              ~~~[0m
[96msrc/services/user/index.ts[0m:[93m117[0m:[93m15[0m - [91merror[0m[90m TS2304: [0mCannot find name 'res'.

[7m117[0m               res.status(500).send({
[7m   [0m [91m              ~~~[0m
[96msrc/services/user/index.ts[0m:[93m125[0m:[93m7[0m - [91merror[0m[90m TS2304: [0mCannot find name 'res'.

[7m125[0m       res.status(500).send({
[7m   [0m [91m      ~~~[0m

    at createTSError (/home/thoughtwin/Documents/EB_Ty/node_modules/ts-node/src/index.ts:859:12)
    at reportTSError (/home/thoughtwin/Documents/EB_Ty/node_modules/ts-node/src/index.ts:863:19)
    at getOutput (/home/thoughtwin/Documents/EB_Ty/node_modules/ts-node/src/index.ts:1077:36)
    at Object.compile (/home/thoughtwin/Documents/EB_Ty/node_modules/ts-node/src/index.ts:1433:41)
    at Module.m._compile (/home/thoughtwin/Documents/EB_Ty/node_modules/ts-node/src/index.ts:1617:30)
    at Module._extensions..js (node:internal/modules/cjs/loader:1159:10)
    at Object.require.extensions.<computed> [as .ts] (/home/thoughtwin/Documents/EB_Ty/node_modules/ts-node/src/index.ts:1621:12)
    at Module.load (node:internal/modules/cjs/loader:981:32)
    at Function.Module._load (node:internal/modules/cjs/loader:827:12)
    at Module.require (node:internal/modules/cjs/loader:1005:19)
[Node] [ERROR] - 2022-12-12T07:38:08.854ZuncaughtException: тип Unable to compile TypeScript:
[96msrc/services/user/index.ts[0m:[93m93[0m:[93m11[0m - [91merror[0m[90m TS2304: [0mCannot find name 'userFile'.

[7m93[0m       if (userFile.file == undefined) {
[7m  [0m [91m          ~~~~~~~~[0m
[96msrc/services/user/index.ts[0m:[93m94[0m:[93m16[0m - [91merror[0m[90m TS2304: [0mCannot find name 'userFile'.

[7m94[0m         return userFile.status(400).send('Please upload a CSV file!');
[7m  [0m [91m               ~~~~~~~~[0m
[96msrc/services/user/index.ts[0m:[93m98[0m:[93m54[0m - [91merror[0m[90m TS2304: [0mCannot find name 'userFile'.

[7m98[0m       const path = `${__dirname}/EB_TY/src/uploads/${userFile.file.filename}`;
[7m  [0m [91m                                                     ~~~~~~~~[0m
[96msrc/services/user/index.ts[0m:[93m111[0m:[93m15[0m - [91merror[0m[90m TS2304: [0mCannot find name 'res'.

[7m111[0m               res.status(200).send({
[7m   [0m [91m              ~~~[0m
[96msrc/services/user/index.ts[0m:[93m113[0m:[93m54[0m - [91merror[0m[90m TS2304: [0mCannot find name 'userFile'.

[7m113[0m                   `Uploaded the file successfully: ${userFile.file.originalname}`,
[7m   [0m [91m                                                     ~~~~~~~~[0m
[96msrc/services/user/index.ts[0m:[93m117[0m:[93m15[0m - [91merror[0m[90m TS2304: [0mCannot find name 'res'.

[7m117[0m               res.status(500).send({
[7m   [0m [91m              ~~~[0m
[96msrc/services/user/index.ts[0m:[93m125[0m:[93m7[0m - [91merror[0m[90m TS2304: [0mCannot find name 'res'.

[7m125[0m       res.status(500).send({
[7m   [0m [91m      ~~~[0m
[96msrc/services/user/index.ts[0m:[93m126[0m:[93m48[0m - [91merror[0m[90m TS2304: [0mCannot find name 'userFile'.

[7m126[0m         message: `Could not upload the file: ${userFile.file.originalname}`,
[7m   [0m [91m                                               ~~~~~~~~[0m

TSError: тип Unable to compile TypeScript:
[96msrc/services/user/index.ts[0m:[93m93[0m:[93m11[0m - [91merror[0m[90m TS2304: [0mCannot find name 'userFile'.

[7m93[0m       if (userFile.file == undefined) {
[7m  [0m [91m          ~~~~~~~~[0m
[96msrc/services/user/index.ts[0m:[93m94[0m:[93m16[0m - [91merror[0m[90m TS2304: [0mCannot find name 'userFile'.

[7m94[0m         return userFile.status(400).send('Please upload a CSV file!');
[7m  [0m [91m               ~~~~~~~~[0m
[96msrc/services/user/index.ts[0m:[93m98[0m:[93m54[0m - [91merror[0m[90m TS2304: [0mCannot find name 'userFile'.

[7m98[0m       const path = `${__dirname}/EB_TY/src/uploads/${userFile.file.filename}`;
[7m  [0m [91m                                                     ~~~~~~~~[0m
[96msrc/services/user/index.ts[0m:[93m111[0m:[93m15[0m - [91merror[0m[90m TS2304: [0mCannot find name 'res'.

[7m111[0m               res.status(200).send({
[7m   [0m [91m              ~~~[0m
[96msrc/services/user/index.ts[0m:[93m113[0m:[93m54[0m - [91merror[0m[90m TS2304: [0mCannot find name 'userFile'.

[7m113[0m                   `Uploaded the file successfully: ${userFile.file.originalname}`,
[7m   [0m [91m                                                     ~~~~~~~~[0m
[96msrc/services/user/index.ts[0m:[93m117[0m:[93m15[0m - [91merror[0m[90m TS2304: [0mCannot find name 'res'.

[7m117[0m               res.status(500).send({
[7m   [0m [91m              ~~~[0m
[96msrc/services/user/index.ts[0m:[93m125[0m:[93m7[0m - [91merror[0m[90m TS2304: [0mCannot find name 'res'.

[7m125[0m       res.status(500).send({
[7m   [0m [91m      ~~~[0m
[96msrc/services/user/index.ts[0m:[93m126[0m:[93m48[0m - [91merror[0m[90m TS2304: [0mCannot find name 'userFile'.

[7m126[0m         message: `Could not upload the file: ${userFile.file.originalname}`,
[7m   [0m [91m                                               ~~~~~~~~[0m

    at createTSError (/home/thoughtwin/Documents/EB_Ty/node_modules/ts-node/src/index.ts:859:12)
    at reportTSError (/home/thoughtwin/Documents/EB_Ty/node_modules/ts-node/src/index.ts:863:19)
    at getOutput (/home/thoughtwin/Documents/EB_Ty/node_modules/ts-node/src/index.ts:1077:36)
    at Object.compile (/home/thoughtwin/Documents/EB_Ty/node_modules/ts-node/src/index.ts:1433:41)
    at Module.m._compile (/home/thoughtwin/Documents/EB_Ty/node_modules/ts-node/src/index.ts:1617:30)
    at Module._extensions..js (node:internal/modules/cjs/loader:1159:10)
    at Object.require.extensions.<computed> [as .ts] (/home/thoughtwin/Documents/EB_Ty/node_modules/ts-node/src/index.ts:1621:12)
    at Module.load (node:internal/modules/cjs/loader:981:32)
    at Function.Module._load (node:internal/modules/cjs/loader:827:12)
    at Module.require (node:internal/modules/cjs/loader:1005:19)
[Node] [ERROR] - 2022-12-12T07:38:24.599ZuncaughtException: тип Unable to compile TypeScript:
[96msrc/services/user/index.ts[0m:[93m94[0m:[93m11[0m - [91merror[0m[90m TS2304: [0mCannot find name 'userFile'.

[7m94[0m       if (userFile.file == undefined) {
[7m  [0m [91m          ~~~~~~~~[0m
[96msrc/services/user/index.ts[0m:[93m95[0m:[93m16[0m - [91merror[0m[90m TS2304: [0mCannot find name 'userFile'.

[7m95[0m         return userFile.status(400).send('Please upload a CSV file!');
[7m  [0m [91m               ~~~~~~~~[0m
[96msrc/services/user/index.ts[0m:[93m99[0m:[93m54[0m - [91merror[0m[90m TS2304: [0mCannot find name 'userFile'.

[7m99[0m       const path = `${__dirname}/EB_TY/src/uploads/${userFile.file.filename}`;
[7m  [0m [91m                                                     ~~~~~~~~[0m
[96msrc/services/user/index.ts[0m:[93m112[0m:[93m15[0m - [91merror[0m[90m TS2304: [0mCannot find name 'res'.

[7m112[0m               res.status(200).send({
[7m   [0m [91m              ~~~[0m
[96msrc/services/user/index.ts[0m:[93m114[0m:[93m54[0m - [91merror[0m[90m TS2304: [0mCannot find name 'userFile'.

[7m114[0m                   `Uploaded the file successfully: ${userFile.file.originalname}`,
[7m   [0m [91m                                                     ~~~~~~~~[0m
[96msrc/services/user/index.ts[0m:[93m118[0m:[93m15[0m - [91merror[0m[90m TS2304: [0mCannot find name 'res'.

[7m118[0m               res.status(500).send({
[7m   [0m [91m              ~~~[0m
[96msrc/services/user/index.ts[0m:[93m126[0m:[93m7[0m - [91merror[0m[90m TS2304: [0mCannot find name 'res'.

[7m126[0m       res.status(500).send({
[7m   [0m [91m      ~~~[0m
[96msrc/services/user/index.ts[0m:[93m127[0m:[93m48[0m - [91merror[0m[90m TS2304: [0mCannot find name 'userFile'.

[7m127[0m         message: `Could not upload the file: ${userFile.file.originalname}`,
[7m   [0m [91m                                               ~~~~~~~~[0m

TSError: тип Unable to compile TypeScript:
[96msrc/services/user/index.ts[0m:[93m94[0m:[93m11[0m - [91merror[0m[90m TS2304: [0mCannot find name 'userFile'.

[7m94[0m       if (userFile.file == undefined) {
[7m  [0m [91m          ~~~~~~~~[0m
[96msrc/services/user/index.ts[0m:[93m95[0m:[93m16[0m - [91merror[0m[90m TS2304: [0mCannot find name 'userFile'.

[7m95[0m         return userFile.status(400).send('Please upload a CSV file!');
[7m  [0m [91m               ~~~~~~~~[0m
[96msrc/services/user/index.ts[0m:[93m99[0m:[93m54[0m - [91merror[0m[90m TS2304: [0mCannot find name 'userFile'.

[7m99[0m       const path = `${__dirname}/EB_TY/src/uploads/${userFile.file.filename}`;
[7m  [0m [91m                                                     ~~~~~~~~[0m
[96msrc/services/user/index.ts[0m:[93m112[0m:[93m15[0m - [91merror[0m[90m TS2304: [0mCannot find name 'res'.

[7m112[0m               res.status(200).send({
[7m   [0m [91m              ~~~[0m
[96msrc/services/user/index.ts[0m:[93m114[0m:[93m54[0m - [91merror[0m[90m TS2304: [0mCannot find name 'userFile'.

[7m114[0m                   `Uploaded the file successfully: ${userFile.file.originalname}`,
[7m   [0m [91m                                                     ~~~~~~~~[0m
[96msrc/services/user/index.ts[0m:[93m118[0m:[93m15[0m - [91merror[0m[90m TS2304: [0mCannot find name 'res'.

[7m118[0m               res.status(500).send({
[7m   [0m [91m              ~~~[0m
[96msrc/services/user/index.ts[0m:[93m126[0m:[93m7[0m - [91merror[0m[90m TS2304: [0mCannot find name 'res'.

[7m126[0m       res.status(500).send({
[7m   [0m [91m      ~~~[0m
[96msrc/services/user/index.ts[0m:[93m127[0m:[93m48[0m - [91merror[0m[90m TS2304: [0mCannot find name 'userFile'.

[7m127[0m         message: `Could not upload the file: ${userFile.file.originalname}`,
[7m   [0m [91m                                               ~~~~~~~~[0m

    at createTSError (/home/thoughtwin/Documents/EB_Ty/node_modules/ts-node/src/index.ts:859:12)
    at reportTSError (/home/thoughtwin/Documents/EB_Ty/node_modules/ts-node/src/index.ts:863:19)
    at getOutput (/home/thoughtwin/Documents/EB_Ty/node_modules/ts-node/src/index.ts:1077:36)
    at Object.compile (/home/thoughtwin/Documents/EB_Ty/node_modules/ts-node/src/index.ts:1433:41)
    at Module.m._compile (/home/thoughtwin/Documents/EB_Ty/node_modules/ts-node/src/index.ts:1617:30)
    at Module._extensions..js (node:internal/modules/cjs/loader:1159:10)
    at Object.require.extensions.<computed> [as .ts] (/home/thoughtwin/Documents/EB_Ty/node_modules/ts-node/src/index.ts:1621:12)
    at Module.load (node:internal/modules/cjs/loader:981:32)
    at Function.Module._load (node:internal/modules/cjs/loader:827:12)
    at Module.require (node:internal/modules/cjs/loader:1005:19)
[Node] [ERROR] - 2022-12-12T07:38:37.485ZuncaughtException: тип Unable to compile TypeScript:
[96msrc/services/user/index.ts[0m:[93m112[0m:[93m15[0m - [91merror[0m[90m TS2304: [0mCannot find name 'res'.

[7m112[0m               res.status(200).send({
[7m   [0m [91m              ~~~[0m
[96msrc/services/user/index.ts[0m:[93m114[0m:[93m54[0m - [91merror[0m[90m TS2304: [0mCannot find name 'userFile'.

[7m114[0m                   `Uploaded the file successfully: ${userFile.file.originalname}`,
[7m   [0m [91m                                                     ~~~~~~~~[0m
[96msrc/services/user/index.ts[0m:[93m118[0m:[93m15[0m - [91merror[0m[90m TS2304: [0mCannot find name 'res'.

[7m118[0m               res.status(500).send({
[7m   [0m [91m              ~~~[0m
[96msrc/services/user/index.ts[0m:[93m126[0m:[93m7[0m - [91merror[0m[90m TS2304: [0mCannot find name 'res'.

[7m126[0m       res.status(500).send({
[7m   [0m [91m      ~~~[0m
[96msrc/services/user/index.ts[0m:[93m127[0m:[93m48[0m - [91merror[0m[90m TS2304: [0mCannot find name 'userFile'.

[7m127[0m         message: `Could not upload the file: ${userFile.file.originalname}`,
[7m   [0m [91m                                               ~~~~~~~~[0m

TSError: тип Unable to compile TypeScript:
[96msrc/services/user/index.ts[0m:[93m112[0m:[93m15[0m - [91merror[0m[90m TS2304: [0mCannot find name 'res'.

[7m112[0m               res.status(200).send({
[7m   [0m [91m              ~~~[0m
[96msrc/services/user/index.ts[0m:[93m114[0m:[93m54[0m - [91merror[0m[90m TS2304: [0mCannot find name 'userFile'.

[7m114[0m                   `Uploaded the file successfully: ${userFile.file.originalname}`,
[7m   [0m [91m                                                     ~~~~~~~~[0m
[96msrc/services/user/index.ts[0m:[93m118[0m:[93m15[0m - [91merror[0m[90m TS2304: [0mCannot find name 'res'.

[7m118[0m               res.status(500).send({
[7m   [0m [91m              ~~~[0m
[96msrc/services/user/index.ts[0m:[93m126[0m:[93m7[0m - [91merror[0m[90m TS2304: [0mCannot find name 'res'.

[7m126[0m       res.status(500).send({
[7m   [0m [91m      ~~~[0m
[96msrc/services/user/index.ts[0m:[93m127[0m:[93m48[0m - [91merror[0m[90m TS2304: [0mCannot find name 'userFile'.

[7m127[0m         message: `Could not upload the file: ${userFile.file.originalname}`,
[7m   [0m [91m                                               ~~~~~~~~[0m

    at createTSError (/home/thoughtwin/Documents/EB_Ty/node_modules/ts-node/src/index.ts:859:12)
    at reportTSError (/home/thoughtwin/Documents/EB_Ty/node_modules/ts-node/src/index.ts:863:19)
    at getOutput (/home/thoughtwin/Documents/EB_Ty/node_modules/ts-node/src/index.ts:1077:36)
    at Object.compile (/home/thoughtwin/Documents/EB_Ty/node_modules/ts-node/src/index.ts:1433:41)
    at Module.m._compile (/home/thoughtwin/Documents/EB_Ty/node_modules/ts-node/src/index.ts:1617:30)
    at Module._extensions..js (node:internal/modules/cjs/loader:1159:10)
    at Object.require.extensions.<computed> [as .ts] (/home/thoughtwin/Documents/EB_Ty/node_modules/ts-node/src/index.ts:1621:12)
    at Module.load (node:internal/modules/cjs/loader:981:32)
    at Function.Module._load (node:internal/modules/cjs/loader:827:12)
    at Module.require (node:internal/modules/cjs/loader:1005:19)
[Node] [ERROR] - 2022-12-12T07:39:54.113ZuncaughtException: тип Unable to compile TypeScript:
[96msrc/constants/route.constants.ts[0m:[93m11[0m:[93m5[0m - [91merror[0m[90m TS18004: [0mNo value exists in scope for the shorthand property 'CSV'. Either declare one or provide an initializer.

[7m11[0m     CSV
[7m  [0m [91m    ~~~[0m

TSError: тип Unable to compile TypeScript:
[96msrc/constants/route.constants.ts[0m:[93m11[0m:[93m5[0m - [91merror[0m[90m TS18004: [0mNo value exists in scope for the shorthand property 'CSV'. Either declare one or provide an initializer.

[7m11[0m     CSV
[7m  [0m [91m    ~~~[0m

    at createTSError (/home/thoughtwin/Documents/EB_Ty/node_modules/ts-node/src/index.ts:859:12)
    at reportTSError (/home/thoughtwin/Documents/EB_Ty/node_modules/ts-node/src/index.ts:863:19)
    at getOutput (/home/thoughtwin/Documents/EB_Ty/node_modules/ts-node/src/index.ts:1077:36)
    at Object.compile (/home/thoughtwin/Documents/EB_Ty/node_modules/ts-node/src/index.ts:1433:41)
    at Module.m._compile (/home/thoughtwin/Documents/EB_Ty/node_modules/ts-node/src/index.ts:1617:30)
    at Module._extensions..js (node:internal/modules/cjs/loader:1159:10)
    at Object.require.extensions.<computed> [as .ts] (/home/thoughtwin/Documents/EB_Ty/node_modules/ts-node/src/index.ts:1621:12)
    at Module.load (node:internal/modules/cjs/loader:981:32)
    at Function.Module._load (node:internal/modules/cjs/loader:827:12)
    at Module.require (node:internal/modules/cjs/loader:1005:19)
[Node] [ERROR] - 2022-12-12T07:40:31.678ZuncaughtException: тип Unable to compile TypeScript:
[96msrc/routes/user.routes.ts[0m:[93m24[0m:[93m71[0m - [91merror[0m[90m TS2339: [0mProperty 'uploadFile' does not exist on type 'UsersController'.

[7m24[0m       this.router.post(RoutesConstants.USER.CSV, this.usersController.uploadFile);
[7m  [0m [91m                                                                      ~~~~~~~~~~[0m

TSError: тип Unable to compile TypeScript:
[96msrc/routes/user.routes.ts[0m:[93m24[0m:[93m71[0m - [91merror[0m[90m TS2339: [0mProperty 'uploadFile' does not exist on type 'UsersController'.

[7m24[0m       this.router.post(RoutesConstants.USER.CSV, this.usersController.uploadFile);
[7m  [0m [91m                                                                      ~~~~~~~~~~[0m

    at createTSError (/home/thoughtwin/Documents/EB_Ty/node_modules/ts-node/src/index.ts:859:12)
    at reportTSError (/home/thoughtwin/Documents/EB_Ty/node_modules/ts-node/src/index.ts:863:19)
    at getOutput (/home/thoughtwin/Documents/EB_Ty/node_modules/ts-node/src/index.ts:1077:36)
    at Object.compile (/home/thoughtwin/Documents/EB_Ty/node_modules/ts-node/src/index.ts:1433:41)
    at Module.m._compile (/home/thoughtwin/Documents/EB_Ty/node_modules/ts-node/src/index.ts:1617:30)
    at Module._extensions..js (node:internal/modules/cjs/loader:1159:10)
    at Object.require.extensions.<computed> [as .ts] (/home/thoughtwin/Documents/EB_Ty/node_modules/ts-node/src/index.ts:1621:12)
    at Module.load (node:internal/modules/cjs/loader:981:32)
    at Function.Module._load (node:internal/modules/cjs/loader:827:12)
    at Module.require (node:internal/modules/cjs/loader:1005:19)
[Node] [ERROR] - 2022-12-12T07:41:04.593ZuncaughtException: тип Unable to compile TypeScript:
[96msrc/routes/user.routes.ts[0m:[93m18[0m:[93m3[0m - [91merror[0m[90m TS2662: [0mCannot find name 'constructor'. Did you mean the static member 'Route.constructor'?

[7m18[0m   constructor() {
[7m  [0m [91m  ~~~~~~~~~~~[0m
[96msrc/routes/user.routes.ts[0m:[93m19[0m:[93m5[0m - [91merror[0m[90m TS2532: [0mObject is possibly 'undefined'.

[7m19[0m     this.initializeRoutes();
[7m  [0m [91m    ~~~~[0m
[96msrc/routes/user.routes.ts[0m:[93m22[0m:[93m11[0m - [91merror[0m[90m TS2304: [0mCannot find name 'initializeRoutes'.

[7m22[0m   private initializeRoutes(): void {
[7m  [0m [91m          ~~~~~~~~~~~~~~~~[0m
[96msrc/routes/user.routes.ts[0m:[93m24[0m:[93m98[0m - [91merror[0m[90m TS2532: [0mObject is possibly 'undefined'.

[7m24[0m       this.router.post(RoutesConstants.USER.CREATE, validationMiddleware(CreateUserDto, 'body'), this.usersController.createUser);
[7m  [0m [91m                                                                                                 ~~~~[0m
[96msrc/routes/user.routes.ts[0m:[93m25[0m:[93m52[0m - [91merror[0m[90m TS2532: [0mObject is possibly 'undefined'.

[7m25[0m       this.router.post(RoutesConstants.USER.LOGIN, this.usersController.logIn);
[7m  [0m [91m                                                   ~~~~[0m
[96msrc/routes/user.routes.ts[0m:[93m26[0m:[93m50[0m - [91merror[0m[90m TS2532: [0mObject is possibly 'undefined'.

[7m26[0m       this.router.post(RoutesConstants.USER.CSV, this.usersController.uploadFile);
[7m  [0m [91m                                                 ~~~~[0m
[96msrc/routes/user.routes.ts[0m:[93m27[0m:[93m54[0m - [91merror[0m[90m TS2532: [0mObject is possibly 'undefined'.

[7m27[0m       this.router.get(RoutesConstants.USER.ALL_USER, this.usersController.getUsers);
[7m  [0m [91m                                                     ~~~~[0m
[96msrc/routes/user.routes.ts[0m:[93m28[0m:[93m55[0m - [91merror[0m[90m TS2532: [0mObject is possibly 'undefined'.

[7m28[0m       this.router.get(RoutesConstants.USER.GET_BY_ID, this.usersController.getUserById);
[7m  [0m [91m                                                      ~~~~[0m
[96msrc/routes/user.routes.ts[0m:[93m18[0m:[93m17[0m - [91merror[0m[90m TS1005: [0m';' expected.

[7m18[0m   constructor() {
[7m  [0m [91m                ~[0m
[96msrc/routes/user.routes.ts[0m:[93m22[0m:[93m3[0m - [91merror[0m[90m TS1128: [0mDeclaration or statement expected.

[7m22[0m   private initializeRoutes(): void {
[7m  [0m [91m  ~~~~~~~[0m
[96msrc/routes/user.routes.ts[0m:[93m22[0m:[93m29[0m - [91merror[0m[90m TS1005: [0m';' expected.

[7m22[0m   private initializeRoutes(): void {
[7m  [0m [91m                            ~[0m
[96msrc/routes/user.routes.ts[0m:[93m23[0m:[93m9[0m - [91merror[0m[90m TS1005: [0m':' expected.

[7m23[0m     try {
[7m  [0m [91m        ~[0m
[96msrc/routes/user.routes.ts[0m:[93m24[0m:[93m11[0m - [91merror[0m[90m TS1005: [0m':' expected.

[7m24[0m       this.router.post(RoutesConstants.USER.CREATE, validationMiddleware(CreateUserDto, 'body'), this.usersController.createUser);
[7m  [0m [91m          ~[0m
[96msrc/routes/user.routes.ts[0m:[93m24[0m:[93m130[0m - [91merror[0m[90m TS1005: [0m',' expected.

[7m24[0m       this.router.post(RoutesConstants.USER.CREATE, validationMiddleware(CreateUserDto, 'body'), this.usersController.createUser);
[7m  [0m [91m                                                                                                                                 ~[0m
[96msrc/routes/user.routes.ts[0m:[93m25[0m:[93m11[0m - [91merror[0m[90m TS1005: [0m':' expected.

[7m25[0m       this.router.post(RoutesConstants.USER.LOGIN, this.usersController.logIn);
[7m  [0m [91m          ~[0m
[96msrc/routes/user.routes.ts[0m:[93m25[0m:[93m79[0m - [91merror[0m[90m TS1005: [0m',' expected.

[7m25[0m       this.router.post(RoutesConstants.USER.LOGIN, this.usersController.logIn);
[7m  [0m [91m                                                                              ~[0m
[96msrc/routes/user.routes.ts[0m:[93m26[0m:[93m11[0m - [91merror[0m[90m TS1005: [0m':' expected.

[7m26[0m       this.router.post(RoutesConstants.USER.CSV, this.usersController.uploadFile);
[7m  [0m [91m          ~[0m
[96msrc/routes/user.routes.ts[0m:[93m26[0m:[93m82[0m - [91merror[0m[90m TS1005: [0m',' expected.

[7m26[0m       this.router.post(RoutesConstants.USER.CSV, this.usersController.uploadFile);
[7m  [0m [91m                                                                                 ~[0m
[96msrc/routes/user.routes.ts[0m:[93m27[0m:[93m11[0m - [91merror[0m[90m TS1005: [0m':' expected.

[7m27[0m       this.router.get(RoutesConstants.USER.ALL_USER, this.usersController.getUsers);
[7m  [0m [91m          ~[0m
[96msrc/routes/user.routes.ts[0m:[93m27[0m:[93m84[0m - [91merror[0m[90m TS1005: [0m',' expected.

[7m27[0m       this.router.get(RoutesConstants.USER.ALL_USER, this.usersController.getUsers);
[7m  [0m [91m                                                                                   ~[0m
[96msrc/routes/user.routes.ts[0m:[93m28[0m:[93m11[0m - [91merror[0m[90m TS1005: [0m':' expected.

[7m28[0m       this.router.get(RoutesConstants.USER.GET_BY_ID, this.usersController.getUserById);
[7m  [0m [91m          ~[0m
[96msrc/routes/user.routes.ts[0m:[93m28[0m:[93m88[0m - [91merror[0m[90m TS1005: [0m',' expected.

[7m28[0m       this.router.get(RoutesConstants.USER.GET_BY_ID, this.usersController.getUserById);
[7m  [0m [91m                                                                                       ~[0m
[96msrc/routes/user.routes.ts[0m:[93m29[0m:[93m7[0m - [91merror[0m[90m TS1005: [0m',' expected.

[7m29[0m     } catch (error) {
[7m  [0m [91m      ~~~~~[0m
[96msrc/routes/user.routes.ts[0m:[93m33[0m:[93m1[0m - [91merror[0m[90m TS1128: [0mDeclaration or statement expected.

[7m33[0m }
[7m  [0m [91m~[0m

TSError: тип Unable to compile TypeScript:
[96msrc/routes/user.routes.ts[0m:[93m18[0m:[93m3[0m - [91merror[0m[90m TS2662: [0mCannot find name 'constructor'. Did you mean the static member 'Route.constructor'?

[7m18[0m   constructor() {
[7m  [0m [91m  ~~~~~~~~~~~[0m
[96msrc/routes/user.routes.ts[0m:[93m19[0m:[93m5[0m - [91merror[0m[90m TS2532: [0mObject is possibly 'undefined'.

[7m19[0m     this.initializeRoutes();
[7m  [0m [91m    ~~~~[0m
[96msrc/routes/user.routes.ts[0m:[93m22[0m:[93m11[0m - [91merror[0m[90m TS2304: [0mCannot find name 'initializeRoutes'.

[7m22[0m   private initializeRoutes(): void {
[7m  [0m [91m          ~~~~~~~~~~~~~~~~[0m
[96msrc/routes/user.routes.ts[0m:[93m24[0m:[93m98[0m - [91merror[0m[90m TS2532: [0mObject is possibly 'undefined'.

[7m24[0m       this.router.post(RoutesConstants.USER.CREATE, validationMiddleware(CreateUserDto, 'body'), this.usersController.createUser);
[7m  [0m [91m                                                                                                 ~~~~[0m
[96msrc/routes/user.routes.ts[0m:[93m25[0m:[93m52[0m - [91merror[0m[90m TS2532: [0mObject is possibly 'undefined'.

[7m25[0m       this.router.post(RoutesConstants.USER.LOGIN, this.usersController.logIn);
[7m  [0m [91m                                                   ~~~~[0m
[96msrc/routes/user.routes.ts[0m:[93m26[0m:[93m50[0m - [91merror[0m[90m TS2532: [0mObject is possibly 'undefined'.

[7m26[0m       this.router.post(RoutesConstants.USER.CSV, this.usersController.uploadFile);
[7m  [0m [91m                                                 ~~~~[0m
[96msrc/routes/user.routes.ts[0m:[93m27[0m:[93m54[0m - [91merror[0m[90m TS2532: [0mObject is possibly 'undefined'.

[7m27[0m       this.router.get(RoutesConstants.USER.ALL_USER, this.usersController.getUsers);
[7m  [0m [91m                                                     ~~~~[0m
[96msrc/routes/user.routes.ts[0m:[93m28[0m:[93m55[0m - [91merror[0m[90m TS2532: [0mObject is possibly 'undefined'.

[7m28[0m       this.router.get(RoutesConstants.USER.GET_BY_ID, this.usersController.getUserById);
[7m  [0m [91m                                                      ~~~~[0m
[96msrc/routes/user.routes.ts[0m:[93m18[0m:[93m17[0m - [91merror[0m[90m TS1005: [0m';' expected.

[7m18[0m   constructor() {
[7m  [0m [91m                ~[0m
[96msrc/routes/user.routes.ts[0m:[93m22[0m:[93m3[0m - [91merror[0m[90m TS1128: [0mDeclaration or statement expected.

[7m22[0m   private initializeRoutes(): void {
[7m  [0m [91m  ~~~~~~~[0m
[96msrc/routes/user.routes.ts[0m:[93m22[0m:[93m29[0m - [91merror[0m[90m TS1005: [0m';' expected.

[7m22[0m   private initializeRoutes(): void {
[7m  [0m [91m                            ~[0m
[96msrc/routes/user.routes.ts[0m:[93m23[0m:[93m9[0m - [91merror[0m[90m TS1005: [0m':' expected.

[7m23[0m     try {
[7m  [0m [91m        ~[0m
[96msrc/routes/user.routes.ts[0m:[93m24[0m:[93m11[0m - [91merror[0m[90m TS1005: [0m':' expected.

[7m24[0m       this.router.post(RoutesConstants.USER.CREATE, validationMiddleware(CreateUserDto, 'body'), this.usersController.createUser);
[7m  [0m [91m          ~[0m
[96msrc/routes/user.routes.ts[0m:[93m24[0m:[93m130[0m - [91merror[0m[90m TS1005: [0m',' expected.

[7m24[0m       this.router.post(RoutesConstants.USER.CREATE, validationMiddleware(CreateUserDto, 'body'), this.usersController.createUser);
[7m  [0m [91m                                                                                                                                 ~[0m
[96msrc/routes/user.routes.ts[0m:[93m25[0m:[93m11[0m - [91merror[0m[90m TS1005: [0m':' expected.

[7m25[0m       this.router.post(RoutesConstants.USER.LOGIN, this.usersController.logIn);
[7m  [0m [91m          ~[0m
[96msrc/routes/user.routes.ts[0m:[93m25[0m:[93m79[0m - [91merror[0m[90m TS1005: [0m',' expected.

[7m25[0m       this.router.post(RoutesConstants.USER.LOGIN, this.usersController.logIn);
[7m  [0m [91m                                                                              ~[0m
[96msrc/routes/user.routes.ts[0m:[93m26[0m:[93m11[0m - [91merror[0m[90m TS1005: [0m':' expected.

[7m26[0m       this.router.post(RoutesConstants.USER.CSV, this.usersController.uploadFile);
[7m  [0m [91m          ~[0m
[96msrc/routes/user.routes.ts[0m:[93m26[0m:[93m82[0m - [91merror[0m[90m TS1005: [0m',' expected.

[7m26[0m       this.router.post(RoutesConstants.USER.CSV, this.usersController.uploadFile);
[7m  [0m [91m                                                                                 ~[0m
[96msrc/routes/user.routes.ts[0m:[93m27[0m:[93m11[0m - [91merror[0m[90m TS1005: [0m':' expected.

[7m27[0m       this.router.get(RoutesConstants.USER.ALL_USER, this.usersController.getUsers);
[7m  [0m [91m          ~[0m
[96msrc/routes/user.routes.ts[0m:[93m27[0m:[93m84[0m - [91merror[0m[90m TS1005: [0m',' expected.

[7m27[0m       this.router.get(RoutesConstants.USER.ALL_USER, this.usersController.getUsers);
[7m  [0m [91m                                                                                   ~[0m
[96msrc/routes/user.routes.ts[0m:[93m28[0m:[93m11[0m - [91merror[0m[90m TS1005: [0m':' expected.

[7m28[0m       this.router.get(RoutesConstants.USER.GET_BY_ID, this.usersController.getUserById);
[7m  [0m [91m          ~[0m
[96msrc/routes/user.routes.ts[0m:[93m28[0m:[93m88[0m - [91merror[0m[90m TS1005: [0m',' expected.

[7m28[0m       this.router.get(RoutesConstants.USER.GET_BY_ID, this.usersController.getUserById);
[7m  [0m [91m                                                                                       ~[0m
[96msrc/routes/user.routes.ts[0m:[93m29[0m:[93m7[0m - [91merror[0m[90m TS1005: [0m',' expected.

[7m29[0m     } catch (error) {
[7m  [0m [91m      ~~~~~[0m
[96msrc/routes/user.routes.ts[0m:[93m33[0m:[93m1[0m - [91merror[0m[90m TS1128: [0mDeclaration or statement expected.

[7m33[0m }
[7m  [0m [91m~[0m

    at createTSError (/home/thoughtwin/Documents/EB_Ty/node_modules/ts-node/src/index.ts:859:12)
    at reportTSError (/home/thoughtwin/Documents/EB_Ty/node_modules/ts-node/src/index.ts:863:19)
    at getOutput (/home/thoughtwin/Documents/EB_Ty/node_modules/ts-node/src/index.ts:1077:36)
    at Object.compile (/home/thoughtwin/Documents/EB_Ty/node_modules/ts-node/src/index.ts:1433:41)
    at Module.m._compile (/home/thoughtwin/Documents/EB_Ty/node_modules/ts-node/src/index.ts:1617:30)
    at Module._extensions..js (node:internal/modules/cjs/loader:1159:10)
    at Object.require.extensions.<computed> [as .ts] (/home/thoughtwin/Documents/EB_Ty/node_modules/ts-node/src/index.ts:1621:12)
    at Module.load (node:internal/modules/cjs/loader:981:32)
    at Function.Module._load (node:internal/modules/cjs/loader:827:12)
    at Module.require (node:internal/modules/cjs/loader:1005:19)
[Node] [ERROR] - 2022-12-12T07:41:23.408ZuncaughtException: тип Unable to compile TypeScript:
[96msrc/routes/user.routes.ts[0m:[93m27[0m:[93m71[0m - [91merror[0m[90m TS2339: [0mProperty 'uploadFile' does not exist on type 'UsersController'.

[7m27[0m       this.router.post(RoutesConstants.USER.CSV, this.usersController.uploadFile);
[7m  [0m [91m                                                                      ~~~~~~~~~~[0m

TSError: тип Unable to compile TypeScript:
[96msrc/routes/user.routes.ts[0m:[93m27[0m:[93m71[0m - [91merror[0m[90m TS2339: [0mProperty 'uploadFile' does not exist on type 'UsersController'.

[7m27[0m       this.router.post(RoutesConstants.USER.CSV, this.usersController.uploadFile);
[7m  [0m [91m                                                                      ~~~~~~~~~~[0m

    at createTSError (/home/thoughtwin/Documents/EB_Ty/node_modules/ts-node/src/index.ts:859:12)
    at reportTSError (/home/thoughtwin/Documents/EB_Ty/node_modules/ts-node/src/index.ts:863:19)
    at getOutput (/home/thoughtwin/Documents/EB_Ty/node_modules/ts-node/src/index.ts:1077:36)
    at Object.compile (/home/thoughtwin/Documents/EB_Ty/node_modules/ts-node/src/index.ts:1433:41)
    at Module.m._compile (/home/thoughtwin/Documents/EB_Ty/node_modules/ts-node/src/index.ts:1617:30)
    at Module._extensions..js (node:internal/modules/cjs/loader:1159:10)
    at Object.require.extensions.<computed> [as .ts] (/home/thoughtwin/Documents/EB_Ty/node_modules/ts-node/src/index.ts:1621:12)
    at Module.load (node:internal/modules/cjs/loader:981:32)
    at Function.Module._load (node:internal/modules/cjs/loader:827:12)
    at Module.require (node:internal/modules/cjs/loader:1005:19)
[Node] [ERROR] - 2022-12-12T07:41:38.923ZuncaughtException: listen EADDRINUSE: address already in use :::4001
Error: listen EADDRINUSE: address already in use :::4001
    at Server.setupListenHandle [as _listen2] (node:net:1380:16)
    at listenInCluster (node:net:1428:12)
    at Server.listen (node:net:1516:7)
    at Function.listen (/home/thoughtwin/Documents/EB_Ty/node_modules/express/lib/application.js:635:24)
    at App.listen (/home/thoughtwin/Documents/EB_Ty/src/app.ts:63:28)
    at /home/thoughtwin/Documents/EB_Ty/src/app.ts:51:14
    at processTicksAndRejections (node:internal/process/task_queues:95:5)
[Node] [ERROR] - 2022-12-12T07:42:43.576ZUNCAUGHT REJECTION! TypeError: Cannot read properties of undefined (reading 'originalname')
[Node] [ERROR] - 2022-12-12T07:43:34.537ZUNCAUGHT REJECTION! TypeError: Cannot read properties of undefined (reading 'originalname')
[Node] [ERROR] - 2022-12-12T07:46:35.217ZUNCAUGHT REJECTION! TypeError: Cannot read properties of undefined (reading 'originalname')
[Node] [ERROR] - 2022-12-12T07:51:23.204ZuncaughtException: тип Unable to compile TypeScript:
[96msrc/routes/user.routes.ts[0m:[93m21[0m:[93m3[0m - [91merror[0m[90m TS2662: [0mCannot find name 'constructor'. Did you mean the static member 'Route.constructor'?

[7m21[0m   constructor() {
[7m  [0m [91m  ~~~~~~~~~~~[0m
[96msrc/routes/user.routes.ts[0m:[93m22[0m:[93m5[0m - [91merror[0m[90m TS2532: [0mObject is possibly 'undefined'.

[7m22[0m     this.initializeRoutes();
[7m  [0m [91m    ~~~~[0m
[96msrc/routes/user.routes.ts[0m:[93m25[0m:[93m11[0m - [91merror[0m[90m TS2304: [0mCannot find name 'initializeRoutes'.

[7m25[0m   private initializeRoutes(): void {
[7m  [0m [91m          ~~~~~~~~~~~~~~~~[0m
[96msrc/routes/user.routes.ts[0m:[93m27[0m:[93m98[0m - [91merror[0m[90m TS2532: [0mObject is possibly 'undefined'.

[7m27[0m       this.router.post(RoutesConstants.USER.CREATE, validationMiddleware(CreateUserDto, 'body'), this.usersController.createUser);
[7m  [0m [91m                                                                                                 ~~~~[0m
[96msrc/routes/user.routes.ts[0m:[93m28[0m:[93m52[0m - [91merror[0m[90m TS2532: [0mObject is possibly 'undefined'.

[7m28[0m       this.router.post(RoutesConstants.USER.LOGIN, this.usersController.logIn);
[7m  [0m [91m                                                   ~~~~[0m
[96msrc/routes/user.routes.ts[0m:[93m29[0m:[93m50[0m - [91merror[0m[90m TS2532: [0mObject is possibly 'undefined'.

[7m29[0m       this.router.post(RoutesConstants.USER.CSV, this.userServices.uploadFile);
[7m  [0m [91m                                                 ~~~~[0m
[96msrc/routes/user.routes.ts[0m:[93m30[0m:[93m54[0m - [91merror[0m[90m TS2532: [0mObject is possibly 'undefined'.

[7m30[0m       this.router.get(RoutesConstants.USER.ALL_USER, this.usersController.getUsers);
[7m  [0m [91m                                                     ~~~~[0m
[96msrc/routes/user.routes.ts[0m:[93m31[0m:[93m55[0m - [91merror[0m[90m TS2532: [0mObject is possibly 'undefined'.

[7m31[0m       this.router.get(RoutesConstants.USER.GET_BY_ID, this.usersController.getUserById);
[7m  [0m [91m                                                      ~~~~[0m
[96msrc/routes/user.routes.ts[0m:[93m21[0m:[93m17[0m - [91merror[0m[90m TS1005: [0m';' expected.

[7m21[0m   constructor() {
[7m  [0m [91m                ~[0m
[96msrc/routes/user.routes.ts[0m:[93m25[0m:[93m3[0m - [91merror[0m[90m TS1128: [0mDeclaration or statement expected.

[7m25[0m   private initializeRoutes(): void {
[7m  [0m [91m  ~~~~~~~[0m
[96msrc/routes/user.routes.ts[0m:[93m25[0m:[93m29[0m - [91merror[0m[90m TS1005: [0m';' expected.

[7m25[0m   private initializeRoutes(): void {
[7m  [0m [91m                            ~[0m
[96msrc/routes/user.routes.ts[0m:[93m26[0m:[93m9[0m - [91merror[0m[90m TS1005: [0m':' expected.

[7m26[0m     try {
[7m  [0m [91m        ~[0m
[96msrc/routes/user.routes.ts[0m:[93m27[0m:[93m11[0m - [91merror[0m[90m TS1005: [0m':' expected.

[7m27[0m       this.router.post(RoutesConstants.USER.CREATE, validationMiddleware(CreateUserDto, 'body'), this.usersController.createUser);
[7m  [0m [91m          ~[0m
[96msrc/routes/user.routes.ts[0m:[93m27[0m:[93m130[0m - [91merror[0m[90m TS1005: [0m',' expected.

[7m27[0m       this.router.post(RoutesConstants.USER.CREATE, validationMiddleware(CreateUserDto, 'body'), this.usersController.createUser);
[7m  [0m [91m                                                                                                                                 ~[0m
[96msrc/routes/user.routes.ts[0m:[93m28[0m:[93m11[0m - [91merror[0m[90m TS1005: [0m':' expected.

[7m28[0m       this.router.post(RoutesConstants.USER.LOGIN, this.usersController.logIn);
[7m  [0m [91m          ~[0m
[96msrc/routes/user.routes.ts[0m:[93m28[0m:[93m79[0m - [91merror[0m[90m TS1005: [0m',' expected.

[7m28[0m       this.router.post(RoutesConstants.USER.LOGIN, this.usersController.logIn);
[7m  [0m [91m                                                                              ~[0m
[96msrc/routes/user.routes.ts[0m:[93m29[0m:[93m11[0m - [91merror[0m[90m TS1005: [0m':' expected.

[7m29[0m       this.router.post(RoutesConstants.USER.CSV, this.userServices.uploadFile);
[7m  [0m [91m          ~[0m
[96msrc/routes/user.routes.ts[0m:[93m29[0m:[93m79[0m - [91merror[0m[90m TS1005: [0m',' expected.

[7m29[0m       this.router.post(RoutesConstants.USER.CSV, this.userServices.uploadFile);
[7m  [0m [91m                                                                              ~[0m
[96msrc/routes/user.routes.ts[0m:[93m30[0m:[93m11[0m - [91merror[0m[90m TS1005: [0m':' expected.

[7m30[0m       this.router.get(RoutesConstants.USER.ALL_USER, this.usersController.getUsers);
[7m  [0m [91m          ~[0m
[96msrc/routes/user.routes.ts[0m:[93m30[0m:[93m84[0m - [91merror[0m[90m TS1005: [0m',' expected.

[7m30[0m       this.router.get(RoutesConstants.USER.ALL_USER, this.usersController.getUsers);
[7m  [0m [91m                                                                                   ~[0m
[96msrc/routes/user.routes.ts[0m:[93m31[0m:[93m11[0m - [91merror[0m[90m TS1005: [0m':' expected.

[7m31[0m       this.router.get(RoutesConstants.USER.GET_BY_ID, this.usersController.getUserById);
[7m  [0m [91m          ~[0m
[96msrc/routes/user.routes.ts[0m:[93m31[0m:[93m88[0m - [91merror[0m[90m TS1005: [0m',' expected.

[7m31[0m       this.router.get(RoutesConstants.USER.GET_BY_ID, this.usersController.getUserById);
[7m  [0m [91m                                                                                       ~[0m
[96msrc/routes/user.routes.ts[0m:[93m32[0m:[93m7[0m - [91merror[0m[90m TS1005: [0m',' expected.

[7m32[0m     } catch (error) {
[7m  [0m [91m      ~~~~~[0m
[96msrc/routes/user.routes.ts[0m:[93m36[0m:[93m1[0m - [91merror[0m[90m TS1128: [0mDeclaration or statement expected.

[7m36[0m }
[7m  [0m [91m~[0m

TSError: тип Unable to compile TypeScript:
[96msrc/routes/user.routes.ts[0m:[93m21[0m:[93m3[0m - [91merror[0m[90m TS2662: [0mCannot find name 'constructor'. Did you mean the static member 'Route.constructor'?

[7m21[0m   constructor() {
[7m  [0m [91m  ~~~~~~~~~~~[0m
[96msrc/routes/user.routes.ts[0m:[93m22[0m:[93m5[0m - [91merror[0m[90m TS2532: [0mObject is possibly 'undefined'.

[7m22[0m     this.initializeRoutes();
[7m  [0m [91m    ~~~~[0m
[96msrc/routes/user.routes.ts[0m:[93m25[0m:[93m11[0m - [91merror[0m[90m TS2304: [0mCannot find name 'initializeRoutes'.

[7m25[0m   private initializeRoutes(): void {
[7m  [0m [91m          ~~~~~~~~~~~~~~~~[0m
[96msrc/routes/user.routes.ts[0m:[93m27[0m:[93m98[0m - [91merror[0m[90m TS2532: [0mObject is possibly 'undefined'.

[7m27[0m       this.router.post(RoutesConstants.USER.CREATE, validationMiddleware(CreateUserDto, 'body'), this.usersController.createUser);
[7m  [0m [91m                                                                                                 ~~~~[0m
[96msrc/routes/user.routes.ts[0m:[93m28[0m:[93m52[0m - [91merror[0m[90m TS2532: [0mObject is possibly 'undefined'.

[7m28[0m       this.router.post(RoutesConstants.USER.LOGIN, this.usersController.logIn);
[7m  [0m [91m                                                   ~~~~[0m
[96msrc/routes/user.routes.ts[0m:[93m29[0m:[93m50[0m - [91merror[0m[90m TS2532: [0mObject is possibly 'undefined'.

[7m29[0m       this.router.post(RoutesConstants.USER.CSV, this.userServices.uploadFile);
[7m  [0m [91m                                                 ~~~~[0m
[96msrc/routes/user.routes.ts[0m:[93m30[0m:[93m54[0m - [91merror[0m[90m TS2532: [0mObject is possibly 'undefined'.

[7m30[0m       this.router.get(RoutesConstants.USER.ALL_USER, this.usersController.getUsers);
[7m  [0m [91m                                                     ~~~~[0m
[96msrc/routes/user.routes.ts[0m:[93m31[0m:[93m55[0m - [91merror[0m[90m TS2532: [0mObject is possibly 'undefined'.

[7m31[0m       this.router.get(RoutesConstants.USER.GET_BY_ID, this.usersController.getUserById);
[7m  [0m [91m                                                      ~~~~[0m
[96msrc/routes/user.routes.ts[0m:[93m21[0m:[93m17[0m - [91merror[0m[90m TS1005: [0m';' expected.

[7m21[0m   constructor() {
[7m  [0m [91m                ~[0m
[96msrc/routes/user.routes.ts[0m:[93m25[0m:[93m3[0m - [91merror[0m[90m TS1128: [0mDeclaration or statement expected.

[7m25[0m   private initializeRoutes(): void {
[7m  [0m [91m  ~~~~~~~[0m
[96msrc/routes/user.routes.ts[0m:[93m25[0m:[93m29[0m - [91merror[0m[90m TS1005: [0m';' expected.

[7m25[0m   private initializeRoutes(): void {
[7m  [0m [91m                            ~[0m
[96msrc/routes/user.routes.ts[0m:[93m26[0m:[93m9[0m - [91merror[0m[90m TS1005: [0m':' expected.

[7m26[0m     try {
[7m  [0m [91m        ~[0m
[96msrc/routes/user.routes.ts[0m:[93m27[0m:[93m11[0m - [91merror[0m[90m TS1005: [0m':' expected.

[7m27[0m       this.router.post(RoutesConstants.USER.CREATE, validationMiddleware(CreateUserDto, 'body'), this.usersController.createUser);
[7m  [0m [91m          ~[0m
[96msrc/routes/user.routes.ts[0m:[93m27[0m:[93m130[0m - [91merror[0m[90m TS1005: [0m',' expected.

[7m27[0m       this.router.post(RoutesConstants.USER.CREATE, validationMiddleware(CreateUserDto, 'body'), this.usersController.createUser);
[7m  [0m [91m                                                                                                                                 ~[0m
[96msrc/routes/user.routes.ts[0m:[93m28[0m:[93m11[0m - [91merror[0m[90m TS1005: [0m':' expected.

[7m28[0m       this.router.post(RoutesConstants.USER.LOGIN, this.usersController.logIn);
[7m  [0m [91m          ~[0m
[96msrc/routes/user.routes.ts[0m:[93m28[0m:[93m79[0m - [91merror[0m[90m TS1005: [0m',' expected.

[7m28[0m       this.router.post(RoutesConstants.USER.LOGIN, this.usersController.logIn);
[7m  [0m [91m                                                                              ~[0m
[96msrc/routes/user.routes.ts[0m:[93m29[0m:[93m11[0m - [91merror[0m[90m TS1005: [0m':' expected.

[7m29[0m       this.router.post(RoutesConstants.USER.CSV, this.userServices.uploadFile);
[7m  [0m [91m          ~[0m
[96msrc/routes/user.routes.ts[0m:[93m29[0m:[93m79[0m - [91merror[0m[90m TS1005: [0m',' expected.

[7m29[0m       this.router.post(RoutesConstants.USER.CSV, this.userServices.uploadFile);
[7m  [0m [91m                                                                              ~[0m
[96msrc/routes/user.routes.ts[0m:[93m30[0m:[93m11[0m - [91merror[0m[90m TS1005: [0m':' expected.

[7m30[0m       this.router.get(RoutesConstants.USER.ALL_USER, this.usersController.getUsers);
[7m  [0m [91m          ~[0m
[96msrc/routes/user.routes.ts[0m:[93m30[0m:[93m84[0m - [91merror[0m[90m TS1005: [0m',' expected.

[7m30[0m       this.router.get(RoutesConstants.USER.ALL_USER, this.usersController.getUsers);
[7m  [0m [91m                                                                                   ~[0m
[96msrc/routes/user.routes.ts[0m:[93m31[0m:[93m11[0m - [91merror[0m[90m TS1005: [0m':' expected.

[7m31[0m       this.router.get(RoutesConstants.USER.GET_BY_ID, this.usersController.getUserById);
[7m  [0m [91m          ~[0m
[96msrc/routes/user.routes.ts[0m:[93m31[0m:[93m88[0m - [91merror[0m[90m TS1005: [0m',' expected.

[7m31[0m       this.router.get(RoutesConstants.USER.GET_BY_ID, this.usersController.getUserById);
[7m  [0m [91m                                                                                       ~[0m
[96msrc/routes/user.routes.ts[0m:[93m32[0m:[93m7[0m - [91merror[0m[90m TS1005: [0m',' expected.

[7m32[0m     } catch (error) {
[7m  [0m [91m      ~~~~~[0m
[96msrc/routes/user.routes.ts[0m:[93m36[0m:[93m1[0m - [91merror[0m[90m TS1128: [0mDeclaration or statement expected.

[7m36[0m }
[7m  [0m [91m~[0m

    at createTSError (/home/thoughtwin/Documents/EB_Ty/node_modules/ts-node/src/index.ts:859:12)
    at reportTSError (/home/thoughtwin/Documents/EB_Ty/node_modules/ts-node/src/index.ts:863:19)
    at getOutput (/home/thoughtwin/Documents/EB_Ty/node_modules/ts-node/src/index.ts:1077:36)
    at Object.compile (/home/thoughtwin/Documents/EB_Ty/node_modules/ts-node/src/index.ts:1433:41)
    at Module.m._compile (/home/thoughtwin/Documents/EB_Ty/node_modules/ts-node/src/index.ts:1617:30)
    at Module._extensions..js (node:internal/modules/cjs/loader:1159:10)
    at Object.require.extensions.<computed> [as .ts] (/home/thoughtwin/Documents/EB_Ty/node_modules/ts-node/src/index.ts:1621:12)
    at Module.load (node:internal/modules/cjs/loader:981:32)
    at Function.Module._load (node:internal/modules/cjs/loader:827:12)
    at Module.require (node:internal/modules/cjs/loader:1005:19)
[Node] [ERROR] - 2022-12-12T07:51:39.127ZuncaughtException: тип Unable to compile TypeScript:
[96msrc/routes/user.routes.ts[0m:[93m20[0m:[93m23[0m - [91merror[0m[90m TS2351: [0mThis expression is not constructable.
  Type 'Multer' has no construct signatures.

[7m20[0m   public upload = new uploadFile();
[7m  [0m [91m                      ~~~~~~~~~~[0m

TSError: тип Unable to compile TypeScript:
[96msrc/routes/user.routes.ts[0m:[93m20[0m:[93m23[0m - [91merror[0m[90m TS2351: [0mThis expression is not constructable.
  Type 'Multer' has no construct signatures.

[7m20[0m   public upload = new uploadFile();
[7m  [0m [91m                      ~~~~~~~~~~[0m

    at createTSError (/home/thoughtwin/Documents/EB_Ty/node_modules/ts-node/src/index.ts:859:12)
    at reportTSError (/home/thoughtwin/Documents/EB_Ty/node_modules/ts-node/src/index.ts:863:19)
    at getOutput (/home/thoughtwin/Documents/EB_Ty/node_modules/ts-node/src/index.ts:1077:36)
    at Object.compile (/home/thoughtwin/Documents/EB_Ty/node_modules/ts-node/src/index.ts:1433:41)
    at Module.m._compile (/home/thoughtwin/Documents/EB_Ty/node_modules/ts-node/src/index.ts:1617:30)
    at Module._extensions..js (node:internal/modules/cjs/loader:1159:10)
    at Object.require.extensions.<computed> [as .ts] (/home/thoughtwin/Documents/EB_Ty/node_modules/ts-node/src/index.ts:1621:12)
    at Module.load (node:internal/modules/cjs/loader:981:32)
    at Function.Module._load (node:internal/modules/cjs/loader:827:12)
    at Module.require (node:internal/modules/cjs/loader:1005:19)
[Node] [ERROR] - 2022-12-12T07:51:53.846ZuncaughtException: тип Unable to compile TypeScript:
[96msrc/routes/user.routes.ts[0m:[93m9[0m:[93m10[0m - [91merror[0m[90m TS2724: [0m'"../middlewares/multer"' has no exported member named 'uploadFile'. Did you mean 'UploadFile'?

[7m9[0m import { uploadFile } from '../middlewares/multer';
[7m [0m [91m         ~~~~~~~~~~[0m

  [96msrc/middlewares/multer.ts[0m:[93m21[0m:[93m14[0m
    [7m21[0m export const UploadFile = multer({ storage, fileFilter: csvFilter });
    [7m  [0m [96m             ~~~~~~~~~~[0m
    'UploadFile' is declared here.

TSError: тип Unable to compile TypeScript:
[96msrc/routes/user.routes.ts[0m:[93m9[0m:[93m10[0m - [91merror[0m[90m TS2724: [0m'"../middlewares/multer"' has no exported member named 'uploadFile'. Did you mean 'UploadFile'?

[7m9[0m import { uploadFile } from '../middlewares/multer';
[7m [0m [91m         ~~~~~~~~~~[0m

  [96msrc/middlewares/multer.ts[0m:[93m21[0m:[93m14[0m
    [7m21[0m export const UploadFile = multer({ storage, fileFilter: csvFilter });
    [7m  [0m [96m             ~~~~~~~~~~[0m
    'UploadFile' is declared here.

    at createTSError (/home/thoughtwin/Documents/EB_Ty/node_modules/ts-node/src/index.ts:859:12)
    at reportTSError (/home/thoughtwin/Documents/EB_Ty/node_modules/ts-node/src/index.ts:863:19)
    at getOutput (/home/thoughtwin/Documents/EB_Ty/node_modules/ts-node/src/index.ts:1077:36)
    at Object.compile (/home/thoughtwin/Documents/EB_Ty/node_modules/ts-node/src/index.ts:1433:41)
    at Module.m._compile (/home/thoughtwin/Documents/EB_Ty/node_modules/ts-node/src/index.ts:1617:30)
    at Module._extensions..js (node:internal/modules/cjs/loader:1159:10)
    at Object.require.extensions.<computed> [as .ts] (/home/thoughtwin/Documents/EB_Ty/node_modules/ts-node/src/index.ts:1621:12)
    at Module.load (node:internal/modules/cjs/loader:981:32)
    at Function.Module._load (node:internal/modules/cjs/loader:827:12)
    at Module.require (node:internal/modules/cjs/loader:1005:19)
[Node] [ERROR] - 2022-12-12T07:52:02.513ZuncaughtException: тип Unable to compile TypeScript:
[96msrc/routes/user.routes.ts[0m:[93m20[0m:[93m23[0m - [91merror[0m[90m TS2351: [0mThis expression is not constructable.
  Type 'Multer' has no construct signatures.

[7m20[0m   public upload = new UploadFile();
[7m  [0m [91m                      ~~~~~~~~~~[0m

TSError: тип Unable to compile TypeScript:
[96msrc/routes/user.routes.ts[0m:[93m20[0m:[93m23[0m - [91merror[0m[90m TS2351: [0mThis expression is not constructable.
  Type 'Multer' has no construct signatures.

[7m20[0m   public upload = new UploadFile();
[7m  [0m [91m                      ~~~~~~~~~~[0m

    at createTSError (/home/thoughtwin/Documents/EB_Ty/node_modules/ts-node/src/index.ts:859:12)
    at reportTSError (/home/thoughtwin/Documents/EB_Ty/node_modules/ts-node/src/index.ts:863:19)
    at getOutput (/home/thoughtwin/Documents/EB_Ty/node_modules/ts-node/src/index.ts:1077:36)
    at Object.compile (/home/thoughtwin/Documents/EB_Ty/node_modules/ts-node/src/index.ts:1433:41)
    at Module.m._compile (/home/thoughtwin/Documents/EB_Ty/node_modules/ts-node/src/index.ts:1617:30)
    at Module._extensions..js (node:internal/modules/cjs/loader:1159:10)
    at Object.require.extensions.<computed> [as .ts] (/home/thoughtwin/Documents/EB_Ty/node_modules/ts-node/src/index.ts:1621:12)
    at Module.load (node:internal/modules/cjs/loader:981:32)
    at Function.Module._load (node:internal/modules/cjs/loader:827:12)
    at Module.require (node:internal/modules/cjs/loader:1005:19)
[Node] [ERROR] - 2022-12-12T07:52:22.153ZuncaughtException: тип Unable to compile TypeScript:
[96msrc/routes/user.routes.ts[0m:[93m20[0m:[93m23[0m - [91merror[0m[90m TS2351: [0mThis expression is not constructable.
  Type 'Multer' has no construct signatures.

[7m20[0m   public upload = new FileUpload();
[7m  [0m [91m                      ~~~~~~~~~~[0m

TSError: тип Unable to compile TypeScript:
[96msrc/routes/user.routes.ts[0m:[93m20[0m:[93m23[0m - [91merror[0m[90m TS2351: [0mThis expression is not constructable.
  Type 'Multer' has no construct signatures.

[7m20[0m   public upload = new FileUpload();
[7m  [0m [91m                      ~~~~~~~~~~[0m

    at createTSError (/home/thoughtwin/Documents/EB_Ty/node_modules/ts-node/src/index.ts:859:12)
    at reportTSError (/home/thoughtwin/Documents/EB_Ty/node_modules/ts-node/src/index.ts:863:19)
    at getOutput (/home/thoughtwin/Documents/EB_Ty/node_modules/ts-node/src/index.ts:1077:36)
    at Object.compile (/home/thoughtwin/Documents/EB_Ty/node_modules/ts-node/src/index.ts:1433:41)
    at Module.m._compile (/home/thoughtwin/Documents/EB_Ty/node_modules/ts-node/src/index.ts:1617:30)
    at Module._extensions..js (node:internal/modules/cjs/loader:1159:10)
    at Object.require.extensions.<computed> [as .ts] (/home/thoughtwin/Documents/EB_Ty/node_modules/ts-node/src/index.ts:1621:12)
    at Module.load (node:internal/modules/cjs/loader:981:32)
    at Function.Module._load (node:internal/modules/cjs/loader:827:12)
    at Module.require (node:internal/modules/cjs/loader:1005:19)
[Node] [ERROR] - 2022-12-12T07:52:47.177ZuncaughtException: тип Unable to compile TypeScript:
[96msrc/routes/user.routes.ts[0m:[93m20[0m:[93m23[0m - [91merror[0m[90m TS2351: [0mThis expression is not constructable.
  Type 'Multer' has no construct signatures.

[7m20[0m   public upload = new FileUpload();
[7m  [0m [91m                      ~~~~~~~~~~[0m

TSError: тип Unable to compile TypeScript:
[96msrc/routes/user.routes.ts[0m:[93m20[0m:[93m23[0m - [91merror[0m[90m TS2351: [0mThis expression is not constructable.
  Type 'Multer' has no construct signatures.

[7m20[0m   public upload = new FileUpload();
[7m  [0m [91m                      ~~~~~~~~~~[0m

    at createTSError (/home/thoughtwin/Documents/EB_Ty/node_modules/ts-node/src/index.ts:859:12)
    at reportTSError (/home/thoughtwin/Documents/EB_Ty/node_modules/ts-node/src/index.ts:863:19)
    at getOutput (/home/thoughtwin/Documents/EB_Ty/node_modules/ts-node/src/index.ts:1077:36)
    at Object.compile (/home/thoughtwin/Documents/EB_Ty/node_modules/ts-node/src/index.ts:1433:41)
    at Module.m._compile (/home/thoughtwin/Documents/EB_Ty/node_modules/ts-node/src/index.ts:1617:30)
    at Module._extensions..js (node:internal/modules/cjs/loader:1159:10)
    at Object.require.extensions.<computed> [as .ts] (/home/thoughtwin/Documents/EB_Ty/node_modules/ts-node/src/index.ts:1621:12)
    at Module.load (node:internal/modules/cjs/loader:981:32)
    at Function.Module._load (node:internal/modules/cjs/loader:827:12)
    at Module.require (node:internal/modules/cjs/loader:1005:19)
[Node] [ERROR] - 2022-12-12T07:52:57.113ZuncaughtException: тип Unable to compile TypeScript:
[96msrc/routes/user.routes.ts[0m:[93m20[0m:[93m23[0m - [91merror[0m[90m TS2351: [0mThis expression is not constructable.
  Type 'Multer' has no construct signatures.

[7m20[0m   public upload = new FileUpload();
[7m  [0m [91m                      ~~~~~~~~~~[0m

TSError: тип Unable to compile TypeScript:
[96msrc/routes/user.routes.ts[0m:[93m20[0m:[93m23[0m - [91merror[0m[90m TS2351: [0mThis expression is not constructable.
  Type 'Multer' has no construct signatures.

[7m20[0m   public upload = new FileUpload();
[7m  [0m [91m                      ~~~~~~~~~~[0m

    at createTSError (/home/thoughtwin/Documents/EB_Ty/node_modules/ts-node/src/index.ts:859:12)
    at reportTSError (/home/thoughtwin/Documents/EB_Ty/node_modules/ts-node/src/index.ts:863:19)
    at getOutput (/home/thoughtwin/Documents/EB_Ty/node_modules/ts-node/src/index.ts:1077:36)
    at Object.compile (/home/thoughtwin/Documents/EB_Ty/node_modules/ts-node/src/index.ts:1433:41)
    at Module.m._compile (/home/thoughtwin/Documents/EB_Ty/node_modules/ts-node/src/index.ts:1617:30)
    at Module._extensions..js (node:internal/modules/cjs/loader:1159:10)
    at Object.require.extensions.<computed> [as .ts] (/home/thoughtwin/Documents/EB_Ty/node_modules/ts-node/src/index.ts:1621:12)
    at Module.load (node:internal/modules/cjs/loader:981:32)
    at Function.Module._load (node:internal/modules/cjs/loader:827:12)
    at Module.require (node:internal/modules/cjs/loader:1005:19)
[Node] [ERROR] - 2022-12-12T07:53:17.470ZuncaughtException: тип Unable to compile TypeScript:
[96msrc/routes/user.routes.ts[0m:[93m20[0m:[93m23[0m - [91merror[0m[90m TS2351: [0mThis expression is not constructable.
  Type 'Multer' has no construct signatures.

[7m20[0m   public upload = new FileUpload();
[7m  [0m [91m                      ~~~~~~~~~~[0m
[96msrc/routes/user.routes.ts[0m:[93m30[0m:[93m71[0m - [91merror[0m[90m TS1005: [0m',' expected.

[7m30[0m       this.router.post(RoutesConstants.USER.CSV, this.upload.singli() this.userServices.uploadFile);
[7m  [0m [91m                                                                      ~~~~[0m

TSError: тип Unable to compile TypeScript:
[96msrc/routes/user.routes.ts[0m:[93m20[0m:[93m23[0m - [91merror[0m[90m TS2351: [0mThis expression is not constructable.
  Type 'Multer' has no construct signatures.

[7m20[0m   public upload = new FileUpload();
[7m  [0m [91m                      ~~~~~~~~~~[0m
[96msrc/routes/user.routes.ts[0m:[93m30[0m:[93m71[0m - [91merror[0m[90m TS1005: [0m',' expected.

[7m30[0m       this.router.post(RoutesConstants.USER.CSV, this.upload.singli() this.userServices.uploadFile);
[7m  [0m [91m                                                                      ~~~~[0m

    at createTSError (/home/thoughtwin/Documents/EB_Ty/node_modules/ts-node/src/index.ts:859:12)
    at reportTSError (/home/thoughtwin/Documents/EB_Ty/node_modules/ts-node/src/index.ts:863:19)
    at getOutput (/home/thoughtwin/Documents/EB_Ty/node_modules/ts-node/src/index.ts:1077:36)
    at Object.compile (/home/thoughtwin/Documents/EB_Ty/node_modules/ts-node/src/index.ts:1433:41)
    at Module.m._compile (/home/thoughtwin/Documents/EB_Ty/node_modules/ts-node/src/index.ts:1617:30)
    at Module._extensions..js (node:internal/modules/cjs/loader:1159:10)
    at Object.require.extensions.<computed> [as .ts] (/home/thoughtwin/Documents/EB_Ty/node_modules/ts-node/src/index.ts:1621:12)
    at Module.load (node:internal/modules/cjs/loader:981:32)
    at Function.Module._load (node:internal/modules/cjs/loader:827:12)
    at Module.require (node:internal/modules/cjs/loader:1005:19)
[Node] [ERROR] - 2022-12-12T07:53:27.734ZuncaughtException: тип Unable to compile TypeScript:
[96msrc/routes/user.routes.ts[0m:[93m20[0m:[93m23[0m - [91merror[0m[90m TS2351: [0mThis expression is not constructable.
  Type 'Multer' has no construct signatures.

[7m20[0m   public upload = new FileUpload();
[7m  [0m [91m                      ~~~~~~~~~~[0m
[96msrc/routes/user.routes.ts[0m:[93m30[0m:[93m71[0m - [91merror[0m[90m TS1005: [0m',' expected.

[7m30[0m       this.router.post(RoutesConstants.USER.CSV, this.upload.single() this.userServices.uploadFile);
[7m  [0m [91m                                                                      ~~~~[0m

TSError: тип Unable to compile TypeScript:
[96msrc/routes/user.routes.ts[0m:[93m20[0m:[93m23[0m - [91merror[0m[90m TS2351: [0mThis expression is not constructable.
  Type 'Multer' has no construct signatures.

[7m20[0m   public upload = new FileUpload();
[7m  [0m [91m                      ~~~~~~~~~~[0m
[96msrc/routes/user.routes.ts[0m:[93m30[0m:[93m71[0m - [91merror[0m[90m TS1005: [0m',' expected.

[7m30[0m       this.router.post(RoutesConstants.USER.CSV, this.upload.single() this.userServices.uploadFile);
[7m  [0m [91m                                                                      ~~~~[0m

    at createTSError (/home/thoughtwin/Documents/EB_Ty/node_modules/ts-node/src/index.ts:859:12)
    at reportTSError (/home/thoughtwin/Documents/EB_Ty/node_modules/ts-node/src/index.ts:863:19)
    at getOutput (/home/thoughtwin/Documents/EB_Ty/node_modules/ts-node/src/index.ts:1077:36)
    at Object.compile (/home/thoughtwin/Documents/EB_Ty/node_modules/ts-node/src/index.ts:1433:41)
    at Module.m._compile (/home/thoughtwin/Documents/EB_Ty/node_modules/ts-node/src/index.ts:1617:30)
    at Module._extensions..js (node:internal/modules/cjs/loader:1159:10)
    at Object.require.extensions.<computed> [as .ts] (/home/thoughtwin/Documents/EB_Ty/node_modules/ts-node/src/index.ts:1621:12)
    at Module.load (node:internal/modules/cjs/loader:981:32)
    at Function.Module._load (node:internal/modules/cjs/loader:827:12)
    at Module.require (node:internal/modules/cjs/loader:1005:19)
[Node] [ERROR] - 2022-12-12T07:53:37.278ZuncaughtException: тип Unable to compile TypeScript:
[96msrc/routes/user.routes.ts[0m:[93m20[0m:[93m23[0m - [91merror[0m[90m TS2351: [0mThis expression is not constructable.
  Type 'Multer' has no construct signatures.

[7m20[0m   public upload = new FileUpload();
[7m  [0m [91m                      ~~~~~~~~~~[0m

TSError: тип Unable to compile TypeScript:
[96msrc/routes/user.routes.ts[0m:[93m20[0m:[93m23[0m - [91merror[0m[90m TS2351: [0mThis expression is not constructable.
  Type 'Multer' has no construct signatures.

[7m20[0m   public upload = new FileUpload();
[7m  [0m [91m                      ~~~~~~~~~~[0m

    at createTSError (/home/thoughtwin/Documents/EB_Ty/node_modules/ts-node/src/index.ts:859:12)
    at reportTSError (/home/thoughtwin/Documents/EB_Ty/node_modules/ts-node/src/index.ts:863:19)
    at getOutput (/home/thoughtwin/Documents/EB_Ty/node_modules/ts-node/src/index.ts:1077:36)
    at Object.compile (/home/thoughtwin/Documents/EB_Ty/node_modules/ts-node/src/index.ts:1433:41)
    at Module.m._compile (/home/thoughtwin/Documents/EB_Ty/node_modules/ts-node/src/index.ts:1617:30)
    at Module._extensions..js (node:internal/modules/cjs/loader:1159:10)
    at Object.require.extensions.<computed> [as .ts] (/home/thoughtwin/Documents/EB_Ty/node_modules/ts-node/src/index.ts:1621:12)
    at Module.load (node:internal/modules/cjs/loader:981:32)
    at Function.Module._load (node:internal/modules/cjs/loader:827:12)
    at Module.require (node:internal/modules/cjs/loader:1005:19)
[Node] [ERROR] - 2022-12-12T07:53:55.008ZuncaughtException: multer_1.FileUpload is not a constructor
TypeError: multer_1.FileUpload is not a constructor
    at new Route (/home/thoughtwin/Documents/EB_Ty/src/routes/user.routes.ts:20:19)
    at Object.<anonymous> (/home/thoughtwin/Documents/EB_Ty/src/routes/user.routes.ts:39:27)
    at Module._compile (node:internal/modules/cjs/loader:1105:14)
    at Module.m._compile (/home/thoughtwin/Documents/EB_Ty/node_modules/ts-node/src/index.ts:1618:23)
    at Module._extensions..js (node:internal/modules/cjs/loader:1159:10)
    at Object.require.extensions.<computed> [as .ts] (/home/thoughtwin/Documents/EB_Ty/node_modules/ts-node/src/index.ts:1621:12)
    at Module.load (node:internal/modules/cjs/loader:981:32)
    at Function.Module._load (node:internal/modules/cjs/loader:827:12)
    at Module.require (node:internal/modules/cjs/loader:1005:19)
    at require (node:internal/modules/cjs/helpers:102:18)
[Node] [ERROR] - 2022-12-12T07:54:01.647ZuncaughtException: multer_1.FileUpload is not a constructor
TypeError: multer_1.FileUpload is not a constructor
    at new Route (/home/thoughtwin/Documents/EB_Ty/src/routes/user.routes.ts:20:19)
    at Object.<anonymous> (/home/thoughtwin/Documents/EB_Ty/src/routes/user.routes.ts:39:27)
    at Module._compile (node:internal/modules/cjs/loader:1105:14)
    at Module.m._compile (/home/thoughtwin/Documents/EB_Ty/node_modules/ts-node/src/index.ts:1618:23)
    at Module._extensions..js (node:internal/modules/cjs/loader:1159:10)
    at Object.require.extensions.<computed> [as .ts] (/home/thoughtwin/Documents/EB_Ty/node_modules/ts-node/src/index.ts:1621:12)
    at Module.load (node:internal/modules/cjs/loader:981:32)
    at Function.Module._load (node:internal/modules/cjs/loader:827:12)
    at Module.require (node:internal/modules/cjs/loader:1005:19)
    at require (node:internal/modules/cjs/helpers:102:18)
[Node] [ERROR] - 2022-12-12T07:54:34.063ZuncaughtException: multer_1.FileUpload is not a constructor
TypeError: multer_1.FileUpload is not a constructor
    at new Route (/home/thoughtwin/Documents/EB_Ty/src/routes/user.routes.ts:20:19)
    at Object.<anonymous> (/home/thoughtwin/Documents/EB_Ty/src/routes/user.routes.ts:39:27)
    at Module._compile (node:internal/modules/cjs/loader:1105:14)
    at Module.m._compile (/home/thoughtwin/Documents/EB_Ty/node_modules/ts-node/src/index.ts:1618:23)
    at Module._extensions..js (node:internal/modules/cjs/loader:1159:10)
    at Object.require.extensions.<computed> [as .ts] (/home/thoughtwin/Documents/EB_Ty/node_modules/ts-node/src/index.ts:1621:12)
    at Module.load (node:internal/modules/cjs/loader:981:32)
    at Function.Module._load (node:internal/modules/cjs/loader:827:12)
    at Module.require (node:internal/modules/cjs/loader:1005:19)
    at require (node:internal/modules/cjs/helpers:102:18)
[Node] [ERROR] - 2022-12-12T07:55:09.072ZuncaughtException: тип Unable to compile TypeScript:
[96msrc/routes/user.routes.ts[0m:[93m30[0m:[93m55[0m - [91merror[0m[90m TS2339: [0mProperty 'upload' does not exist on type 'Route'.

[7m30[0m       this.router.post(RoutesConstants.USER.CSV, this.upload.single('file'), this.userServices.uploadFile);
[7m  [0m [91m                                                      ~~~~~~[0m

TSError: тип Unable to compile TypeScript:
[96msrc/routes/user.routes.ts[0m:[93m30[0m:[93m55[0m - [91merror[0m[90m TS2339: [0mProperty 'upload' does not exist on type 'Route'.

[7m30[0m       this.router.post(RoutesConstants.USER.CSV, this.upload.single('file'), this.userServices.uploadFile);
[7m  [0m [91m                                                      ~~~~~~[0m

    at createTSError (/home/thoughtwin/Documents/EB_Ty/node_modules/ts-node/src/index.ts:859:12)
    at reportTSError (/home/thoughtwin/Documents/EB_Ty/node_modules/ts-node/src/index.ts:863:19)
    at getOutput (/home/thoughtwin/Documents/EB_Ty/node_modules/ts-node/src/index.ts:1077:36)
    at Object.compile (/home/thoughtwin/Documents/EB_Ty/node_modules/ts-node/src/index.ts:1433:41)
    at Module.m._compile (/home/thoughtwin/Documents/EB_Ty/node_modules/ts-node/src/index.ts:1617:30)
    at Module._extensions..js (node:internal/modules/cjs/loader:1159:10)
    at Object.require.extensions.<computed> [as .ts] (/home/thoughtwin/Documents/EB_Ty/node_modules/ts-node/src/index.ts:1621:12)
    at Module.load (node:internal/modules/cjs/loader:981:32)
    at Function.Module._load (node:internal/modules/cjs/loader:827:12)
    at Module.require (node:internal/modules/cjs/loader:1005:19)
[Node] [ERROR] - 2022-12-12T07:55:16.459ZuncaughtException: тип Unable to compile TypeScript:
[96msrc/routes/user.routes.ts[0m:[93m30[0m:[93m55[0m - [91merror[0m[90m TS2339: [0mProperty 'upload' does not exist on type 'Route'.

[7m30[0m       this.router.post(RoutesConstants.USER.CSV, this.upload.single('file'), this.userServices.uploadFile);
[7m  [0m [91m                                                      ~~~~~~[0m

TSError: тип Unable to compile TypeScript:
[96msrc/routes/user.routes.ts[0m:[93m30[0m:[93m55[0m - [91merror[0m[90m TS2339: [0mProperty 'upload' does not exist on type 'Route'.

[7m30[0m       this.router.post(RoutesConstants.USER.CSV, this.upload.single('file'), this.userServices.uploadFile);
[7m  [0m [91m                                                      ~~~~~~[0m

    at createTSError (/home/thoughtwin/Documents/EB_Ty/node_modules/ts-node/src/index.ts:859:12)
    at reportTSError (/home/thoughtwin/Documents/EB_Ty/node_modules/ts-node/src/index.ts:863:19)
    at getOutput (/home/thoughtwin/Documents/EB_Ty/node_modules/ts-node/src/index.ts:1077:36)
    at Object.compile (/home/thoughtwin/Documents/EB_Ty/node_modules/ts-node/src/index.ts:1433:41)
    at Module.m._compile (/home/thoughtwin/Documents/EB_Ty/node_modules/ts-node/src/index.ts:1617:30)
    at Module._extensions..js (node:internal/modules/cjs/loader:1159:10)
    at Object.require.extensions.<computed> [as .ts] (/home/thoughtwin/Documents/EB_Ty/node_modules/ts-node/src/index.ts:1621:12)
    at Module.load (node:internal/modules/cjs/loader:981:32)
    at Function.Module._load (node:internal/modules/cjs/loader:827:12)
    at Module.require (node:internal/modules/cjs/loader:1005:19)
[Node] [ERROR] - 2022-12-12T07:56:24.877ZuncaughtException: Cannot find module '@/middlewares/multer'
Require stack:
- /home/thoughtwin/Documents/EB_Ty/src/routes/user.routes.ts
- /home/thoughtwin/Documents/EB_Ty/src/app.ts
- /home/thoughtwin/Documents/EB_Ty/src/index.ts
Error: Cannot find module '@/middlewares/multer'
Require stack:
- /home/thoughtwin/Documents/EB_Ty/src/routes/user.routes.ts
- /home/thoughtwin/Documents/EB_Ty/src/app.ts
- /home/thoughtwin/Documents/EB_Ty/src/index.ts
    at Function.Module._resolveFilename (node:internal/modules/cjs/loader:939:15)
    at Function.Module._resolveFilename.sharedData.moduleResolveFilenameHook.installedValue [as _resolveFilename] (/home/thoughtwin/Documents/EB_Ty/node_modules/@cspotcode/source-map-support/source-map-support.js:811:30)
    at Function.Module._load (node:internal/modules/cjs/loader:780:27)
    at Module.require (node:internal/modules/cjs/loader:1005:19)
    at require (node:internal/modules/cjs/helpers:102:18)
    at Object.<anonymous> (/home/thoughtwin/Documents/EB_Ty/src/routes/user.routes.ts:9:1)
    at Module._compile (node:internal/modules/cjs/loader:1105:14)
    at Module.m._compile (/home/thoughtwin/Documents/EB_Ty/node_modules/ts-node/src/index.ts:1618:23)
    at Module._extensions..js (node:internal/modules/cjs/loader:1159:10)
    at Object.require.extensions.<computed> [as .ts] (/home/thoughtwin/Documents/EB_Ty/node_modules/ts-node/src/index.ts:1621:12)
[Node] [ERROR] - 2022-12-12T08:01:05.233ZuncaughtException: тип Unable to compile TypeScript:
[96msrc/middlewares/multer.ts[0m:[93m11[0m:[93m57[0m - [91merror[0m[90m TS2304: [0mCannot find name '__'.

[7m11[0m console.log('>>>>>>>>>>>>>>>>>>>>>>>>>>>>>>>>>>>>.', `${__}`);
[7m  [0m [91m                                                        ~~[0m

TSError: тип Unable to compile TypeScript:
[96msrc/middlewares/multer.ts[0m:[93m11[0m:[93m57[0m - [91merror[0m[90m TS2304: [0mCannot find name '__'.

[7m11[0m console.log('>>>>>>>>>>>>>>>>>>>>>>>>>>>>>>>>>>>>.', `${__}`);
[7m  [0m [91m                                                        ~~[0m

    at createTSError (/home/thoughtwin/Documents/EB_Ty/node_modules/ts-node/src/index.ts:859:12)
    at reportTSError (/home/thoughtwin/Documents/EB_Ty/node_modules/ts-node/src/index.ts:863:19)
    at getOutput (/home/thoughtwin/Documents/EB_Ty/node_modules/ts-node/src/index.ts:1077:36)
    at Object.compile (/home/thoughtwin/Documents/EB_Ty/node_modules/ts-node/src/index.ts:1433:41)
    at Module.m._compile (/home/thoughtwin/Documents/EB_Ty/node_modules/ts-node/src/index.ts:1617:30)
    at Module._extensions..js (node:internal/modules/cjs/loader:1159:10)
    at Object.require.extensions.<computed> [as .ts] (/home/thoughtwin/Documents/EB_Ty/node_modules/ts-node/src/index.ts:1621:12)
    at Module.load (node:internal/modules/cjs/loader:981:32)
    at Function.Module._load (node:internal/modules/cjs/loader:827:12)
    at Module.require (node:internal/modules/cjs/loader:1005:19)
[Node] [ERROR] - 2022-12-12T08:12:14.334ZuncaughtException: тип Unable to compile TypeScript:
[96msrc/middlewares/multer.ts[0m:[93m19[0m:[93m4[0m - [91merror[0m[90m TS2339: [0mProperty 'single' does not exist on type 'StorageEngine'.

[7m19[0m }).single('file');
[7m  [0m [91m   ~~~~~~[0m

TSError: тип Unable to compile TypeScript:
[96msrc/middlewares/multer.ts[0m:[93m19[0m:[93m4[0m - [91merror[0m[90m TS2339: [0mProperty 'single' does not exist on type 'StorageEngine'.

[7m19[0m }).single('file');
[7m  [0m [91m   ~~~~~~[0m

    at createTSError (/home/thoughtwin/Documents/EB_Ty/node_modules/ts-node/src/index.ts:859:12)
    at reportTSError (/home/thoughtwin/Documents/EB_Ty/node_modules/ts-node/src/index.ts:863:19)
    at getOutput (/home/thoughtwin/Documents/EB_Ty/node_modules/ts-node/src/index.ts:1077:36)
    at Object.compile (/home/thoughtwin/Documents/EB_Ty/node_modules/ts-node/src/index.ts:1433:41)
    at Module.m._compile (/home/thoughtwin/Documents/EB_Ty/node_modules/ts-node/src/index.ts:1617:30)
    at Module._extensions..js (node:internal/modules/cjs/loader:1159:10)
    at Object.require.extensions.<computed> [as .ts] (/home/thoughtwin/Documents/EB_Ty/node_modules/ts-node/src/index.ts:1621:12)
    at Module.load (node:internal/modules/cjs/loader:981:32)
    at Function.Module._load (node:internal/modules/cjs/loader:827:12)
    at Module.require (node:internal/modules/cjs/loader:1005:19)
[Node] [ERROR] - 2022-12-12T09:17:59.063ZuncaughtException: тип Unable to compile TypeScript:
[96msrc/middlewares/multer.ts[0m:[93m11[0m:[93m24[0m - [91merror[0m[90m TS1003: [0mIdentifier expected.

[7m11[0m const storage = multer.({
[7m  [0m [91m                       ~[0m

TSError: тип Unable to compile TypeScript:
[96msrc/middlewares/multer.ts[0m:[93m11[0m:[93m24[0m - [91merror[0m[90m TS1003: [0mIdentifier expected.

[7m11[0m const storage = multer.({
[7m  [0m [91m                       ~[0m

    at createTSError (/home/thoughtwin/Documents/EB_Ty/node_modules/ts-node/src/index.ts:859:12)
    at reportTSError (/home/thoughtwin/Documents/EB_Ty/node_modules/ts-node/src/index.ts:863:19)
    at getOutput (/home/thoughtwin/Documents/EB_Ty/node_modules/ts-node/src/index.ts:1077:36)
    at Object.compile (/home/thoughtwin/Documents/EB_Ty/node_modules/ts-node/src/index.ts:1433:41)
    at Module.m._compile (/home/thoughtwin/Documents/EB_Ty/node_modules/ts-node/src/index.ts:1617:30)
    at Module._extensions..js (node:internal/modules/cjs/loader:1159:10)
    at Object.require.extensions.<computed> [as .ts] (/home/thoughtwin/Documents/EB_Ty/node_modules/ts-node/src/index.ts:1621:12)
    at Module.load (node:internal/modules/cjs/loader:981:32)
    at Function.Module._load (node:internal/modules/cjs/loader:827:12)
    at Module.require (node:internal/modules/cjs/loader:1005:19)
[Node] [ERROR] - 2022-12-12T09:18:06.386ZuncaughtException: тип Unable to compile TypeScript:
[96msrc/middlewares/multer.ts[0m:[93m11[0m:[93m38[0m - [91merror[0m[90m TS2554: [0mExpected 0 arguments, but got 1.

[7m 11[0m const storage = multer.memoryStorage({
[7m   [0m [91m                                     ~[0m
[7m 12[0m   destination: (_, __, cb) => {
[7m   [0m [91m~~~~~~~~~~~~~~~~~~~~~~~~~~~~~~~[0m
[7m...[0m 
[7m 18[0m   },
[7m   [0m [91m~~~~[0m
[7m 19[0m });
[7m   [0m [91m~[0m

TSError: тип Unable to compile TypeScript:
[96msrc/middlewares/multer.ts[0m:[93m11[0m:[93m38[0m - [91merror[0m[90m TS2554: [0mExpected 0 arguments, but got 1.

[7m 11[0m const storage = multer.memoryStorage({
[7m   [0m [91m                                     ~[0m
[7m 12[0m   destination: (_, __, cb) => {
[7m   [0m [91m~~~~~~~~~~~~~~~~~~~~~~~~~~~~~~~[0m
[7m...[0m 
[7m 18[0m   },
[7m   [0m [91m~~~~[0m
[7m 19[0m });
[7m   [0m [91m~[0m

    at createTSError (/home/thoughtwin/Documents/EB_Ty/node_modules/ts-node/src/index.ts:859:12)
    at reportTSError (/home/thoughtwin/Documents/EB_Ty/node_modules/ts-node/src/index.ts:863:19)
    at getOutput (/home/thoughtwin/Documents/EB_Ty/node_modules/ts-node/src/index.ts:1077:36)
    at Object.compile (/home/thoughtwin/Documents/EB_Ty/node_modules/ts-node/src/index.ts:1433:41)
    at Module.m._compile (/home/thoughtwin/Documents/EB_Ty/node_modules/ts-node/src/index.ts:1617:30)
    at Module._extensions..js (node:internal/modules/cjs/loader:1159:10)
    at Object.require.extensions.<computed> [as .ts] (/home/thoughtwin/Documents/EB_Ty/node_modules/ts-node/src/index.ts:1621:12)
    at Module.load (node:internal/modules/cjs/loader:981:32)
    at Function.Module._load (node:internal/modules/cjs/loader:827:12)
    at Module.require (node:internal/modules/cjs/loader:1005:19)
[Node] [ERROR] - 2022-12-12T09:22:04.472ZuncaughtException: ENOENT: no such file or directory, open '/home/thoughtwin/Documents/EB_Ty/src/services/user/EB_TY/src/uploads/undefined'
Error: ENOENT: no such file or directory, open '/home/thoughtwin/Documents/EB_Ty/src/services/user/EB_TY/src/uploads/undefined'
[Node] [ERROR] - 2022-12-12T09:22:53.361ZuncaughtException: тип Unable to compile TypeScript:
[96msrc/services/user/index.ts[0m:[93m101[0m:[93m10[0m - [91merror[0m[90m TS2554: [0mExpected 1-2 arguments, but got 0.

[7m101[0m       fs.createReadStream()
[7m   [0m [91m         ~~~~~~~~~~~~~~~~~~[0m

  [96mnode_modules/@types/node/fs.d.ts[0m:[93m3538[0m:[93m38[0m
    [7m3538[0m     export function createReadStream(path: PathLike, options?: BufferEncoding | ReadStreamOptions): ReadStream;
    [7m    [0m [96m                                     ~~~~~~~~~~~~~~[0m
    An argument for 'path' was not provided.

TSError: тип Unable to compile TypeScript:
[96msrc/services/user/index.ts[0m:[93m101[0m:[93m10[0m - [91merror[0m[90m TS2554: [0mExpected 1-2 arguments, but got 0.

[7m101[0m       fs.createReadStream()
[7m   [0m [91m         ~~~~~~~~~~~~~~~~~~[0m

  [96mnode_modules/@types/node/fs.d.ts[0m:[93m3538[0m:[93m38[0m
    [7m3538[0m     export function createReadStream(path: PathLike, options?: BufferEncoding | ReadStreamOptions): ReadStream;
    [7m    [0m [96m                                     ~~~~~~~~~~~~~~[0m
    An argument for 'path' was not provided.

    at createTSError (/home/thoughtwin/Documents/EB_Ty/node_modules/ts-node/src/index.ts:859:12)
    at reportTSError (/home/thoughtwin/Documents/EB_Ty/node_modules/ts-node/src/index.ts:863:19)
    at getOutput (/home/thoughtwin/Documents/EB_Ty/node_modules/ts-node/src/index.ts:1077:36)
    at Object.compile (/home/thoughtwin/Documents/EB_Ty/node_modules/ts-node/src/index.ts:1433:41)
    at Module.m._compile (/home/thoughtwin/Documents/EB_Ty/node_modules/ts-node/src/index.ts:1617:30)
    at Module._extensions..js (node:internal/modules/cjs/loader:1159:10)
    at Object.require.extensions.<computed> [as .ts] (/home/thoughtwin/Documents/EB_Ty/node_modules/ts-node/src/index.ts:1621:12)
    at Module.load (node:internal/modules/cjs/loader:981:32)
    at Function.Module._load (node:internal/modules/cjs/loader:827:12)
    at Module.require (node:internal/modules/cjs/loader:1005:19)
[Node] [ERROR] - 2022-12-12T09:23:11.902ZuncaughtException: ENAMETOOLONG: name too long, open 'name,email,mobile,password
Saurabh Jain,saurabh@thoughtwin.com,9300699777,
Pankaj Agrawal,pankaj@thoughtwin.com,9827718104,
Karishma Agrawal,hr@thoughtwin.com,9977069348,
Manpreet Jain,manpreet@thoughtwin.com,9754899777,
Mayur Sir,bittukittu@gmail.com,9303055555,
Ashutosh Verma,ashutosh@thoughtwin.com,7000101562,
Vikas Chouhan,Chouhanvikas825@gmail.com,7898588547,
D Ashwin,ashwin@thoughtwin.com,9685358148,
Lavisha Choyal,lavisha@thoughtwin.com,7000878485,
Arpit Gupta,arpit@thoughtwin.com,7415557372,
Amit Malviya,amit@thoughtwin.com,9981945974,
Nilesh Dabi,nilesh@thoughtwin.com,9993790111,
Nidhi Maheshwari,nidhi@thoughtwin.com,9009193657,
Rupali Mandwariya,rupali@thoughtwin.com,7415565039,
Surbhi Rathore,surbhir@thoughtwin.com,7869402301,
Pushpendra Jaiswal,pushpendra@thoughtwin.com,9981952025,
Mukul Pandey,mukul@thoughtwin.com,9630173535,
Arpita Agrawal,arpita@thoughtwin.com,7000054145,
Rajat Pilai,rajatp@thoughtwin.com,7509515504,
Harshita Chadokar,harshita@thoughtwin.com,7745995263,
Chirayu Shukla,chirayu@thoughtwin.com,9039901501,
Asif Sheikh,asif.thoughtwin@gmail.com,9039129775,
Pradeep Patel,pradeeppatel@thoughtwin.com,7000860581,
Kartik Sendiya,kartik@thoughtwin.com,7987917771,
Rajendra Bairagi,rajendra@thoughtwin.com,9713988872,
Priya Khandelwal,priyak@thoughtwin.com,9479719714,
Yogesh Singh,yogesh@thoughtwin.com,9601448308,
Sumit Pawar,sumit@thoughtwin.com,7509267396,
Vishal Sharma,vishals@thoughtwin.com,9981735073,
Ritu Singh,ritu@thoughtwin.com,9140081203,
Rishiraj Chawda,rishiraj@thoughtwin.com,9907447995,
Chandra shekhar,chandrashekhar@thoughtwin.com,7000471739,
Vishal Makhija,vishalm@thoughtwin.com,9993328484,
Shreeya Sarmandal,shreeya@thoughtwin.com,8839947483,
Deepak Tumdiya,deepakt@thoughtwin.com,7566474188,
Jayant Mudliyar,jayant@thoughtwin.com,6260601473,
Mohammad Ali,mohammadali.thoughtwin@gmail.com,8319254076,
Deepak Patidar,deepakp@thoughtwin.com,7415597914,
Ishwar Madloi,ishwar@thoughtwin.com,9691440871,
Vivek Gupta,vivek@thoughtwin.com,8602848510,
Harshita Agrawal,harshitaa@thoughtwin.com,9516981968,
Lokesh Patil,lokeshpatil@thoughtwin.com,9806459586,
Nisha Chouhan,nisha@thoughtwin.com,9644247764,
Shubham Kumar,shubhamk@thoughtwin.com,8770281065,
Monesh Soni,monesh@thoughtwin.com,8717965277,
Lokesh Patel,lokeshpatel@thoughtwin.com,7879804949,
Ayushi Tiwari,ayushit@thoughtwin.com,7999355638,
Akshat Pal,akshat@thoughtwin.com,8989051080,
Deepak Badgurjar,deepakb@thoughtwin.com,9752148828,
Eshita Mehta,eshita@thoughtwin.com,8989692506,
Alfaiz Khan,alfaiz@thoughtwin.com,8982299481,
Azman Hussain,azman@thoughtwin.com,9691606275,
Mahesh Gandharva,mahesh@thoughtwin.com,9039643995,
Anshul Jain,anshul@thoughtwin.com,6267512712,
Yogesh Choudhary,yogeshc@thoughtwin.com,8224032911,
Ritik Pal,ritikpal@thoughtwin.com,9399493350,
Vijay Chouhan,vijayc@thoughtwin.com,8817385880,
Vijay Palsawdiya,vijayp@thoughtwin.com,7987960575,
Sourabh Chouhan,sourabhc@thoughtwin.com,7828380605,
Pratik Parmar,pratikp@thoughtwin.com,9617027688,
Nitesh Yadav,nitesh@thoughtwin.com,9993355544,
Abha Shukla,aabha@thoughtwin.com,9131790613,
Aayush chourasiya,aayushc@thoughtwin.com,8458836888,
Devesh Porwal,devesh.thoughtwin@gmail.com,7697001130,
Priya Bhasin,priya@thoughtwin.com,9522312777,
Aashish CA,accounts@thoughtwin.com,8085461750,
Dipak Agalcha,dipaka@thoughtwin.com,7566443230,
Ayush Kasera,aayushk@thoughtwin.com,9039721113,
Pragya Magarde,pragya@thoughtwin.com,8871829423,
Warish Khan,warish@thoughtwin.com,8349382521,
Sayyed Firoz ALi Rizvi,syed@thoughtwin.com,8982837214,
Rohit Jat,rohitj@thoughtwin.com,9009323213,
Nikesh Rathore,nikesh@thoughtwin.com,8109504010,
Chavvi Chaurasiya,chhavi@thoughtwin.com,9009383080,
Sonu Gunhere,sonu@thoughtwin.com,7898525961,
Shivam Pateriya,shivam@thoughtwin.com,9584777607,
Vaishali Gupta,vaishalig@thoughtwin.com,7000530804,
Navin Wadbude,navin@thoughtwin.com,9806131353,
Aman Bhawsar,aman@thoughtwin.com,7566425526,
Pradeep Kumar Pandey,pradeepp@thoughtwin.com,8770032047,
Aditya Chourey,aditya@thoughtwin.com,7000459411,
Aryan Beohar,aryan@thoughtwin.com,7697552352,
Nouman Khan,nouman@thoughtwin.com,,
Darpan Yaduwanshi,darpan@thoughtwin.com,8770259320,
Sameer Khan,sameer@thoughtwin.com,7509587122,
Urvashi Bhatnagar,urvashi@thoughtwin.com,9179524001,
Sonam Pandey,sonam@thoughtwin.com,8956123546,
Pankaj Khore,pankajk@thoughtwin.com,9669701028,
Ekta Meena,ekta@thoughtwin.com,9584769767,
Chandan Singh,chandan@thoughtwin.com,8077417818,
Satendra Sahu,satendra@thoughtwin.com,8517959992,
Asim Sheikh,asim@thoughtwin.com,9165019146,
Mansi Yadav,mansi@thoughtwin.com,9617501997,
Farhan Sheikh,farhan@thoughtwin.com,8602191371,
Akshita Sarmandal,akshita@thoughtwin.com,,
Aakash Verma,aakash@thoughtwin.com,9907047909,
Avinash Tiwari,avinash@thoughtwin.com,9011115669,
Pritesh Mahajan,pritesh@thoughtwin.com,8889615090,
Pawan Kumar Patel,pawan@thoughtwin.com,7000935269,
Ayushi Yadav,ayushiy@thoughtwin.com,8120806922,
Sourabh Lodhi,sourabhl@thoughtwin.com,9302807262,
Jitendra Meena,jitendram@thoughtwin.com,7879260521,
Ritesh Maru,ritesh@thoughtwin.com,9340636203,
Pradeep Rai,pradeepr@thoughtwin.com,7905307223,
Saloni Dhanotiya,saloni@thoughtwin.com,9039014720,
Shashikant Sethiya,shashikant@thoughtwin.com,9039332535,
Manoj Azad,manoja@thoughtwin.com,8109120338,
Rupesh Rathore,rupesh@thoughtwin.com,9165415654,
Raj Kumar Yaduvanshi,raj@thoughtwin.com,7354750085,
Swati Jat,thoughtwin.swati@gmail.com,9009427943,
Shubham Chourasiya,shubhamc@thoughtwin.com,7909710546,
Shiv Prasad,shiv@thoughtwin.com,6264174983,
Rahul Wadile,thoughtwin.rahul@gmail.com,7389646074,
Mangalam Sagitra,mangalam@thoughtwin.com,7089505044,
Akshay Sharma,akshay@thoughtwin.com,7089330683,
Rajat Gour,rajatg@thoughtwin.com,7974517551,
Namrata Kushwah,namrata@thoughtwin.com,8878850830,
Kuldeep Dewda,kuldeep@thoughtwin.com,7987991541,
Satish Hargod,satish@thoughtwin.com,8602148689,
Pankaj Dubey,thoughtwin.pankaj@gmail.com,9074745543,
Mridul Shrivastava,mridul@thoughtwin.com,7987285044,
Sandeep Thakur,sandeep@thoughtwin.com,8319143495,
Navneet Sharma,navneet@thoughtwin.com,9685749109,
Rohit Sapta,rohits@thoughtwin.com,9755191667,
Prateek Mishra,prateekm@thoughtwin.com,8269622070,
Ritik Kumar Patidar,ritikp@thoughtwin.com,8269868132,
Ankush Nagar,ankush@thoughtwin.com,7224072381,
Shraddha Baheti,shraddha@thoughtwin.com,8966047631,
Vaishnavi Pardeshi,vaishnavi@thoughtwin.com,7898842717,
Nitin Dhote,nitind@thoughtwin.com,9669945830,
Sakshi Jain,Sakshi.thoughtwin@gmail.com,8085721717,
Tanya Goyal,tanya@thoughtwin.com,6261297632,
Jitendra Sonyani,jitendras@thoughtwin.com,9926013093,
Sarita Jagtap,sarita@thoughtwin.com,8269262055,
Srishti Jain,srishti@thoughtwin.com,8871133896,
Nandkishore Geete,nandkishore@thoughtwin.com,8236808384,
Vinay Dubey,vinay@thoughtwin.com,9977796636,
Sanjay kaushik,sanjay@thoughtwin.com,8103392930,
Abhishek kothiya,abhishek@thoughtwin.com,9907390134,
Rajat Mishra,rajatm@thoughtwin.com,8160201174,
Janhavi Soni,janhavi@thoughtwin.com,9111079439,
Kiran Rathore,kiran@thoughtwin.com,7089652278,
Himanshu Bhati,himanshu@thoughtwin.com,9588234856,
Anupam Tiwari,anupam@thoughtwin.com,9755623535,
Aniket Songara,aniket@thoughtwin.com,8871529828,
Bhavana Pathak,bhawana@thoughtwin.com,9685342882,
Devesh Sahu,deveshsahu@thoughtwin.com,7987086926,
Shubhangi Junjle,shubhangi@thoughtwin.com,8530654166,
Prithvi Bansal,prithvi@thoughtwin.com,9977819444,
Prateek Mishra,prateekm@thoughtwin.com,8269622070,
vaishali rathore,vaishalir@thoughtwin.com,9926222407,
Kuldeep Patidar,kuldeeppatidar@thoughtwin.com,8770062735,
sadav Hussain,sadav@thoughtwin.com,9752526720,
Rahul Mukati,rahulm@thoughtwin.com,7089850780,
Himanshu Pal,himanshup@thoughtwin.com,9074235235,
Anmol Sharma,anmol@thoughtwin.com,9131539565,
Aishwary Tarale,aishwary@thoughtwin.com,9579502292,
Vineet Kadway,vineet@thoughtwin.com,9644144505,
Shubham Savner,shubhamsavner@thoughtwin.com,7582950550,
Sanjay Gautam,sanjayg@thoughtwin.com,7620664655,
Prakhar Dwivedi,prakhar@thoughtwin.com,6260336626,
Rutuja B.,rutuja@thoughtwin.com,8459644389,
Ashish Yadav,ashish@thoughtwin.com,9111061651,
Shivashish Dubey,shivashish@thoughtwin.com,8109217173,
Rajneesh Sanodiya,rajneesh@thoughtwin.com,8827823110,
Amit Rathod,amitrathod@thoughtwin.com,8421999289,
Bhagwati Parsad,bhagwati@thoughtwin.com,7354934801,
Sakshi Vyas,sakshivyas@thoughtwin.com,8827163020,
Amit Dharmale,amitdharmale@thoughtwin.com,8329710931,
Rohit Rathod,rohitrathore@thoughtwin.com,9302371065,
Namrata Patel,namratapatel@thoughtwin.com,7067473788,
Shriram Mishra,shriram@thoughtwin.com,6232540743,
Kapil Gujar,kapil@thoughtwin.com,9827496074,
Kavita Ahirwar,kavita@thoughtwin.com,8269395756,
Nihal Daharwal,nihal@thoughtwin.com,7509784211,
Tanu Kelde,tanu@thoughtwin.com,8462045340,
Amit Rajoriya,amitrajoriya@thoughtwin.com,7389066651,
Shweta Tanmay,shweta@thoughtwin.com,7999712593,
Aditya Meena,adityameena@thoughtwin.com,8319646623,
Dipesh Patidar,dipesh@thoughtwin.com,9074171872,
Deepak Parmar,deepakparmar@thoughtwin.com,8770277580,
Abhinandan Lovanshi,abhinandan@thoughtwin.com,7049836854,
Anjali Mahawar,anjalimahawar@thoughtwin.com,8269204407,
Premal Chaudhary,premal@thoughtwin.com,9826280829,
Rajendra V. Khairnar,rkhairnar@thoughtwin.com,8485864859,
Deepak Patil,deepak@thoughtwin.com,7987555397,
Sanju Prajapat,sanju@thoughtwin.com,8770993367,
Sheji Khan,sheji@thoughtwin.com,9755966191,
Shivam Pandey,shivampandey@thoughtwin.com,6265116185,
Poonam Kumar,poonamK@thoughtwin.com,7722814112,
Eisha khan,eisha@thoughtwin.com,7477215866,
Gourav Nigam,gaurav@thoughtwin.com,8770120487,
Sakshi Kalra,sakshikalra@thoughtwin.com,9479818066,
Vivek Anand Sharma,vivekanand@thoughtwin.com,8817133035,
Atul Kumar,atul@thoughtwin.com,9468793098,
Praveen Kumar,praveen@thoughtwin.com,9131216812,
Nikhil Rakhonde,nikhil@thoughtwin.com,9589891894,
Ravi Suryavanshi,ravisuryavanshi@thoughtwin.com,7509673756,
Dibya Mishra,dibya@thoughtwin.com,7987426346,
Divyansh Malviya,divyansh@thoughtwin.com,8962396248,
Nayan Choudhary,nayan@thoughtwin.com,8770015893,
Priyanka Bagul,priyankabagul@thoughtwin.com,8839842163,
Prithvi Nagar,prithvi@thoughtwin.com,9977819444,
Deepak Thakur,deepakthakur@thoughtwin.com,8659840080,
Shubham Mehra,shubhammehra@thoughtwin.com,9039607203,
Pawan Vishwakarma,pawanvishwakarma@thoughtwin.com,9098588544,'
Error: ENAMETOOLONG: name too long, open 'name,email,mobile,password
Saurabh Jain,saurabh@thoughtwin.com,9300699777,
Pankaj Agrawal,pankaj@thoughtwin.com,9827718104,
Karishma Agrawal,hr@thoughtwin.com,9977069348,
Manpreet Jain,manpreet@thoughtwin.com,9754899777,
Mayur Sir,bittukittu@gmail.com,9303055555,
Ashutosh Verma,ashutosh@thoughtwin.com,7000101562,
Vikas Chouhan,Chouhanvikas825@gmail.com,7898588547,
D Ashwin,ashwin@thoughtwin.com,9685358148,
Lavisha Choyal,lavisha@thoughtwin.com,7000878485,
Arpit Gupta,arpit@thoughtwin.com,7415557372,
Amit Malviya,amit@thoughtwin.com,9981945974,
Nilesh Dabi,nilesh@thoughtwin.com,9993790111,
Nidhi Maheshwari,nidhi@thoughtwin.com,9009193657,
Rupali Mandwariya,rupali@thoughtwin.com,7415565039,
Surbhi Rathore,surbhir@thoughtwin.com,7869402301,
Pushpendra Jaiswal,pushpendra@thoughtwin.com,9981952025,
Mukul Pandey,mukul@thoughtwin.com,9630173535,
Arpita Agrawal,arpita@thoughtwin.com,7000054145,
Rajat Pilai,rajatp@thoughtwin.com,7509515504,
Harshita Chadokar,harshita@thoughtwin.com,7745995263,
Chirayu Shukla,chirayu@thoughtwin.com,9039901501,
Asif Sheikh,asif.thoughtwin@gmail.com,9039129775,
Pradeep Patel,pradeeppatel@thoughtwin.com,7000860581,
Kartik Sendiya,kartik@thoughtwin.com,7987917771,
Rajendra Bairagi,rajendra@thoughtwin.com,9713988872,
Priya Khandelwal,priyak@thoughtwin.com,9479719714,
Yogesh Singh,yogesh@thoughtwin.com,9601448308,
Sumit Pawar,sumit@thoughtwin.com,7509267396,
Vishal Sharma,vishals@thoughtwin.com,9981735073,
Ritu Singh,ritu@thoughtwin.com,9140081203,
Rishiraj Chawda,rishiraj@thoughtwin.com,9907447995,
Chandra shekhar,chandrashekhar@thoughtwin.com,7000471739,
Vishal Makhija,vishalm@thoughtwin.com,9993328484,
Shreeya Sarmandal,shreeya@thoughtwin.com,8839947483,
Deepak Tumdiya,deepakt@thoughtwin.com,7566474188,
Jayant Mudliyar,jayant@thoughtwin.com,6260601473,
Mohammad Ali,mohammadali.thoughtwin@gmail.com,8319254076,
Deepak Patidar,deepakp@thoughtwin.com,7415597914,
Ishwar Madloi,ishwar@thoughtwin.com,9691440871,
Vivek Gupta,vivek@thoughtwin.com,8602848510,
Harshita Agrawal,harshitaa@thoughtwin.com,9516981968,
Lokesh Patil,lokeshpatil@thoughtwin.com,9806459586,
Nisha Chouhan,nisha@thoughtwin.com,9644247764,
Shubham Kumar,shubhamk@thoughtwin.com,8770281065,
Monesh Soni,monesh@thoughtwin.com,8717965277,
Lokesh Patel,lokeshpatel@thoughtwin.com,7879804949,
Ayushi Tiwari,ayushit@thoughtwin.com,7999355638,
Akshat Pal,akshat@thoughtwin.com,8989051080,
Deepak Badgurjar,deepakb@thoughtwin.com,9752148828,
Eshita Mehta,eshita@thoughtwin.com,8989692506,
Alfaiz Khan,alfaiz@thoughtwin.com,8982299481,
Azman Hussain,azman@thoughtwin.com,9691606275,
Mahesh Gandharva,mahesh@thoughtwin.com,9039643995,
Anshul Jain,anshul@thoughtwin.com,6267512712,
Yogesh Choudhary,yogeshc@thoughtwin.com,8224032911,
Ritik Pal,ritikpal@thoughtwin.com,9399493350,
Vijay Chouhan,vijayc@thoughtwin.com,8817385880,
Vijay Palsawdiya,vijayp@thoughtwin.com,7987960575,
Sourabh Chouhan,sourabhc@thoughtwin.com,7828380605,
Pratik Parmar,pratikp@thoughtwin.com,9617027688,
Nitesh Yadav,nitesh@thoughtwin.com,9993355544,
Abha Shukla,aabha@thoughtwin.com,9131790613,
Aayush chourasiya,aayushc@thoughtwin.com,8458836888,
Devesh Porwal,devesh.thoughtwin@gmail.com,7697001130,
Priya Bhasin,priya@thoughtwin.com,9522312777,
Aashish CA,accounts@thoughtwin.com,8085461750,
Dipak Agalcha,dipaka@thoughtwin.com,7566443230,
Ayush Kasera,aayushk@thoughtwin.com,9039721113,
Pragya Magarde,pragya@thoughtwin.com,8871829423,
Warish Khan,warish@thoughtwin.com,8349382521,
Sayyed Firoz ALi Rizvi,syed@thoughtwin.com,8982837214,
Rohit Jat,rohitj@thoughtwin.com,9009323213,
Nikesh Rathore,nikesh@thoughtwin.com,8109504010,
Chavvi Chaurasiya,chhavi@thoughtwin.com,9009383080,
Sonu Gunhere,sonu@thoughtwin.com,7898525961,
Shivam Pateriya,shivam@thoughtwin.com,9584777607,
Vaishali Gupta,vaishalig@thoughtwin.com,7000530804,
Navin Wadbude,navin@thoughtwin.com,9806131353,
Aman Bhawsar,aman@thoughtwin.com,7566425526,
Pradeep Kumar Pandey,pradeepp@thoughtwin.com,8770032047,
Aditya Chourey,aditya@thoughtwin.com,7000459411,
Aryan Beohar,aryan@thoughtwin.com,7697552352,
Nouman Khan,nouman@thoughtwin.com,,
Darpan Yaduwanshi,darpan@thoughtwin.com,8770259320,
Sameer Khan,sameer@thoughtwin.com,7509587122,
Urvashi Bhatnagar,urvashi@thoughtwin.com,9179524001,
Sonam Pandey,sonam@thoughtwin.com,8956123546,
Pankaj Khore,pankajk@thoughtwin.com,9669701028,
Ekta Meena,ekta@thoughtwin.com,9584769767,
Chandan Singh,chandan@thoughtwin.com,8077417818,
Satendra Sahu,satendra@thoughtwin.com,8517959992,
Asim Sheikh,asim@thoughtwin.com,9165019146,
Mansi Yadav,mansi@thoughtwin.com,9617501997,
Farhan Sheikh,farhan@thoughtwin.com,8602191371,
Akshita Sarmandal,akshita@thoughtwin.com,,
Aakash Verma,aakash@thoughtwin.com,9907047909,
Avinash Tiwari,avinash@thoughtwin.com,9011115669,
Pritesh Mahajan,pritesh@thoughtwin.com,8889615090,
Pawan Kumar Patel,pawan@thoughtwin.com,7000935269,
Ayushi Yadav,ayushiy@thoughtwin.com,8120806922,
Sourabh Lodhi,sourabhl@thoughtwin.com,9302807262,
Jitendra Meena,jitendram@thoughtwin.com,7879260521,
Ritesh Maru,ritesh@thoughtwin.com,9340636203,
Pradeep Rai,pradeepr@thoughtwin.com,7905307223,
Saloni Dhanotiya,saloni@thoughtwin.com,9039014720,
Shashikant Sethiya,shashikant@thoughtwin.com,9039332535,
Manoj Azad,manoja@thoughtwin.com,8109120338,
Rupesh Rathore,rupesh@thoughtwin.com,9165415654,
Raj Kumar Yaduvanshi,raj@thoughtwin.com,7354750085,
Swati Jat,thoughtwin.swati@gmail.com,9009427943,
Shubham Chourasiya,shubhamc@thoughtwin.com,7909710546,
Shiv Prasad,shiv@thoughtwin.com,6264174983,
Rahul Wadile,thoughtwin.rahul@gmail.com,7389646074,
Mangalam Sagitra,mangalam@thoughtwin.com,7089505044,
Akshay Sharma,akshay@thoughtwin.com,7089330683,
Rajat Gour,rajatg@thoughtwin.com,7974517551,
Namrata Kushwah,namrata@thoughtwin.com,8878850830,
Kuldeep Dewda,kuldeep@thoughtwin.com,7987991541,
Satish Hargod,satish@thoughtwin.com,8602148689,
Pankaj Dubey,thoughtwin.pankaj@gmail.com,9074745543,
Mridul Shrivastava,mridul@thoughtwin.com,7987285044,
Sandeep Thakur,sandeep@thoughtwin.com,8319143495,
Navneet Sharma,navneet@thoughtwin.com,9685749109,
Rohit Sapta,rohits@thoughtwin.com,9755191667,
Prateek Mishra,prateekm@thoughtwin.com,8269622070,
Ritik Kumar Patidar,ritikp@thoughtwin.com,8269868132,
Ankush Nagar,ankush@thoughtwin.com,7224072381,
Shraddha Baheti,shraddha@thoughtwin.com,8966047631,
Vaishnavi Pardeshi,vaishnavi@thoughtwin.com,7898842717,
Nitin Dhote,nitind@thoughtwin.com,9669945830,
Sakshi Jain,Sakshi.thoughtwin@gmail.com,8085721717,
Tanya Goyal,tanya@thoughtwin.com,6261297632,
Jitendra Sonyani,jitendras@thoughtwin.com,9926013093,
Sarita Jagtap,sarita@thoughtwin.com,8269262055,
Srishti Jain,srishti@thoughtwin.com,8871133896,
Nandkishore Geete,nandkishore@thoughtwin.com,8236808384,
Vinay Dubey,vinay@thoughtwin.com,9977796636,
Sanjay kaushik,sanjay@thoughtwin.com,8103392930,
Abhishek kothiya,abhishek@thoughtwin.com,9907390134,
Rajat Mishra,rajatm@thoughtwin.com,8160201174,
Janhavi Soni,janhavi@thoughtwin.com,9111079439,
Kiran Rathore,kiran@thoughtwin.com,7089652278,
Himanshu Bhati,himanshu@thoughtwin.com,9588234856,
Anupam Tiwari,anupam@thoughtwin.com,9755623535,
Aniket Songara,aniket@thoughtwin.com,8871529828,
Bhavana Pathak,bhawana@thoughtwin.com,9685342882,
Devesh Sahu,deveshsahu@thoughtwin.com,7987086926,
Shubhangi Junjle,shubhangi@thoughtwin.com,8530654166,
Prithvi Bansal,prithvi@thoughtwin.com,9977819444,
Prateek Mishra,prateekm@thoughtwin.com,8269622070,
vaishali rathore,vaishalir@thoughtwin.com,9926222407,
Kuldeep Patidar,kuldeeppatidar@thoughtwin.com,8770062735,
sadav Hussain,sadav@thoughtwin.com,9752526720,
Rahul Mukati,rahulm@thoughtwin.com,7089850780,
Himanshu Pal,himanshup@thoughtwin.com,9074235235,
Anmol Sharma,anmol@thoughtwin.com,9131539565,
Aishwary Tarale,aishwary@thoughtwin.com,9579502292,
Vineet Kadway,vineet@thoughtwin.com,9644144505,
Shubham Savner,shubhamsavner@thoughtwin.com,7582950550,
Sanjay Gautam,sanjayg@thoughtwin.com,7620664655,
Prakhar Dwivedi,prakhar@thoughtwin.com,6260336626,
Rutuja B.,rutuja@thoughtwin.com,8459644389,
Ashish Yadav,ashish@thoughtwin.com,9111061651,
Shivashish Dubey,shivashish@thoughtwin.com,8109217173,
Rajneesh Sanodiya,rajneesh@thoughtwin.com,8827823110,
Amit Rathod,amitrathod@thoughtwin.com,8421999289,
Bhagwati Parsad,bhagwati@thoughtwin.com,7354934801,
Sakshi Vyas,sakshivyas@thoughtwin.com,8827163020,
Amit Dharmale,amitdharmale@thoughtwin.com,8329710931,
Rohit Rathod,rohitrathore@thoughtwin.com,9302371065,
Namrata Patel,namratapatel@thoughtwin.com,7067473788,
Shriram Mishra,shriram@thoughtwin.com,6232540743,
Kapil Gujar,kapil@thoughtwin.com,9827496074,
Kavita Ahirwar,kavita@thoughtwin.com,8269395756,
Nihal Daharwal,nihal@thoughtwin.com,7509784211,
Tanu Kelde,tanu@thoughtwin.com,8462045340,
Amit Rajoriya,amitrajoriya@thoughtwin.com,7389066651,
Shweta Tanmay,shweta@thoughtwin.com,7999712593,
Aditya Meena,adityameena@thoughtwin.com,8319646623,
Dipesh Patidar,dipesh@thoughtwin.com,9074171872,
Deepak Parmar,deepakparmar@thoughtwin.com,8770277580,
Abhinandan Lovanshi,abhinandan@thoughtwin.com,7049836854,
Anjali Mahawar,anjalimahawar@thoughtwin.com,8269204407,
Premal Chaudhary,premal@thoughtwin.com,9826280829,
Rajendra V. Khairnar,rkhairnar@thoughtwin.com,8485864859,
Deepak Patil,deepak@thoughtwin.com,7987555397,
Sanju Prajapat,sanju@thoughtwin.com,8770993367,
Sheji Khan,sheji@thoughtwin.com,9755966191,
Shivam Pandey,shivampandey@thoughtwin.com,6265116185,
Poonam Kumar,poonamK@thoughtwin.com,7722814112,
Eisha khan,eisha@thoughtwin.com,7477215866,
Gourav Nigam,gaurav@thoughtwin.com,8770120487,
Sakshi Kalra,sakshikalra@thoughtwin.com,9479818066,
Vivek Anand Sharma,vivekanand@thoughtwin.com,8817133035,
Atul Kumar,atul@thoughtwin.com,9468793098,
Praveen Kumar,praveen@thoughtwin.com,9131216812,
Nikhil Rakhonde,nikhil@thoughtwin.com,9589891894,
Ravi Suryavanshi,ravisuryavanshi@thoughtwin.com,7509673756,
Dibya Mishra,dibya@thoughtwin.com,7987426346,
Divyansh Malviya,divyansh@thoughtwin.com,8962396248,
Nayan Choudhary,nayan@thoughtwin.com,8770015893,
Priyanka Bagul,priyankabagul@thoughtwin.com,8839842163,
Prithvi Nagar,prithvi@thoughtwin.com,9977819444,
Deepak Thakur,deepakthakur@thoughtwin.com,8659840080,
Shubham Mehra,shubhammehra@thoughtwin.com,9039607203,
Pawan Vishwakarma,pawanvishwakarma@thoughtwin.com,9098588544,'
[Node] [ERROR] - 2022-12-12T09:23:12.739ZuncaughtException: ENAMETOOLONG: name too long, open 'name,email,mobile,password
Saurabh Jain,saurabh@thoughtwin.com,9300699777,
Pankaj Agrawal,pankaj@thoughtwin.com,9827718104,
Karishma Agrawal,hr@thoughtwin.com,9977069348,
Manpreet Jain,manpreet@thoughtwin.com,9754899777,
Mayur Sir,bittukittu@gmail.com,9303055555,
Ashutosh Verma,ashutosh@thoughtwin.com,7000101562,
Vikas Chouhan,Chouhanvikas825@gmail.com,7898588547,
D Ashwin,ashwin@thoughtwin.com,9685358148,
Lavisha Choyal,lavisha@thoughtwin.com,7000878485,
Arpit Gupta,arpit@thoughtwin.com,7415557372,
Amit Malviya,amit@thoughtwin.com,9981945974,
Nilesh Dabi,nilesh@thoughtwin.com,9993790111,
Nidhi Maheshwari,nidhi@thoughtwin.com,9009193657,
Rupali Mandwariya,rupali@thoughtwin.com,7415565039,
Surbhi Rathore,surbhir@thoughtwin.com,7869402301,
Pushpendra Jaiswal,pushpendra@thoughtwin.com,9981952025,
Mukul Pandey,mukul@thoughtwin.com,9630173535,
Arpita Agrawal,arpita@thoughtwin.com,7000054145,
Rajat Pilai,rajatp@thoughtwin.com,7509515504,
Harshita Chadokar,harshita@thoughtwin.com,7745995263,
Chirayu Shukla,chirayu@thoughtwin.com,9039901501,
Asif Sheikh,asif.thoughtwin@gmail.com,9039129775,
Pradeep Patel,pradeeppatel@thoughtwin.com,7000860581,
Kartik Sendiya,kartik@thoughtwin.com,7987917771,
Rajendra Bairagi,rajendra@thoughtwin.com,9713988872,
Priya Khandelwal,priyak@thoughtwin.com,9479719714,
Yogesh Singh,yogesh@thoughtwin.com,9601448308,
Sumit Pawar,sumit@thoughtwin.com,7509267396,
Vishal Sharma,vishals@thoughtwin.com,9981735073,
Ritu Singh,ritu@thoughtwin.com,9140081203,
Rishiraj Chawda,rishiraj@thoughtwin.com,9907447995,
Chandra shekhar,chandrashekhar@thoughtwin.com,7000471739,
Vishal Makhija,vishalm@thoughtwin.com,9993328484,
Shreeya Sarmandal,shreeya@thoughtwin.com,8839947483,
Deepak Tumdiya,deepakt@thoughtwin.com,7566474188,
Jayant Mudliyar,jayant@thoughtwin.com,6260601473,
Mohammad Ali,mohammadali.thoughtwin@gmail.com,8319254076,
Deepak Patidar,deepakp@thoughtwin.com,7415597914,
Ishwar Madloi,ishwar@thoughtwin.com,9691440871,
Vivek Gupta,vivek@thoughtwin.com,8602848510,
Harshita Agrawal,harshitaa@thoughtwin.com,9516981968,
Lokesh Patil,lokeshpatil@thoughtwin.com,9806459586,
Nisha Chouhan,nisha@thoughtwin.com,9644247764,
Shubham Kumar,shubhamk@thoughtwin.com,8770281065,
Monesh Soni,monesh@thoughtwin.com,8717965277,
Lokesh Patel,lokeshpatel@thoughtwin.com,7879804949,
Ayushi Tiwari,ayushit@thoughtwin.com,7999355638,
Akshat Pal,akshat@thoughtwin.com,8989051080,
Deepak Badgurjar,deepakb@thoughtwin.com,9752148828,
Eshita Mehta,eshita@thoughtwin.com,8989692506,
Alfaiz Khan,alfaiz@thoughtwin.com,8982299481,
Azman Hussain,azman@thoughtwin.com,9691606275,
Mahesh Gandharva,mahesh@thoughtwin.com,9039643995,
Anshul Jain,anshul@thoughtwin.com,6267512712,
Yogesh Choudhary,yogeshc@thoughtwin.com,8224032911,
Ritik Pal,ritikpal@thoughtwin.com,9399493350,
Vijay Chouhan,vijayc@thoughtwin.com,8817385880,
Vijay Palsawdiya,vijayp@thoughtwin.com,7987960575,
Sourabh Chouhan,sourabhc@thoughtwin.com,7828380605,
Pratik Parmar,pratikp@thoughtwin.com,9617027688,
Nitesh Yadav,nitesh@thoughtwin.com,9993355544,
Abha Shukla,aabha@thoughtwin.com,9131790613,
Aayush chourasiya,aayushc@thoughtwin.com,8458836888,
Devesh Porwal,devesh.thoughtwin@gmail.com,7697001130,
Priya Bhasin,priya@thoughtwin.com,9522312777,
Aashish CA,accounts@thoughtwin.com,8085461750,
Dipak Agalcha,dipaka@thoughtwin.com,7566443230,
Ayush Kasera,aayushk@thoughtwin.com,9039721113,
Pragya Magarde,pragya@thoughtwin.com,8871829423,
Warish Khan,warish@thoughtwin.com,8349382521,
Sayyed Firoz ALi Rizvi,syed@thoughtwin.com,8982837214,
Rohit Jat,rohitj@thoughtwin.com,9009323213,
Nikesh Rathore,nikesh@thoughtwin.com,8109504010,
Chavvi Chaurasiya,chhavi@thoughtwin.com,9009383080,
Sonu Gunhere,sonu@thoughtwin.com,7898525961,
Shivam Pateriya,shivam@thoughtwin.com,9584777607,
Vaishali Gupta,vaishalig@thoughtwin.com,7000530804,
Navin Wadbude,navin@thoughtwin.com,9806131353,
Aman Bhawsar,aman@thoughtwin.com,7566425526,
Pradeep Kumar Pandey,pradeepp@thoughtwin.com,8770032047,
Aditya Chourey,aditya@thoughtwin.com,7000459411,
Aryan Beohar,aryan@thoughtwin.com,7697552352,
Nouman Khan,nouman@thoughtwin.com,,
Darpan Yaduwanshi,darpan@thoughtwin.com,8770259320,
Sameer Khan,sameer@thoughtwin.com,7509587122,
Urvashi Bhatnagar,urvashi@thoughtwin.com,9179524001,
Sonam Pandey,sonam@thoughtwin.com,8956123546,
Pankaj Khore,pankajk@thoughtwin.com,9669701028,
Ekta Meena,ekta@thoughtwin.com,9584769767,
Chandan Singh,chandan@thoughtwin.com,8077417818,
Satendra Sahu,satendra@thoughtwin.com,8517959992,
Asim Sheikh,asim@thoughtwin.com,9165019146,
Mansi Yadav,mansi@thoughtwin.com,9617501997,
Farhan Sheikh,farhan@thoughtwin.com,8602191371,
Akshita Sarmandal,akshita@thoughtwin.com,,
Aakash Verma,aakash@thoughtwin.com,9907047909,
Avinash Tiwari,avinash@thoughtwin.com,9011115669,
Pritesh Mahajan,pritesh@thoughtwin.com,8889615090,
Pawan Kumar Patel,pawan@thoughtwin.com,7000935269,
Ayushi Yadav,ayushiy@thoughtwin.com,8120806922,
Sourabh Lodhi,sourabhl@thoughtwin.com,9302807262,
Jitendra Meena,jitendram@thoughtwin.com,7879260521,
Ritesh Maru,ritesh@thoughtwin.com,9340636203,
Pradeep Rai,pradeepr@thoughtwin.com,7905307223,
Saloni Dhanotiya,saloni@thoughtwin.com,9039014720,
Shashikant Sethiya,shashikant@thoughtwin.com,9039332535,
Manoj Azad,manoja@thoughtwin.com,8109120338,
Rupesh Rathore,rupesh@thoughtwin.com,9165415654,
Raj Kumar Yaduvanshi,raj@thoughtwin.com,7354750085,
Swati Jat,thoughtwin.swati@gmail.com,9009427943,
Shubham Chourasiya,shubhamc@thoughtwin.com,7909710546,
Shiv Prasad,shiv@thoughtwin.com,6264174983,
Rahul Wadile,thoughtwin.rahul@gmail.com,7389646074,
Mangalam Sagitra,mangalam@thoughtwin.com,7089505044,
Akshay Sharma,akshay@thoughtwin.com,7089330683,
Rajat Gour,rajatg@thoughtwin.com,7974517551,
Namrata Kushwah,namrata@thoughtwin.com,8878850830,
Kuldeep Dewda,kuldeep@thoughtwin.com,7987991541,
Satish Hargod,satish@thoughtwin.com,8602148689,
Pankaj Dubey,thoughtwin.pankaj@gmail.com,9074745543,
Mridul Shrivastava,mridul@thoughtwin.com,7987285044,
Sandeep Thakur,sandeep@thoughtwin.com,8319143495,
Navneet Sharma,navneet@thoughtwin.com,9685749109,
Rohit Sapta,rohits@thoughtwin.com,9755191667,
Prateek Mishra,prateekm@thoughtwin.com,8269622070,
Ritik Kumar Patidar,ritikp@thoughtwin.com,8269868132,
Ankush Nagar,ankush@thoughtwin.com,7224072381,
Shraddha Baheti,shraddha@thoughtwin.com,8966047631,
Vaishnavi Pardeshi,vaishnavi@thoughtwin.com,7898842717,
Nitin Dhote,nitind@thoughtwin.com,9669945830,
Sakshi Jain,Sakshi.thoughtwin@gmail.com,8085721717,
Tanya Goyal,tanya@thoughtwin.com,6261297632,
Jitendra Sonyani,jitendras@thoughtwin.com,9926013093,
Sarita Jagtap,sarita@thoughtwin.com,8269262055,
Srishti Jain,srishti@thoughtwin.com,8871133896,
Nandkishore Geete,nandkishore@thoughtwin.com,8236808384,
Vinay Dubey,vinay@thoughtwin.com,9977796636,
Sanjay kaushik,sanjay@thoughtwin.com,8103392930,
Abhishek kothiya,abhishek@thoughtwin.com,9907390134,
Rajat Mishra,rajatm@thoughtwin.com,8160201174,
Janhavi Soni,janhavi@thoughtwin.com,9111079439,
Kiran Rathore,kiran@thoughtwin.com,7089652278,
Himanshu Bhati,himanshu@thoughtwin.com,9588234856,
Anupam Tiwari,anupam@thoughtwin.com,9755623535,
Aniket Songara,aniket@thoughtwin.com,8871529828,
Bhavana Pathak,bhawana@thoughtwin.com,9685342882,
Devesh Sahu,deveshsahu@thoughtwin.com,7987086926,
Shubhangi Junjle,shubhangi@thoughtwin.com,8530654166,
Prithvi Bansal,prithvi@thoughtwin.com,9977819444,
Prateek Mishra,prateekm@thoughtwin.com,8269622070,
vaishali rathore,vaishalir@thoughtwin.com,9926222407,
Kuldeep Patidar,kuldeeppatidar@thoughtwin.com,8770062735,
sadav Hussain,sadav@thoughtwin.com,9752526720,
Rahul Mukati,rahulm@thoughtwin.com,7089850780,
Himanshu Pal,himanshup@thoughtwin.com,9074235235,
Anmol Sharma,anmol@thoughtwin.com,9131539565,
Aishwary Tarale,aishwary@thoughtwin.com,9579502292,
Vineet Kadway,vineet@thoughtwin.com,9644144505,
Shubham Savner,shubhamsavner@thoughtwin.com,7582950550,
Sanjay Gautam,sanjayg@thoughtwin.com,7620664655,
Prakhar Dwivedi,prakhar@thoughtwin.com,6260336626,
Rutuja B.,rutuja@thoughtwin.com,8459644389,
Ashish Yadav,ashish@thoughtwin.com,9111061651,
Shivashish Dubey,shivashish@thoughtwin.com,8109217173,
Rajneesh Sanodiya,rajneesh@thoughtwin.com,8827823110,
Amit Rathod,amitrathod@thoughtwin.com,8421999289,
Bhagwati Parsad,bhagwati@thoughtwin.com,7354934801,
Sakshi Vyas,sakshivyas@thoughtwin.com,8827163020,
Amit Dharmale,amitdharmale@thoughtwin.com,8329710931,
Rohit Rathod,rohitrathore@thoughtwin.com,9302371065,
Namrata Patel,namratapatel@thoughtwin.com,7067473788,
Shriram Mishra,shriram@thoughtwin.com,6232540743,
Kapil Gujar,kapil@thoughtwin.com,9827496074,
Kavita Ahirwar,kavita@thoughtwin.com,8269395756,
Nihal Daharwal,nihal@thoughtwin.com,7509784211,
Tanu Kelde,tanu@thoughtwin.com,8462045340,
Amit Rajoriya,amitrajoriya@thoughtwin.com,7389066651,
Shweta Tanmay,shweta@thoughtwin.com,7999712593,
Aditya Meena,adityameena@thoughtwin.com,8319646623,
Dipesh Patidar,dipesh@thoughtwin.com,9074171872,
Deepak Parmar,deepakparmar@thoughtwin.com,8770277580,
Abhinandan Lovanshi,abhinandan@thoughtwin.com,7049836854,
Anjali Mahawar,anjalimahawar@thoughtwin.com,8269204407,
Premal Chaudhary,premal@thoughtwin.com,9826280829,
Rajendra V. Khairnar,rkhairnar@thoughtwin.com,8485864859,
Deepak Patil,deepak@thoughtwin.com,7987555397,
Sanju Prajapat,sanju@thoughtwin.com,8770993367,
Sheji Khan,sheji@thoughtwin.com,9755966191,
Shivam Pandey,shivampandey@thoughtwin.com,6265116185,
Poonam Kumar,poonamK@thoughtwin.com,7722814112,
Eisha khan,eisha@thoughtwin.com,7477215866,
Gourav Nigam,gaurav@thoughtwin.com,8770120487,
Sakshi Kalra,sakshikalra@thoughtwin.com,9479818066,
Vivek Anand Sharma,vivekanand@thoughtwin.com,8817133035,
Atul Kumar,atul@thoughtwin.com,9468793098,
Praveen Kumar,praveen@thoughtwin.com,9131216812,
Nikhil Rakhonde,nikhil@thoughtwin.com,9589891894,
Ravi Suryavanshi,ravisuryavanshi@thoughtwin.com,7509673756,
Dibya Mishra,dibya@thoughtwin.com,7987426346,
Divyansh Malviya,divyansh@thoughtwin.com,8962396248,
Nayan Choudhary,nayan@thoughtwin.com,8770015893,
Priyanka Bagul,priyankabagul@thoughtwin.com,8839842163,
Prithvi Nagar,prithvi@thoughtwin.com,9977819444,
Deepak Thakur,deepakthakur@thoughtwin.com,8659840080,
Shubham Mehra,shubhammehra@thoughtwin.com,9039607203,
Pawan Vishwakarma,pawanvishwakarma@thoughtwin.com,9098588544,'
Error: ENAMETOOLONG: name too long, open 'name,email,mobile,password
Saurabh Jain,saurabh@thoughtwin.com,9300699777,
Pankaj Agrawal,pankaj@thoughtwin.com,9827718104,
Karishma Agrawal,hr@thoughtwin.com,9977069348,
Manpreet Jain,manpreet@thoughtwin.com,9754899777,
Mayur Sir,bittukittu@gmail.com,9303055555,
Ashutosh Verma,ashutosh@thoughtwin.com,7000101562,
Vikas Chouhan,Chouhanvikas825@gmail.com,7898588547,
D Ashwin,ashwin@thoughtwin.com,9685358148,
Lavisha Choyal,lavisha@thoughtwin.com,7000878485,
Arpit Gupta,arpit@thoughtwin.com,7415557372,
Amit Malviya,amit@thoughtwin.com,9981945974,
Nilesh Dabi,nilesh@thoughtwin.com,9993790111,
Nidhi Maheshwari,nidhi@thoughtwin.com,9009193657,
Rupali Mandwariya,rupali@thoughtwin.com,7415565039,
Surbhi Rathore,surbhir@thoughtwin.com,7869402301,
Pushpendra Jaiswal,pushpendra@thoughtwin.com,9981952025,
Mukul Pandey,mukul@thoughtwin.com,9630173535,
Arpita Agrawal,arpita@thoughtwin.com,7000054145,
Rajat Pilai,rajatp@thoughtwin.com,7509515504,
Harshita Chadokar,harshita@thoughtwin.com,7745995263,
Chirayu Shukla,chirayu@thoughtwin.com,9039901501,
Asif Sheikh,asif.thoughtwin@gmail.com,9039129775,
Pradeep Patel,pradeeppatel@thoughtwin.com,7000860581,
Kartik Sendiya,kartik@thoughtwin.com,7987917771,
Rajendra Bairagi,rajendra@thoughtwin.com,9713988872,
Priya Khandelwal,priyak@thoughtwin.com,9479719714,
Yogesh Singh,yogesh@thoughtwin.com,9601448308,
Sumit Pawar,sumit@thoughtwin.com,7509267396,
Vishal Sharma,vishals@thoughtwin.com,9981735073,
Ritu Singh,ritu@thoughtwin.com,9140081203,
Rishiraj Chawda,rishiraj@thoughtwin.com,9907447995,
Chandra shekhar,chandrashekhar@thoughtwin.com,7000471739,
Vishal Makhija,vishalm@thoughtwin.com,9993328484,
Shreeya Sarmandal,shreeya@thoughtwin.com,8839947483,
Deepak Tumdiya,deepakt@thoughtwin.com,7566474188,
Jayant Mudliyar,jayant@thoughtwin.com,6260601473,
Mohammad Ali,mohammadali.thoughtwin@gmail.com,8319254076,
Deepak Patidar,deepakp@thoughtwin.com,7415597914,
Ishwar Madloi,ishwar@thoughtwin.com,9691440871,
Vivek Gupta,vivek@thoughtwin.com,8602848510,
Harshita Agrawal,harshitaa@thoughtwin.com,9516981968,
Lokesh Patil,lokeshpatil@thoughtwin.com,9806459586,
Nisha Chouhan,nisha@thoughtwin.com,9644247764,
Shubham Kumar,shubhamk@thoughtwin.com,8770281065,
Monesh Soni,monesh@thoughtwin.com,8717965277,
Lokesh Patel,lokeshpatel@thoughtwin.com,7879804949,
Ayushi Tiwari,ayushit@thoughtwin.com,7999355638,
Akshat Pal,akshat@thoughtwin.com,8989051080,
Deepak Badgurjar,deepakb@thoughtwin.com,9752148828,
Eshita Mehta,eshita@thoughtwin.com,8989692506,
Alfaiz Khan,alfaiz@thoughtwin.com,8982299481,
Azman Hussain,azman@thoughtwin.com,9691606275,
Mahesh Gandharva,mahesh@thoughtwin.com,9039643995,
Anshul Jain,anshul@thoughtwin.com,6267512712,
Yogesh Choudhary,yogeshc@thoughtwin.com,8224032911,
Ritik Pal,ritikpal@thoughtwin.com,9399493350,
Vijay Chouhan,vijayc@thoughtwin.com,8817385880,
Vijay Palsawdiya,vijayp@thoughtwin.com,7987960575,
Sourabh Chouhan,sourabhc@thoughtwin.com,7828380605,
Pratik Parmar,pratikp@thoughtwin.com,9617027688,
Nitesh Yadav,nitesh@thoughtwin.com,9993355544,
Abha Shukla,aabha@thoughtwin.com,9131790613,
Aayush chourasiya,aayushc@thoughtwin.com,8458836888,
Devesh Porwal,devesh.thoughtwin@gmail.com,7697001130,
Priya Bhasin,priya@thoughtwin.com,9522312777,
Aashish CA,accounts@thoughtwin.com,8085461750,
Dipak Agalcha,dipaka@thoughtwin.com,7566443230,
Ayush Kasera,aayushk@thoughtwin.com,9039721113,
Pragya Magarde,pragya@thoughtwin.com,8871829423,
Warish Khan,warish@thoughtwin.com,8349382521,
Sayyed Firoz ALi Rizvi,syed@thoughtwin.com,8982837214,
Rohit Jat,rohitj@thoughtwin.com,9009323213,
Nikesh Rathore,nikesh@thoughtwin.com,8109504010,
Chavvi Chaurasiya,chhavi@thoughtwin.com,9009383080,
Sonu Gunhere,sonu@thoughtwin.com,7898525961,
Shivam Pateriya,shivam@thoughtwin.com,9584777607,
Vaishali Gupta,vaishalig@thoughtwin.com,7000530804,
Navin Wadbude,navin@thoughtwin.com,9806131353,
Aman Bhawsar,aman@thoughtwin.com,7566425526,
Pradeep Kumar Pandey,pradeepp@thoughtwin.com,8770032047,
Aditya Chourey,aditya@thoughtwin.com,7000459411,
Aryan Beohar,aryan@thoughtwin.com,7697552352,
Nouman Khan,nouman@thoughtwin.com,,
Darpan Yaduwanshi,darpan@thoughtwin.com,8770259320,
Sameer Khan,sameer@thoughtwin.com,7509587122,
Urvashi Bhatnagar,urvashi@thoughtwin.com,9179524001,
Sonam Pandey,sonam@thoughtwin.com,8956123546,
Pankaj Khore,pankajk@thoughtwin.com,9669701028,
Ekta Meena,ekta@thoughtwin.com,9584769767,
Chandan Singh,chandan@thoughtwin.com,8077417818,
Satendra Sahu,satendra@thoughtwin.com,8517959992,
Asim Sheikh,asim@thoughtwin.com,9165019146,
Mansi Yadav,mansi@thoughtwin.com,9617501997,
Farhan Sheikh,farhan@thoughtwin.com,8602191371,
Akshita Sarmandal,akshita@thoughtwin.com,,
Aakash Verma,aakash@thoughtwin.com,9907047909,
Avinash Tiwari,avinash@thoughtwin.com,9011115669,
Pritesh Mahajan,pritesh@thoughtwin.com,8889615090,
Pawan Kumar Patel,pawan@thoughtwin.com,7000935269,
Ayushi Yadav,ayushiy@thoughtwin.com,8120806922,
Sourabh Lodhi,sourabhl@thoughtwin.com,9302807262,
Jitendra Meena,jitendram@thoughtwin.com,7879260521,
Ritesh Maru,ritesh@thoughtwin.com,9340636203,
Pradeep Rai,pradeepr@thoughtwin.com,7905307223,
Saloni Dhanotiya,saloni@thoughtwin.com,9039014720,
Shashikant Sethiya,shashikant@thoughtwin.com,9039332535,
Manoj Azad,manoja@thoughtwin.com,8109120338,
Rupesh Rathore,rupesh@thoughtwin.com,9165415654,
Raj Kumar Yaduvanshi,raj@thoughtwin.com,7354750085,
Swati Jat,thoughtwin.swati@gmail.com,9009427943,
Shubham Chourasiya,shubhamc@thoughtwin.com,7909710546,
Shiv Prasad,shiv@thoughtwin.com,6264174983,
Rahul Wadile,thoughtwin.rahul@gmail.com,7389646074,
Mangalam Sagitra,mangalam@thoughtwin.com,7089505044,
Akshay Sharma,akshay@thoughtwin.com,7089330683,
Rajat Gour,rajatg@thoughtwin.com,7974517551,
Namrata Kushwah,namrata@thoughtwin.com,8878850830,
Kuldeep Dewda,kuldeep@thoughtwin.com,7987991541,
Satish Hargod,satish@thoughtwin.com,8602148689,
Pankaj Dubey,thoughtwin.pankaj@gmail.com,9074745543,
Mridul Shrivastava,mridul@thoughtwin.com,7987285044,
Sandeep Thakur,sandeep@thoughtwin.com,8319143495,
Navneet Sharma,navneet@thoughtwin.com,9685749109,
Rohit Sapta,rohits@thoughtwin.com,9755191667,
Prateek Mishra,prateekm@thoughtwin.com,8269622070,
Ritik Kumar Patidar,ritikp@thoughtwin.com,8269868132,
Ankush Nagar,ankush@thoughtwin.com,7224072381,
Shraddha Baheti,shraddha@thoughtwin.com,8966047631,
Vaishnavi Pardeshi,vaishnavi@thoughtwin.com,7898842717,
Nitin Dhote,nitind@thoughtwin.com,9669945830,
Sakshi Jain,Sakshi.thoughtwin@gmail.com,8085721717,
Tanya Goyal,tanya@thoughtwin.com,6261297632,
Jitendra Sonyani,jitendras@thoughtwin.com,9926013093,
Sarita Jagtap,sarita@thoughtwin.com,8269262055,
Srishti Jain,srishti@thoughtwin.com,8871133896,
Nandkishore Geete,nandkishore@thoughtwin.com,8236808384,
Vinay Dubey,vinay@thoughtwin.com,9977796636,
Sanjay kaushik,sanjay@thoughtwin.com,8103392930,
Abhishek kothiya,abhishek@thoughtwin.com,9907390134,
Rajat Mishra,rajatm@thoughtwin.com,8160201174,
Janhavi Soni,janhavi@thoughtwin.com,9111079439,
Kiran Rathore,kiran@thoughtwin.com,7089652278,
Himanshu Bhati,himanshu@thoughtwin.com,9588234856,
Anupam Tiwari,anupam@thoughtwin.com,9755623535,
Aniket Songara,aniket@thoughtwin.com,8871529828,
Bhavana Pathak,bhawana@thoughtwin.com,9685342882,
Devesh Sahu,deveshsahu@thoughtwin.com,7987086926,
Shubhangi Junjle,shubhangi@thoughtwin.com,8530654166,
Prithvi Bansal,prithvi@thoughtwin.com,9977819444,
Prateek Mishra,prateekm@thoughtwin.com,8269622070,
vaishali rathore,vaishalir@thoughtwin.com,9926222407,
Kuldeep Patidar,kuldeeppatidar@thoughtwin.com,8770062735,
sadav Hussain,sadav@thoughtwin.com,9752526720,
Rahul Mukati,rahulm@thoughtwin.com,7089850780,
Himanshu Pal,himanshup@thoughtwin.com,9074235235,
Anmol Sharma,anmol@thoughtwin.com,9131539565,
Aishwary Tarale,aishwary@thoughtwin.com,9579502292,
Vineet Kadway,vineet@thoughtwin.com,9644144505,
Shubham Savner,shubhamsavner@thoughtwin.com,7582950550,
Sanjay Gautam,sanjayg@thoughtwin.com,7620664655,
Prakhar Dwivedi,prakhar@thoughtwin.com,6260336626,
Rutuja B.,rutuja@thoughtwin.com,8459644389,
Ashish Yadav,ashish@thoughtwin.com,9111061651,
Shivashish Dubey,shivashish@thoughtwin.com,8109217173,
Rajneesh Sanodiya,rajneesh@thoughtwin.com,8827823110,
Amit Rathod,amitrathod@thoughtwin.com,8421999289,
Bhagwati Parsad,bhagwati@thoughtwin.com,7354934801,
Sakshi Vyas,sakshivyas@thoughtwin.com,8827163020,
Amit Dharmale,amitdharmale@thoughtwin.com,8329710931,
Rohit Rathod,rohitrathore@thoughtwin.com,9302371065,
Namrata Patel,namratapatel@thoughtwin.com,7067473788,
Shriram Mishra,shriram@thoughtwin.com,6232540743,
Kapil Gujar,kapil@thoughtwin.com,9827496074,
Kavita Ahirwar,kavita@thoughtwin.com,8269395756,
Nihal Daharwal,nihal@thoughtwin.com,7509784211,
Tanu Kelde,tanu@thoughtwin.com,8462045340,
Amit Rajoriya,amitrajoriya@thoughtwin.com,7389066651,
Shweta Tanmay,shweta@thoughtwin.com,7999712593,
Aditya Meena,adityameena@thoughtwin.com,8319646623,
Dipesh Patidar,dipesh@thoughtwin.com,9074171872,
Deepak Parmar,deepakparmar@thoughtwin.com,8770277580,
Abhinandan Lovanshi,abhinandan@thoughtwin.com,7049836854,
Anjali Mahawar,anjalimahawar@thoughtwin.com,8269204407,
Premal Chaudhary,premal@thoughtwin.com,9826280829,
Rajendra V. Khairnar,rkhairnar@thoughtwin.com,8485864859,
Deepak Patil,deepak@thoughtwin.com,7987555397,
Sanju Prajapat,sanju@thoughtwin.com,8770993367,
Sheji Khan,sheji@thoughtwin.com,9755966191,
Shivam Pandey,shivampandey@thoughtwin.com,6265116185,
Poonam Kumar,poonamK@thoughtwin.com,7722814112,
Eisha khan,eisha@thoughtwin.com,7477215866,
Gourav Nigam,gaurav@thoughtwin.com,8770120487,
Sakshi Kalra,sakshikalra@thoughtwin.com,9479818066,
Vivek Anand Sharma,vivekanand@thoughtwin.com,8817133035,
Atul Kumar,atul@thoughtwin.com,9468793098,
Praveen Kumar,praveen@thoughtwin.com,9131216812,
Nikhil Rakhonde,nikhil@thoughtwin.com,9589891894,
Ravi Suryavanshi,ravisuryavanshi@thoughtwin.com,7509673756,
Dibya Mishra,dibya@thoughtwin.com,7987426346,
Divyansh Malviya,divyansh@thoughtwin.com,8962396248,
Nayan Choudhary,nayan@thoughtwin.com,8770015893,
Priyanka Bagul,priyankabagul@thoughtwin.com,8839842163,
Prithvi Nagar,prithvi@thoughtwin.com,9977819444,
Deepak Thakur,deepakthakur@thoughtwin.com,8659840080,
Shubham Mehra,shubhammehra@thoughtwin.com,9039607203,
Pawan Vishwakarma,pawanvishwakarma@thoughtwin.com,9098588544,'
[Node] [ERROR] - 2022-12-12T09:29:48.778ZuncaughtException: Cannot find module '@/utils/fs.utils'
Require stack:
- /home/thoughtwin/Documents/EB_Ty/src/services/user/index.ts
- /home/thoughtwin/Documents/EB_Ty/src/controllers/user/users.controller.ts
- /home/thoughtwin/Documents/EB_Ty/src/controllers/user/index.ts
- /home/thoughtwin/Documents/EB_Ty/src/controllers/index.ts
- /home/thoughtwin/Documents/EB_Ty/src/routes/deapartment.routes.ts
- /home/thoughtwin/Documents/EB_Ty/src/routes/index.ts
- /home/thoughtwin/Documents/EB_Ty/src/app.ts
- /home/thoughtwin/Documents/EB_Ty/src/index.ts
Error: Cannot find module '@/utils/fs.utils'
Require stack:
- /home/thoughtwin/Documents/EB_Ty/src/services/user/index.ts
- /home/thoughtwin/Documents/EB_Ty/src/controllers/user/users.controller.ts
- /home/thoughtwin/Documents/EB_Ty/src/controllers/user/index.ts
- /home/thoughtwin/Documents/EB_Ty/src/controllers/index.ts
- /home/thoughtwin/Documents/EB_Ty/src/routes/deapartment.routes.ts
- /home/thoughtwin/Documents/EB_Ty/src/routes/index.ts
- /home/thoughtwin/Documents/EB_Ty/src/app.ts
- /home/thoughtwin/Documents/EB_Ty/src/index.ts
    at Function.Module._resolveFilename (node:internal/modules/cjs/loader:939:15)
    at Function.Module._resolveFilename.sharedData.moduleResolveFilenameHook.installedValue [as _resolveFilename] (/home/thoughtwin/Documents/EB_Ty/node_modules/@cspotcode/source-map-support/source-map-support.js:811:30)
    at Function.Module._load (node:internal/modules/cjs/loader:780:27)
    at Module.require (node:internal/modules/cjs/loader:1005:19)
    at require (node:internal/modules/cjs/helpers:102:18)
    at Object.<anonymous> (/home/thoughtwin/Documents/EB_Ty/src/services/user/index.ts:14:1)
    at Module._compile (node:internal/modules/cjs/loader:1105:14)
    at Module.m._compile (/home/thoughtwin/Documents/EB_Ty/node_modules/ts-node/src/index.ts:1618:23)
    at Module._extensions..js (node:internal/modules/cjs/loader:1159:10)
    at Object.require.extensions.<computed> [as .ts] (/home/thoughtwin/Documents/EB_Ty/node_modules/ts-node/src/index.ts:1621:12)
[Node] [ERROR] - 2022-12-12T09:30:04.318ZuncaughtException: Cannot find module '@/utils/fs.utils'
Require stack:
- /home/thoughtwin/Documents/EB_Ty/src/services/user/index.ts
- /home/thoughtwin/Documents/EB_Ty/src/controllers/user/users.controller.ts
- /home/thoughtwin/Documents/EB_Ty/src/controllers/user/index.ts
- /home/thoughtwin/Documents/EB_Ty/src/controllers/index.ts
- /home/thoughtwin/Documents/EB_Ty/src/routes/deapartment.routes.ts
- /home/thoughtwin/Documents/EB_Ty/src/routes/index.ts
- /home/thoughtwin/Documents/EB_Ty/src/app.ts
- /home/thoughtwin/Documents/EB_Ty/src/index.ts
Error: Cannot find module '@/utils/fs.utils'
Require stack:
- /home/thoughtwin/Documents/EB_Ty/src/services/user/index.ts
- /home/thoughtwin/Documents/EB_Ty/src/controllers/user/users.controller.ts
- /home/thoughtwin/Documents/EB_Ty/src/controllers/user/index.ts
- /home/thoughtwin/Documents/EB_Ty/src/controllers/index.ts
- /home/thoughtwin/Documents/EB_Ty/src/routes/deapartment.routes.ts
- /home/thoughtwin/Documents/EB_Ty/src/routes/index.ts
- /home/thoughtwin/Documents/EB_Ty/src/app.ts
- /home/thoughtwin/Documents/EB_Ty/src/index.ts
    at Function.Module._resolveFilename (node:internal/modules/cjs/loader:939:15)
    at Function.Module._resolveFilename.sharedData.moduleResolveFilenameHook.installedValue [as _resolveFilename] (/home/thoughtwin/Documents/EB_Ty/node_modules/@cspotcode/source-map-support/source-map-support.js:811:30)
    at Function.Module._load (node:internal/modules/cjs/loader:780:27)
    at Module.require (node:internal/modules/cjs/loader:1005:19)
    at require (node:internal/modules/cjs/helpers:102:18)
    at Object.<anonymous> (/home/thoughtwin/Documents/EB_Ty/src/services/user/index.ts:14:1)
    at Module._compile (node:internal/modules/cjs/loader:1105:14)
    at Module.m._compile (/home/thoughtwin/Documents/EB_Ty/node_modules/ts-node/src/index.ts:1618:23)
    at Module._extensions..js (node:internal/modules/cjs/loader:1159:10)
    at Object.require.extensions.<computed> [as .ts] (/home/thoughtwin/Documents/EB_Ty/node_modules/ts-node/src/index.ts:1621:12)
[Node] [ERROR] - 2022-12-12T09:30:14.765ZuncaughtException: Cannot find module '@/utils/fs.utils'
Require stack:
- /home/thoughtwin/Documents/EB_Ty/src/services/user/index.ts
- /home/thoughtwin/Documents/EB_Ty/src/controllers/user/users.controller.ts
- /home/thoughtwin/Documents/EB_Ty/src/controllers/user/index.ts
- /home/thoughtwin/Documents/EB_Ty/src/controllers/index.ts
- /home/thoughtwin/Documents/EB_Ty/src/routes/deapartment.routes.ts
- /home/thoughtwin/Documents/EB_Ty/src/routes/index.ts
- /home/thoughtwin/Documents/EB_Ty/src/app.ts
- /home/thoughtwin/Documents/EB_Ty/src/index.ts
Error: Cannot find module '@/utils/fs.utils'
Require stack:
- /home/thoughtwin/Documents/EB_Ty/src/services/user/index.ts
- /home/thoughtwin/Documents/EB_Ty/src/controllers/user/users.controller.ts
- /home/thoughtwin/Documents/EB_Ty/src/controllers/user/index.ts
- /home/thoughtwin/Documents/EB_Ty/src/controllers/index.ts
- /home/thoughtwin/Documents/EB_Ty/src/routes/deapartment.routes.ts
- /home/thoughtwin/Documents/EB_Ty/src/routes/index.ts
- /home/thoughtwin/Documents/EB_Ty/src/app.ts
- /home/thoughtwin/Documents/EB_Ty/src/index.ts
    at Function.Module._resolveFilename (node:internal/modules/cjs/loader:939:15)
    at Function.Module._resolveFilename.sharedData.moduleResolveFilenameHook.installedValue [as _resolveFilename] (/home/thoughtwin/Documents/EB_Ty/node_modules/@cspotcode/source-map-support/source-map-support.js:811:30)
    at Function.Module._load (node:internal/modules/cjs/loader:780:27)
    at Module.require (node:internal/modules/cjs/loader:1005:19)
    at require (node:internal/modules/cjs/helpers:102:18)
    at Object.<anonymous> (/home/thoughtwin/Documents/EB_Ty/src/services/user/index.ts:14:1)
    at Module._compile (node:internal/modules/cjs/loader:1105:14)
    at Module.m._compile (/home/thoughtwin/Documents/EB_Ty/node_modules/ts-node/src/index.ts:1618:23)
    at Module._extensions..js (node:internal/modules/cjs/loader:1159:10)
    at Object.require.extensions.<computed> [as .ts] (/home/thoughtwin/Documents/EB_Ty/node_modules/ts-node/src/index.ts:1621:12)
[Node] [ERROR] - 2022-12-12T09:41:37.183ZuncaughtException: тип Unable to compile TypeScript:
[96msrc/utils/fs.utils.ts[0m:[93m4[0m:[93m30[0m - [91merror[0m[90m TS2820: [0mType '"UTF-8"' is not assignable to type 'BufferEncoding'. Did you mean '"utf-8"'?

[7m4[0m   createReadStream(buffer, { encoding: 'UTF-8' })
[7m [0m [91m                             ~~~~~~~~[0m

TSError: тип Unable to compile TypeScript:
[96msrc/utils/fs.utils.ts[0m:[93m4[0m:[93m30[0m - [91merror[0m[90m TS2820: [0mType '"UTF-8"' is not assignable to type 'BufferEncoding'. Did you mean '"utf-8"'?

[7m4[0m   createReadStream(buffer, { encoding: 'UTF-8' })
[7m [0m [91m                             ~~~~~~~~[0m

    at createTSError (/home/thoughtwin/Documents/EB_Ty/node_modules/ts-node/src/index.ts:859:12)
    at reportTSError (/home/thoughtwin/Documents/EB_Ty/node_modules/ts-node/src/index.ts:863:19)
    at getOutput (/home/thoughtwin/Documents/EB_Ty/node_modules/ts-node/src/index.ts:1077:36)
    at Object.compile (/home/thoughtwin/Documents/EB_Ty/node_modules/ts-node/src/index.ts:1433:41)
    at Module.m._compile (/home/thoughtwin/Documents/EB_Ty/node_modules/ts-node/src/index.ts:1617:30)
    at Module._extensions..js (node:internal/modules/cjs/loader:1159:10)
    at Object.require.extensions.<computed> [as .ts] (/home/thoughtwin/Documents/EB_Ty/node_modules/ts-node/src/index.ts:1621:12)
    at Module.load (node:internal/modules/cjs/loader:981:32)
    at Function.Module._load (node:internal/modules/cjs/loader:827:12)
    at Module.require (node:internal/modules/cjs/loader:1005:19)
[Node] [ERROR] - 2022-12-12T09:54:06.037ZuncaughtException: тип Unable to compile TypeScript:
[96msrc/services/user/index.ts[0m:[93m98[0m:[93m43[0m - [91merror[0m[90m TS2448: [0mBlock-scoped variable 'data' used before its declaration.

[7m98[0m       console.log('>>>>>>>>>>>>>>>>>>>>', data);
[7m  [0m [91m                                          ~~~~[0m

  [96msrc/services/user/index.ts[0m:[93m96[0m:[93m13[0m
    [7m96[0m       const data =
    [7m  [0m [96m            ~~~~[0m
    'data' is declared here.

TSError: тип Unable to compile TypeScript:
[96msrc/services/user/index.ts[0m:[93m98[0m:[93m43[0m - [91merror[0m[90m TS2448: [0mBlock-scoped variable 'data' used before its declaration.

[7m98[0m       console.log('>>>>>>>>>>>>>>>>>>>>', data);
[7m  [0m [91m                                          ~~~~[0m

  [96msrc/services/user/index.ts[0m:[93m96[0m:[93m13[0m
    [7m96[0m       const data =
    [7m  [0m [96m            ~~~~[0m
    'data' is declared here.

    at createTSError (/home/thoughtwin/Documents/EB_Ty/node_modules/ts-node/src/index.ts:859:12)
    at reportTSError (/home/thoughtwin/Documents/EB_Ty/node_modules/ts-node/src/index.ts:863:19)
    at getOutput (/home/thoughtwin/Documents/EB_Ty/node_modules/ts-node/src/index.ts:1077:36)
    at Object.compile (/home/thoughtwin/Documents/EB_Ty/node_modules/ts-node/src/index.ts:1433:41)
    at Module.m._compile (/home/thoughtwin/Documents/EB_Ty/node_modules/ts-node/src/index.ts:1617:30)
    at Module._extensions..js (node:internal/modules/cjs/loader:1159:10)
    at Object.require.extensions.<computed> [as .ts] (/home/thoughtwin/Documents/EB_Ty/node_modules/ts-node/src/index.ts:1621:12)
    at Module.load (node:internal/modules/cjs/loader:981:32)
    at Function.Module._load (node:internal/modules/cjs/loader:827:12)
    at Module.require (node:internal/modules/cjs/loader:1005:19)
[Node] [ERROR] - 2022-12-12T09:58:30.248ZuncaughtException: тип Unable to compile TypeScript:
[96msrc/utils/fs.utils.ts[0m:[93m4[0m:[93m5[0m - [91merror[0m[90m TS2304: [0mCannot find name 'req'.

[7m4[0m     req.file.buffer.toString();
[7m [0m [91m    ~~~[0m

TSError: тип Unable to compile TypeScript:
[96msrc/utils/fs.utils.ts[0m:[93m4[0m:[93m5[0m - [91merror[0m[90m TS2304: [0mCannot find name 'req'.

[7m4[0m     req.file.buffer.toString();
[7m [0m [91m    ~~~[0m

    at createTSError (/home/thoughtwin/Documents/EB_Ty/node_modules/ts-node/src/index.ts:859:12)
    at reportTSError (/home/thoughtwin/Documents/EB_Ty/node_modules/ts-node/src/index.ts:863:19)
    at getOutput (/home/thoughtwin/Documents/EB_Ty/node_modules/ts-node/src/index.ts:1077:36)
    at Object.compile (/home/thoughtwin/Documents/EB_Ty/node_modules/ts-node/src/index.ts:1433:41)
    at Module.m._compile (/home/thoughtwin/Documents/EB_Ty/node_modules/ts-node/src/index.ts:1617:30)
    at Module._extensions..js (node:internal/modules/cjs/loader:1159:10)
    at Object.require.extensions.<computed> [as .ts] (/home/thoughtwin/Documents/EB_Ty/node_modules/ts-node/src/index.ts:1621:12)
    at Module.load (node:internal/modules/cjs/loader:981:32)
    at Function.Module._load (node:internal/modules/cjs/loader:827:12)
    at Module.require (node:internal/modules/cjs/loader:1005:19)
[Node] [ERROR] - 2022-12-12T09:58:35.164ZuncaughtException: тип Unable to compile TypeScript:
[96msrc/utils/fs.utils.ts[0m:[93m4[0m:[93m16[0m - [91merror[0m[90m TS2304: [0mCannot find name 'req'.

[7m4[0m   const data = req.file.buffer.toString();
[7m [0m [91m               ~~~[0m

TSError: тип Unable to compile TypeScript:
[96msrc/utils/fs.utils.ts[0m:[93m4[0m:[93m16[0m - [91merror[0m[90m TS2304: [0mCannot find name 'req'.

[7m4[0m   const data = req.file.buffer.toString();
[7m [0m [91m               ~~~[0m

    at createTSError (/home/thoughtwin/Documents/EB_Ty/node_modules/ts-node/src/index.ts:859:12)
    at reportTSError (/home/thoughtwin/Documents/EB_Ty/node_modules/ts-node/src/index.ts:863:19)
    at getOutput (/home/thoughtwin/Documents/EB_Ty/node_modules/ts-node/src/index.ts:1077:36)
    at Object.compile (/home/thoughtwin/Documents/EB_Ty/node_modules/ts-node/src/index.ts:1433:41)
    at Module.m._compile (/home/thoughtwin/Documents/EB_Ty/node_modules/ts-node/src/index.ts:1617:30)
    at Module._extensions..js (node:internal/modules/cjs/loader:1159:10)
    at Object.require.extensions.<computed> [as .ts] (/home/thoughtwin/Documents/EB_Ty/node_modules/ts-node/src/index.ts:1621:12)
    at Module.load (node:internal/modules/cjs/loader:981:32)
    at Function.Module._load (node:internal/modules/cjs/loader:827:12)
    at Module.require (node:internal/modules/cjs/loader:1005:19)
[Node] [ERROR] - 2022-12-12T09:59:52.500ZuncaughtException: тип Unable to compile TypeScript:
[96msrc/services/user/index.ts[0m:[93m98[0m:[93m43[0m - [91merror[0m[90m TS2304: [0mCannot find name 'data'.

[7m98[0m       console.log('>>>>>>>>>>>>>>>>>>>>', data);
[7m  [0m [91m                                          ~~~~[0m

TSError: тип Unable to compile TypeScript:
[96msrc/services/user/index.ts[0m:[93m98[0m:[93m43[0m - [91merror[0m[90m TS2304: [0mCannot find name 'data'.

[7m98[0m       console.log('>>>>>>>>>>>>>>>>>>>>', data);
[7m  [0m [91m                                          ~~~~[0m

    at createTSError (/home/thoughtwin/Documents/EB_Ty/node_modules/ts-node/src/index.ts:859:12)
    at reportTSError (/home/thoughtwin/Documents/EB_Ty/node_modules/ts-node/src/index.ts:863:19)
    at getOutput (/home/thoughtwin/Documents/EB_Ty/node_modules/ts-node/src/index.ts:1077:36)
    at Object.compile (/home/thoughtwin/Documents/EB_Ty/node_modules/ts-node/src/index.ts:1433:41)
    at Module.m._compile (/home/thoughtwin/Documents/EB_Ty/node_modules/ts-node/src/index.ts:1617:30)
    at Module._extensions..js (node:internal/modules/cjs/loader:1159:10)
    at Object.require.extensions.<computed> [as .ts] (/home/thoughtwin/Documents/EB_Ty/node_modules/ts-node/src/index.ts:1621:12)
    at Module.load (node:internal/modules/cjs/loader:981:32)
    at Function.Module._load (node:internal/modules/cjs/loader:827:12)
    at Module.require (node:internal/modules/cjs/loader:1005:19)
[Node] [ERROR] - 2022-12-12T10:01:25.701ZuncaughtException: тип Unable to compile TypeScript:
[96msrc/services/user/index.ts[0m:[93m98[0m:[93m43[0m - [91merror[0m[90m TS2304: [0mCannot find name 'data'.

[7m98[0m       console.log('>>>>>>>>>>>>>>>>>>>>', data);
[7m  [0m [91m                                          ~~~~[0m

TSError: тип Unable to compile TypeScript:
[96msrc/services/user/index.ts[0m:[93m98[0m:[93m43[0m - [91merror[0m[90m TS2304: [0mCannot find name 'data'.

[7m98[0m       console.log('>>>>>>>>>>>>>>>>>>>>', data);
[7m  [0m [91m                                          ~~~~[0m

    at createTSError (/home/thoughtwin/Documents/EB_Ty/node_modules/ts-node/src/index.ts:859:12)
    at reportTSError (/home/thoughtwin/Documents/EB_Ty/node_modules/ts-node/src/index.ts:863:19)
    at getOutput (/home/thoughtwin/Documents/EB_Ty/node_modules/ts-node/src/index.ts:1077:36)
    at Object.compile (/home/thoughtwin/Documents/EB_Ty/node_modules/ts-node/src/index.ts:1433:41)
    at Module.m._compile (/home/thoughtwin/Documents/EB_Ty/node_modules/ts-node/src/index.ts:1617:30)
    at Module._extensions..js (node:internal/modules/cjs/loader:1159:10)
    at Object.require.extensions.<computed> [as .ts] (/home/thoughtwin/Documents/EB_Ty/node_modules/ts-node/src/index.ts:1621:12)
    at Module.load (node:internal/modules/cjs/loader:981:32)
    at Function.Module._load (node:internal/modules/cjs/loader:827:12)
    at Module.require (node:internal/modules/cjs/loader:1005:19)
[Node] [ERROR] - 2022-12-12T10:01:37.335ZuncaughtException: тип Unable to compile TypeScript:
[96msrc/services/user/index.ts[0m:[93m98[0m:[93m43[0m - [91merror[0m[90m TS2304: [0mCannot find name 'data'.

[7m98[0m       console.log('>>>>>>>>>>>>>>>>>>>>', data);
[7m  [0m [91m                                          ~~~~[0m

TSError: тип Unable to compile TypeScript:
[96msrc/services/user/index.ts[0m:[93m98[0m:[93m43[0m - [91merror[0m[90m TS2304: [0mCannot find name 'data'.

[7m98[0m       console.log('>>>>>>>>>>>>>>>>>>>>', data);
[7m  [0m [91m                                          ~~~~[0m

    at createTSError (/home/thoughtwin/Documents/EB_Ty/node_modules/ts-node/src/index.ts:859:12)
    at reportTSError (/home/thoughtwin/Documents/EB_Ty/node_modules/ts-node/src/index.ts:863:19)
    at getOutput (/home/thoughtwin/Documents/EB_Ty/node_modules/ts-node/src/index.ts:1077:36)
    at Object.compile (/home/thoughtwin/Documents/EB_Ty/node_modules/ts-node/src/index.ts:1433:41)
    at Module.m._compile (/home/thoughtwin/Documents/EB_Ty/node_modules/ts-node/src/index.ts:1617:30)
    at Module._extensions..js (node:internal/modules/cjs/loader:1159:10)
    at Object.require.extensions.<computed> [as .ts] (/home/thoughtwin/Documents/EB_Ty/node_modules/ts-node/src/index.ts:1621:12)
    at Module.load (node:internal/modules/cjs/loader:981:32)
    at Function.Module._load (node:internal/modules/cjs/loader:827:12)
    at Module.require (node:internal/modules/cjs/loader:1005:19)
[Node] [ERROR] - 2022-12-12T10:01:50.817ZuncaughtException: тип Unable to compile TypeScript:
[96msrc/services/user/index.ts[0m:[93m98[0m:[93m43[0m - [91merror[0m[90m TS2304: [0mCannot find name 'data'.

[7m98[0m       console.log('>>>>>>>>>>>>>>>>>>>>', data);
[7m  [0m [91m                                          ~~~~[0m

TSError: тип Unable to compile TypeScript:
[96msrc/services/user/index.ts[0m:[93m98[0m:[93m43[0m - [91merror[0m[90m TS2304: [0mCannot find name 'data'.

[7m98[0m       console.log('>>>>>>>>>>>>>>>>>>>>', data);
[7m  [0m [91m                                          ~~~~[0m

    at createTSError (/home/thoughtwin/Documents/EB_Ty/node_modules/ts-node/src/index.ts:859:12)
    at reportTSError (/home/thoughtwin/Documents/EB_Ty/node_modules/ts-node/src/index.ts:863:19)
    at getOutput (/home/thoughtwin/Documents/EB_Ty/node_modules/ts-node/src/index.ts:1077:36)
    at Object.compile (/home/thoughtwin/Documents/EB_Ty/node_modules/ts-node/src/index.ts:1433:41)
    at Module.m._compile (/home/thoughtwin/Documents/EB_Ty/node_modules/ts-node/src/index.ts:1617:30)
    at Module._extensions..js (node:internal/modules/cjs/loader:1159:10)
    at Object.require.extensions.<computed> [as .ts] (/home/thoughtwin/Documents/EB_Ty/node_modules/ts-node/src/index.ts:1621:12)
    at Module.load (node:internal/modules/cjs/loader:981:32)
    at Function.Module._load (node:internal/modules/cjs/loader:827:12)
    at Module.require (node:internal/modules/cjs/loader:1005:19)
[Node] [ERROR] - 2022-12-12T10:02:01.352ZuncaughtException: тип Unable to compile TypeScript:
[96msrc/services/user/index.ts[0m:[93m98[0m:[93m43[0m - [91merror[0m[90m TS2304: [0mCannot find name 'data'.

[7m98[0m       console.log('>>>>>>>>>>>>>>>>>>>>', data);
[7m  [0m [91m                                          ~~~~[0m

TSError: тип Unable to compile TypeScript:
[96msrc/services/user/index.ts[0m:[93m98[0m:[93m43[0m - [91merror[0m[90m TS2304: [0mCannot find name 'data'.

[7m98[0m       console.log('>>>>>>>>>>>>>>>>>>>>', data);
[7m  [0m [91m                                          ~~~~[0m

    at createTSError (/home/thoughtwin/Documents/EB_Ty/node_modules/ts-node/src/index.ts:859:12)
    at reportTSError (/home/thoughtwin/Documents/EB_Ty/node_modules/ts-node/src/index.ts:863:19)
    at getOutput (/home/thoughtwin/Documents/EB_Ty/node_modules/ts-node/src/index.ts:1077:36)
    at Object.compile (/home/thoughtwin/Documents/EB_Ty/node_modules/ts-node/src/index.ts:1433:41)
    at Module.m._compile (/home/thoughtwin/Documents/EB_Ty/node_modules/ts-node/src/index.ts:1617:30)
    at Module._extensions..js (node:internal/modules/cjs/loader:1159:10)
    at Object.require.extensions.<computed> [as .ts] (/home/thoughtwin/Documents/EB_Ty/node_modules/ts-node/src/index.ts:1621:12)
    at Module.load (node:internal/modules/cjs/loader:981:32)
    at Function.Module._load (node:internal/modules/cjs/loader:827:12)
    at Module.require (node:internal/modules/cjs/loader:1005:19)
[Node] [ERROR] - 2022-12-12T10:02:30.800ZuncaughtException: тип Unable to compile TypeScript:
[96msrc/services/user/index.ts[0m:[93m98[0m:[93m43[0m - [91merror[0m[90m TS2304: [0mCannot find name 'data'.

[7m98[0m       console.log('>>>>>>>>>>>>>>>>>>>>', data);
[7m  [0m [91m                                          ~~~~[0m

TSError: тип Unable to compile TypeScript:
[96msrc/services/user/index.ts[0m:[93m98[0m:[93m43[0m - [91merror[0m[90m TS2304: [0mCannot find name 'data'.

[7m98[0m       console.log('>>>>>>>>>>>>>>>>>>>>', data);
[7m  [0m [91m                                          ~~~~[0m

    at createTSError (/home/thoughtwin/Documents/EB_Ty/node_modules/ts-node/src/index.ts:859:12)
    at reportTSError (/home/thoughtwin/Documents/EB_Ty/node_modules/ts-node/src/index.ts:863:19)
    at getOutput (/home/thoughtwin/Documents/EB_Ty/node_modules/ts-node/src/index.ts:1077:36)
    at Object.compile (/home/thoughtwin/Documents/EB_Ty/node_modules/ts-node/src/index.ts:1433:41)
    at Module.m._compile (/home/thoughtwin/Documents/EB_Ty/node_modules/ts-node/src/index.ts:1617:30)
    at Module._extensions..js (node:internal/modules/cjs/loader:1159:10)
    at Object.require.extensions.<computed> [as .ts] (/home/thoughtwin/Documents/EB_Ty/node_modules/ts-node/src/index.ts:1621:12)
    at Module.load (node:internal/modules/cjs/loader:981:32)
    at Function.Module._load (node:internal/modules/cjs/loader:827:12)
    at Module.require (node:internal/modules/cjs/loader:1005:19)
[Node] [ERROR] - 2022-12-12T10:02:42.436ZuncaughtException: тип Unable to compile TypeScript:
[96msrc/services/user/index.ts[0m:[93m98[0m:[93m43[0m - [91merror[0m[90m TS2304: [0mCannot find name 'data'.

[7m98[0m       console.log('>>>>>>>>>>>>>>>>>>>>', data);
[7m  [0m [91m                                          ~~~~[0m

TSError: тип Unable to compile TypeScript:
[96msrc/services/user/index.ts[0m:[93m98[0m:[93m43[0m - [91merror[0m[90m TS2304: [0mCannot find name 'data'.

[7m98[0m       console.log('>>>>>>>>>>>>>>>>>>>>', data);
[7m  [0m [91m                                          ~~~~[0m

    at createTSError (/home/thoughtwin/Documents/EB_Ty/node_modules/ts-node/src/index.ts:859:12)
    at reportTSError (/home/thoughtwin/Documents/EB_Ty/node_modules/ts-node/src/index.ts:863:19)
    at getOutput (/home/thoughtwin/Documents/EB_Ty/node_modules/ts-node/src/index.ts:1077:36)
    at Object.compile (/home/thoughtwin/Documents/EB_Ty/node_modules/ts-node/src/index.ts:1433:41)
    at Module.m._compile (/home/thoughtwin/Documents/EB_Ty/node_modules/ts-node/src/index.ts:1617:30)
    at Module._extensions..js (node:internal/modules/cjs/loader:1159:10)
    at Object.require.extensions.<computed> [as .ts] (/home/thoughtwin/Documents/EB_Ty/node_modules/ts-node/src/index.ts:1621:12)
    at Module.load (node:internal/modules/cjs/loader:981:32)
    at Function.Module._load (node:internal/modules/cjs/loader:827:12)
    at Module.require (node:internal/modules/cjs/loader:1005:19)
[Node] [ERROR] - 2022-12-12T10:02:59.057ZuncaughtException: тип Unable to compile TypeScript:
[96msrc/services/user/index.ts[0m:[93m98[0m:[93m43[0m - [91merror[0m[90m TS2304: [0mCannot find name 'data'.

[7m98[0m       console.log('>>>>>>>>>>>>>>>>>>>>', data);
[7m  [0m [91m                                          ~~~~[0m

TSError: тип Unable to compile TypeScript:
[96msrc/services/user/index.ts[0m:[93m98[0m:[93m43[0m - [91merror[0m[90m TS2304: [0mCannot find name 'data'.

[7m98[0m       console.log('>>>>>>>>>>>>>>>>>>>>', data);
[7m  [0m [91m                                          ~~~~[0m

    at createTSError (/home/thoughtwin/Documents/EB_Ty/node_modules/ts-node/src/index.ts:859:12)
    at reportTSError (/home/thoughtwin/Documents/EB_Ty/node_modules/ts-node/src/index.ts:863:19)
    at getOutput (/home/thoughtwin/Documents/EB_Ty/node_modules/ts-node/src/index.ts:1077:36)
    at Object.compile (/home/thoughtwin/Documents/EB_Ty/node_modules/ts-node/src/index.ts:1433:41)
    at Module.m._compile (/home/thoughtwin/Documents/EB_Ty/node_modules/ts-node/src/index.ts:1617:30)
    at Module._extensions..js (node:internal/modules/cjs/loader:1159:10)
    at Object.require.extensions.<computed> [as .ts] (/home/thoughtwin/Documents/EB_Ty/node_modules/ts-node/src/index.ts:1621:12)
    at Module.load (node:internal/modules/cjs/loader:981:32)
    at Function.Module._load (node:internal/modules/cjs/loader:827:12)
    at Module.require (node:internal/modules/cjs/loader:1005:19)
[Node] [ERROR] - 2022-12-12T10:03:13.090ZuncaughtException: тип Unable to compile TypeScript:
[96msrc/services/user/index.ts[0m:[93m98[0m:[93m43[0m - [91merror[0m[90m TS2304: [0mCannot find name 'data'.

[7m98[0m       console.log('>>>>>>>>>>>>>>>>>>>>', data);
[7m  [0m [91m                                          ~~~~[0m

TSError: тип Unable to compile TypeScript:
[96msrc/services/user/index.ts[0m:[93m98[0m:[93m43[0m - [91merror[0m[90m TS2304: [0mCannot find name 'data'.

[7m98[0m       console.log('>>>>>>>>>>>>>>>>>>>>', data);
[7m  [0m [91m                                          ~~~~[0m

    at createTSError (/home/thoughtwin/Documents/EB_Ty/node_modules/ts-node/src/index.ts:859:12)
    at reportTSError (/home/thoughtwin/Documents/EB_Ty/node_modules/ts-node/src/index.ts:863:19)
    at getOutput (/home/thoughtwin/Documents/EB_Ty/node_modules/ts-node/src/index.ts:1077:36)
    at Object.compile (/home/thoughtwin/Documents/EB_Ty/node_modules/ts-node/src/index.ts:1433:41)
    at Module.m._compile (/home/thoughtwin/Documents/EB_Ty/node_modules/ts-node/src/index.ts:1617:30)
    at Module._extensions..js (node:internal/modules/cjs/loader:1159:10)
    at Object.require.extensions.<computed> [as .ts] (/home/thoughtwin/Documents/EB_Ty/node_modules/ts-node/src/index.ts:1621:12)
    at Module.load (node:internal/modules/cjs/loader:981:32)
    at Function.Module._load (node:internal/modules/cjs/loader:827:12)
    at Module.require (node:internal/modules/cjs/loader:1005:19)
[Node] [ERROR] - 2022-12-12T10:04:24.806ZuncaughtException: тип Unable to compile TypeScript:
[96msrc/utils/fs.utils.ts[0m:[93m4[0m:[93m5[0m - [91merror[0m[90m TS1214: [0mIdentifier expected. 'let' is a reserved word in strict mode. Modules are automatically in strict mode.

[7m4[0m     let
[7m [0m [91m    ~~~[0m
[96msrc/utils/fs.utils.ts[0m:[93m4[0m:[93m5[0m - [91merror[0m[90m TS2304: [0mCannot find name 'let'.

[7m4[0m     let
[7m [0m [91m    ~~~[0m

TSError: тип Unable to compile TypeScript:
[96msrc/utils/fs.utils.ts[0m:[93m4[0m:[93m5[0m - [91merror[0m[90m TS1214: [0mIdentifier expected. 'let' is a reserved word in strict mode. Modules are automatically in strict mode.

[7m4[0m     let
[7m [0m [91m    ~~~[0m
[96msrc/utils/fs.utils.ts[0m:[93m4[0m:[93m5[0m - [91merror[0m[90m TS2304: [0mCannot find name 'let'.

[7m4[0m     let
[7m [0m [91m    ~~~[0m

    at createTSError (/home/thoughtwin/Documents/EB_Ty/node_modules/ts-node/src/index.ts:859:12)
    at reportTSError (/home/thoughtwin/Documents/EB_Ty/node_modules/ts-node/src/index.ts:863:19)
    at getOutput (/home/thoughtwin/Documents/EB_Ty/node_modules/ts-node/src/index.ts:1077:36)
    at Object.compile (/home/thoughtwin/Documents/EB_Ty/node_modules/ts-node/src/index.ts:1433:41)
    at Module.m._compile (/home/thoughtwin/Documents/EB_Ty/node_modules/ts-node/src/index.ts:1617:30)
    at Module._extensions..js (node:internal/modules/cjs/loader:1159:10)
    at Object.require.extensions.<computed> [as .ts] (/home/thoughtwin/Documents/EB_Ty/node_modules/ts-node/src/index.ts:1621:12)
    at Module.load (node:internal/modules/cjs/loader:981:32)
    at Function.Module._load (node:internal/modules/cjs/loader:827:12)
    at Module.require (node:internal/modules/cjs/loader:1005:19)
[Node] [ERROR] - 2022-12-12T10:05:52.097ZuncaughtException: тип Unable to compile TypeScript:
[96msrc/utils/fs.utils.ts[0m:[93m7[0m:[93m7[0m - [91merror[0m[90m TS1109: [0mExpression expected.

[7m7[0m   for()
[7m [0m [91m      ~[0m

TSError: тип Unable to compile TypeScript:
[96msrc/utils/fs.utils.ts[0m:[93m7[0m:[93m7[0m - [91merror[0m[90m TS1109: [0mExpression expected.

[7m7[0m   for()
[7m [0m [91m      ~[0m

    at createTSError (/home/thoughtwin/Documents/EB_Ty/node_modules/ts-node/src/index.ts:859:12)
    at reportTSError (/home/thoughtwin/Documents/EB_Ty/node_modules/ts-node/src/index.ts:863:19)
    at getOutput (/home/thoughtwin/Documents/EB_Ty/node_modules/ts-node/src/index.ts:1077:36)
    at Object.compile (/home/thoughtwin/Documents/EB_Ty/node_modules/ts-node/src/index.ts:1433:41)
    at Module.m._compile (/home/thoughtwin/Documents/EB_Ty/node_modules/ts-node/src/index.ts:1617:30)
    at Module._extensions..js (node:internal/modules/cjs/loader:1159:10)
    at Object.require.extensions.<computed> [as .ts] (/home/thoughtwin/Documents/EB_Ty/node_modules/ts-node/src/index.ts:1621:12)
    at Module.load (node:internal/modules/cjs/loader:981:32)
    at Function.Module._load (node:internal/modules/cjs/loader:827:12)
    at Module.require (node:internal/modules/cjs/loader:1005:19)
[Node] [ERROR] - 2022-12-12T10:06:19.523ZuncaughtException: тип Unable to compile TypeScript:
[96msrc/utils/fs.utils.ts[0m:[93m7[0m:[93m8[0m - [91merror[0m[90m TS1134: [0mVariable declaration expected.

[7m7[0m for(let=)
[7m [0m [91m       ~[0m
[96msrc/utils/fs.utils.ts[0m:[93m7[0m:[93m9[0m - [91merror[0m[90m TS1134: [0mVariable declaration expected.

[7m7[0m for(let=)
[7m [0m [91m        ~[0m
[96msrc/utils/fs.utils.ts[0m:[93m8[0m:[93m10[0m - [91merror[0m[90m TS1005: [0m',' expected.

[7m8[0m   console.log(fieldsLength);
[7m [0m [91m         ~[0m
[96msrc/utils/fs.utils.ts[0m:[93m8[0m:[93m14[0m - [91merror[0m[90m TS1005: [0m',' expected.

[7m8[0m   console.log(fieldsLength);
[7m [0m [91m             ~[0m
[96msrc/utils/fs.utils.ts[0m:[93m9[0m:[93m1[0m - [91merror[0m[90m TS1109: [0mExpression expected.

[7m9[0m };
[7m [0m [91m~[0m

TSError: тип Unable to compile TypeScript:
[96msrc/utils/fs.utils.ts[0m:[93m7[0m:[93m8[0m - [91merror[0m[90m TS1134: [0mVariable declaration expected.

[7m7[0m for(let=)
[7m [0m [91m       ~[0m
[96msrc/utils/fs.utils.ts[0m:[93m7[0m:[93m9[0m - [91merror[0m[90m TS1134: [0mVariable declaration expected.

[7m7[0m for(let=)
[7m [0m [91m        ~[0m
[96msrc/utils/fs.utils.ts[0m:[93m8[0m:[93m10[0m - [91merror[0m[90m TS1005: [0m',' expected.

[7m8[0m   console.log(fieldsLength);
[7m [0m [91m         ~[0m
[96msrc/utils/fs.utils.ts[0m:[93m8[0m:[93m14[0m - [91merror[0m[90m TS1005: [0m',' expected.

[7m8[0m   console.log(fieldsLength);
[7m [0m [91m             ~[0m
[96msrc/utils/fs.utils.ts[0m:[93m9[0m:[93m1[0m - [91merror[0m[90m TS1109: [0mExpression expected.

[7m9[0m };
[7m [0m [91m~[0m

    at createTSError (/home/thoughtwin/Documents/EB_Ty/node_modules/ts-node/src/index.ts:859:12)
    at reportTSError (/home/thoughtwin/Documents/EB_Ty/node_modules/ts-node/src/index.ts:863:19)
    at getOutput (/home/thoughtwin/Documents/EB_Ty/node_modules/ts-node/src/index.ts:1077:36)
    at Object.compile (/home/thoughtwin/Documents/EB_Ty/node_modules/ts-node/src/index.ts:1433:41)
    at Module.m._compile (/home/thoughtwin/Documents/EB_Ty/node_modules/ts-node/src/index.ts:1617:30)
    at Module._extensions..js (node:internal/modules/cjs/loader:1159:10)
    at Object.require.extensions.<computed> [as .ts] (/home/thoughtwin/Documents/EB_Ty/node_modules/ts-node/src/index.ts:1621:12)
    at Module.load (node:internal/modules/cjs/loader:981:32)
    at Function.Module._load (node:internal/modules/cjs/loader:827:12)
    at Module.require (node:internal/modules/cjs/loader:1005:19)
[Node] [ERROR] - 2022-12-12T10:06:27.595ZuncaughtException: тип Unable to compile TypeScript:
[96msrc/utils/fs.utils.ts[0m:[93m8[0m:[93m10[0m - [91merror[0m[90m TS1005: [0m',' expected.

[7m8[0m   console.log(fieldsLength);
[7m [0m [91m         ~[0m
[96msrc/utils/fs.utils.ts[0m:[93m8[0m:[93m14[0m - [91merror[0m[90m TS1005: [0m',' expected.

[7m8[0m   console.log(fieldsLength);
[7m [0m [91m             ~[0m

TSError: тип Unable to compile TypeScript:
[96msrc/utils/fs.utils.ts[0m:[93m8[0m:[93m10[0m - [91merror[0m[90m TS1005: [0m',' expected.

[7m8[0m   console.log(fieldsLength);
[7m [0m [91m         ~[0m
[96msrc/utils/fs.utils.ts[0m:[93m8[0m:[93m14[0m - [91merror[0m[90m TS1005: [0m',' expected.

[7m8[0m   console.log(fieldsLength);
[7m [0m [91m             ~[0m

    at createTSError (/home/thoughtwin/Documents/EB_Ty/node_modules/ts-node/src/index.ts:859:12)
    at reportTSError (/home/thoughtwin/Documents/EB_Ty/node_modules/ts-node/src/index.ts:863:19)
    at getOutput (/home/thoughtwin/Documents/EB_Ty/node_modules/ts-node/src/index.ts:1077:36)
    at Object.compile (/home/thoughtwin/Documents/EB_Ty/node_modules/ts-node/src/index.ts:1433:41)
    at Module.m._compile (/home/thoughtwin/Documents/EB_Ty/node_modules/ts-node/src/index.ts:1617:30)
    at Module._extensions..js (node:internal/modules/cjs/loader:1159:10)
    at Object.require.extensions.<computed> [as .ts] (/home/thoughtwin/Documents/EB_Ty/node_modules/ts-node/src/index.ts:1621:12)
    at Module.load (node:internal/modules/cjs/loader:981:32)
    at Function.Module._load (node:internal/modules/cjs/loader:827:12)
    at Module.require (node:internal/modules/cjs/loader:1005:19)
[Node] [ERROR] - 2022-12-12T10:07:11.597ZuncaughtException: тип Unable to compile TypeScript:
[96msrc/utils/fs.utils.ts[0m:[93m5[0m:[93m9[0m - [91merror[0m[90m TS2451: [0mCannot redeclare block-scoped variable 'data'.

[7m5[0m   const data = buffer.toString().split('\n');
[7m [0m [91m        ~~~~[0m
[96msrc/utils/fs.utils.ts[0m:[93m7[0m:[93m17[0m - [91merror[0m[90m TS2451: [0mCannot redeclare block-scoped variable 'data'.

[7m7[0m   const [fields,data]
[7m [0m [91m                ~~~~[0m
[96msrc/utils/fs.utils.ts[0m:[93m7[0m:[93m9[0m - [91merror[0m[90m TS1182: [0mA destructuring declaration must have an initializer.

[7m7[0m   const [fields,data]
[7m [0m [91m        ~~~~~~~~~~~~~[0m

TSError: тип Unable to compile TypeScript:
[96msrc/utils/fs.utils.ts[0m:[93m5[0m:[93m9[0m - [91merror[0m[90m TS2451: [0mCannot redeclare block-scoped variable 'data'.

[7m5[0m   const data = buffer.toString().split('\n');
[7m [0m [91m        ~~~~[0m
[96msrc/utils/fs.utils.ts[0m:[93m7[0m:[93m17[0m - [91merror[0m[90m TS2451: [0mCannot redeclare block-scoped variable 'data'.

[7m7[0m   const [fields,data]
[7m [0m [91m                ~~~~[0m
[96msrc/utils/fs.utils.ts[0m:[93m7[0m:[93m9[0m - [91merror[0m[90m TS1182: [0mA destructuring declaration must have an initializer.

[7m7[0m   const [fields,data]
[7m [0m [91m        ~~~~~~~~~~~~~[0m

    at createTSError (/home/thoughtwin/Documents/EB_Ty/node_modules/ts-node/src/index.ts:859:12)
    at reportTSError (/home/thoughtwin/Documents/EB_Ty/node_modules/ts-node/src/index.ts:863:19)
    at getOutput (/home/thoughtwin/Documents/EB_Ty/node_modules/ts-node/src/index.ts:1077:36)
    at Object.compile (/home/thoughtwin/Documents/EB_Ty/node_modules/ts-node/src/index.ts:1433:41)
    at Module.m._compile (/home/thoughtwin/Documents/EB_Ty/node_modules/ts-node/src/index.ts:1617:30)
    at Module._extensions..js (node:internal/modules/cjs/loader:1159:10)
    at Object.require.extensions.<computed> [as .ts] (/home/thoughtwin/Documents/EB_Ty/node_modules/ts-node/src/index.ts:1621:12)
    at Module.load (node:internal/modules/cjs/loader:981:32)
    at Function.Module._load (node:internal/modules/cjs/loader:827:12)
    at Module.require (node:internal/modules/cjs/loader:1005:19)
[Node] [ERROR] - 2022-12-12T10:08:05.730ZuncaughtException: тип Unable to compile TypeScript:
[96msrc/utils/fs.utils.ts[0m:[93m8[0m:[93m11[0m - [91merror[0m[90m TS1134: [0mVariable declaration expected.

[7m8[0m   for(let )
[7m [0m [91m          ~[0m
[96msrc/utils/fs.utils.ts[0m:[93m9[0m:[93m1[0m - [91merror[0m[90m TS1005: [0m';' expected.

[7m9[0m };
[7m [0m [91m~[0m

TSError: тип Unable to compile TypeScript:
[96msrc/utils/fs.utils.ts[0m:[93m8[0m:[93m11[0m - [91merror[0m[90m TS1134: [0mVariable declaration expected.

[7m8[0m   for(let )
[7m [0m [91m          ~[0m
[96msrc/utils/fs.utils.ts[0m:[93m9[0m:[93m1[0m - [91merror[0m[90m TS1005: [0m';' expected.

[7m9[0m };
[7m [0m [91m~[0m

    at createTSError (/home/thoughtwin/Documents/EB_Ty/node_modules/ts-node/src/index.ts:859:12)
    at reportTSError (/home/thoughtwin/Documents/EB_Ty/node_modules/ts-node/src/index.ts:863:19)
    at getOutput (/home/thoughtwin/Documents/EB_Ty/node_modules/ts-node/src/index.ts:1077:36)
    at Object.compile (/home/thoughtwin/Documents/EB_Ty/node_modules/ts-node/src/index.ts:1433:41)
    at Module.m._compile (/home/thoughtwin/Documents/EB_Ty/node_modules/ts-node/src/index.ts:1617:30)
    at Module._extensions..js (node:internal/modules/cjs/loader:1159:10)
    at Object.require.extensions.<computed> [as .ts] (/home/thoughtwin/Documents/EB_Ty/node_modules/ts-node/src/index.ts:1621:12)
    at Module.load (node:internal/modules/cjs/loader:981:32)
    at Function.Module._load (node:internal/modules/cjs/loader:827:12)
    at Module.require (node:internal/modules/cjs/loader:1005:19)
[Node] [ERROR] - 2022-12-12T10:08:19.192ZuncaughtException: тип Unable to compile TypeScript:
[96msrc/utils/fs.utils.ts[0m:[93m8[0m:[93m7[0m - [91merror[0m[90m TS1109: [0mExpression expected.

[7m8[0m   for()
[7m [0m [91m      ~[0m
[96msrc/utils/fs.utils.ts[0m:[93m9[0m:[93m1[0m - [91merror[0m[90m TS1109: [0mExpression expected.

[7m9[0m };
[7m [0m [91m~[0m

TSError: тип Unable to compile TypeScript:
[96msrc/utils/fs.utils.ts[0m:[93m8[0m:[93m7[0m - [91merror[0m[90m TS1109: [0mExpression expected.

[7m8[0m   for()
[7m [0m [91m      ~[0m
[96msrc/utils/fs.utils.ts[0m:[93m9[0m:[93m1[0m - [91merror[0m[90m TS1109: [0mExpression expected.

[7m9[0m };
[7m [0m [91m~[0m

    at createTSError (/home/thoughtwin/Documents/EB_Ty/node_modules/ts-node/src/index.ts:859:12)
    at reportTSError (/home/thoughtwin/Documents/EB_Ty/node_modules/ts-node/src/index.ts:863:19)
    at getOutput (/home/thoughtwin/Documents/EB_Ty/node_modules/ts-node/src/index.ts:1077:36)
    at Object.compile (/home/thoughtwin/Documents/EB_Ty/node_modules/ts-node/src/index.ts:1433:41)
    at Module.m._compile (/home/thoughtwin/Documents/EB_Ty/node_modules/ts-node/src/index.ts:1617:30)
    at Module._extensions..js (node:internal/modules/cjs/loader:1159:10)
    at Object.require.extensions.<computed> [as .ts] (/home/thoughtwin/Documents/EB_Ty/node_modules/ts-node/src/index.ts:1621:12)
    at Module.load (node:internal/modules/cjs/loader:981:32)
    at Function.Module._load (node:internal/modules/cjs/loader:827:12)
    at Module.require (node:internal/modules/cjs/loader:1005:19)
[Node] [ERROR] - 2022-12-12T10:09:29.698ZuncaughtException: тип Unable to compile TypeScript:
[96msrc/utils/fs.utils.ts[0m:[93m8[0m:[93m11[0m - [91merror[0m[90m TS1134: [0mVariable declaration expected.

[7m8[0m   for(let )
[7m [0m [91m          ~[0m
[96msrc/utils/fs.utils.ts[0m:[93m9[0m:[93m1[0m - [91merror[0m[90m TS1005: [0m';' expected.

[7m9[0m };
[7m [0m [91m~[0m

TSError: тип Unable to compile TypeScript:
[96msrc/utils/fs.utils.ts[0m:[93m8[0m:[93m11[0m - [91merror[0m[90m TS1134: [0mVariable declaration expected.

[7m8[0m   for(let )
[7m [0m [91m          ~[0m
[96msrc/utils/fs.utils.ts[0m:[93m9[0m:[93m1[0m - [91merror[0m[90m TS1005: [0m';' expected.

[7m9[0m };
[7m [0m [91m~[0m

    at createTSError (/home/thoughtwin/Documents/EB_Ty/node_modules/ts-node/src/index.ts:859:12)
    at reportTSError (/home/thoughtwin/Documents/EB_Ty/node_modules/ts-node/src/index.ts:863:19)
    at getOutput (/home/thoughtwin/Documents/EB_Ty/node_modules/ts-node/src/index.ts:1077:36)
    at Object.compile (/home/thoughtwin/Documents/EB_Ty/node_modules/ts-node/src/index.ts:1433:41)
    at Module.m._compile (/home/thoughtwin/Documents/EB_Ty/node_modules/ts-node/src/index.ts:1617:30)
    at Module._extensions..js (node:internal/modules/cjs/loader:1159:10)
    at Object.require.extensions.<computed> [as .ts] (/home/thoughtwin/Documents/EB_Ty/node_modules/ts-node/src/index.ts:1621:12)
    at Module.load (node:internal/modules/cjs/loader:981:32)
    at Function.Module._load (node:internal/modules/cjs/loader:827:12)
    at Module.require (node:internal/modules/cjs/loader:1005:19)
[Node] [ERROR] - 2022-12-12T10:09:38.374ZuncaughtException: тип Unable to compile TypeScript:
[96msrc/utils/fs.utils.ts[0m:[93m8[0m:[93m11[0m - [91merror[0m[90m TS2451: [0mCannot redeclare block-scoped variable 'x'.

[7m8[0m   for(let x=0, x)
[7m [0m [91m          ~[0m
[96msrc/utils/fs.utils.ts[0m:[93m8[0m:[93m16[0m - [91merror[0m[90m TS2451: [0mCannot redeclare block-scoped variable 'x'.

[7m8[0m   for(let x=0, x)
[7m [0m [91m               ~[0m
[96msrc/utils/fs.utils.ts[0m:[93m8[0m:[93m17[0m - [91merror[0m[90m TS1005: [0m',' expected.

[7m8[0m   for(let x=0, x)
[7m [0m [91m                ~[0m
[96msrc/utils/fs.utils.ts[0m:[93m9[0m:[93m1[0m - [91merror[0m[90m TS1005: [0m';' expected.

[7m9[0m };
[7m [0m [91m~[0m

TSError: тип Unable to compile TypeScript:
[96msrc/utils/fs.utils.ts[0m:[93m8[0m:[93m11[0m - [91merror[0m[90m TS2451: [0mCannot redeclare block-scoped variable 'x'.

[7m8[0m   for(let x=0, x)
[7m [0m [91m          ~[0m
[96msrc/utils/fs.utils.ts[0m:[93m8[0m:[93m16[0m - [91merror[0m[90m TS2451: [0mCannot redeclare block-scoped variable 'x'.

[7m8[0m   for(let x=0, x)
[7m [0m [91m               ~[0m
[96msrc/utils/fs.utils.ts[0m:[93m8[0m:[93m17[0m - [91merror[0m[90m TS1005: [0m',' expected.

[7m8[0m   for(let x=0, x)
[7m [0m [91m                ~[0m
[96msrc/utils/fs.utils.ts[0m:[93m9[0m:[93m1[0m - [91merror[0m[90m TS1005: [0m';' expected.

[7m9[0m };
[7m [0m [91m~[0m

    at createTSError (/home/thoughtwin/Documents/EB_Ty/node_modules/ts-node/src/index.ts:859:12)
    at reportTSError (/home/thoughtwin/Documents/EB_Ty/node_modules/ts-node/src/index.ts:863:19)
    at getOutput (/home/thoughtwin/Documents/EB_Ty/node_modules/ts-node/src/index.ts:1077:36)
    at Object.compile (/home/thoughtwin/Documents/EB_Ty/node_modules/ts-node/src/index.ts:1433:41)
    at Module.m._compile (/home/thoughtwin/Documents/EB_Ty/node_modules/ts-node/src/index.ts:1617:30)
    at Module._extensions..js (node:internal/modules/cjs/loader:1159:10)
    at Object.require.extensions.<computed> [as .ts] (/home/thoughtwin/Documents/EB_Ty/node_modules/ts-node/src/index.ts:1621:12)
    at Module.load (node:internal/modules/cjs/loader:981:32)
    at Function.Module._load (node:internal/modules/cjs/loader:827:12)
    at Module.require (node:internal/modules/cjs/loader:1005:19)
[Node] [ERROR] - 2022-12-12T10:10:03.381ZuncaughtException: тип Unable to compile TypeScript:
[96msrc/utils/fs.utils.ts[0m:[93m8[0m:[93m18[0m - [91merror[0m[90m TS2339: [0mProperty 'length' does not exist on type 'number'.

[7m8[0m   for(let x=0; x.length > )
[7m [0m [91m                 ~~~~~~[0m
[96msrc/utils/fs.utils.ts[0m:[93m8[0m:[93m27[0m - [91merror[0m[90m TS1109: [0mExpression expected.

[7m8[0m   for(let x=0; x.length > )
[7m [0m [91m                          ~[0m
[96msrc/utils/fs.utils.ts[0m:[93m9[0m:[93m1[0m - [91merror[0m[90m TS1109: [0mExpression expected.

[7m9[0m };
[7m [0m [91m~[0m

TSError: тип Unable to compile TypeScript:
[96msrc/utils/fs.utils.ts[0m:[93m8[0m:[93m18[0m - [91merror[0m[90m TS2339: [0mProperty 'length' does not exist on type 'number'.

[7m8[0m   for(let x=0; x.length > )
[7m [0m [91m                 ~~~~~~[0m
[96msrc/utils/fs.utils.ts[0m:[93m8[0m:[93m27[0m - [91merror[0m[90m TS1109: [0mExpression expected.

[7m8[0m   for(let x=0; x.length > )
[7m [0m [91m                          ~[0m
[96msrc/utils/fs.utils.ts[0m:[93m9[0m:[93m1[0m - [91merror[0m[90m TS1109: [0mExpression expected.

[7m9[0m };
[7m [0m [91m~[0m

    at createTSError (/home/thoughtwin/Documents/EB_Ty/node_modules/ts-node/src/index.ts:859:12)
    at reportTSError (/home/thoughtwin/Documents/EB_Ty/node_modules/ts-node/src/index.ts:863:19)
    at getOutput (/home/thoughtwin/Documents/EB_Ty/node_modules/ts-node/src/index.ts:1077:36)
    at Object.compile (/home/thoughtwin/Documents/EB_Ty/node_modules/ts-node/src/index.ts:1433:41)
    at Module.m._compile (/home/thoughtwin/Documents/EB_Ty/node_modules/ts-node/src/index.ts:1617:30)
    at Module._extensions..js (node:internal/modules/cjs/loader:1159:10)
    at Object.require.extensions.<computed> [as .ts] (/home/thoughtwin/Documents/EB_Ty/node_modules/ts-node/src/index.ts:1621:12)
    at Module.load (node:internal/modules/cjs/loader:981:32)
    at Function.Module._load (node:internal/modules/cjs/loader:827:12)
    at Module.require (node:internal/modules/cjs/loader:1005:19)
[Node] [ERROR] - 2022-12-12T10:11:42.570ZuncaughtException: тип Unable to compile TypeScript:
[96msrc/utils/fs.utils.ts[0m:[93m9[0m:[93m18[0m - [91merror[0m[90m TS2339: [0mProperty 'length' does not exist on type 'number'.

[7m9[0m   for(let x=0; x.length > data)
[7m [0m [91m                 ~~~~~~[0m
[96msrc/utils/fs.utils.ts[0m:[93m9[0m:[93m31[0m - [91merror[0m[90m TS1005: [0m';' expected.

[7m9[0m   for(let x=0; x.length > data)
[7m [0m [91m                              ~[0m
[96msrc/utils/fs.utils.ts[0m:[93m10[0m:[93m1[0m - [91merror[0m[90m TS1109: [0mExpression expected.

[7m10[0m };
[7m  [0m [91m~[0m

TSError: тип Unable to compile TypeScript:
[96msrc/utils/fs.utils.ts[0m:[93m9[0m:[93m18[0m - [91merror[0m[90m TS2339: [0mProperty 'length' does not exist on type 'number'.

[7m9[0m   for(let x=0; x.length > data)
[7m [0m [91m                 ~~~~~~[0m
[96msrc/utils/fs.utils.ts[0m:[93m9[0m:[93m31[0m - [91merror[0m[90m TS1005: [0m';' expected.

[7m9[0m   for(let x=0; x.length > data)
[7m [0m [91m                              ~[0m
[96msrc/utils/fs.utils.ts[0m:[93m10[0m:[93m1[0m - [91merror[0m[90m TS1109: [0mExpression expected.

[7m10[0m };
[7m  [0m [91m~[0m

    at createTSError (/home/thoughtwin/Documents/EB_Ty/node_modules/ts-node/src/index.ts:859:12)
    at reportTSError (/home/thoughtwin/Documents/EB_Ty/node_modules/ts-node/src/index.ts:863:19)
    at getOutput (/home/thoughtwin/Documents/EB_Ty/node_modules/ts-node/src/index.ts:1077:36)
    at Object.compile (/home/thoughtwin/Documents/EB_Ty/node_modules/ts-node/src/index.ts:1433:41)
    at Module.m._compile (/home/thoughtwin/Documents/EB_Ty/node_modules/ts-node/src/index.ts:1617:30)
    at Module._extensions..js (node:internal/modules/cjs/loader:1159:10)
    at Object.require.extensions.<computed> [as .ts] (/home/thoughtwin/Documents/EB_Ty/node_modules/ts-node/src/index.ts:1621:12)
    at Module.load (node:internal/modules/cjs/loader:981:32)
    at Function.Module._load (node:internal/modules/cjs/loader:827:12)
    at Module.require (node:internal/modules/cjs/loader:1005:19)
[Node] [ERROR] - 2022-12-12T10:11:55.939ZuncaughtException: тип Unable to compile TypeScript:
[96msrc/utils/fs.utils.ts[0m:[93m9[0m:[93m18[0m - [91merror[0m[90m TS2339: [0mProperty 'length' does not exist on type 'number'.

[7m9[0m   for(let x=0; x.length > data; )
[7m [0m [91m                 ~~~~~~[0m
[96msrc/utils/fs.utils.ts[0m:[93m10[0m:[93m1[0m - [91merror[0m[90m TS1109: [0mExpression expected.

[7m10[0m };
[7m  [0m [91m~[0m

TSError: тип Unable to compile TypeScript:
[96msrc/utils/fs.utils.ts[0m:[93m9[0m:[93m18[0m - [91merror[0m[90m TS2339: [0mProperty 'length' does not exist on type 'number'.

[7m9[0m   for(let x=0; x.length > data; )
[7m [0m [91m                 ~~~~~~[0m
[96msrc/utils/fs.utils.ts[0m:[93m10[0m:[93m1[0m - [91merror[0m[90m TS1109: [0mExpression expected.

[7m10[0m };
[7m  [0m [91m~[0m

    at createTSError (/home/thoughtwin/Documents/EB_Ty/node_modules/ts-node/src/index.ts:859:12)
    at reportTSError (/home/thoughtwin/Documents/EB_Ty/node_modules/ts-node/src/index.ts:863:19)
    at getOutput (/home/thoughtwin/Documents/EB_Ty/node_modules/ts-node/src/index.ts:1077:36)
    at Object.compile (/home/thoughtwin/Documents/EB_Ty/node_modules/ts-node/src/index.ts:1433:41)
    at Module.m._compile (/home/thoughtwin/Documents/EB_Ty/node_modules/ts-node/src/index.ts:1617:30)
    at Module._extensions..js (node:internal/modules/cjs/loader:1159:10)
    at Object.require.extensions.<computed> [as .ts] (/home/thoughtwin/Documents/EB_Ty/node_modules/ts-node/src/index.ts:1621:12)
    at Module.load (node:internal/modules/cjs/loader:981:32)
    at Function.Module._load (node:internal/modules/cjs/loader:827:12)
    at Module.require (node:internal/modules/cjs/loader:1005:19)
