[Node] [ERROR] - 2022-12-13T05:50:29.676ZuncaughtException: тип Unable to compile TypeScript:
[96msrc/utils/fs.utils.ts[0m:[93m11[0m:[93m75[0m - [91merror[0m[90m TS2339: [0mProperty 'name' does not exist on type 'string'.

[7m11[0m     console.log('..........................................', {name: item.name });
[7m  [0m [91m                                                                          ~~~~[0m

TSError: тип Unable to compile TypeScript:
[96msrc/utils/fs.utils.ts[0m:[93m11[0m:[93m75[0m - [91merror[0m[90m TS2339: [0mProperty 'name' does not exist on type 'string'.

[7m11[0m     console.log('..........................................', {name: item.name });
[7m  [0m [91m                                                                          ~~~~[0m

    at createTSError (/home/thoughtwin/Documents/EB_Ty/node_modules/ts-node/src/index.ts:859:12)
    at reportTSError (/home/thoughtwin/Documents/EB_Ty/node_modules/ts-node/src/index.ts:863:19)
    at getOutput (/home/thoughtwin/Documents/EB_Ty/node_modules/ts-node/src/index.ts:1077:36)
    at Object.compile (/home/thoughtwin/Documents/EB_Ty/node_modules/ts-node/src/index.ts:1433:41)
    at Module.m._compile (/home/thoughtwin/Documents/EB_Ty/node_modules/ts-node/src/index.ts:1617:30)
    at Module._extensions..js (node:internal/modules/cjs/loader:1159:10)
    at Object.require.extensions.<computed> [as .ts] (/home/thoughtwin/Documents/EB_Ty/node_modules/ts-node/src/index.ts:1621:12)
    at Module.load (node:internal/modules/cjs/loader:981:32)
    at Function.Module._load (node:internal/modules/cjs/loader:827:12)
    at Module.require (node:internal/modules/cjs/loader:1005:19)
[Node] [ERROR] - 2022-12-13T05:51:00.837ZuncaughtException: тип Unable to compile TypeScript:
[96msrc/utils/fs.utils.ts[0m:[93m11[0m:[93m11[0m - [91merror[0m[90m TS2488: [0mType 'void' must have a '[Symbol.iterator]()' method that returns an iterator.

[7m11[0m     const [name,email,contact] =
[7m  [0m [91m          ~~~~~~~~~~~~~~~~~~~~[0m
[96msrc/utils/fs.utils.ts[0m:[93m12[0m:[93m75[0m - [91merror[0m[90m TS2339: [0mProperty 'name' does not exist on type 'string'.

[7m12[0m     console.log('..........................................', {name: item.name });
[7m  [0m [91m                                                                          ~~~~[0m

TSError: тип Unable to compile TypeScript:
[96msrc/utils/fs.utils.ts[0m:[93m11[0m:[93m11[0m - [91merror[0m[90m TS2488: [0mType 'void' must have a '[Symbol.iterator]()' method that returns an iterator.

[7m11[0m     const [name,email,contact] =
[7m  [0m [91m          ~~~~~~~~~~~~~~~~~~~~[0m
[96msrc/utils/fs.utils.ts[0m:[93m12[0m:[93m75[0m - [91merror[0m[90m TS2339: [0mProperty 'name' does not exist on type 'string'.

[7m12[0m     console.log('..........................................', {name: item.name });
[7m  [0m [91m                                                                          ~~~~[0m

    at createTSError (/home/thoughtwin/Documents/EB_Ty/node_modules/ts-node/src/index.ts:859:12)
    at reportTSError (/home/thoughtwin/Documents/EB_Ty/node_modules/ts-node/src/index.ts:863:19)
    at getOutput (/home/thoughtwin/Documents/EB_Ty/node_modules/ts-node/src/index.ts:1077:36)
    at Object.compile (/home/thoughtwin/Documents/EB_Ty/node_modules/ts-node/src/index.ts:1433:41)
    at Module.m._compile (/home/thoughtwin/Documents/EB_Ty/node_modules/ts-node/src/index.ts:1617:30)
    at Module._extensions..js (node:internal/modules/cjs/loader:1159:10)
    at Object.require.extensions.<computed> [as .ts] (/home/thoughtwin/Documents/EB_Ty/node_modules/ts-node/src/index.ts:1621:12)
    at Module.load (node:internal/modules/cjs/loader:981:32)
    at Function.Module._load (node:internal/modules/cjs/loader:827:12)
    at Module.require (node:internal/modules/cjs/loader:1005:19)
[Node] [ERROR] - 2022-12-13T05:51:26.205ZuncaughtException: тип Unable to compile TypeScript:
[96msrc/utils/fs.utils.ts[0m:[93m12[0m:[93m76[0m - [91merror[0m[90m TS2339: [0mProperty 'name' does not exist on type 'string'.

[7m12[0m     console.log('..........................................', { name: item.name });
[7m  [0m [91m                                                                           ~~~~[0m

TSError: тип Unable to compile TypeScript:
[96msrc/utils/fs.utils.ts[0m:[93m12[0m:[93m76[0m - [91merror[0m[90m TS2339: [0mProperty 'name' does not exist on type 'string'.

[7m12[0m     console.log('..........................................', { name: item.name });
[7m  [0m [91m                                                                           ~~~~[0m

    at createTSError (/home/thoughtwin/Documents/EB_Ty/node_modules/ts-node/src/index.ts:859:12)
    at reportTSError (/home/thoughtwin/Documents/EB_Ty/node_modules/ts-node/src/index.ts:863:19)
    at getOutput (/home/thoughtwin/Documents/EB_Ty/node_modules/ts-node/src/index.ts:1077:36)
    at Object.compile (/home/thoughtwin/Documents/EB_Ty/node_modules/ts-node/src/index.ts:1433:41)
    at Module.m._compile (/home/thoughtwin/Documents/EB_Ty/node_modules/ts-node/src/index.ts:1617:30)
    at Module._extensions..js (node:internal/modules/cjs/loader:1159:10)
    at Object.require.extensions.<computed> [as .ts] (/home/thoughtwin/Documents/EB_Ty/node_modules/ts-node/src/index.ts:1621:12)
    at Module.load (node:internal/modules/cjs/loader:981:32)
    at Function.Module._load (node:internal/modules/cjs/loader:827:12)
    at Module.require (node:internal/modules/cjs/loader:1005:19)
[Node] [ERROR] - 2022-12-13T05:53:02.549ZuncaughtException: тип Unable to compile TypeScript:
[96msrc/utils/fs.utils.ts[0m:[93m11[0m:[93m10[0m - [91merror[0m[90m TS2304: [0mCannot find name 'i'.

[7m11[0m     for (i )
[7m  [0m [91m         ~[0m
[96msrc/utils/fs.utils.ts[0m:[93m11[0m:[93m12[0m - [91merror[0m[90m TS1005: [0m';' expected.

[7m11[0m     for (i )
[7m  [0m [91m           ~[0m
[96msrc/utils/fs.utils.ts[0m:[93m12[0m:[93m3[0m - [91merror[0m[90m TS1109: [0mExpression expected.

[7m12[0m   }
[7m  [0m [91m  ~[0m

TSError: тип Unable to compile TypeScript:
[96msrc/utils/fs.utils.ts[0m:[93m11[0m:[93m10[0m - [91merror[0m[90m TS2304: [0mCannot find name 'i'.

[7m11[0m     for (i )
[7m  [0m [91m         ~[0m
[96msrc/utils/fs.utils.ts[0m:[93m11[0m:[93m12[0m - [91merror[0m[90m TS1005: [0m';' expected.

[7m11[0m     for (i )
[7m  [0m [91m           ~[0m
[96msrc/utils/fs.utils.ts[0m:[93m12[0m:[93m3[0m - [91merror[0m[90m TS1109: [0mExpression expected.

[7m12[0m   }
[7m  [0m [91m  ~[0m

    at createTSError (/home/thoughtwin/Documents/EB_Ty/node_modules/ts-node/src/index.ts:859:12)
    at reportTSError (/home/thoughtwin/Documents/EB_Ty/node_modules/ts-node/src/index.ts:863:19)
    at getOutput (/home/thoughtwin/Documents/EB_Ty/node_modules/ts-node/src/index.ts:1077:36)
    at Object.compile (/home/thoughtwin/Documents/EB_Ty/node_modules/ts-node/src/index.ts:1433:41)
    at Module.m._compile (/home/thoughtwin/Documents/EB_Ty/node_modules/ts-node/src/index.ts:1617:30)
    at Module._extensions..js (node:internal/modules/cjs/loader:1159:10)
    at Object.require.extensions.<computed> [as .ts] (/home/thoughtwin/Documents/EB_Ty/node_modules/ts-node/src/index.ts:1621:12)
    at Module.load (node:internal/modules/cjs/loader:981:32)
    at Function.Module._load (node:internal/modules/cjs/loader:827:12)
    at Module.require (node:internal/modules/cjs/loader:1005:19)
[Node] [ERROR] - 2022-12-13T05:53:36.854ZuncaughtException: тип Unable to compile TypeScript:
[96msrc/utils/fs.utils.ts[0m:[93m11[0m:[93m29[0m - [91merror[0m[90m TS1003: [0mIdentifier expected.

[7m11[0m     for (let i=0; i<= item. )
[7m  [0m [91m                            ~[0m
[96msrc/utils/fs.utils.ts[0m:[93m12[0m:[93m3[0m - [91merror[0m[90m TS1109: [0mExpression expected.

[7m12[0m   }
[7m  [0m [91m  ~[0m

TSError: тип Unable to compile TypeScript:
[96msrc/utils/fs.utils.ts[0m:[93m11[0m:[93m29[0m - [91merror[0m[90m TS1003: [0mIdentifier expected.

[7m11[0m     for (let i=0; i<= item. )
[7m  [0m [91m                            ~[0m
[96msrc/utils/fs.utils.ts[0m:[93m12[0m:[93m3[0m - [91merror[0m[90m TS1109: [0mExpression expected.

[7m12[0m   }
[7m  [0m [91m  ~[0m

    at createTSError (/home/thoughtwin/Documents/EB_Ty/node_modules/ts-node/src/index.ts:859:12)
    at reportTSError (/home/thoughtwin/Documents/EB_Ty/node_modules/ts-node/src/index.ts:863:19)
    at getOutput (/home/thoughtwin/Documents/EB_Ty/node_modules/ts-node/src/index.ts:1077:36)
    at Object.compile (/home/thoughtwin/Documents/EB_Ty/node_modules/ts-node/src/index.ts:1433:41)
    at Module.m._compile (/home/thoughtwin/Documents/EB_Ty/node_modules/ts-node/src/index.ts:1617:30)
    at Module._extensions..js (node:internal/modules/cjs/loader:1159:10)
    at Object.require.extensions.<computed> [as .ts] (/home/thoughtwin/Documents/EB_Ty/node_modules/ts-node/src/index.ts:1621:12)
    at Module.load (node:internal/modules/cjs/loader:981:32)
    at Function.Module._load (node:internal/modules/cjs/loader:827:12)
    at Module.require (node:internal/modules/cjs/loader:1005:19)
[Node] [ERROR] - 2022-12-13T05:54:07.665ZuncaughtException: тип Unable to compile TypeScript:
[96msrc/utils/fs.utils.ts[0m:[93m12[0m:[93m12[0m - [91merror[0m[90m TS1011: [0mAn element access expression should take an argument.

[7m12[0m       test[]
[7m  [0m [91m           [0m

TSError: тип Unable to compile TypeScript:
[96msrc/utils/fs.utils.ts[0m:[93m12[0m:[93m12[0m - [91merror[0m[90m TS1011: [0mAn element access expression should take an argument.

[7m12[0m       test[]
[7m  [0m [91m           [0m

    at createTSError (/home/thoughtwin/Documents/EB_Ty/node_modules/ts-node/src/index.ts:859:12)
    at reportTSError (/home/thoughtwin/Documents/EB_Ty/node_modules/ts-node/src/index.ts:863:19)
    at getOutput (/home/thoughtwin/Documents/EB_Ty/node_modules/ts-node/src/index.ts:1077:36)
    at Object.compile (/home/thoughtwin/Documents/EB_Ty/node_modules/ts-node/src/index.ts:1433:41)
    at Module.m._compile (/home/thoughtwin/Documents/EB_Ty/node_modules/ts-node/src/index.ts:1617:30)
    at Module._extensions..js (node:internal/modules/cjs/loader:1159:10)
    at Object.require.extensions.<computed> [as .ts] (/home/thoughtwin/Documents/EB_Ty/node_modules/ts-node/src/index.ts:1621:12)
    at Module.load (node:internal/modules/cjs/loader:981:32)
    at Function.Module._load (node:internal/modules/cjs/loader:827:12)
    at Module.require (node:internal/modules/cjs/loader:1005:19)
[Node] [ERROR] - 2022-12-13T05:54:32.771ZuncaughtException: тип Unable to compile TypeScript:
[96msrc/utils/fs.utils.ts[0m:[93m11[0m:[93m22[0m - [91merror[0m[90m TS1109: [0mExpression expected.

[7m11[0m     for (let i=0; i< .length; i++ ){
[7m  [0m [91m                     ~[0m
[96msrc/utils/fs.utils.ts[0m:[93m13[0m:[93m5[0m - [91merror[0m[90m TS1109: [0mExpression expected.

[7m13[0m     }
[7m  [0m [91m    ~[0m

TSError: тип Unable to compile TypeScript:
[96msrc/utils/fs.utils.ts[0m:[93m11[0m:[93m22[0m - [91merror[0m[90m TS1109: [0mExpression expected.

[7m11[0m     for (let i=0; i< .length; i++ ){
[7m  [0m [91m                     ~[0m
[96msrc/utils/fs.utils.ts[0m:[93m13[0m:[93m5[0m - [91merror[0m[90m TS1109: [0mExpression expected.

[7m13[0m     }
[7m  [0m [91m    ~[0m

    at createTSError (/home/thoughtwin/Documents/EB_Ty/node_modules/ts-node/src/index.ts:859:12)
    at reportTSError (/home/thoughtwin/Documents/EB_Ty/node_modules/ts-node/src/index.ts:863:19)
    at getOutput (/home/thoughtwin/Documents/EB_Ty/node_modules/ts-node/src/index.ts:1077:36)
    at Object.compile (/home/thoughtwin/Documents/EB_Ty/node_modules/ts-node/src/index.ts:1433:41)
    at Module.m._compile (/home/thoughtwin/Documents/EB_Ty/node_modules/ts-node/src/index.ts:1617:30)
    at Module._extensions..js (node:internal/modules/cjs/loader:1159:10)
    at Object.require.extensions.<computed> [as .ts] (/home/thoughtwin/Documents/EB_Ty/node_modules/ts-node/src/index.ts:1621:12)
    at Module.load (node:internal/modules/cjs/loader:981:32)
    at Function.Module._load (node:internal/modules/cjs/loader:827:12)
    at Module.require (node:internal/modules/cjs/loader:1005:19)
[Node] [ERROR] - 2022-12-13T05:55:21.392ZuncaughtException: тип Unable to compile TypeScript:
[96msrc/utils/fs.utils.ts[0m:[93m16[0m:[93m10[0m - [91merror[0m[90m TS2339: [0mProperty 'password' does not exist on type '{}'.

[7m16[0m     test.password =
[7m  [0m [91m         ~~~~~~~~[0m
[96msrc/utils/fs.utils.ts[0m:[93m17[0m:[93m3[0m - [91merror[0m[90m TS1109: [0mExpression expected.

[7m17[0m   }
[7m  [0m [91m  ~[0m

TSError: тип Unable to compile TypeScript:
[96msrc/utils/fs.utils.ts[0m:[93m16[0m:[93m10[0m - [91merror[0m[90m TS2339: [0mProperty 'password' does not exist on type '{}'.

[7m16[0m     test.password =
[7m  [0m [91m         ~~~~~~~~[0m
[96msrc/utils/fs.utils.ts[0m:[93m17[0m:[93m3[0m - [91merror[0m[90m TS1109: [0mExpression expected.

[7m17[0m   }
[7m  [0m [91m  ~[0m

    at createTSError (/home/thoughtwin/Documents/EB_Ty/node_modules/ts-node/src/index.ts:859:12)
    at reportTSError (/home/thoughtwin/Documents/EB_Ty/node_modules/ts-node/src/index.ts:863:19)
    at getOutput (/home/thoughtwin/Documents/EB_Ty/node_modules/ts-node/src/index.ts:1077:36)
    at Object.compile (/home/thoughtwin/Documents/EB_Ty/node_modules/ts-node/src/index.ts:1433:41)
    at Module.m._compile (/home/thoughtwin/Documents/EB_Ty/node_modules/ts-node/src/index.ts:1617:30)
    at Module._extensions..js (node:internal/modules/cjs/loader:1159:10)
    at Object.require.extensions.<computed> [as .ts] (/home/thoughtwin/Documents/EB_Ty/node_modules/ts-node/src/index.ts:1621:12)
    at Module.load (node:internal/modules/cjs/loader:981:32)
    at Function.Module._load (node:internal/modules/cjs/loader:827:12)
    at Module.require (node:internal/modules/cjs/loader:1005:19)
[Node] [ERROR] - 2022-12-13T05:56:09.138ZuncaughtException: тип Unable to compile TypeScript:
[96msrc/utils/fs.utils.ts[0m:[93m16[0m:[93m10[0m - [91merror[0m[90m TS2339: [0mProperty 'password' does not exist on type '{}'.

[7m16[0m     test.password = `${test.name.slice(0, 2).toLowerCase()}@12345`;
[7m  [0m [91m         ~~~~~~~~[0m
[96msrc/utils/fs.utils.ts[0m:[93m16[0m:[93m29[0m - [91merror[0m[90m TS2339: [0mProperty 'name' does not exist on type '{}'.

[7m16[0m     test.password = `${test.name.slice(0, 2).toLowerCase()}@12345`;
[7m  [0m [91m                            ~~~~[0m

TSError: тип Unable to compile TypeScript:
[96msrc/utils/fs.utils.ts[0m:[93m16[0m:[93m10[0m - [91merror[0m[90m TS2339: [0mProperty 'password' does not exist on type '{}'.

[7m16[0m     test.password = `${test.name.slice(0, 2).toLowerCase()}@12345`;
[7m  [0m [91m         ~~~~~~~~[0m
[96msrc/utils/fs.utils.ts[0m:[93m16[0m:[93m29[0m - [91merror[0m[90m TS2339: [0mProperty 'name' does not exist on type '{}'.

[7m16[0m     test.password = `${test.name.slice(0, 2).toLowerCase()}@12345`;
[7m  [0m [91m                            ~~~~[0m

    at createTSError (/home/thoughtwin/Documents/EB_Ty/node_modules/ts-node/src/index.ts:859:12)
    at reportTSError (/home/thoughtwin/Documents/EB_Ty/node_modules/ts-node/src/index.ts:863:19)
    at getOutput (/home/thoughtwin/Documents/EB_Ty/node_modules/ts-node/src/index.ts:1077:36)
    at Object.compile (/home/thoughtwin/Documents/EB_Ty/node_modules/ts-node/src/index.ts:1433:41)
    at Module.m._compile (/home/thoughtwin/Documents/EB_Ty/node_modules/ts-node/src/index.ts:1617:30)
    at Module._extensions..js (node:internal/modules/cjs/loader:1159:10)
    at Object.require.extensions.<computed> [as .ts] (/home/thoughtwin/Documents/EB_Ty/node_modules/ts-node/src/index.ts:1621:12)
    at Module.load (node:internal/modules/cjs/loader:981:32)
    at Function.Module._load (node:internal/modules/cjs/loader:827:12)
    at Module.require (node:internal/modules/cjs/loader:1005:19)
[Node] [ERROR] - 2022-12-13T05:56:54.998ZuncaughtException: тип Unable to compile TypeScript:
[96msrc/utils/fs.utils.ts[0m:[93m11[0m:[93m9[0m - [91merror[0m[90m TS2740: [0mType '{}' is missing the following properties from type 'IUser': id, name, email, password, and 7 more.

[7m11[0m   const test:IUser = {};
[7m  [0m [91m        ~~~~[0m

TSError: тип Unable to compile TypeScript:
[96msrc/utils/fs.utils.ts[0m:[93m11[0m:[93m9[0m - [91merror[0m[90m TS2740: [0mType '{}' is missing the following properties from type 'IUser': id, name, email, password, and 7 more.

[7m11[0m   const test:IUser = {};
[7m  [0m [91m        ~~~~[0m

    at createTSError (/home/thoughtwin/Documents/EB_Ty/node_modules/ts-node/src/index.ts:859:12)
    at reportTSError (/home/thoughtwin/Documents/EB_Ty/node_modules/ts-node/src/index.ts:863:19)
    at getOutput (/home/thoughtwin/Documents/EB_Ty/node_modules/ts-node/src/index.ts:1077:36)
    at Object.compile (/home/thoughtwin/Documents/EB_Ty/node_modules/ts-node/src/index.ts:1433:41)
    at Module.m._compile (/home/thoughtwin/Documents/EB_Ty/node_modules/ts-node/src/index.ts:1617:30)
    at Module._extensions..js (node:internal/modules/cjs/loader:1159:10)
    at Object.require.extensions.<computed> [as .ts] (/home/thoughtwin/Documents/EB_Ty/node_modules/ts-node/src/index.ts:1621:12)
    at Module.load (node:internal/modules/cjs/loader:981:32)
    at Function.Module._load (node:internal/modules/cjs/loader:827:12)
    at Module.require (node:internal/modules/cjs/loader:1005:19)
[Node] [ERROR] - 2022-12-13T06:00:07.264ZuncaughtException: тип Unable to compile TypeScript:
[96msrc/utils/fs.utils.ts[0m:[93m11[0m:[93m3[0m - [91merror[0m[90m TS1109: [0mExpression expected.

[7m11[0m   const test:Partial<IUser> = {};
[7m  [0m [91m  ~~~~~[0m

TSError: тип Unable to compile TypeScript:
[96msrc/utils/fs.utils.ts[0m:[93m11[0m:[93m3[0m - [91merror[0m[90m TS1109: [0mExpression expected.

[7m11[0m   const test:Partial<IUser> = {};
[7m  [0m [91m  ~~~~~[0m

    at createTSError (/home/thoughtwin/Documents/EB_Ty/node_modules/ts-node/src/index.ts:859:12)
    at reportTSError (/home/thoughtwin/Documents/EB_Ty/node_modules/ts-node/src/index.ts:863:19)
    at getOutput (/home/thoughtwin/Documents/EB_Ty/node_modules/ts-node/src/index.ts:1077:36)
    at Object.compile (/home/thoughtwin/Documents/EB_Ty/node_modules/ts-node/src/index.ts:1433:41)
    at Module.m._compile (/home/thoughtwin/Documents/EB_Ty/node_modules/ts-node/src/index.ts:1617:30)
    at Module._extensions..js (node:internal/modules/cjs/loader:1159:10)
    at Object.require.extensions.<computed> [as .ts] (/home/thoughtwin/Documents/EB_Ty/node_modules/ts-node/src/index.ts:1621:12)
    at Module.load (node:internal/modules/cjs/loader:981:32)
    at Function.Module._load (node:internal/modules/cjs/loader:827:12)
    at Module.require (node:internal/modules/cjs/loader:1005:19)
[Node] [ERROR] - 2022-12-13T06:03:28.239ZuncaughtException: тип Unable to compile TypeScript:
[96msrc/utils/fs.utils.ts[0m:[93m18[0m:[93m28[0m - [91merror[0m[90m TS1308: [0m'await' expressions are only allowed within async functions and at the top levels of modules.

[7m18[0m     const hashedPassword = await hash(userData.password, 10);
[7m  [0m [91m                           ~~~~~[0m

  [96msrc/utils/fs.utils.ts[0m:[93m6[0m:[93m27[0m
    [7m6[0m export const readBuffer = (buffer: Buffer) => {
    [7m [0m [96m                          ~~~~~~~~~~~~~~~~~~~~~[0m
    Did you mean to mark this function as 'async'?
[96msrc/utils/fs.utils.ts[0m:[93m18[0m:[93m34[0m - [91merror[0m[90m TS2304: [0mCannot find name 'hash'.

[7m18[0m     const hashedPassword = await hash(userData.password, 10);
[7m  [0m [91m                                 ~~~~[0m
[96msrc/utils/fs.utils.ts[0m:[93m18[0m:[93m48[0m - [91merror[0m[90m TS2339: [0mProperty 'password' does not exist on type 'string[]'.

[7m18[0m     const hashedPassword = await hash(userData.password, 10);
[7m  [0m [91m                                               ~~~~~~~~[0m

TSError: тип Unable to compile TypeScript:
[96msrc/utils/fs.utils.ts[0m:[93m18[0m:[93m28[0m - [91merror[0m[90m TS1308: [0m'await' expressions are only allowed within async functions and at the top levels of modules.

[7m18[0m     const hashedPassword = await hash(userData.password, 10);
[7m  [0m [91m                           ~~~~~[0m

  [96msrc/utils/fs.utils.ts[0m:[93m6[0m:[93m27[0m
    [7m6[0m export const readBuffer = (buffer: Buffer) => {
    [7m [0m [96m                          ~~~~~~~~~~~~~~~~~~~~~[0m
    Did you mean to mark this function as 'async'?
[96msrc/utils/fs.utils.ts[0m:[93m18[0m:[93m34[0m - [91merror[0m[90m TS2304: [0mCannot find name 'hash'.

[7m18[0m     const hashedPassword = await hash(userData.password, 10);
[7m  [0m [91m                                 ~~~~[0m
[96msrc/utils/fs.utils.ts[0m:[93m18[0m:[93m48[0m - [91merror[0m[90m TS2339: [0mProperty 'password' does not exist on type 'string[]'.

[7m18[0m     const hashedPassword = await hash(userData.password, 10);
[7m  [0m [91m                                               ~~~~~~~~[0m

    at createTSError (/home/thoughtwin/Documents/EB_Ty/node_modules/ts-node/src/index.ts:859:12)
    at reportTSError (/home/thoughtwin/Documents/EB_Ty/node_modules/ts-node/src/index.ts:863:19)
    at getOutput (/home/thoughtwin/Documents/EB_Ty/node_modules/ts-node/src/index.ts:1077:36)
    at Object.compile (/home/thoughtwin/Documents/EB_Ty/node_modules/ts-node/src/index.ts:1433:41)
    at Module.m._compile (/home/thoughtwin/Documents/EB_Ty/node_modules/ts-node/src/index.ts:1617:30)
    at Module._extensions..js (node:internal/modules/cjs/loader:1159:10)
    at Object.require.extensions.<computed> [as .ts] (/home/thoughtwin/Documents/EB_Ty/node_modules/ts-node/src/index.ts:1621:12)
    at Module.load (node:internal/modules/cjs/loader:981:32)
    at Function.Module._load (node:internal/modules/cjs/loader:827:12)
    at Module.require (node:internal/modules/cjs/loader:1005:19)
[Node] [ERROR] - 2022-12-13T06:04:00.011ZuncaughtException: тип Unable to compile TypeScript:
[96msrc/utils/fs.utils.ts[0m:[93m20[0m:[93m5[0m - [91merror[0m[90m TS2322: [0mType 'number' is not assignable to type 'string'.

[7m20[0m     test.password =
[7m  [0m [91m    ~~~~~~~~~~~~~[0m
[96msrc/utils/fs.utils.ts[0m:[93m19[0m:[93m83[0m - [91merror[0m[90m TS1005: [0m')' expected.

[7m19[0m     const hashedPassword = hashSync(`${test.name.slice(0, 2).toLowerCase()}@12345`;, 10);
[7m  [0m [91m                                                                                  ~[0m
[96msrc/utils/fs.utils.ts[0m:[93m19[0m:[93m84[0m - [91merror[0m[90m TS1128: [0mDeclaration or statement expected.

[7m19[0m     const hashedPassword = hashSync(`${test.name.slice(0, 2).toLowerCase()}@12345`;, 10);
[7m  [0m [91m                                                                                   ~[0m
[96msrc/utils/fs.utils.ts[0m:[93m19[0m:[93m88[0m - [91merror[0m[90m TS1005: [0m';' expected.

[7m19[0m     const hashedPassword = hashSync(`${test.name.slice(0, 2).toLowerCase()}@12345`;, 10);
[7m  [0m [91m                                                                                       ~[0m

TSError: тип Unable to compile TypeScript:
[96msrc/utils/fs.utils.ts[0m:[93m20[0m:[93m5[0m - [91merror[0m[90m TS2322: [0mType 'number' is not assignable to type 'string'.

[7m20[0m     test.password =
[7m  [0m [91m    ~~~~~~~~~~~~~[0m
[96msrc/utils/fs.utils.ts[0m:[93m19[0m:[93m83[0m - [91merror[0m[90m TS1005: [0m')' expected.

[7m19[0m     const hashedPassword = hashSync(`${test.name.slice(0, 2).toLowerCase()}@12345`;, 10);
[7m  [0m [91m                                                                                  ~[0m
[96msrc/utils/fs.utils.ts[0m:[93m19[0m:[93m84[0m - [91merror[0m[90m TS1128: [0mDeclaration or statement expected.

[7m19[0m     const hashedPassword = hashSync(`${test.name.slice(0, 2).toLowerCase()}@12345`;, 10);
[7m  [0m [91m                                                                                   ~[0m
[96msrc/utils/fs.utils.ts[0m:[93m19[0m:[93m88[0m - [91merror[0m[90m TS1005: [0m';' expected.

[7m19[0m     const hashedPassword = hashSync(`${test.name.slice(0, 2).toLowerCase()}@12345`;, 10);
[7m  [0m [91m                                                                                       ~[0m

    at createTSError (/home/thoughtwin/Documents/EB_Ty/node_modules/ts-node/src/index.ts:859:12)
    at reportTSError (/home/thoughtwin/Documents/EB_Ty/node_modules/ts-node/src/index.ts:863:19)
    at getOutput (/home/thoughtwin/Documents/EB_Ty/node_modules/ts-node/src/index.ts:1077:36)
    at Object.compile (/home/thoughtwin/Documents/EB_Ty/node_modules/ts-node/src/index.ts:1433:41)
    at Module.m._compile (/home/thoughtwin/Documents/EB_Ty/node_modules/ts-node/src/index.ts:1617:30)
    at Module._extensions..js (node:internal/modules/cjs/loader:1159:10)
    at Object.require.extensions.<computed> [as .ts] (/home/thoughtwin/Documents/EB_Ty/node_modules/ts-node/src/index.ts:1621:12)
    at Module.load (node:internal/modules/cjs/loader:981:32)
    at Function.Module._load (node:internal/modules/cjs/loader:827:12)
    at Module.require (node:internal/modules/cjs/loader:1005:19)
[Node] [ERROR] - 2022-12-13T06:04:45.510ZuncaughtException: тип Unable to compile TypeScript:
[96msrc/services/user/index.ts[0m:[93m98[0m:[93m43[0m - [91merror[0m[90m TS2304: [0mCannot find name 'data'.

[7m98[0m       console.log('>>>>>>>>>>>>>>>>>>>>', data);
[7m  [0m [91m                                          ~~~~[0m

TSError: тип Unable to compile TypeScript:
[96msrc/services/user/index.ts[0m:[93m98[0m:[93m43[0m - [91merror[0m[90m TS2304: [0mCannot find name 'data'.

[7m98[0m       console.log('>>>>>>>>>>>>>>>>>>>>', data);
[7m  [0m [91m                                          ~~~~[0m

    at createTSError (/home/thoughtwin/Documents/EB_Ty/node_modules/ts-node/src/index.ts:859:12)
    at reportTSError (/home/thoughtwin/Documents/EB_Ty/node_modules/ts-node/src/index.ts:863:19)
    at getOutput (/home/thoughtwin/Documents/EB_Ty/node_modules/ts-node/src/index.ts:1077:36)
    at Object.compile (/home/thoughtwin/Documents/EB_Ty/node_modules/ts-node/src/index.ts:1433:41)
    at Module.m._compile (/home/thoughtwin/Documents/EB_Ty/node_modules/ts-node/src/index.ts:1617:30)
    at Module._extensions..js (node:internal/modules/cjs/loader:1159:10)
    at Object.require.extensions.<computed> [as .ts] (/home/thoughtwin/Documents/EB_Ty/node_modules/ts-node/src/index.ts:1621:12)
    at Module.load (node:internal/modules/cjs/loader:981:32)
    at Function.Module._load (node:internal/modules/cjs/loader:827:12)
    at Module.require (node:internal/modules/cjs/loader:1005:19)
[Node] [ERROR] - 2022-12-13T06:07:51.758ZuncaughtException: тип Unable to compile TypeScript:
[96msrc/services/user/index.ts[0m:[93m97[0m:[93m19[0m - [91merror[0m[90m TS2554: [0mExpected 1-2 arguments, but got 0.

[7m97[0m       await users.bulkCreate();
[7m  [0m [91m                  ~~~~~~~~~~~~[0m

  [96mnode_modules/sequelize/types/model.d.ts[0m:[93m2421[0m:[93m5[0m
    [7m2421[0m     records: ReadonlyArray<CreationAttributes<M>>,
    [7m    [0m [96m    ~~~~~~~~~~~~~~~~~~~~~~~~~~~~~~~~~~~~~~~~~~~~~[0m
    An argument for 'records' was not provided.

TSError: тип Unable to compile TypeScript:
[96msrc/services/user/index.ts[0m:[93m97[0m:[93m19[0m - [91merror[0m[90m TS2554: [0mExpected 1-2 arguments, but got 0.

[7m97[0m       await users.bulkCreate();
[7m  [0m [91m                  ~~~~~~~~~~~~[0m

  [96mnode_modules/sequelize/types/model.d.ts[0m:[93m2421[0m:[93m5[0m
    [7m2421[0m     records: ReadonlyArray<CreationAttributes<M>>,
    [7m    [0m [96m    ~~~~~~~~~~~~~~~~~~~~~~~~~~~~~~~~~~~~~~~~~~~~~[0m
    An argument for 'records' was not provided.

    at createTSError (/home/thoughtwin/Documents/EB_Ty/node_modules/ts-node/src/index.ts:859:12)
    at reportTSError (/home/thoughtwin/Documents/EB_Ty/node_modules/ts-node/src/index.ts:863:19)
    at getOutput (/home/thoughtwin/Documents/EB_Ty/node_modules/ts-node/src/index.ts:1077:36)
    at Object.compile (/home/thoughtwin/Documents/EB_Ty/node_modules/ts-node/src/index.ts:1433:41)
    at Module.m._compile (/home/thoughtwin/Documents/EB_Ty/node_modules/ts-node/src/index.ts:1617:30)
    at Module._extensions..js (node:internal/modules/cjs/loader:1159:10)
    at Object.require.extensions.<computed> [as .ts] (/home/thoughtwin/Documents/EB_Ty/node_modules/ts-node/src/index.ts:1621:12)
    at Module.load (node:internal/modules/cjs/loader:981:32)
    at Function.Module._load (node:internal/modules/cjs/loader:827:12)
    at Module.require (node:internal/modules/cjs/loader:1005:19)
[Node] [ERROR] - 2022-12-13T06:09:30.346ZuncaughtException: тип Unable to compile TypeScript:
[96msrc/services/user/index.ts[0m:[93m100[0m:[93m7[0m - [91merror[0m[90m TS1109: [0mExpression expected.

[7m100[0m       })
[7m   [0m [91m      ~[0m

TSError: тип Unable to compile TypeScript:
[96msrc/services/user/index.ts[0m:[93m100[0m:[93m7[0m - [91merror[0m[90m TS1109: [0mExpression expected.

[7m100[0m       })
[7m   [0m [91m      ~[0m

    at createTSError (/home/thoughtwin/Documents/EB_Ty/node_modules/ts-node/src/index.ts:859:12)
    at reportTSError (/home/thoughtwin/Documents/EB_Ty/node_modules/ts-node/src/index.ts:863:19)
    at getOutput (/home/thoughtwin/Documents/EB_Ty/node_modules/ts-node/src/index.ts:1077:36)
    at Object.compile (/home/thoughtwin/Documents/EB_Ty/node_modules/ts-node/src/index.ts:1433:41)
    at Module.m._compile (/home/thoughtwin/Documents/EB_Ty/node_modules/ts-node/src/index.ts:1617:30)
    at Module._extensions..js (node:internal/modules/cjs/loader:1159:10)
    at Object.require.extensions.<computed> [as .ts] (/home/thoughtwin/Documents/EB_Ty/node_modules/ts-node/src/index.ts:1621:12)
    at Module.load (node:internal/modules/cjs/loader:981:32)
    at Function.Module._load (node:internal/modules/cjs/loader:827:12)
    at Module.require (node:internal/modules/cjs/loader:1005:19)
[Node] [ERROR] - 2022-12-13T06:35:40.149Z404 - /api/v1/getAll [POST] - Can't find /api/v1/getAll on this server! 
[Node] [ERROR] - 2022-12-13T06:51:58.558ZuncaughtException: тип Unable to compile TypeScript:
[96msrc/services/user/index.ts[0m:[93m19[0m:[93m16[0m - [91merror[0m[90m TS2393: [0mDuplicate function implementation.

[7m19[0m   public async createUser(userData: any): Promise<IUser> {
[7m  [0m [91m               ~~~~~~~~~~[0m
[96msrc/services/user/index.ts[0m:[93m110[0m:[93m16[0m - [91merror[0m[90m TS2393: [0mDuplicate function implementation.

[7m110[0m   public async createUser(userData: any): Promise<IUser> {
[7m   [0m [91m               ~~~~~~~~~~[0m

TSError: тип Unable to compile TypeScript:
[96msrc/services/user/index.ts[0m:[93m19[0m:[93m16[0m - [91merror[0m[90m TS2393: [0mDuplicate function implementation.

[7m19[0m   public async createUser(userData: any): Promise<IUser> {
[7m  [0m [91m               ~~~~~~~~~~[0m
[96msrc/services/user/index.ts[0m:[93m110[0m:[93m16[0m - [91merror[0m[90m TS2393: [0mDuplicate function implementation.

[7m110[0m   public async createUser(userData: any): Promise<IUser> {
[7m   [0m [91m               ~~~~~~~~~~[0m

    at createTSError (/home/thoughtwin/Documents/EB_Ty/node_modules/ts-node/src/index.ts:859:12)
    at reportTSError (/home/thoughtwin/Documents/EB_Ty/node_modules/ts-node/src/index.ts:863:19)
    at getOutput (/home/thoughtwin/Documents/EB_Ty/node_modules/ts-node/src/index.ts:1077:36)
    at Object.compile (/home/thoughtwin/Documents/EB_Ty/node_modules/ts-node/src/index.ts:1433:41)
    at Module.m._compile (/home/thoughtwin/Documents/EB_Ty/node_modules/ts-node/src/index.ts:1617:30)
    at Module._extensions..js (node:internal/modules/cjs/loader:1159:10)
    at Object.require.extensions.<computed> [as .ts] (/home/thoughtwin/Documents/EB_Ty/node_modules/ts-node/src/index.ts:1621:12)
    at Module.load (node:internal/modules/cjs/loader:981:32)
    at Function.Module._load (node:internal/modules/cjs/loader:827:12)
    at Module.require (node:internal/modules/cjs/loader:1005:19)
[Node] [ERROR] - 2022-12-13T06:52:10.801ZuncaughtException: тип Unable to compile TypeScript:
[96msrc/services/user/index.ts[0m:[93m19[0m:[93m16[0m - [91merror[0m[90m TS2393: [0mDuplicate function implementation.

[7m19[0m   public async createUser(userData: any): Promise<IUser> {
[7m  [0m [91m               ~~~~~~~~~~[0m
[96msrc/services/user/index.ts[0m:[93m110[0m:[93m16[0m - [91merror[0m[90m TS2393: [0mDuplicate function implementation.

[7m110[0m   public async createUser(userData: any): Promise<IUser> {
[7m   [0m [91m               ~~~~~~~~~~[0m

TSError: тип Unable to compile TypeScript:
[96msrc/services/user/index.ts[0m:[93m19[0m:[93m16[0m - [91merror[0m[90m TS2393: [0mDuplicate function implementation.

[7m19[0m   public async createUser(userData: any): Promise<IUser> {
[7m  [0m [91m               ~~~~~~~~~~[0m
[96msrc/services/user/index.ts[0m:[93m110[0m:[93m16[0m - [91merror[0m[90m TS2393: [0mDuplicate function implementation.

[7m110[0m   public async createUser(userData: any): Promise<IUser> {
[7m   [0m [91m               ~~~~~~~~~~[0m

    at createTSError (/home/thoughtwin/Documents/EB_Ty/node_modules/ts-node/src/index.ts:859:12)
    at reportTSError (/home/thoughtwin/Documents/EB_Ty/node_modules/ts-node/src/index.ts:863:19)
    at getOutput (/home/thoughtwin/Documents/EB_Ty/node_modules/ts-node/src/index.ts:1077:36)
    at Object.compile (/home/thoughtwin/Documents/EB_Ty/node_modules/ts-node/src/index.ts:1433:41)
    at Module.m._compile (/home/thoughtwin/Documents/EB_Ty/node_modules/ts-node/src/index.ts:1617:30)
    at Module._extensions..js (node:internal/modules/cjs/loader:1159:10)
    at Object.require.extensions.<computed> [as .ts] (/home/thoughtwin/Documents/EB_Ty/node_modules/ts-node/src/index.ts:1621:12)
    at Module.load (node:internal/modules/cjs/loader:981:32)
    at Function.Module._load (node:internal/modules/cjs/loader:827:12)
    at Module.require (node:internal/modules/cjs/loader:1005:19)
[Node] [ERROR] - 2022-12-13T06:52:26.553ZuncaughtException: тип Unable to compile TypeScript:
[96msrc/services/user/index.ts[0m:[93m111[0m:[93m17[0m - [91merror[0m[90m TS2304: [0mCannot find name 'userData'.

[7m111[0m     if (isEmpty(userData)) throw new BadRequestException('userData is empty');
[7m   [0m [91m                ~~~~~~~~[0m
[96msrc/services/user/index.ts[0m:[93m114[0m:[93m23[0m - [91merror[0m[90m TS2304: [0mCannot find name 'userData'.

[7m114[0m       where: { email: userData.email },
[7m   [0m [91m                      ~~~~~~~~[0m
[96msrc/services/user/index.ts[0m:[93m118[0m:[93m23[0m - [91merror[0m[90m TS2304: [0mCannot find name 'userData'.

[7m118[0m         `This email ${userData.email} already exists`,
[7m   [0m [91m                      ~~~~~~~~[0m
[96msrc/services/user/index.ts[0m:[93m122[0m:[93m39[0m - [91merror[0m[90m TS2304: [0mCannot find name 'userData'.

[7m122[0m     const hashedPassword = await hash(userData.password, 10);
[7m   [0m [91m                                      ~~~~~~~~[0m
[96msrc/services/user/index.ts[0m:[93m124[0m:[93m10[0m - [91merror[0m[90m TS2304: [0mCannot find name 'userData'.

[7m124[0m       ...userData,
[7m   [0m [91m         ~~~~~~~~[0m

TSError: тип Unable to compile TypeScript:
[96msrc/services/user/index.ts[0m:[93m111[0m:[93m17[0m - [91merror[0m[90m TS2304: [0mCannot find name 'userData'.

[7m111[0m     if (isEmpty(userData)) throw new BadRequestException('userData is empty');
[7m   [0m [91m                ~~~~~~~~[0m
[96msrc/services/user/index.ts[0m:[93m114[0m:[93m23[0m - [91merror[0m[90m TS2304: [0mCannot find name 'userData'.

[7m114[0m       where: { email: userData.email },
[7m   [0m [91m                      ~~~~~~~~[0m
[96msrc/services/user/index.ts[0m:[93m118[0m:[93m23[0m - [91merror[0m[90m TS2304: [0mCannot find name 'userData'.

[7m118[0m         `This email ${userData.email} already exists`,
[7m   [0m [91m                      ~~~~~~~~[0m
[96msrc/services/user/index.ts[0m:[93m122[0m:[93m39[0m - [91merror[0m[90m TS2304: [0mCannot find name 'userData'.

[7m122[0m     const hashedPassword = await hash(userData.password, 10);
[7m   [0m [91m                                      ~~~~~~~~[0m
[96msrc/services/user/index.ts[0m:[93m124[0m:[93m10[0m - [91merror[0m[90m TS2304: [0mCannot find name 'userData'.

[7m124[0m       ...userData,
[7m   [0m [91m         ~~~~~~~~[0m

    at createTSError (/home/thoughtwin/Documents/EB_Ty/node_modules/ts-node/src/index.ts:859:12)
    at reportTSError (/home/thoughtwin/Documents/EB_Ty/node_modules/ts-node/src/index.ts:863:19)
    at getOutput (/home/thoughtwin/Documents/EB_Ty/node_modules/ts-node/src/index.ts:1077:36)
    at Object.compile (/home/thoughtwin/Documents/EB_Ty/node_modules/ts-node/src/index.ts:1433:41)
    at Module.m._compile (/home/thoughtwin/Documents/EB_Ty/node_modules/ts-node/src/index.ts:1617:30)
    at Module._extensions..js (node:internal/modules/cjs/loader:1159:10)
    at Object.require.extensions.<computed> [as .ts] (/home/thoughtwin/Documents/EB_Ty/node_modules/ts-node/src/index.ts:1621:12)
    at Module.load (node:internal/modules/cjs/loader:981:32)
    at Function.Module._load (node:internal/modules/cjs/loader:827:12)
    at Module.require (node:internal/modules/cjs/loader:1005:19)
[Node] [ERROR] - 2022-12-13T06:52:32.547ZuncaughtException: тип Unable to compile TypeScript:
[96msrc/services/user/index.ts[0m:[93m114[0m:[93m23[0m - [91merror[0m[90m TS2304: [0mCannot find name 'userData'.

[7m114[0m       where: { email: userData.email },
[7m   [0m [91m                      ~~~~~~~~[0m
[96msrc/services/user/index.ts[0m:[93m118[0m:[93m23[0m - [91merror[0m[90m TS2304: [0mCannot find name 'userData'.

[7m118[0m         `This email ${userData.email} already exists`,
[7m   [0m [91m                      ~~~~~~~~[0m
[96msrc/services/user/index.ts[0m:[93m122[0m:[93m39[0m - [91merror[0m[90m TS2304: [0mCannot find name 'userData'.

[7m122[0m     const hashedPassword = await hash(userData.password, 10);
[7m   [0m [91m                                      ~~~~~~~~[0m
[96msrc/services/user/index.ts[0m:[93m124[0m:[93m10[0m - [91merror[0m[90m TS2304: [0mCannot find name 'userData'.

[7m124[0m       ...userData,
[7m   [0m [91m         ~~~~~~~~[0m

TSError: тип Unable to compile TypeScript:
[96msrc/services/user/index.ts[0m:[93m114[0m:[93m23[0m - [91merror[0m[90m TS2304: [0mCannot find name 'userData'.

[7m114[0m       where: { email: userData.email },
[7m   [0m [91m                      ~~~~~~~~[0m
[96msrc/services/user/index.ts[0m:[93m118[0m:[93m23[0m - [91merror[0m[90m TS2304: [0mCannot find name 'userData'.

[7m118[0m         `This email ${userData.email} already exists`,
[7m   [0m [91m                      ~~~~~~~~[0m
[96msrc/services/user/index.ts[0m:[93m122[0m:[93m39[0m - [91merror[0m[90m TS2304: [0mCannot find name 'userData'.

[7m122[0m     const hashedPassword = await hash(userData.password, 10);
[7m   [0m [91m                                      ~~~~~~~~[0m
[96msrc/services/user/index.ts[0m:[93m124[0m:[93m10[0m - [91merror[0m[90m TS2304: [0mCannot find name 'userData'.

[7m124[0m       ...userData,
[7m   [0m [91m         ~~~~~~~~[0m

    at createTSError (/home/thoughtwin/Documents/EB_Ty/node_modules/ts-node/src/index.ts:859:12)
    at reportTSError (/home/thoughtwin/Documents/EB_Ty/node_modules/ts-node/src/index.ts:863:19)
    at getOutput (/home/thoughtwin/Documents/EB_Ty/node_modules/ts-node/src/index.ts:1077:36)
    at Object.compile (/home/thoughtwin/Documents/EB_Ty/node_modules/ts-node/src/index.ts:1433:41)
    at Module.m._compile (/home/thoughtwin/Documents/EB_Ty/node_modules/ts-node/src/index.ts:1617:30)
    at Module._extensions..js (node:internal/modules/cjs/loader:1159:10)
    at Object.require.extensions.<computed> [as .ts] (/home/thoughtwin/Documents/EB_Ty/node_modules/ts-node/src/index.ts:1621:12)
    at Module.load (node:internal/modules/cjs/loader:981:32)
    at Function.Module._load (node:internal/modules/cjs/loader:827:12)
    at Module.require (node:internal/modules/cjs/loader:1005:19)
[Node] [ERROR] - 2022-12-13T06:52:47.520ZuncaughtException: тип Unable to compile TypeScript:
[96msrc/services/user/index.ts[0m:[93m114[0m:[93m23[0m - [91merror[0m[90m TS2304: [0mCannot find name 'userData'.

[7m114[0m       where: { email: userData.email },
[7m   [0m [91m                      ~~~~~~~~[0m
[96msrc/services/user/index.ts[0m:[93m118[0m:[93m23[0m - [91merror[0m[90m TS2304: [0mCannot find name 'userData'.

[7m118[0m         `This email ${userData.email} already exists`,
[7m   [0m [91m                      ~~~~~~~~[0m
[96msrc/services/user/index.ts[0m:[93m122[0m:[93m39[0m - [91merror[0m[90m TS2304: [0mCannot find name 'userData'.

[7m122[0m     const hashedPassword = await hash(userData.password, 10);
[7m   [0m [91m                                      ~~~~~~~~[0m
[96msrc/services/user/index.ts[0m:[93m124[0m:[93m10[0m - [91merror[0m[90m TS2304: [0mCannot find name 'userData'.

[7m124[0m       ...userData,
[7m   [0m [91m         ~~~~~~~~[0m

TSError: тип Unable to compile TypeScript:
[96msrc/services/user/index.ts[0m:[93m114[0m:[93m23[0m - [91merror[0m[90m TS2304: [0mCannot find name 'userData'.

[7m114[0m       where: { email: userData.email },
[7m   [0m [91m                      ~~~~~~~~[0m
[96msrc/services/user/index.ts[0m:[93m118[0m:[93m23[0m - [91merror[0m[90m TS2304: [0mCannot find name 'userData'.

[7m118[0m         `This email ${userData.email} already exists`,
[7m   [0m [91m                      ~~~~~~~~[0m
[96msrc/services/user/index.ts[0m:[93m122[0m:[93m39[0m - [91merror[0m[90m TS2304: [0mCannot find name 'userData'.

[7m122[0m     const hashedPassword = await hash(userData.password, 10);
[7m   [0m [91m                                      ~~~~~~~~[0m
[96msrc/services/user/index.ts[0m:[93m124[0m:[93m10[0m - [91merror[0m[90m TS2304: [0mCannot find name 'userData'.

[7m124[0m       ...userData,
[7m   [0m [91m         ~~~~~~~~[0m

    at createTSError (/home/thoughtwin/Documents/EB_Ty/node_modules/ts-node/src/index.ts:859:12)
    at reportTSError (/home/thoughtwin/Documents/EB_Ty/node_modules/ts-node/src/index.ts:863:19)
    at getOutput (/home/thoughtwin/Documents/EB_Ty/node_modules/ts-node/src/index.ts:1077:36)
    at Object.compile (/home/thoughtwin/Documents/EB_Ty/node_modules/ts-node/src/index.ts:1433:41)
    at Module.m._compile (/home/thoughtwin/Documents/EB_Ty/node_modules/ts-node/src/index.ts:1617:30)
    at Module._extensions..js (node:internal/modules/cjs/loader:1159:10)
    at Object.require.extensions.<computed> [as .ts] (/home/thoughtwin/Documents/EB_Ty/node_modules/ts-node/src/index.ts:1621:12)
    at Module.load (node:internal/modules/cjs/loader:981:32)
    at Function.Module._load (node:internal/modules/cjs/loader:827:12)
    at Module.require (node:internal/modules/cjs/loader:1005:19)
[Node] [ERROR] - 2022-12-13T06:54:27.756ZuncaughtException: тип Unable to compile TypeScript:
[96msrc/controllers/user/users.controller.ts[0m:[93m59[0m:[93m26[0m - [91merror[0m[90m TS2304: [0mCannot find name 'readBuffer'.

[7m59[0m       const data = await readBuffer(req.file.buffer);
[7m  [0m [91m                         ~~~~~~~~~~[0m
[96msrc/controllers/user/users.controller.ts[0m:[93m60[0m:[93m13[0m - [91merror[0m[90m TS2304: [0mCannot find name 'users'.

[7m60[0m       await users.bulkCreate(data);
[7m  [0m [91m            ~~~~~[0m

TSError: тип Unable to compile TypeScript:
[96msrc/controllers/user/users.controller.ts[0m:[93m59[0m:[93m26[0m - [91merror[0m[90m TS2304: [0mCannot find name 'readBuffer'.

[7m59[0m       const data = await readBuffer(req.file.buffer);
[7m  [0m [91m                         ~~~~~~~~~~[0m
[96msrc/controllers/user/users.controller.ts[0m:[93m60[0m:[93m13[0m - [91merror[0m[90m TS2304: [0mCannot find name 'users'.

[7m60[0m       await users.bulkCreate(data);
[7m  [0m [91m            ~~~~~[0m

    at createTSError (/home/thoughtwin/Documents/EB_Ty/node_modules/ts-node/src/index.ts:859:12)
    at reportTSError (/home/thoughtwin/Documents/EB_Ty/node_modules/ts-node/src/index.ts:863:19)
    at getOutput (/home/thoughtwin/Documents/EB_Ty/node_modules/ts-node/src/index.ts:1077:36)
    at Object.compile (/home/thoughtwin/Documents/EB_Ty/node_modules/ts-node/src/index.ts:1433:41)
    at Module.m._compile (/home/thoughtwin/Documents/EB_Ty/node_modules/ts-node/src/index.ts:1617:30)
    at Module._extensions..js (node:internal/modules/cjs/loader:1159:10)
    at Object.require.extensions.<computed> [as .ts] (/home/thoughtwin/Documents/EB_Ty/node_modules/ts-node/src/index.ts:1621:12)
    at Module.load (node:internal/modules/cjs/loader:981:32)
    at Function.Module._load (node:internal/modules/cjs/loader:827:12)
    at Module.require (node:internal/modules/cjs/loader:1005:19)
[Node] [ERROR] - 2022-12-13T06:55:07.132ZuncaughtException: тип Unable to compile TypeScript:
[96msrc/controllers/user/users.controller.ts[0m:[93m55[0m:[93m65[0m - [91merror[0m[90m TS2355: [0mA function whose declared type is neither 'void' nor 'any' must return a value.

[7m55[0m   public async uploadFile(req: any, res: any, _: NextFunction): Promise<IUser> {
[7m  [0m [91m                                                                ~~~~~~~~~~~~~~[0m
[96msrc/controllers/user/users.controller.ts[0m:[93m58[0m:[93m13[0m - [91merror[0m[90m TS2304: [0mCannot find name 'users'.

[7m58[0m       await users.bulkCreate(data);
[7m  [0m [91m            ~~~~~[0m

TSError: тип Unable to compile TypeScript:
[96msrc/controllers/user/users.controller.ts[0m:[93m55[0m:[93m65[0m - [91merror[0m[90m TS2355: [0mA function whose declared type is neither 'void' nor 'any' must return a value.

[7m55[0m   public async uploadFile(req: any, res: any, _: NextFunction): Promise<IUser> {
[7m  [0m [91m                                                                ~~~~~~~~~~~~~~[0m
[96msrc/controllers/user/users.controller.ts[0m:[93m58[0m:[93m13[0m - [91merror[0m[90m TS2304: [0mCannot find name 'users'.

[7m58[0m       await users.bulkCreate(data);
[7m  [0m [91m            ~~~~~[0m

    at createTSError (/home/thoughtwin/Documents/EB_Ty/node_modules/ts-node/src/index.ts:859:12)
    at reportTSError (/home/thoughtwin/Documents/EB_Ty/node_modules/ts-node/src/index.ts:863:19)
    at getOutput (/home/thoughtwin/Documents/EB_Ty/node_modules/ts-node/src/index.ts:1077:36)
    at Object.compile (/home/thoughtwin/Documents/EB_Ty/node_modules/ts-node/src/index.ts:1433:41)
    at Module.m._compile (/home/thoughtwin/Documents/EB_Ty/node_modules/ts-node/src/index.ts:1617:30)
    at Module._extensions..js (node:internal/modules/cjs/loader:1159:10)
    at Object.require.extensions.<computed> [as .ts] (/home/thoughtwin/Documents/EB_Ty/node_modules/ts-node/src/index.ts:1621:12)
    at Module.load (node:internal/modules/cjs/loader:981:32)
    at Function.Module._load (node:internal/modules/cjs/loader:827:12)
    at Module.require (node:internal/modules/cjs/loader:1005:19)
[Node] [ERROR] - 2022-12-13T06:55:16.316ZuncaughtException: тип Unable to compile TypeScript:
[96msrc/controllers/user/users.controller.ts[0m:[93m58[0m:[93m13[0m - [91merror[0m[90m TS2304: [0mCannot find name 'users'.

[7m58[0m       await users.bulkCreate(data);
[7m  [0m [91m            ~~~~~[0m

TSError: тип Unable to compile TypeScript:
[96msrc/controllers/user/users.controller.ts[0m:[93m58[0m:[93m13[0m - [91merror[0m[90m TS2304: [0mCannot find name 'users'.

[7m58[0m       await users.bulkCreate(data);
[7m  [0m [91m            ~~~~~[0m

    at createTSError (/home/thoughtwin/Documents/EB_Ty/node_modules/ts-node/src/index.ts:859:12)
    at reportTSError (/home/thoughtwin/Documents/EB_Ty/node_modules/ts-node/src/index.ts:863:19)
    at getOutput (/home/thoughtwin/Documents/EB_Ty/node_modules/ts-node/src/index.ts:1077:36)
    at Object.compile (/home/thoughtwin/Documents/EB_Ty/node_modules/ts-node/src/index.ts:1433:41)
    at Module.m._compile (/home/thoughtwin/Documents/EB_Ty/node_modules/ts-node/src/index.ts:1617:30)
    at Module._extensions..js (node:internal/modules/cjs/loader:1159:10)
    at Object.require.extensions.<computed> [as .ts] (/home/thoughtwin/Documents/EB_Ty/node_modules/ts-node/src/index.ts:1621:12)
    at Module.load (node:internal/modules/cjs/loader:981:32)
    at Function.Module._load (node:internal/modules/cjs/loader:827:12)
    at Module.require (node:internal/modules/cjs/loader:1005:19)
[Node] [ERROR] - 2022-12-13T06:56:56.124ZuncaughtException: тип Unable to compile TypeScript:
[96msrc/routes/user.routes.ts[0m:[93m28[0m:[93m80[0m - [91merror[0m[90m TS2551: [0mProperty 'uploadUserFile' does not exist on type 'UserService'. Did you mean 'uploadFile'?

[7m28[0m       this.router.post(RoutesConstants.USER.CSV, FileUpload, this.userServices.uploadUserFile);
[7m  [0m [91m                                                                               ~~~~~~~~~~~~~~[0m

  [96msrc/services/user/index.ts[0m:[93m92[0m:[93m16[0m
    [7m92[0m   public async uploadFile(userDataFile: any): Promise<IUser> {
    [7m  [0m [96m               ~~~~~~~~~~[0m
    'uploadFile' is declared here.

TSError: тип Unable to compile TypeScript:
[96msrc/routes/user.routes.ts[0m:[93m28[0m:[93m80[0m - [91merror[0m[90m TS2551: [0mProperty 'uploadUserFile' does not exist on type 'UserService'. Did you mean 'uploadFile'?

[7m28[0m       this.router.post(RoutesConstants.USER.CSV, FileUpload, this.userServices.uploadUserFile);
[7m  [0m [91m                                                                               ~~~~~~~~~~~~~~[0m

  [96msrc/services/user/index.ts[0m:[93m92[0m:[93m16[0m
    [7m92[0m   public async uploadFile(userDataFile: any): Promise<IUser> {
    [7m  [0m [96m               ~~~~~~~~~~[0m
    'uploadFile' is declared here.

    at createTSError (/home/thoughtwin/Documents/EB_Ty/node_modules/ts-node/src/index.ts:859:12)
    at reportTSError (/home/thoughtwin/Documents/EB_Ty/node_modules/ts-node/src/index.ts:863:19)
    at getOutput (/home/thoughtwin/Documents/EB_Ty/node_modules/ts-node/src/index.ts:1077:36)
    at Object.compile (/home/thoughtwin/Documents/EB_Ty/node_modules/ts-node/src/index.ts:1433:41)
    at Module.m._compile (/home/thoughtwin/Documents/EB_Ty/node_modules/ts-node/src/index.ts:1617:30)
    at Module._extensions..js (node:internal/modules/cjs/loader:1159:10)
    at Object.require.extensions.<computed> [as .ts] (/home/thoughtwin/Documents/EB_Ty/node_modules/ts-node/src/index.ts:1621:12)
    at Module.load (node:internal/modules/cjs/loader:981:32)
    at Function.Module._load (node:internal/modules/cjs/loader:827:12)
    at Module.require (node:internal/modules/cjs/loader:1005:19)
[Node] [ERROR] - 2022-12-13T06:57:42.386Z404 - /api/v1/csv/post [GET] - Can't find /api/v1/csv/post on this server! 
[Node] [ERROR] - 2022-12-13T07:03:16.280ZuncaughtException: тип Unable to compile TypeScript:
[96msrc/routes/user.routes.ts[0m:[93m26[0m:[93m83[0m - [91merror[0m[90m TS2339: [0mProperty 'uploadUserFile' does not exist on type 'UsersController'.

[7m26[0m       this.router.post(RoutesConstants.USER.CSV, FileUpload, this.usersController.uploadUserFile);
[7m  [0m [91m                                                                                  ~~~~~~~~~~~~~~[0m

TSError: тип Unable to compile TypeScript:
[96msrc/routes/user.routes.ts[0m:[93m26[0m:[93m83[0m - [91merror[0m[90m TS2339: [0mProperty 'uploadUserFile' does not exist on type 'UsersController'.

[7m26[0m       this.router.post(RoutesConstants.USER.CSV, FileUpload, this.usersController.uploadUserFile);
[7m  [0m [91m                                                                                  ~~~~~~~~~~~~~~[0m

    at createTSError (/home/thoughtwin/Documents/EB_Ty/node_modules/ts-node/src/index.ts:859:12)
    at reportTSError (/home/thoughtwin/Documents/EB_Ty/node_modules/ts-node/src/index.ts:863:19)
    at getOutput (/home/thoughtwin/Documents/EB_Ty/node_modules/ts-node/src/index.ts:1077:36)
    at Object.compile (/home/thoughtwin/Documents/EB_Ty/node_modules/ts-node/src/index.ts:1433:41)
    at Module.m._compile (/home/thoughtwin/Documents/EB_Ty/node_modules/ts-node/src/index.ts:1617:30)
    at Module._extensions..js (node:internal/modules/cjs/loader:1159:10)
    at Object.require.extensions.<computed> [as .ts] (/home/thoughtwin/Documents/EB_Ty/node_modules/ts-node/src/index.ts:1621:12)
    at Module.load (node:internal/modules/cjs/loader:981:32)
    at Function.Module._load (node:internal/modules/cjs/loader:827:12)
    at Module.require (node:internal/modules/cjs/loader:1005:19)
[Node] [ERROR] - 2022-12-13T07:03:31.486ZuncaughtException: тип Unable to compile TypeScript:
[96msrc/routes/user.routes.ts[0m:[93m26[0m:[93m83[0m - [91merror[0m[90m TS2551: [0mProperty 'uploadUserFile' does not exist on type 'UsersController'. Did you mean 'uploadFile'?

[7m26[0m       this.router.post(RoutesConstants.USER.CSV, FileUpload, this.usersController.uploadUserFile);
[7m  [0m [91m                                                                                  ~~~~~~~~~~~~~~[0m

  [96msrc/controllers/user/users.controller.ts[0m:[93m55[0m:[93m16[0m
    [7m55[0m   public async uploadFile(req: any, res: any, _: NextFunction) {
    [7m  [0m [96m               ~~~~~~~~~~[0m
    'uploadFile' is declared here.

TSError: тип Unable to compile TypeScript:
[96msrc/routes/user.routes.ts[0m:[93m26[0m:[93m83[0m - [91merror[0m[90m TS2551: [0mProperty 'uploadUserFile' does not exist on type 'UsersController'. Did you mean 'uploadFile'?

[7m26[0m       this.router.post(RoutesConstants.USER.CSV, FileUpload, this.usersController.uploadUserFile);
[7m  [0m [91m                                                                                  ~~~~~~~~~~~~~~[0m

  [96msrc/controllers/user/users.controller.ts[0m:[93m55[0m:[93m16[0m
    [7m55[0m   public async uploadFile(req: any, res: any, _: NextFunction) {
    [7m  [0m [96m               ~~~~~~~~~~[0m
    'uploadFile' is declared here.

    at createTSError (/home/thoughtwin/Documents/EB_Ty/node_modules/ts-node/src/index.ts:859:12)
    at reportTSError (/home/thoughtwin/Documents/EB_Ty/node_modules/ts-node/src/index.ts:863:19)
    at getOutput (/home/thoughtwin/Documents/EB_Ty/node_modules/ts-node/src/index.ts:1077:36)
    at Object.compile (/home/thoughtwin/Documents/EB_Ty/node_modules/ts-node/src/index.ts:1433:41)
    at Module.m._compile (/home/thoughtwin/Documents/EB_Ty/node_modules/ts-node/src/index.ts:1617:30)
    at Module._extensions..js (node:internal/modules/cjs/loader:1159:10)
    at Object.require.extensions.<computed> [as .ts] (/home/thoughtwin/Documents/EB_Ty/node_modules/ts-node/src/index.ts:1621:12)
    at Module.load (node:internal/modules/cjs/loader:981:32)
    at Function.Module._load (node:internal/modules/cjs/loader:827:12)
    at Module.require (node:internal/modules/cjs/loader:1005:19)
[Node] [ERROR] - 2022-12-13T07:06:27.514ZuncaughtException: тип Unable to compile TypeScript:
[96msrc/controllers/user/users.controller.ts[0m:[93m65[0m:[93m14[0m - [91merror[0m[90m TS2304: [0mCannot find name 'next'.

[7m65[0m       return next(error);
[7m  [0m [91m             ~~~~[0m

TSError: тип Unable to compile TypeScript:
[96msrc/controllers/user/users.controller.ts[0m:[93m65[0m:[93m14[0m - [91merror[0m[90m TS2304: [0mCannot find name 'next'.

[7m65[0m       return next(error);
[7m  [0m [91m             ~~~~[0m

    at createTSError (/home/thoughtwin/Documents/EB_Ty/node_modules/ts-node/src/index.ts:859:12)
    at reportTSError (/home/thoughtwin/Documents/EB_Ty/node_modules/ts-node/src/index.ts:863:19)
    at getOutput (/home/thoughtwin/Documents/EB_Ty/node_modules/ts-node/src/index.ts:1077:36)
    at Object.compile (/home/thoughtwin/Documents/EB_Ty/node_modules/ts-node/src/index.ts:1433:41)
    at Module.m._compile (/home/thoughtwin/Documents/EB_Ty/node_modules/ts-node/src/index.ts:1617:30)
    at Module._extensions..js (node:internal/modules/cjs/loader:1159:10)
    at Object.require.extensions.<computed> [as .ts] (/home/thoughtwin/Documents/EB_Ty/node_modules/ts-node/src/index.ts:1621:12)
    at Module.load (node:internal/modules/cjs/loader:981:32)
    at Function.Module._load (node:internal/modules/cjs/loader:827:12)
    at Module.require (node:internal/modules/cjs/loader:1005:19)
[Node] [ERROR] - 2022-12-13T07:25:56.152Z500 - /api/v1/csv/post [POST] - Cannot read properties of undefined (reading 'userService') 
[Node] [ERROR] - 2022-12-13T07:27:16.408Z500 - /api/v1/csv/post [POST] - Cannot read properties of undefined (reading 'userService') 
[Node] [ERROR] - 2022-12-13T07:29:05.181Z500 - /api/v1/csv/post [POST] - Cannot read properties of undefined (reading 'userService') 
[Node] [ERROR] - 2022-12-13T07:30:27.116Z500 - /api/v1/csv/post [POST] - Cannot read properties of undefined (reading 'userService') 
[Node] [ERROR] - 2022-12-13T07:35:49.170Z500 - /api/v1/csv/post [POST] - Cannot read properties of undefined (reading 'userService') 
[Node] [ERROR] - 2022-12-13T07:37:49.818Z500 - /api/v1/csv/post [POST] - Cannot read properties of undefined (reading 'userService') 
[Node] [ERROR] - 2022-12-13T07:38:11.018ZuncaughtException: тип Unable to compile TypeScript:
[96msrc/controllers/user/users.controller.ts[0m:[93m61[0m:[93m46[0m - [91merror[0m[90m TS2304: [0mCannot find name 'da'.

[7m61[0m       console.log(';;;;;;;;;;;;;;;;;;;;;;;', da);
[7m  [0m [91m                                             ~~[0m

TSError: тип Unable to compile TypeScript:
[96msrc/controllers/user/users.controller.ts[0m:[93m61[0m:[93m46[0m - [91merror[0m[90m TS2304: [0mCannot find name 'da'.

[7m61[0m       console.log(';;;;;;;;;;;;;;;;;;;;;;;', da);
[7m  [0m [91m                                             ~~[0m

    at createTSError (/home/thoughtwin/Documents/EB_Ty/node_modules/ts-node/src/index.ts:859:12)
    at reportTSError (/home/thoughtwin/Documents/EB_Ty/node_modules/ts-node/src/index.ts:863:19)
    at getOutput (/home/thoughtwin/Documents/EB_Ty/node_modules/ts-node/src/index.ts:1077:36)
    at Object.compile (/home/thoughtwin/Documents/EB_Ty/node_modules/ts-node/src/index.ts:1433:41)
    at Module.m._compile (/home/thoughtwin/Documents/EB_Ty/node_modules/ts-node/src/index.ts:1617:30)
    at Module._extensions..js (node:internal/modules/cjs/loader:1159:10)
    at Object.require.extensions.<computed> [as .ts] (/home/thoughtwin/Documents/EB_Ty/node_modules/ts-node/src/index.ts:1621:12)
    at Module.load (node:internal/modules/cjs/loader:981:32)
    at Function.Module._load (node:internal/modules/cjs/loader:827:12)
    at Module.require (node:internal/modules/cjs/loader:1005:19)
[Node] [ERROR] - 2022-12-13T07:39:11.382Z500 - /api/v1/csv/post [POST] - Cannot read properties of undefined (reading 'userService') 
[Node] [ERROR] - 2022-12-13T07:39:36.706ZuncaughtException: тип Unable to compile TypeScript:
[96msrc/controllers/user/users.controller.ts[0m:[93m60[0m:[93m20[0m - [91merror[0m[90m TS1308: [0m'await' expressions are only allowed within async functions and at the top levels of modules.

[7m60[0m       const data = await readBuffer(req.file.buffer);
[7m  [0m [91m                   ~~~~~[0m

  [96msrc/controllers/user/users.controller.ts[0m:[93m55[0m:[93m10[0m
    [7m55[0m   public uploadUserFile(req: any, res: any, next: NextFunction) {
    [7m  [0m [96m         ~~~~~~~~~~~~~~[0m
    Did you mean to mark this function as 'async'?
[96msrc/controllers/user/users.controller.ts[0m:[93m61[0m:[93m20[0m - [91merror[0m[90m TS1308: [0m'await' expressions are only allowed within async functions and at the top levels of modules.

[7m61[0m       const file = await this.userService.uploadFile(data);
[7m  [0m [91m                   ~~~~~[0m

  [96msrc/controllers/user/users.controller.ts[0m:[93m55[0m:[93m10[0m
    [7m55[0m   public uploadUserFile(req: any, res: any, next: NextFunction) {
    [7m  [0m [96m         ~~~~~~~~~~~~~~[0m
    Did you mean to mark this function as 'async'?

TSError: тип Unable to compile TypeScript:
[96msrc/controllers/user/users.controller.ts[0m:[93m60[0m:[93m20[0m - [91merror[0m[90m TS1308: [0m'await' expressions are only allowed within async functions and at the top levels of modules.

[7m60[0m       const data = await readBuffer(req.file.buffer);
[7m  [0m [91m                   ~~~~~[0m

  [96msrc/controllers/user/users.controller.ts[0m:[93m55[0m:[93m10[0m
    [7m55[0m   public uploadUserFile(req: any, res: any, next: NextFunction) {
    [7m  [0m [96m         ~~~~~~~~~~~~~~[0m
    Did you mean to mark this function as 'async'?
[96msrc/controllers/user/users.controller.ts[0m:[93m61[0m:[93m20[0m - [91merror[0m[90m TS1308: [0m'await' expressions are only allowed within async functions and at the top levels of modules.

[7m61[0m       const file = await this.userService.uploadFile(data);
[7m  [0m [91m                   ~~~~~[0m

  [96msrc/controllers/user/users.controller.ts[0m:[93m55[0m:[93m10[0m
    [7m55[0m   public uploadUserFile(req: any, res: any, next: NextFunction) {
    [7m  [0m [96m         ~~~~~~~~~~~~~~[0m
    Did you mean to mark this function as 'async'?

    at createTSError (/home/thoughtwin/Documents/EB_Ty/node_modules/ts-node/src/index.ts:859:12)
    at reportTSError (/home/thoughtwin/Documents/EB_Ty/node_modules/ts-node/src/index.ts:863:19)
    at getOutput (/home/thoughtwin/Documents/EB_Ty/node_modules/ts-node/src/index.ts:1077:36)
    at Object.compile (/home/thoughtwin/Documents/EB_Ty/node_modules/ts-node/src/index.ts:1433:41)
    at Module.m._compile (/home/thoughtwin/Documents/EB_Ty/node_modules/ts-node/src/index.ts:1617:30)
    at Module._extensions..js (node:internal/modules/cjs/loader:1159:10)
    at Object.require.extensions.<computed> [as .ts] (/home/thoughtwin/Documents/EB_Ty/node_modules/ts-node/src/index.ts:1621:12)
    at Module.load (node:internal/modules/cjs/loader:981:32)
    at Function.Module._load (node:internal/modules/cjs/loader:827:12)
    at Module.require (node:internal/modules/cjs/loader:1005:19)
[Node] [ERROR] - 2022-12-13T07:43:19.719ZuncaughtException: тип Unable to compile TypeScript:
[96msrc/controllers/user/users.controller.ts[0m:[93m62[0m:[93m7[0m - [91merror[0m[90m TS2304: [0mCannot find name 'cosnt'.

[7m62[0m       cosnt file =  await this.userService.uploadFile(data);
[7m  [0m [91m      ~~~~~[0m
[96msrc/controllers/user/users.controller.ts[0m:[93m62[0m:[93m13[0m - [91merror[0m[90m TS2552: [0mCannot find name 'file'. Did you mean 'File'?

[7m62[0m       cosnt file =  await this.userService.uploadFile(data);
[7m  [0m [91m            ~~~~[0m

  [96mnode_modules/typescript/lib/lib.dom.d.ts[0m:[93m5340[0m:[93m13[0m
    [7m5340[0m declare var File: {
    [7m    [0m [96m            ~~~~[0m
    'File' is declared here.
[96msrc/controllers/user/users.controller.ts[0m:[93m62[0m:[93m7[0m - [91merror[0m[90m TS1435: [0mUnknown keyword or identifier. Did you mean 'const'?

[7m62[0m       cosnt file =  await this.userService.uploadFile(data);
[7m  [0m [91m      ~~~~~[0m

TSError: тип Unable to compile TypeScript:
[96msrc/controllers/user/users.controller.ts[0m:[93m62[0m:[93m7[0m - [91merror[0m[90m TS2304: [0mCannot find name 'cosnt'.

[7m62[0m       cosnt file =  await this.userService.uploadFile(data);
[7m  [0m [91m      ~~~~~[0m
[96msrc/controllers/user/users.controller.ts[0m:[93m62[0m:[93m13[0m - [91merror[0m[90m TS2552: [0mCannot find name 'file'. Did you mean 'File'?

[7m62[0m       cosnt file =  await this.userService.uploadFile(data);
[7m  [0m [91m            ~~~~[0m

  [96mnode_modules/typescript/lib/lib.dom.d.ts[0m:[93m5340[0m:[93m13[0m
    [7m5340[0m declare var File: {
    [7m    [0m [96m            ~~~~[0m
    'File' is declared here.
[96msrc/controllers/user/users.controller.ts[0m:[93m62[0m:[93m7[0m - [91merror[0m[90m TS1435: [0mUnknown keyword or identifier. Did you mean 'const'?

[7m62[0m       cosnt file =  await this.userService.uploadFile(data);
[7m  [0m [91m      ~~~~~[0m

    at createTSError (/home/thoughtwin/Documents/EB_Ty/node_modules/ts-node/src/index.ts:859:12)
    at reportTSError (/home/thoughtwin/Documents/EB_Ty/node_modules/ts-node/src/index.ts:863:19)
    at getOutput (/home/thoughtwin/Documents/EB_Ty/node_modules/ts-node/src/index.ts:1077:36)
    at Object.compile (/home/thoughtwin/Documents/EB_Ty/node_modules/ts-node/src/index.ts:1433:41)
    at Module.m._compile (/home/thoughtwin/Documents/EB_Ty/node_modules/ts-node/src/index.ts:1617:30)
    at Module._extensions..js (node:internal/modules/cjs/loader:1159:10)
    at Object.require.extensions.<computed> [as .ts] (/home/thoughtwin/Documents/EB_Ty/node_modules/ts-node/src/index.ts:1621:12)
    at Module.load (node:internal/modules/cjs/loader:981:32)
    at Function.Module._load (node:internal/modules/cjs/loader:827:12)
    at Module.require (node:internal/modules/cjs/loader:1005:19)
[Node] [ERROR] - 2022-12-13T07:44:50.390ZuncaughtException: тип Unable to compile TypeScript:
[96msrc/controllers/user/users.controller.ts[0m:[93m61[0m:[93m43[0m - [91merror[0m[90m TS2339: [0mProperty 'uploadFile' does not exist on type 'UserService'.

[7m61[0m       const file = await this.userService.uploadFile(data);
[7m  [0m [91m                                          ~~~~~~~~~~[0m

TSError: тип Unable to compile TypeScript:
[96msrc/controllers/user/users.controller.ts[0m:[93m61[0m:[93m43[0m - [91merror[0m[90m TS2339: [0mProperty 'uploadFile' does not exist on type 'UserService'.

[7m61[0m       const file = await this.userService.uploadFile(data);
[7m  [0m [91m                                          ~~~~~~~~~~[0m

    at createTSError (/home/thoughtwin/Documents/EB_Ty/node_modules/ts-node/src/index.ts:859:12)
    at reportTSError (/home/thoughtwin/Documents/EB_Ty/node_modules/ts-node/src/index.ts:863:19)
    at getOutput (/home/thoughtwin/Documents/EB_Ty/node_modules/ts-node/src/index.ts:1077:36)
    at Object.compile (/home/thoughtwin/Documents/EB_Ty/node_modules/ts-node/src/index.ts:1433:41)
    at Module.m._compile (/home/thoughtwin/Documents/EB_Ty/node_modules/ts-node/src/index.ts:1617:30)
    at Module._extensions..js (node:internal/modules/cjs/loader:1159:10)
    at Object.require.extensions.<computed> [as .ts] (/home/thoughtwin/Documents/EB_Ty/node_modules/ts-node/src/index.ts:1621:12)
    at Module.load (node:internal/modules/cjs/loader:981:32)
    at Function.Module._load (node:internal/modules/cjs/loader:827:12)
    at Module.require (node:internal/modules/cjs/loader:1005:19)
[Node] [ERROR] - 2022-12-13T07:45:07.153ZuncaughtException: тип Unable to compile TypeScript:
[96msrc/controllers/user/users.controller.ts[0m:[93m61[0m:[93m43[0m - [91merror[0m[90m TS2554: [0mExpected 3 arguments, but got 1.

[7m61[0m       const file = await this.userService.uploadFile(data);
[7m  [0m [91m                                          ~~~~~~~~~~~~~~~~[0m

  [96msrc/services/user/index.ts[0m:[93m96[0m:[93m37[0m
    [7m96[0m   public async uploadFile(req: any, res: any, _: NextFunction): Promise<IUser> {
    [7m  [0m [96m                                    ~~~~~~~~[0m
    An argument for 'res' was not provided.

TSError: тип Unable to compile TypeScript:
[96msrc/controllers/user/users.controller.ts[0m:[93m61[0m:[93m43[0m - [91merror[0m[90m TS2554: [0mExpected 3 arguments, but got 1.

[7m61[0m       const file = await this.userService.uploadFile(data);
[7m  [0m [91m                                          ~~~~~~~~~~~~~~~~[0m

  [96msrc/services/user/index.ts[0m:[93m96[0m:[93m37[0m
    [7m96[0m   public async uploadFile(req: any, res: any, _: NextFunction): Promise<IUser> {
    [7m  [0m [96m                                    ~~~~~~~~[0m
    An argument for 'res' was not provided.

    at createTSError (/home/thoughtwin/Documents/EB_Ty/node_modules/ts-node/src/index.ts:859:12)
    at reportTSError (/home/thoughtwin/Documents/EB_Ty/node_modules/ts-node/src/index.ts:863:19)
    at getOutput (/home/thoughtwin/Documents/EB_Ty/node_modules/ts-node/src/index.ts:1077:36)
    at Object.compile (/home/thoughtwin/Documents/EB_Ty/node_modules/ts-node/src/index.ts:1433:41)
    at Module.m._compile (/home/thoughtwin/Documents/EB_Ty/node_modules/ts-node/src/index.ts:1617:30)
    at Module._extensions..js (node:internal/modules/cjs/loader:1159:10)
    at Object.require.extensions.<computed> [as .ts] (/home/thoughtwin/Documents/EB_Ty/node_modules/ts-node/src/index.ts:1621:12)
    at Module.load (node:internal/modules/cjs/loader:981:32)
    at Function.Module._load (node:internal/modules/cjs/loader:827:12)
    at Module.require (node:internal/modules/cjs/loader:1005:19)
[Node] [ERROR] - 2022-12-13T07:45:28.899ZuncaughtException: тип Unable to compile TypeScript:
[96msrc/routes/user.routes.ts[0m:[93m26[0m:[93m83[0m - [91merror[0m[90m TS2339: [0mProperty 'uploadUserFile' does not exist on type 'UsersController'.

[7m26[0m       this.router.post(RoutesConstants.USER.CSV, FileUpload, this.usersController.uploadUserFile);
[7m  [0m [91m                                                                                  ~~~~~~~~~~~~~~[0m

TSError: тип Unable to compile TypeScript:
[96msrc/routes/user.routes.ts[0m:[93m26[0m:[93m83[0m - [91merror[0m[90m TS2339: [0mProperty 'uploadUserFile' does not exist on type 'UsersController'.

[7m26[0m       this.router.post(RoutesConstants.USER.CSV, FileUpload, this.usersController.uploadUserFile);
[7m  [0m [91m                                                                                  ~~~~~~~~~~~~~~[0m

    at createTSError (/home/thoughtwin/Documents/EB_Ty/node_modules/ts-node/src/index.ts:859:12)
    at reportTSError (/home/thoughtwin/Documents/EB_Ty/node_modules/ts-node/src/index.ts:863:19)
    at getOutput (/home/thoughtwin/Documents/EB_Ty/node_modules/ts-node/src/index.ts:1077:36)
    at Object.compile (/home/thoughtwin/Documents/EB_Ty/node_modules/ts-node/src/index.ts:1433:41)
    at Module.m._compile (/home/thoughtwin/Documents/EB_Ty/node_modules/ts-node/src/index.ts:1617:30)
    at Module._extensions..js (node:internal/modules/cjs/loader:1159:10)
    at Object.require.extensions.<computed> [as .ts] (/home/thoughtwin/Documents/EB_Ty/node_modules/ts-node/src/index.ts:1621:12)
    at Module.load (node:internal/modules/cjs/loader:981:32)
    at Function.Module._load (node:internal/modules/cjs/loader:827:12)
    at Module.require (node:internal/modules/cjs/loader:1005:19)
[Node] [ERROR] - 2022-12-13T07:45:45.159ZuncaughtException: тип Unable to compile TypeScript:
[96msrc/routes/user.routes.ts[0m:[93m28[0m:[93m83[0m - [91merror[0m[90m TS2339: [0mProperty 'uploadUserFile' does not exist on type 'UsersController'.

[7m28[0m       this.router.post(RoutesConstants.USER.CSV, FileUpload, this.usersController.uploadUserFile);
[7m  [0m [91m                                                                                  ~~~~~~~~~~~~~~[0m

TSError: тип Unable to compile TypeScript:
[96msrc/routes/user.routes.ts[0m:[93m28[0m:[93m83[0m - [91merror[0m[90m TS2339: [0mProperty 'uploadUserFile' does not exist on type 'UsersController'.

[7m28[0m       this.router.post(RoutesConstants.USER.CSV, FileUpload, this.usersController.uploadUserFile);
[7m  [0m [91m                                                                                  ~~~~~~~~~~~~~~[0m

    at createTSError (/home/thoughtwin/Documents/EB_Ty/node_modules/ts-node/src/index.ts:859:12)
    at reportTSError (/home/thoughtwin/Documents/EB_Ty/node_modules/ts-node/src/index.ts:863:19)
    at getOutput (/home/thoughtwin/Documents/EB_Ty/node_modules/ts-node/src/index.ts:1077:36)
    at Object.compile (/home/thoughtwin/Documents/EB_Ty/node_modules/ts-node/src/index.ts:1433:41)
    at Module.m._compile (/home/thoughtwin/Documents/EB_Ty/node_modules/ts-node/src/index.ts:1617:30)
    at Module._extensions..js (node:internal/modules/cjs/loader:1159:10)
    at Object.require.extensions.<computed> [as .ts] (/home/thoughtwin/Documents/EB_Ty/node_modules/ts-node/src/index.ts:1621:12)
    at Module.load (node:internal/modules/cjs/loader:981:32)
    at Function.Module._load (node:internal/modules/cjs/loader:827:12)
    at Module.require (node:internal/modules/cjs/loader:1005:19)
[Node] [ERROR] - 2022-12-13T07:45:55.856ZuncaughtException: тип Unable to compile TypeScript:
[96msrc/routes/user.routes.ts[0m:[93m20[0m:[93m3[0m - [91merror[0m[90m TS2662: [0mCannot find name 'constructor'. Did you mean the static member 'Route.constructor'?

[7m20[0m   constructor() {
[7m  [0m [91m  ~~~~~~~~~~~[0m
[96msrc/routes/user.routes.ts[0m:[93m21[0m:[93m5[0m - [91merror[0m[90m TS2532: [0mObject is possibly 'undefined'.

[7m21[0m     this.initializeRoutes();
[7m  [0m [91m    ~~~~[0m
[96msrc/routes/user.routes.ts[0m:[93m24[0m:[93m11[0m - [91merror[0m[90m TS2304: [0mCannot find name 'initializeRoutes'.

[7m24[0m   private initializeRoutes(): void {
[7m  [0m [91m          ~~~~~~~~~~~~~~~~[0m
[96msrc/routes/user.routes.ts[0m:[93m26[0m:[93m98[0m - [91merror[0m[90m TS2532: [0mObject is possibly 'undefined'.

[7m26[0m       this.router.post(RoutesConstants.USER.CREATE, validationMiddleware(CreateUserDto, 'body'), this.usersController.createUser);
[7m  [0m [91m                                                                                                 ~~~~[0m
[96msrc/routes/user.routes.ts[0m:[93m27[0m:[93m52[0m - [91merror[0m[90m TS2532: [0mObject is possibly 'undefined'.

[7m27[0m       this.router.post(RoutesConstants.USER.LOGIN, this.usersController.logIn);
[7m  [0m [91m                                                   ~~~~[0m
[96msrc/routes/user.routes.ts[0m:[93m28[0m:[93m62[0m - [91merror[0m[90m TS2532: [0mObject is possibly 'undefined'.

[7m28[0m       this.router.post(RoutesConstants.USER.CSV, FileUpload, this.usersController.uploadUserFile);
[7m  [0m [91m                                                             ~~~~[0m
[96msrc/routes/user.routes.ts[0m:[93m29[0m:[93m54[0m - [91merror[0m[90m TS2532: [0mObject is possibly 'undefined'.

[7m29[0m       this.router.get(RoutesConstants.USER.ALL_USER, this.usersController.getUsers);
[7m  [0m [91m                                                     ~~~~[0m
[96msrc/routes/user.routes.ts[0m:[93m30[0m:[93m55[0m - [91merror[0m[90m TS2532: [0mObject is possibly 'undefined'.

[7m30[0m       this.router.get(RoutesConstants.USER.GET_BY_ID, this.usersController.getUserById);
[7m  [0m [91m                                                      ~~~~[0m
[96msrc/routes/user.routes.ts[0m:[93m20[0m:[93m17[0m - [91merror[0m[90m TS1005: [0m';' expected.

[7m20[0m   constructor() {
[7m  [0m [91m                ~[0m
[96msrc/routes/user.routes.ts[0m:[93m24[0m:[93m3[0m - [91merror[0m[90m TS1128: [0mDeclaration or statement expected.

[7m24[0m   private initializeRoutes(): void {
[7m  [0m [91m  ~~~~~~~[0m
[96msrc/routes/user.routes.ts[0m:[93m24[0m:[93m29[0m - [91merror[0m[90m TS1005: [0m';' expected.

[7m24[0m   private initializeRoutes(): void {
[7m  [0m [91m                            ~[0m
[96msrc/routes/user.routes.ts[0m:[93m25[0m:[93m9[0m - [91merror[0m[90m TS1005: [0m':' expected.

[7m25[0m     try {
[7m  [0m [91m        ~[0m
[96msrc/routes/user.routes.ts[0m:[93m26[0m:[93m11[0m - [91merror[0m[90m TS1005: [0m':' expected.

[7m26[0m       this.router.post(RoutesConstants.USER.CREATE, validationMiddleware(CreateUserDto, 'body'), this.usersController.createUser);
[7m  [0m [91m          ~[0m
[96msrc/routes/user.routes.ts[0m:[93m26[0m:[93m130[0m - [91merror[0m[90m TS1005: [0m',' expected.

[7m26[0m       this.router.post(RoutesConstants.USER.CREATE, validationMiddleware(CreateUserDto, 'body'), this.usersController.createUser);
[7m  [0m [91m                                                                                                                                 ~[0m
[96msrc/routes/user.routes.ts[0m:[93m27[0m:[93m11[0m - [91merror[0m[90m TS1005: [0m':' expected.

[7m27[0m       this.router.post(RoutesConstants.USER.LOGIN, this.usersController.logIn);
[7m  [0m [91m          ~[0m
[96msrc/routes/user.routes.ts[0m:[93m27[0m:[93m79[0m - [91merror[0m[90m TS1005: [0m',' expected.

[7m27[0m       this.router.post(RoutesConstants.USER.LOGIN, this.usersController.logIn);
[7m  [0m [91m                                                                              ~[0m
[96msrc/routes/user.routes.ts[0m:[93m28[0m:[93m11[0m - [91merror[0m[90m TS1005: [0m':' expected.

[7m28[0m       this.router.post(RoutesConstants.USER.CSV, FileUpload, this.usersController.uploadUserFile);
[7m  [0m [91m          ~[0m
[96msrc/routes/user.routes.ts[0m:[93m28[0m:[93m98[0m - [91merror[0m[90m TS1005: [0m',' expected.

[7m28[0m       this.router.post(RoutesConstants.USER.CSV, FileUpload, this.usersController.uploadUserFile);
[7m  [0m [91m                                                                                                 ~[0m
[96msrc/routes/user.routes.ts[0m:[93m29[0m:[93m11[0m - [91merror[0m[90m TS1005: [0m':' expected.

[7m29[0m       this.router.get(RoutesConstants.USER.ALL_USER, this.usersController.getUsers);
[7m  [0m [91m          ~[0m
[96msrc/routes/user.routes.ts[0m:[93m29[0m:[93m84[0m - [91merror[0m[90m TS1005: [0m',' expected.

[7m29[0m       this.router.get(RoutesConstants.USER.ALL_USER, this.usersController.getUsers);
[7m  [0m [91m                                                                                   ~[0m
[96msrc/routes/user.routes.ts[0m:[93m30[0m:[93m11[0m - [91merror[0m[90m TS1005: [0m':' expected.

[7m30[0m       this.router.get(RoutesConstants.USER.GET_BY_ID, this.usersController.getUserById);
[7m  [0m [91m          ~[0m
[96msrc/routes/user.routes.ts[0m:[93m30[0m:[93m88[0m - [91merror[0m[90m TS1005: [0m',' expected.

[7m30[0m       this.router.get(RoutesConstants.USER.GET_BY_ID, this.usersController.getUserById);
[7m  [0m [91m                                                                                       ~[0m
[96msrc/routes/user.routes.ts[0m:[93m31[0m:[93m7[0m - [91merror[0m[90m TS1005: [0m',' expected.

[7m31[0m     } catch (error) {
[7m  [0m [91m      ~~~~~[0m
[96msrc/routes/user.routes.ts[0m:[93m35[0m:[93m1[0m - [91merror[0m[90m TS1128: [0mDeclaration or statement expected.

[7m35[0m }
[7m  [0m [91m~[0m

TSError: тип Unable to compile TypeScript:
[96msrc/routes/user.routes.ts[0m:[93m20[0m:[93m3[0m - [91merror[0m[90m TS2662: [0mCannot find name 'constructor'. Did you mean the static member 'Route.constructor'?

[7m20[0m   constructor() {
[7m  [0m [91m  ~~~~~~~~~~~[0m
[96msrc/routes/user.routes.ts[0m:[93m21[0m:[93m5[0m - [91merror[0m[90m TS2532: [0mObject is possibly 'undefined'.

[7m21[0m     this.initializeRoutes();
[7m  [0m [91m    ~~~~[0m
[96msrc/routes/user.routes.ts[0m:[93m24[0m:[93m11[0m - [91merror[0m[90m TS2304: [0mCannot find name 'initializeRoutes'.

[7m24[0m   private initializeRoutes(): void {
[7m  [0m [91m          ~~~~~~~~~~~~~~~~[0m
[96msrc/routes/user.routes.ts[0m:[93m26[0m:[93m98[0m - [91merror[0m[90m TS2532: [0mObject is possibly 'undefined'.

[7m26[0m       this.router.post(RoutesConstants.USER.CREATE, validationMiddleware(CreateUserDto, 'body'), this.usersController.createUser);
[7m  [0m [91m                                                                                                 ~~~~[0m
[96msrc/routes/user.routes.ts[0m:[93m27[0m:[93m52[0m - [91merror[0m[90m TS2532: [0mObject is possibly 'undefined'.

[7m27[0m       this.router.post(RoutesConstants.USER.LOGIN, this.usersController.logIn);
[7m  [0m [91m                                                   ~~~~[0m
[96msrc/routes/user.routes.ts[0m:[93m28[0m:[93m62[0m - [91merror[0m[90m TS2532: [0mObject is possibly 'undefined'.

[7m28[0m       this.router.post(RoutesConstants.USER.CSV, FileUpload, this.usersController.uploadUserFile);
[7m  [0m [91m                                                             ~~~~[0m
[96msrc/routes/user.routes.ts[0m:[93m29[0m:[93m54[0m - [91merror[0m[90m TS2532: [0mObject is possibly 'undefined'.

[7m29[0m       this.router.get(RoutesConstants.USER.ALL_USER, this.usersController.getUsers);
[7m  [0m [91m                                                     ~~~~[0m
[96msrc/routes/user.routes.ts[0m:[93m30[0m:[93m55[0m - [91merror[0m[90m TS2532: [0mObject is possibly 'undefined'.

[7m30[0m       this.router.get(RoutesConstants.USER.GET_BY_ID, this.usersController.getUserById);
[7m  [0m [91m                                                      ~~~~[0m
[96msrc/routes/user.routes.ts[0m:[93m20[0m:[93m17[0m - [91merror[0m[90m TS1005: [0m';' expected.

[7m20[0m   constructor() {
[7m  [0m [91m                ~[0m
[96msrc/routes/user.routes.ts[0m:[93m24[0m:[93m3[0m - [91merror[0m[90m TS1128: [0mDeclaration or statement expected.

[7m24[0m   private initializeRoutes(): void {
[7m  [0m [91m  ~~~~~~~[0m
[96msrc/routes/user.routes.ts[0m:[93m24[0m:[93m29[0m - [91merror[0m[90m TS1005: [0m';' expected.

[7m24[0m   private initializeRoutes(): void {
[7m  [0m [91m                            ~[0m
[96msrc/routes/user.routes.ts[0m:[93m25[0m:[93m9[0m - [91merror[0m[90m TS1005: [0m':' expected.

[7m25[0m     try {
[7m  [0m [91m        ~[0m
[96msrc/routes/user.routes.ts[0m:[93m26[0m:[93m11[0m - [91merror[0m[90m TS1005: [0m':' expected.

[7m26[0m       this.router.post(RoutesConstants.USER.CREATE, validationMiddleware(CreateUserDto, 'body'), this.usersController.createUser);
[7m  [0m [91m          ~[0m
[96msrc/routes/user.routes.ts[0m:[93m26[0m:[93m130[0m - [91merror[0m[90m TS1005: [0m',' expected.

[7m26[0m       this.router.post(RoutesConstants.USER.CREATE, validationMiddleware(CreateUserDto, 'body'), this.usersController.createUser);
[7m  [0m [91m                                                                                                                                 ~[0m
[96msrc/routes/user.routes.ts[0m:[93m27[0m:[93m11[0m - [91merror[0m[90m TS1005: [0m':' expected.

[7m27[0m       this.router.post(RoutesConstants.USER.LOGIN, this.usersController.logIn);
[7m  [0m [91m          ~[0m
[96msrc/routes/user.routes.ts[0m:[93m27[0m:[93m79[0m - [91merror[0m[90m TS1005: [0m',' expected.

[7m27[0m       this.router.post(RoutesConstants.USER.LOGIN, this.usersController.logIn);
[7m  [0m [91m                                                                              ~[0m
[96msrc/routes/user.routes.ts[0m:[93m28[0m:[93m11[0m - [91merror[0m[90m TS1005: [0m':' expected.

[7m28[0m       this.router.post(RoutesConstants.USER.CSV, FileUpload, this.usersController.uploadUserFile);
[7m  [0m [91m          ~[0m
[96msrc/routes/user.routes.ts[0m:[93m28[0m:[93m98[0m - [91merror[0m[90m TS1005: [0m',' expected.

[7m28[0m       this.router.post(RoutesConstants.USER.CSV, FileUpload, this.usersController.uploadUserFile);
[7m  [0m [91m                                                                                                 ~[0m
[96msrc/routes/user.routes.ts[0m:[93m29[0m:[93m11[0m - [91merror[0m[90m TS1005: [0m':' expected.

[7m29[0m       this.router.get(RoutesConstants.USER.ALL_USER, this.usersController.getUsers);
[7m  [0m [91m          ~[0m
[96msrc/routes/user.routes.ts[0m:[93m29[0m:[93m84[0m - [91merror[0m[90m TS1005: [0m',' expected.

[7m29[0m       this.router.get(RoutesConstants.USER.ALL_USER, this.usersController.getUsers);
[7m  [0m [91m                                                                                   ~[0m
[96msrc/routes/user.routes.ts[0m:[93m30[0m:[93m11[0m - [91merror[0m[90m TS1005: [0m':' expected.

[7m30[0m       this.router.get(RoutesConstants.USER.GET_BY_ID, this.usersController.getUserById);
[7m  [0m [91m          ~[0m
[96msrc/routes/user.routes.ts[0m:[93m30[0m:[93m88[0m - [91merror[0m[90m TS1005: [0m',' expected.

[7m30[0m       this.router.get(RoutesConstants.USER.GET_BY_ID, this.usersController.getUserById);
[7m  [0m [91m                                                                                       ~[0m
[96msrc/routes/user.routes.ts[0m:[93m31[0m:[93m7[0m - [91merror[0m[90m TS1005: [0m',' expected.

[7m31[0m     } catch (error) {
[7m  [0m [91m      ~~~~~[0m
[96msrc/routes/user.routes.ts[0m:[93m35[0m:[93m1[0m - [91merror[0m[90m TS1128: [0mDeclaration or statement expected.

[7m35[0m }
[7m  [0m [91m~[0m

    at createTSError (/home/thoughtwin/Documents/EB_Ty/node_modules/ts-node/src/index.ts:859:12)
    at reportTSError (/home/thoughtwin/Documents/EB_Ty/node_modules/ts-node/src/index.ts:863:19)
    at getOutput (/home/thoughtwin/Documents/EB_Ty/node_modules/ts-node/src/index.ts:1077:36)
    at Object.compile (/home/thoughtwin/Documents/EB_Ty/node_modules/ts-node/src/index.ts:1433:41)
    at Module.m._compile (/home/thoughtwin/Documents/EB_Ty/node_modules/ts-node/src/index.ts:1617:30)
    at Module._extensions..js (node:internal/modules/cjs/loader:1159:10)
    at Object.require.extensions.<computed> [as .ts] (/home/thoughtwin/Documents/EB_Ty/node_modules/ts-node/src/index.ts:1621:12)
    at Module.load (node:internal/modules/cjs/loader:981:32)
    at Function.Module._load (node:internal/modules/cjs/loader:827:12)
    at Module.require (node:internal/modules/cjs/loader:1005:19)
[Node] [ERROR] - 2022-12-13T07:46:22.798ZuncaughtException: тип Unable to compile TypeScript:
[96msrc/routes/user.routes.ts[0m:[93m28[0m:[93m80[0m - [91merror[0m[90m TS2551: [0mProperty 'uploadUserFile' does not exist on type 'UserService'. Did you mean 'uploadFile'?

[7m28[0m       this.router.post(RoutesConstants.USER.CSV, FileUpload, this.userServices.uploadUserFile);
[7m  [0m [91m                                                                               ~~~~~~~~~~~~~~[0m

  [96msrc/services/user/index.ts[0m:[93m96[0m:[93m16[0m
    [7m96[0m   public async uploadFile(req: any, res: any, _: NextFunction): Promise<IUser> {
    [7m  [0m [96m               ~~~~~~~~~~[0m
    'uploadFile' is declared here.

TSError: тип Unable to compile TypeScript:
[96msrc/routes/user.routes.ts[0m:[93m28[0m:[93m80[0m - [91merror[0m[90m TS2551: [0mProperty 'uploadUserFile' does not exist on type 'UserService'. Did you mean 'uploadFile'?

[7m28[0m       this.router.post(RoutesConstants.USER.CSV, FileUpload, this.userServices.uploadUserFile);
[7m  [0m [91m                                                                               ~~~~~~~~~~~~~~[0m

  [96msrc/services/user/index.ts[0m:[93m96[0m:[93m16[0m
    [7m96[0m   public async uploadFile(req: any, res: any, _: NextFunction): Promise<IUser> {
    [7m  [0m [96m               ~~~~~~~~~~[0m
    'uploadFile' is declared here.

    at createTSError (/home/thoughtwin/Documents/EB_Ty/node_modules/ts-node/src/index.ts:859:12)
    at reportTSError (/home/thoughtwin/Documents/EB_Ty/node_modules/ts-node/src/index.ts:863:19)
    at getOutput (/home/thoughtwin/Documents/EB_Ty/node_modules/ts-node/src/index.ts:1077:36)
    at Object.compile (/home/thoughtwin/Documents/EB_Ty/node_modules/ts-node/src/index.ts:1433:41)
    at Module.m._compile (/home/thoughtwin/Documents/EB_Ty/node_modules/ts-node/src/index.ts:1617:30)
    at Module._extensions..js (node:internal/modules/cjs/loader:1159:10)
    at Object.require.extensions.<computed> [as .ts] (/home/thoughtwin/Documents/EB_Ty/node_modules/ts-node/src/index.ts:1621:12)
    at Module.load (node:internal/modules/cjs/loader:981:32)
    at Function.Module._load (node:internal/modules/cjs/loader:827:12)
    at Module.require (node:internal/modules/cjs/loader:1005:19)
[Node] [ERROR] - 2022-12-13T07:48:25.656ZuncaughtException: тип Unable to compile TypeScript:
[96msrc/routes/user.routes.ts[0m:[93m26[0m:[93m83[0m - [91merror[0m[90m TS2339: [0mProperty 'uploadUserFile' does not exist on type 'UsersController'.

[7m26[0m       this.router.post(RoutesConstants.USER.CSV, FileUpload, this.usersController.uploadUserFile);
[7m  [0m [91m                                                                                  ~~~~~~~~~~~~~~[0m

TSError: тип Unable to compile TypeScript:
[96msrc/routes/user.routes.ts[0m:[93m26[0m:[93m83[0m - [91merror[0m[90m TS2339: [0mProperty 'uploadUserFile' does not exist on type 'UsersController'.

[7m26[0m       this.router.post(RoutesConstants.USER.CSV, FileUpload, this.usersController.uploadUserFile);
[7m  [0m [91m                                                                                  ~~~~~~~~~~~~~~[0m

    at createTSError (/home/thoughtwin/Documents/EB_Ty/node_modules/ts-node/src/index.ts:859:12)
    at reportTSError (/home/thoughtwin/Documents/EB_Ty/node_modules/ts-node/src/index.ts:863:19)
    at getOutput (/home/thoughtwin/Documents/EB_Ty/node_modules/ts-node/src/index.ts:1077:36)
    at Object.compile (/home/thoughtwin/Documents/EB_Ty/node_modules/ts-node/src/index.ts:1433:41)
    at Module.m._compile (/home/thoughtwin/Documents/EB_Ty/node_modules/ts-node/src/index.ts:1617:30)
    at Module._extensions..js (node:internal/modules/cjs/loader:1159:10)
    at Object.require.extensions.<computed> [as .ts] (/home/thoughtwin/Documents/EB_Ty/node_modules/ts-node/src/index.ts:1621:12)
    at Module.load (node:internal/modules/cjs/loader:981:32)
    at Function.Module._load (node:internal/modules/cjs/loader:827:12)
    at Module.require (node:internal/modules/cjs/loader:1005:19)
[Node] [ERROR] - 2022-12-13T08:01:47.893ZuncaughtException: тип Unable to compile TypeScript:
[96msrc/routes/user.routes.ts[0m:[93m26[0m:[93m83[0m - [91merror[0m[90m TS1003: [0mIdentifier expected.

[7m26[0m       this.router.post(RoutesConstants.USER.CSV, FileUpload, this.usersController.);
[7m  [0m [91m                                                                                  ~[0m

TSError: тип Unable to compile TypeScript:
[96msrc/routes/user.routes.ts[0m:[93m26[0m:[93m83[0m - [91merror[0m[90m TS1003: [0mIdentifier expected.

[7m26[0m       this.router.post(RoutesConstants.USER.CSV, FileUpload, this.usersController.);
[7m  [0m [91m                                                                                  ~[0m

    at createTSError (/home/thoughtwin/Documents/EB_Ty/node_modules/ts-node/src/index.ts:859:12)
    at reportTSError (/home/thoughtwin/Documents/EB_Ty/node_modules/ts-node/src/index.ts:863:19)
    at getOutput (/home/thoughtwin/Documents/EB_Ty/node_modules/ts-node/src/index.ts:1077:36)
    at Object.compile (/home/thoughtwin/Documents/EB_Ty/node_modules/ts-node/src/index.ts:1433:41)
    at Module.m._compile (/home/thoughtwin/Documents/EB_Ty/node_modules/ts-node/src/index.ts:1617:30)
    at Module._extensions..js (node:internal/modules/cjs/loader:1159:10)
    at Object.require.extensions.<computed> [as .ts] (/home/thoughtwin/Documents/EB_Ty/node_modules/ts-node/src/index.ts:1621:12)
    at Module.load (node:internal/modules/cjs/loader:981:32)
    at Function.Module._load (node:internal/modules/cjs/loader:827:12)
    at Module.require (node:internal/modules/cjs/loader:1005:19)
[Node] [ERROR] - 2022-12-13T08:01:58.922ZuncaughtException: тип Unable to compile TypeScript:
[96msrc/controllers/user/users.controller.ts[0m:[93m61[0m:[93m43[0m - [91merror[0m[90m TS2554: [0mExpected 3 arguments, but got 1.

[7m61[0m       const file = await this.userService.uploadFile(data);
[7m  [0m [91m                                          ~~~~~~~~~~~~~~~~[0m

  [96msrc/services/user/index.ts[0m:[93m96[0m:[93m37[0m
    [7m96[0m   public async uploadFile(req: any, res: any, _: NextFunction): Promise<IUser> {
    [7m  [0m [96m                                    ~~~~~~~~[0m
    An argument for 'res' was not provided.

TSError: тип Unable to compile TypeScript:
[96msrc/controllers/user/users.controller.ts[0m:[93m61[0m:[93m43[0m - [91merror[0m[90m TS2554: [0mExpected 3 arguments, but got 1.

[7m61[0m       const file = await this.userService.uploadFile(data);
[7m  [0m [91m                                          ~~~~~~~~~~~~~~~~[0m

  [96msrc/services/user/index.ts[0m:[93m96[0m:[93m37[0m
    [7m96[0m   public async uploadFile(req: any, res: any, _: NextFunction): Promise<IUser> {
    [7m  [0m [96m                                    ~~~~~~~~[0m
    An argument for 'res' was not provided.

    at createTSError (/home/thoughtwin/Documents/EB_Ty/node_modules/ts-node/src/index.ts:859:12)
    at reportTSError (/home/thoughtwin/Documents/EB_Ty/node_modules/ts-node/src/index.ts:863:19)
    at getOutput (/home/thoughtwin/Documents/EB_Ty/node_modules/ts-node/src/index.ts:1077:36)
    at Object.compile (/home/thoughtwin/Documents/EB_Ty/node_modules/ts-node/src/index.ts:1433:41)
    at Module.m._compile (/home/thoughtwin/Documents/EB_Ty/node_modules/ts-node/src/index.ts:1617:30)
    at Module._extensions..js (node:internal/modules/cjs/loader:1159:10)
    at Object.require.extensions.<computed> [as .ts] (/home/thoughtwin/Documents/EB_Ty/node_modules/ts-node/src/index.ts:1621:12)
    at Module.load (node:internal/modules/cjs/loader:981:32)
    at Function.Module._load (node:internal/modules/cjs/loader:827:12)
    at Module.require (node:internal/modules/cjs/loader:1005:19)
[Node] [ERROR] - 2022-12-13T08:02:10.206ZuncaughtException: тип Unable to compile TypeScript:
[96msrc/services/user/index.ts[0m:[93m92[0m:[93m16[0m - [91merror[0m[90m TS2393: [0mDuplicate function implementation.

[7m92[0m   public async uploadFile(userDataFile: any): Promise<IUser> {
[7m  [0m [91m               ~~~~~~~~~~[0m
[96msrc/services/user/index.ts[0m:[93m96[0m:[93m16[0m - [91merror[0m[90m TS2393: [0mDuplicate function implementation.

[7m96[0m   public async uploadFile(req: any, res: any, _: NextFunction): Promise<IUser> {
[7m  [0m [91m               ~~~~~~~~~~[0m
[96msrc/services/user/index.ts[0m:[93m96[0m:[93m3[0m - [91merror[0m[90m TS1128: [0mDeclaration or statement expected.

[7m96[0m   public async uploadFile(req: any, res: any, _: NextFunction): Promise<IUser> {
[7m  [0m [91m  ~~~~~~[0m

TSError: тип Unable to compile TypeScript:
[96msrc/services/user/index.ts[0m:[93m92[0m:[93m16[0m - [91merror[0m[90m TS2393: [0mDuplicate function implementation.

[7m92[0m   public async uploadFile(userDataFile: any): Promise<IUser> {
[7m  [0m [91m               ~~~~~~~~~~[0m
[96msrc/services/user/index.ts[0m:[93m96[0m:[93m16[0m - [91merror[0m[90m TS2393: [0mDuplicate function implementation.

[7m96[0m   public async uploadFile(req: any, res: any, _: NextFunction): Promise<IUser> {
[7m  [0m [91m               ~~~~~~~~~~[0m
[96msrc/services/user/index.ts[0m:[93m96[0m:[93m3[0m - [91merror[0m[90m TS1128: [0mDeclaration or statement expected.

[7m96[0m   public async uploadFile(req: any, res: any, _: NextFunction): Promise<IUser> {
[7m  [0m [91m  ~~~~~~[0m

    at createTSError (/home/thoughtwin/Documents/EB_Ty/node_modules/ts-node/src/index.ts:859:12)
    at reportTSError (/home/thoughtwin/Documents/EB_Ty/node_modules/ts-node/src/index.ts:863:19)
    at getOutput (/home/thoughtwin/Documents/EB_Ty/node_modules/ts-node/src/index.ts:1077:36)
    at Object.compile (/home/thoughtwin/Documents/EB_Ty/node_modules/ts-node/src/index.ts:1433:41)
    at Module.m._compile (/home/thoughtwin/Documents/EB_Ty/node_modules/ts-node/src/index.ts:1617:30)
    at Module._extensions..js (node:internal/modules/cjs/loader:1159:10)
    at Object.require.extensions.<computed> [as .ts] (/home/thoughtwin/Documents/EB_Ty/node_modules/ts-node/src/index.ts:1621:12)
    at Module.load (node:internal/modules/cjs/loader:981:32)
    at Function.Module._load (node:internal/modules/cjs/loader:827:12)
    at Module.require (node:internal/modules/cjs/loader:1005:19)
[Node] [ERROR] - 2022-12-13T08:02:26.749ZuncaughtException: тип Unable to compile TypeScript:
[96msrc/routes/user.routes.ts[0m:[93m26[0m:[93m83[0m - [91merror[0m[90m TS1003: [0mIdentifier expected.

[7m26[0m       this.router.post(RoutesConstants.USER.CSV, FileUpload, this.usersController.);
[7m  [0m [91m                                                                                  ~[0m

TSError: тип Unable to compile TypeScript:
[96msrc/routes/user.routes.ts[0m:[93m26[0m:[93m83[0m - [91merror[0m[90m TS1003: [0mIdentifier expected.

[7m26[0m       this.router.post(RoutesConstants.USER.CSV, FileUpload, this.usersController.);
[7m  [0m [91m                                                                                  ~[0m

    at createTSError (/home/thoughtwin/Documents/EB_Ty/node_modules/ts-node/src/index.ts:859:12)
    at reportTSError (/home/thoughtwin/Documents/EB_Ty/node_modules/ts-node/src/index.ts:863:19)
    at getOutput (/home/thoughtwin/Documents/EB_Ty/node_modules/ts-node/src/index.ts:1077:36)
    at Object.compile (/home/thoughtwin/Documents/EB_Ty/node_modules/ts-node/src/index.ts:1433:41)
    at Module.m._compile (/home/thoughtwin/Documents/EB_Ty/node_modules/ts-node/src/index.ts:1617:30)
    at Module._extensions..js (node:internal/modules/cjs/loader:1159:10)
    at Object.require.extensions.<computed> [as .ts] (/home/thoughtwin/Documents/EB_Ty/node_modules/ts-node/src/index.ts:1621:12)
    at Module.load (node:internal/modules/cjs/loader:981:32)
    at Function.Module._load (node:internal/modules/cjs/loader:827:12)
    at Module.require (node:internal/modules/cjs/loader:1005:19)
[Node] [ERROR] - 2022-12-13T08:06:45.701ZuncaughtException: тип Unable to compile TypeScript:
[96msrc/services/user/index.ts[0m:[93m95[0m:[93m23[0m - [91merror[0m[90m TS2304: [0mCannot find name 'userData'.

[7m95[0m       where: { email: userData.email },
[7m  [0m [91m                      ~~~~~~~~[0m
[96msrc/services/user/index.ts[0m:[93m99[0m:[93m23[0m - [91merror[0m[90m TS2304: [0mCannot find name 'userData'.

[7m99[0m         `This email ${userData.email} already exists`,
[7m  [0m [91m                      ~~~~~~~~[0m

TSError: тип Unable to compile TypeScript:
[96msrc/services/user/index.ts[0m:[93m95[0m:[93m23[0m - [91merror[0m[90m TS2304: [0mCannot find name 'userData'.

[7m95[0m       where: { email: userData.email },
[7m  [0m [91m                      ~~~~~~~~[0m
[96msrc/services/user/index.ts[0m:[93m99[0m:[93m23[0m - [91merror[0m[90m TS2304: [0mCannot find name 'userData'.

[7m99[0m         `This email ${userData.email} already exists`,
[7m  [0m [91m                      ~~~~~~~~[0m

    at createTSError (/home/thoughtwin/Documents/EB_Ty/node_modules/ts-node/src/index.ts:859:12)
    at reportTSError (/home/thoughtwin/Documents/EB_Ty/node_modules/ts-node/src/index.ts:863:19)
    at getOutput (/home/thoughtwin/Documents/EB_Ty/node_modules/ts-node/src/index.ts:1077:36)
    at Object.compile (/home/thoughtwin/Documents/EB_Ty/node_modules/ts-node/src/index.ts:1433:41)
    at Module.m._compile (/home/thoughtwin/Documents/EB_Ty/node_modules/ts-node/src/index.ts:1617:30)
    at Module._extensions..js (node:internal/modules/cjs/loader:1159:10)
    at Object.require.extensions.<computed> [as .ts] (/home/thoughtwin/Documents/EB_Ty/node_modules/ts-node/src/index.ts:1621:12)
    at Module.load (node:internal/modules/cjs/loader:981:32)
    at Function.Module._load (node:internal/modules/cjs/loader:827:12)
    at Module.require (node:internal/modules/cjs/loader:1005:19)
[Node] [ERROR] - 2022-12-13T09:49:03.493Z500 - /api/v1/csv/post [POST] - WHERE parameter "email" has invalid "undefined" value 
[Node] [ERROR] - 2022-12-13T09:50:56.762Z500 - /api/v1/csv/post [POST] - Validation error 
[Node] [ERROR] - 2022-12-13T10:13:45.668Z500 - /api/v1/csv/post [POST] - Validation error 
[Node] [ERROR] - 2022-12-13T10:22:56.941Z500 - /api/v1/csv/post [POST] - invalid input syntax for type bigint: "" 
[Node] [ERROR] - 2022-12-13T10:25:56.744Z500 - /api/v1/csv/post [POST] - invalid input syntax for type bigint: "" 
[Node] [ERROR] - 2022-12-13T10:31:33.506Z500 - /api/v1/csv/post [POST] - invalid input syntax for type bigint: "" 
[Node] [ERROR] - 2022-12-13T10:34:19.971Z500 - /api/v1/csv/post [POST] - Validation error 
[Node] [ERROR] - 2022-12-13T10:35:12.435Z500 - /api/v1/csv/post [POST] - Validation error 
[Node] [ERROR] - 2022-12-13T10:36:47.225Z500 - /api/v1/csv/post [POST] - Validation error 
[Node] [ERROR] - 2022-12-13T10:37:34.931Z500 - /api/v1/csv/post [POST] - Validation error 
[Node] [ERROR] - 2022-12-13T10:39:25.138ZuncaughtException: тип Unable to compile TypeScript:
[96msrc/services/user/index.ts[0m:[93m93[0m:[93m30[0m - [91merror[0m[90m TS2304: [0mCannot find name 'data'.

[7m93[0m     console.log('>>>>>>>>>', data);
[7m  [0m [91m                             ~~~~[0m

TSError: тип Unable to compile TypeScript:
[96msrc/services/user/index.ts[0m:[93m93[0m:[93m30[0m - [91merror[0m[90m TS2304: [0mCannot find name 'data'.

[7m93[0m     console.log('>>>>>>>>>', data);
[7m  [0m [91m                             ~~~~[0m

    at createTSError (/home/thoughtwin/Documents/EB_Ty/node_modules/ts-node/src/index.ts:859:12)
    at reportTSError (/home/thoughtwin/Documents/EB_Ty/node_modules/ts-node/src/index.ts:863:19)
    at getOutput (/home/thoughtwin/Documents/EB_Ty/node_modules/ts-node/src/index.ts:1077:36)
    at Object.compile (/home/thoughtwin/Documents/EB_Ty/node_modules/ts-node/src/index.ts:1433:41)
    at Module.m._compile (/home/thoughtwin/Documents/EB_Ty/node_modules/ts-node/src/index.ts:1617:30)
    at Module._extensions..js (node:internal/modules/cjs/loader:1159:10)
    at Object.require.extensions.<computed> [as .ts] (/home/thoughtwin/Documents/EB_Ty/node_modules/ts-node/src/index.ts:1621:12)
    at Module.load (node:internal/modules/cjs/loader:981:32)
    at Function.Module._load (node:internal/modules/cjs/loader:827:12)
    at Module.require (node:internal/modules/cjs/loader:1005:19)
[Node] [ERROR] - 2022-12-13T10:40:02.983Z500 - /api/v1/csv/post [POST] - Validation error 
[Node] [ERROR] - 2022-12-13T10:41:42.269Z500 - /api/v1/csv/post [POST] - Validation error 
[Node] [ERROR] - 2022-12-13T10:45:16.009ZuncaughtException: тип Unable to compile TypeScript:
[96msrc/utils/fs.utils.ts[0m:[93m16[0m:[93m69[0m - [91merror[0m[90m TS2552: [0mCannot find name 'arr'. Did you mean 'arry'?

[7m16[0m     const toFindDuplicates = (arry) => arry.filter((item, index) => arr.indexOf(item) !== index);
[7m  [0m [91m                                                                    ~~~[0m

  [96msrc/utils/fs.utils.ts[0m:[93m16[0m:[93m31[0m
    [7m16[0m     const toFindDuplicates = (arry) => arry.filter((item, index) => arr.indexOf(item) !== index);
    [7m  [0m [96m                              ~~~~[0m
    'arry' is declared here.

TSError: тип Unable to compile TypeScript:
[96msrc/utils/fs.utils.ts[0m:[93m16[0m:[93m69[0m - [91merror[0m[90m TS2552: [0mCannot find name 'arr'. Did you mean 'arry'?

[7m16[0m     const toFindDuplicates = (arry) => arry.filter((item, index) => arr.indexOf(item) !== index);
[7m  [0m [91m                                                                    ~~~[0m

  [96msrc/utils/fs.utils.ts[0m:[93m16[0m:[93m31[0m
    [7m16[0m     const toFindDuplicates = (arry) => arry.filter((item, index) => arr.indexOf(item) !== index);
    [7m  [0m [96m                              ~~~~[0m
    'arry' is declared here.

    at createTSError (/home/thoughtwin/Documents/EB_Ty/node_modules/ts-node/src/index.ts:859:12)
    at reportTSError (/home/thoughtwin/Documents/EB_Ty/node_modules/ts-node/src/index.ts:863:19)
    at getOutput (/home/thoughtwin/Documents/EB_Ty/node_modules/ts-node/src/index.ts:1077:36)
    at Object.compile (/home/thoughtwin/Documents/EB_Ty/node_modules/ts-node/src/index.ts:1433:41)
    at Module.m._compile (/home/thoughtwin/Documents/EB_Ty/node_modules/ts-node/src/index.ts:1617:30)
    at Module._extensions..js (node:internal/modules/cjs/loader:1159:10)
    at Object.require.extensions.<computed> [as .ts] (/home/thoughtwin/Documents/EB_Ty/node_modules/ts-node/src/index.ts:1621:12)
    at Module.load (node:internal/modules/cjs/loader:981:32)
    at Function.Module._load (node:internal/modules/cjs/loader:827:12)
    at Module.require (node:internal/modules/cjs/loader:1005:19)
[Node] [ERROR] - 2022-12-13T10:45:32.108ZuncaughtException: тип Unable to compile TypeScript:
[96msrc/utils/fs.utils.ts[0m:[93m16[0m:[93m69[0m - [91merror[0m[90m TS2552: [0mCannot find name 'arr'. Did you mean 'arry'?

[7m16[0m     const toFindDuplicates = (arry) => arry.filter((item, index) => arr.indexOf(item) !== index);
[7m  [0m [91m                                                                    ~~~[0m

  [96msrc/utils/fs.utils.ts[0m:[93m16[0m:[93m31[0m
    [7m16[0m     const toFindDuplicates = (arry) => arry.filter((item, index) => arr.indexOf(item) !== index);
    [7m  [0m [96m                              ~~~~[0m
    'arry' is declared here.
[96msrc/utils/fs.utils.ts[0m:[93m17[0m:[93m31[0m - [91merror[0m[90m TS2552: [0mCannot find name 'tofindDuplicates'. Did you mean 'toFindDuplicates'?

[7m17[0m     const duplicateElementa = tofindDuplicates(arry);
[7m  [0m [91m                              ~~~~~~~~~~~~~~~~[0m

  [96msrc/utils/fs.utils.ts[0m:[93m16[0m:[93m11[0m
    [7m16[0m     const toFindDuplicates = (arry) => arry.filter((item, index) => arr.indexOf(item) !== index);
    [7m  [0m [96m          ~~~~~~~~~~~~~~~~[0m
    'toFindDuplicates' is declared here.
[96msrc/utils/fs.utils.ts[0m:[93m17[0m:[93m48[0m - [91merror[0m[90m TS2552: [0mCannot find name 'arry'. Did you mean 'Array'?

[7m17[0m     const duplicateElementa = tofindDuplicates(arry);
[7m  [0m [91m                                               ~~~~[0m

  [96mnode_modules/typescript/lib/lib.es5.d.ts[0m:[93m1495[0m:[93m13[0m
    [7m1495[0m declare var Array: ArrayConstructor;
    [7m    [0m [96m            ~~~~~[0m
    'Array' is declared here.

TSError: тип Unable to compile TypeScript:
[96msrc/utils/fs.utils.ts[0m:[93m16[0m:[93m69[0m - [91merror[0m[90m TS2552: [0mCannot find name 'arr'. Did you mean 'arry'?

[7m16[0m     const toFindDuplicates = (arry) => arry.filter((item, index) => arr.indexOf(item) !== index);
[7m  [0m [91m                                                                    ~~~[0m

  [96msrc/utils/fs.utils.ts[0m:[93m16[0m:[93m31[0m
    [7m16[0m     const toFindDuplicates = (arry) => arry.filter((item, index) => arr.indexOf(item) !== index);
    [7m  [0m [96m                              ~~~~[0m
    'arry' is declared here.
[96msrc/utils/fs.utils.ts[0m:[93m17[0m:[93m31[0m - [91merror[0m[90m TS2552: [0mCannot find name 'tofindDuplicates'. Did you mean 'toFindDuplicates'?

[7m17[0m     const duplicateElementa = tofindDuplicates(arry);
[7m  [0m [91m                              ~~~~~~~~~~~~~~~~[0m

  [96msrc/utils/fs.utils.ts[0m:[93m16[0m:[93m11[0m
    [7m16[0m     const toFindDuplicates = (arry) => arry.filter((item, index) => arr.indexOf(item) !== index);
    [7m  [0m [96m          ~~~~~~~~~~~~~~~~[0m
    'toFindDuplicates' is declared here.
[96msrc/utils/fs.utils.ts[0m:[93m17[0m:[93m48[0m - [91merror[0m[90m TS2552: [0mCannot find name 'arry'. Did you mean 'Array'?

[7m17[0m     const duplicateElementa = tofindDuplicates(arry);
[7m  [0m [91m                                               ~~~~[0m

  [96mnode_modules/typescript/lib/lib.es5.d.ts[0m:[93m1495[0m:[93m13[0m
    [7m1495[0m declare var Array: ArrayConstructor;
    [7m    [0m [96m            ~~~~~[0m
    'Array' is declared here.

    at createTSError (/home/thoughtwin/Documents/EB_Ty/node_modules/ts-node/src/index.ts:859:12)
    at reportTSError (/home/thoughtwin/Documents/EB_Ty/node_modules/ts-node/src/index.ts:863:19)
    at getOutput (/home/thoughtwin/Documents/EB_Ty/node_modules/ts-node/src/index.ts:1077:36)
    at Object.compile (/home/thoughtwin/Documents/EB_Ty/node_modules/ts-node/src/index.ts:1433:41)
    at Module.m._compile (/home/thoughtwin/Documents/EB_Ty/node_modules/ts-node/src/index.ts:1617:30)
    at Module._extensions..js (node:internal/modules/cjs/loader:1159:10)
    at Object.require.extensions.<computed> [as .ts] (/home/thoughtwin/Documents/EB_Ty/node_modules/ts-node/src/index.ts:1621:12)
    at Module.load (node:internal/modules/cjs/loader:981:32)
    at Function.Module._load (node:internal/modules/cjs/loader:827:12)
    at Module.require (node:internal/modules/cjs/loader:1005:19)
[Node] [ERROR] - 2022-12-13T10:45:59.555ZuncaughtException: тип Unable to compile TypeScript:
[96msrc/controllers/user/users.controller.ts[0m:[93m61[0m:[93m71[0m - [91merror[0m[90m TS2552: [0mCannot find name 'arr'. Did you mean 'arry'?

[7m61[0m       const toFindDuplicates = (arry) => arry.filter((item, index) => arr.indexOf(item) !== index);
[7m  [0m [91m                                                                      ~~~[0m

  [96msrc/controllers/user/users.controller.ts[0m:[93m61[0m:[93m33[0m
    [7m61[0m       const toFindDuplicates = (arry) => arry.filter((item, index) => arr.indexOf(item) !== index);
    [7m  [0m [96m                                ~~~~[0m
    'arry' is declared here.
[96msrc/controllers/user/users.controller.ts[0m:[93m62[0m:[93m33[0m - [91merror[0m[90m TS2552: [0mCannot find name 'tofindDuplicates'. Did you mean 'toFindDuplicates'?

[7m62[0m       const duplicateElementa = tofindDuplicates(arry);
[7m  [0m [91m                                ~~~~~~~~~~~~~~~~[0m

  [96msrc/controllers/user/users.controller.ts[0m:[93m61[0m:[93m13[0m
    [7m61[0m       const toFindDuplicates = (arry) => arry.filter((item, index) => arr.indexOf(item) !== index);
    [7m  [0m [96m            ~~~~~~~~~~~~~~~~[0m
    'toFindDuplicates' is declared here.
[96msrc/controllers/user/users.controller.ts[0m:[93m62[0m:[93m50[0m - [91merror[0m[90m TS2552: [0mCannot find name 'arry'. Did you mean 'Array'?

[7m62[0m       const duplicateElementa = tofindDuplicates(arry);
[7m  [0m [91m                                                 ~~~~[0m

  [96mnode_modules/typescript/lib/lib.es5.d.ts[0m:[93m1495[0m:[93m13[0m
    [7m1495[0m declare var Array: ArrayConstructor;
    [7m    [0m [96m            ~~~~~[0m
    'Array' is declared here.

TSError: тип Unable to compile TypeScript:
[96msrc/controllers/user/users.controller.ts[0m:[93m61[0m:[93m71[0m - [91merror[0m[90m TS2552: [0mCannot find name 'arr'. Did you mean 'arry'?

[7m61[0m       const toFindDuplicates = (arry) => arry.filter((item, index) => arr.indexOf(item) !== index);
[7m  [0m [91m                                                                      ~~~[0m

  [96msrc/controllers/user/users.controller.ts[0m:[93m61[0m:[93m33[0m
    [7m61[0m       const toFindDuplicates = (arry) => arry.filter((item, index) => arr.indexOf(item) !== index);
    [7m  [0m [96m                                ~~~~[0m
    'arry' is declared here.
[96msrc/controllers/user/users.controller.ts[0m:[93m62[0m:[93m33[0m - [91merror[0m[90m TS2552: [0mCannot find name 'tofindDuplicates'. Did you mean 'toFindDuplicates'?

[7m62[0m       const duplicateElementa = tofindDuplicates(arry);
[7m  [0m [91m                                ~~~~~~~~~~~~~~~~[0m

  [96msrc/controllers/user/users.controller.ts[0m:[93m61[0m:[93m13[0m
    [7m61[0m       const toFindDuplicates = (arry) => arry.filter((item, index) => arr.indexOf(item) !== index);
    [7m  [0m [96m            ~~~~~~~~~~~~~~~~[0m
    'toFindDuplicates' is declared here.
[96msrc/controllers/user/users.controller.ts[0m:[93m62[0m:[93m50[0m - [91merror[0m[90m TS2552: [0mCannot find name 'arry'. Did you mean 'Array'?

[7m62[0m       const duplicateElementa = tofindDuplicates(arry);
[7m  [0m [91m                                                 ~~~~[0m

  [96mnode_modules/typescript/lib/lib.es5.d.ts[0m:[93m1495[0m:[93m13[0m
    [7m1495[0m declare var Array: ArrayConstructor;
    [7m    [0m [96m            ~~~~~[0m
    'Array' is declared here.

    at createTSError (/home/thoughtwin/Documents/EB_Ty/node_modules/ts-node/src/index.ts:859:12)
    at reportTSError (/home/thoughtwin/Documents/EB_Ty/node_modules/ts-node/src/index.ts:863:19)
    at getOutput (/home/thoughtwin/Documents/EB_Ty/node_modules/ts-node/src/index.ts:1077:36)
    at Object.compile (/home/thoughtwin/Documents/EB_Ty/node_modules/ts-node/src/index.ts:1433:41)
    at Module.m._compile (/home/thoughtwin/Documents/EB_Ty/node_modules/ts-node/src/index.ts:1617:30)
    at Module._extensions..js (node:internal/modules/cjs/loader:1159:10)
    at Object.require.extensions.<computed> [as .ts] (/home/thoughtwin/Documents/EB_Ty/node_modules/ts-node/src/index.ts:1621:12)
    at Module.load (node:internal/modules/cjs/loader:981:32)
    at Function.Module._load (node:internal/modules/cjs/loader:827:12)
    at Module.require (node:internal/modules/cjs/loader:1005:19)
[Node] [ERROR] - 2022-12-13T10:46:15.408ZuncaughtException: тип Unable to compile TypeScript:
[96msrc/controllers/user/users.controller.ts[0m:[93m61[0m:[93m71[0m - [91merror[0m[90m TS2552: [0mCannot find name 'arr'. Did you mean 'arry'?

[7m61[0m       const toFindDuplicates = (arry) => arry.filter((item, index) => arr.indexOf(item) !== index);
[7m  [0m [91m                                                                      ~~~[0m

  [96msrc/controllers/user/users.controller.ts[0m:[93m61[0m:[93m33[0m
    [7m61[0m       const toFindDuplicates = (arry) => arry.filter((item, index) => arr.indexOf(item) !== index);
    [7m  [0m [96m                                ~~~~[0m
    'arry' is declared here.
[96msrc/controllers/user/users.controller.ts[0m:[93m62[0m:[93m33[0m - [91merror[0m[90m TS2552: [0mCannot find name 'tofindDuplicates'. Did you mean 'toFindDuplicates'?

[7m62[0m       const duplicateElementa = tofindDuplicates(data);
[7m  [0m [91m                                ~~~~~~~~~~~~~~~~[0m

  [96msrc/controllers/user/users.controller.ts[0m:[93m61[0m:[93m13[0m
    [7m61[0m       const toFindDuplicates = (arry) => arry.filter((item, index) => arr.indexOf(item) !== index);
    [7m  [0m [96m            ~~~~~~~~~~~~~~~~[0m
    'toFindDuplicates' is declared here.

TSError: тип Unable to compile TypeScript:
[96msrc/controllers/user/users.controller.ts[0m:[93m61[0m:[93m71[0m - [91merror[0m[90m TS2552: [0mCannot find name 'arr'. Did you mean 'arry'?

[7m61[0m       const toFindDuplicates = (arry) => arry.filter((item, index) => arr.indexOf(item) !== index);
[7m  [0m [91m                                                                      ~~~[0m

  [96msrc/controllers/user/users.controller.ts[0m:[93m61[0m:[93m33[0m
    [7m61[0m       const toFindDuplicates = (arry) => arry.filter((item, index) => arr.indexOf(item) !== index);
    [7m  [0m [96m                                ~~~~[0m
    'arry' is declared here.
[96msrc/controllers/user/users.controller.ts[0m:[93m62[0m:[93m33[0m - [91merror[0m[90m TS2552: [0mCannot find name 'tofindDuplicates'. Did you mean 'toFindDuplicates'?

[7m62[0m       const duplicateElementa = tofindDuplicates(data);
[7m  [0m [91m                                ~~~~~~~~~~~~~~~~[0m

  [96msrc/controllers/user/users.controller.ts[0m:[93m61[0m:[93m13[0m
    [7m61[0m       const toFindDuplicates = (arry) => arry.filter((item, index) => arr.indexOf(item) !== index);
    [7m  [0m [96m            ~~~~~~~~~~~~~~~~[0m
    'toFindDuplicates' is declared here.

    at createTSError (/home/thoughtwin/Documents/EB_Ty/node_modules/ts-node/src/index.ts:859:12)
    at reportTSError (/home/thoughtwin/Documents/EB_Ty/node_modules/ts-node/src/index.ts:863:19)
    at getOutput (/home/thoughtwin/Documents/EB_Ty/node_modules/ts-node/src/index.ts:1077:36)
    at Object.compile (/home/thoughtwin/Documents/EB_Ty/node_modules/ts-node/src/index.ts:1433:41)
    at Module.m._compile (/home/thoughtwin/Documents/EB_Ty/node_modules/ts-node/src/index.ts:1617:30)
    at Module._extensions..js (node:internal/modules/cjs/loader:1159:10)
    at Object.require.extensions.<computed> [as .ts] (/home/thoughtwin/Documents/EB_Ty/node_modules/ts-node/src/index.ts:1621:12)
    at Module.load (node:internal/modules/cjs/loader:981:32)
    at Function.Module._load (node:internal/modules/cjs/loader:827:12)
    at Module.require (node:internal/modules/cjs/loader:1005:19)
[Node] [ERROR] - 2022-12-13T10:46:31.740ZuncaughtException: тип Unable to compile TypeScript:
[96msrc/controllers/user/users.controller.ts[0m:[93m61[0m:[93m71[0m - [91merror[0m[90m TS2552: [0mCannot find name 'arr'. Did you mean 'arry'?

[7m61[0m       const toFindDuplicates = (arry) => arry.filter((item, index) => arr.indexOf(item) !== index);
[7m  [0m [91m                                                                      ~~~[0m

  [96msrc/controllers/user/users.controller.ts[0m:[93m61[0m:[93m33[0m
    [7m61[0m       const toFindDuplicates = (arry) => arry.filter((item, index) => arr.indexOf(item) !== index);
    [7m  [0m [96m                                ~~~~[0m
    'arry' is declared here.
[96msrc/controllers/user/users.controller.ts[0m:[93m62[0m:[93m33[0m - [91merror[0m[90m TS2552: [0mCannot find name 'tofindDuplicates'. Did you mean 'toFindDuplicates'?

[7m62[0m       const duplicateElementa = tofindDuplicates(data);
[7m  [0m [91m                                ~~~~~~~~~~~~~~~~[0m

  [96msrc/controllers/user/users.controller.ts[0m:[93m61[0m:[93m13[0m
    [7m61[0m       const toFindDuplicates = (arry) => arry.filter((item, index) => arr.indexOf(item) !== index);
    [7m  [0m [96m            ~~~~~~~~~~~~~~~~[0m
    'toFindDuplicates' is declared here.

TSError: тип Unable to compile TypeScript:
[96msrc/controllers/user/users.controller.ts[0m:[93m61[0m:[93m71[0m - [91merror[0m[90m TS2552: [0mCannot find name 'arr'. Did you mean 'arry'?

[7m61[0m       const toFindDuplicates = (arry) => arry.filter((item, index) => arr.indexOf(item) !== index);
[7m  [0m [91m                                                                      ~~~[0m

  [96msrc/controllers/user/users.controller.ts[0m:[93m61[0m:[93m33[0m
    [7m61[0m       const toFindDuplicates = (arry) => arry.filter((item, index) => arr.indexOf(item) !== index);
    [7m  [0m [96m                                ~~~~[0m
    'arry' is declared here.
[96msrc/controllers/user/users.controller.ts[0m:[93m62[0m:[93m33[0m - [91merror[0m[90m TS2552: [0mCannot find name 'tofindDuplicates'. Did you mean 'toFindDuplicates'?

[7m62[0m       const duplicateElementa = tofindDuplicates(data);
[7m  [0m [91m                                ~~~~~~~~~~~~~~~~[0m

  [96msrc/controllers/user/users.controller.ts[0m:[93m61[0m:[93m13[0m
    [7m61[0m       const toFindDuplicates = (arry) => arry.filter((item, index) => arr.indexOf(item) !== index);
    [7m  [0m [96m            ~~~~~~~~~~~~~~~~[0m
    'toFindDuplicates' is declared here.

    at createTSError (/home/thoughtwin/Documents/EB_Ty/node_modules/ts-node/src/index.ts:859:12)
    at reportTSError (/home/thoughtwin/Documents/EB_Ty/node_modules/ts-node/src/index.ts:863:19)
    at getOutput (/home/thoughtwin/Documents/EB_Ty/node_modules/ts-node/src/index.ts:1077:36)
    at Object.compile (/home/thoughtwin/Documents/EB_Ty/node_modules/ts-node/src/index.ts:1433:41)
    at Module.m._compile (/home/thoughtwin/Documents/EB_Ty/node_modules/ts-node/src/index.ts:1617:30)
    at Module._extensions..js (node:internal/modules/cjs/loader:1159:10)
    at Object.require.extensions.<computed> [as .ts] (/home/thoughtwin/Documents/EB_Ty/node_modules/ts-node/src/index.ts:1621:12)
    at Module.load (node:internal/modules/cjs/loader:981:32)
    at Function.Module._load (node:internal/modules/cjs/loader:827:12)
    at Module.require (node:internal/modules/cjs/loader:1005:19)
[Node] [ERROR] - 2022-12-13T10:47:07.800ZuncaughtException: тип Unable to compile TypeScript:
[96msrc/controllers/user/users.controller.ts[0m:[93m61[0m:[93m71[0m - [91merror[0m[90m TS2552: [0mCannot find name 'arr'. Did you mean 'arry'?

[7m61[0m       const toFindDuplicates = (arry) => arry.filter((item, index) => arr.indexOf(item) !== index);
[7m  [0m [91m                                                                      ~~~[0m

  [96msrc/controllers/user/users.controller.ts[0m:[93m61[0m:[93m33[0m
    [7m61[0m       const toFindDuplicates = (arry) => arry.filter((item, index) => arr.indexOf(item) !== index);
    [7m  [0m [96m                                ~~~~[0m
    'arry' is declared here.
[96msrc/controllers/user/users.controller.ts[0m:[93m62[0m:[93m33[0m - [91merror[0m[90m TS2552: [0mCannot find name 'tofindDuplicates'. Did you mean 'toFindDuplicates'?

[7m62[0m       const duplicateElementa = tofindDuplicates(arry);
[7m  [0m [91m                                ~~~~~~~~~~~~~~~~[0m

  [96msrc/controllers/user/users.controller.ts[0m:[93m61[0m:[93m13[0m
    [7m61[0m       const toFindDuplicates = (arry) => arry.filter((item, index) => arr.indexOf(item) !== index);
    [7m  [0m [96m            ~~~~~~~~~~~~~~~~[0m
    'toFindDuplicates' is declared here.
[96msrc/controllers/user/users.controller.ts[0m:[93m62[0m:[93m50[0m - [91merror[0m[90m TS2552: [0mCannot find name 'arry'. Did you mean 'Array'?

[7m62[0m       const duplicateElementa = tofindDuplicates(arry);
[7m  [0m [91m                                                 ~~~~[0m

  [96mnode_modules/typescript/lib/lib.es5.d.ts[0m:[93m1495[0m:[93m13[0m
    [7m1495[0m declare var Array: ArrayConstructor;
    [7m    [0m [96m            ~~~~~[0m
    'Array' is declared here.
[96msrc/controllers/user/users.controller.ts[0m:[93m63[0m:[93m19[0m - [91merror[0m[90m TS2552: [0mCannot find name 'duplicateElements'. Did you mean 'duplicateElementa'?

[7m63[0m       console.log(duplicateElements);
[7m  [0m [91m                  ~~~~~~~~~~~~~~~~~[0m

  [96msrc/controllers/user/users.controller.ts[0m:[93m62[0m:[93m13[0m
    [7m62[0m       const duplicateElementa = tofindDuplicates(arry);
    [7m  [0m [96m            ~~~~~~~~~~~~~~~~~[0m
    'duplicateElementa' is declared here.

TSError: тип Unable to compile TypeScript:
[96msrc/controllers/user/users.controller.ts[0m:[93m61[0m:[93m71[0m - [91merror[0m[90m TS2552: [0mCannot find name 'arr'. Did you mean 'arry'?

[7m61[0m       const toFindDuplicates = (arry) => arry.filter((item, index) => arr.indexOf(item) !== index);
[7m  [0m [91m                                                                      ~~~[0m

  [96msrc/controllers/user/users.controller.ts[0m:[93m61[0m:[93m33[0m
    [7m61[0m       const toFindDuplicates = (arry) => arry.filter((item, index) => arr.indexOf(item) !== index);
    [7m  [0m [96m                                ~~~~[0m
    'arry' is declared here.
[96msrc/controllers/user/users.controller.ts[0m:[93m62[0m:[93m33[0m - [91merror[0m[90m TS2552: [0mCannot find name 'tofindDuplicates'. Did you mean 'toFindDuplicates'?

[7m62[0m       const duplicateElementa = tofindDuplicates(arry);
[7m  [0m [91m                                ~~~~~~~~~~~~~~~~[0m

  [96msrc/controllers/user/users.controller.ts[0m:[93m61[0m:[93m13[0m
    [7m61[0m       const toFindDuplicates = (arry) => arry.filter((item, index) => arr.indexOf(item) !== index);
    [7m  [0m [96m            ~~~~~~~~~~~~~~~~[0m
    'toFindDuplicates' is declared here.
[96msrc/controllers/user/users.controller.ts[0m:[93m62[0m:[93m50[0m - [91merror[0m[90m TS2552: [0mCannot find name 'arry'. Did you mean 'Array'?

[7m62[0m       const duplicateElementa = tofindDuplicates(arry);
[7m  [0m [91m                                                 ~~~~[0m

  [96mnode_modules/typescript/lib/lib.es5.d.ts[0m:[93m1495[0m:[93m13[0m
    [7m1495[0m declare var Array: ArrayConstructor;
    [7m    [0m [96m            ~~~~~[0m
    'Array' is declared here.
[96msrc/controllers/user/users.controller.ts[0m:[93m63[0m:[93m19[0m - [91merror[0m[90m TS2552: [0mCannot find name 'duplicateElements'. Did you mean 'duplicateElementa'?

[7m63[0m       console.log(duplicateElements);
[7m  [0m [91m                  ~~~~~~~~~~~~~~~~~[0m

  [96msrc/controllers/user/users.controller.ts[0m:[93m62[0m:[93m13[0m
    [7m62[0m       const duplicateElementa = tofindDuplicates(arry);
    [7m  [0m [96m            ~~~~~~~~~~~~~~~~~[0m
    'duplicateElementa' is declared here.

    at createTSError (/home/thoughtwin/Documents/EB_Ty/node_modules/ts-node/src/index.ts:859:12)
    at reportTSError (/home/thoughtwin/Documents/EB_Ty/node_modules/ts-node/src/index.ts:863:19)
    at getOutput (/home/thoughtwin/Documents/EB_Ty/node_modules/ts-node/src/index.ts:1077:36)
    at Object.compile (/home/thoughtwin/Documents/EB_Ty/node_modules/ts-node/src/index.ts:1433:41)
    at Module.m._compile (/home/thoughtwin/Documents/EB_Ty/node_modules/ts-node/src/index.ts:1617:30)
    at Module._extensions..js (node:internal/modules/cjs/loader:1159:10)
    at Object.require.extensions.<computed> [as .ts] (/home/thoughtwin/Documents/EB_Ty/node_modules/ts-node/src/index.ts:1621:12)
    at Module.load (node:internal/modules/cjs/loader:981:32)
    at Function.Module._load (node:internal/modules/cjs/loader:827:12)
    at Module.require (node:internal/modules/cjs/loader:1005:19)
[Node] [ERROR] - 2022-12-13T10:47:18.833ZuncaughtException: тип Unable to compile TypeScript:
[96msrc/controllers/user/users.controller.ts[0m:[93m61[0m:[93m71[0m - [91merror[0m[90m TS2552: [0mCannot find name 'arr'. Did you mean 'arry'?

[7m61[0m       const toFindDuplicates = (arry) => arry.filter((item, index) => arr.indexOf(item) !== index);
[7m  [0m [91m                                                                      ~~~[0m

  [96msrc/controllers/user/users.controller.ts[0m:[93m61[0m:[93m33[0m
    [7m61[0m       const toFindDuplicates = (arry) => arry.filter((item, index) => arr.indexOf(item) !== index);
    [7m  [0m [96m                                ~~~~[0m
    'arry' is declared here.
[96msrc/controllers/user/users.controller.ts[0m:[93m62[0m:[93m33[0m - [91merror[0m[90m TS2552: [0mCannot find name 'tofindDuplicates'. Did you mean 'toFindDuplicates'?

[7m62[0m       const duplicateElementa = tofindDuplicates(data);
[7m  [0m [91m                                ~~~~~~~~~~~~~~~~[0m

  [96msrc/controllers/user/users.controller.ts[0m:[93m61[0m:[93m13[0m
    [7m61[0m       const toFindDuplicates = (arry) => arry.filter((item, index) => arr.indexOf(item) !== index);
    [7m  [0m [96m            ~~~~~~~~~~~~~~~~[0m
    'toFindDuplicates' is declared here.
[96msrc/controllers/user/users.controller.ts[0m:[93m63[0m:[93m19[0m - [91merror[0m[90m TS2552: [0mCannot find name 'duplicateElements'. Did you mean 'duplicateElementa'?

[7m63[0m       console.log(duplicateElements);
[7m  [0m [91m                  ~~~~~~~~~~~~~~~~~[0m

  [96msrc/controllers/user/users.controller.ts[0m:[93m62[0m:[93m13[0m
    [7m62[0m       const duplicateElementa = tofindDuplicates(data);
    [7m  [0m [96m            ~~~~~~~~~~~~~~~~~[0m
    'duplicateElementa' is declared here.

TSError: тип Unable to compile TypeScript:
[96msrc/controllers/user/users.controller.ts[0m:[93m61[0m:[93m71[0m - [91merror[0m[90m TS2552: [0mCannot find name 'arr'. Did you mean 'arry'?

[7m61[0m       const toFindDuplicates = (arry) => arry.filter((item, index) => arr.indexOf(item) !== index);
[7m  [0m [91m                                                                      ~~~[0m

  [96msrc/controllers/user/users.controller.ts[0m:[93m61[0m:[93m33[0m
    [7m61[0m       const toFindDuplicates = (arry) => arry.filter((item, index) => arr.indexOf(item) !== index);
    [7m  [0m [96m                                ~~~~[0m
    'arry' is declared here.
[96msrc/controllers/user/users.controller.ts[0m:[93m62[0m:[93m33[0m - [91merror[0m[90m TS2552: [0mCannot find name 'tofindDuplicates'. Did you mean 'toFindDuplicates'?

[7m62[0m       const duplicateElementa = tofindDuplicates(data);
[7m  [0m [91m                                ~~~~~~~~~~~~~~~~[0m

  [96msrc/controllers/user/users.controller.ts[0m:[93m61[0m:[93m13[0m
    [7m61[0m       const toFindDuplicates = (arry) => arry.filter((item, index) => arr.indexOf(item) !== index);
    [7m  [0m [96m            ~~~~~~~~~~~~~~~~[0m
    'toFindDuplicates' is declared here.
[96msrc/controllers/user/users.controller.ts[0m:[93m63[0m:[93m19[0m - [91merror[0m[90m TS2552: [0mCannot find name 'duplicateElements'. Did you mean 'duplicateElementa'?

[7m63[0m       console.log(duplicateElements);
[7m  [0m [91m                  ~~~~~~~~~~~~~~~~~[0m

  [96msrc/controllers/user/users.controller.ts[0m:[93m62[0m:[93m13[0m
    [7m62[0m       const duplicateElementa = tofindDuplicates(data);
    [7m  [0m [96m            ~~~~~~~~~~~~~~~~~[0m
    'duplicateElementa' is declared here.

    at createTSError (/home/thoughtwin/Documents/EB_Ty/node_modules/ts-node/src/index.ts:859:12)
    at reportTSError (/home/thoughtwin/Documents/EB_Ty/node_modules/ts-node/src/index.ts:863:19)
    at getOutput (/home/thoughtwin/Documents/EB_Ty/node_modules/ts-node/src/index.ts:1077:36)
    at Object.compile (/home/thoughtwin/Documents/EB_Ty/node_modules/ts-node/src/index.ts:1433:41)
    at Module.m._compile (/home/thoughtwin/Documents/EB_Ty/node_modules/ts-node/src/index.ts:1617:30)
    at Module._extensions..js (node:internal/modules/cjs/loader:1159:10)
    at Object.require.extensions.<computed> [as .ts] (/home/thoughtwin/Documents/EB_Ty/node_modules/ts-node/src/index.ts:1621:12)
    at Module.load (node:internal/modules/cjs/loader:981:32)
    at Function.Module._load (node:internal/modules/cjs/loader:827:12)
    at Module.require (node:internal/modules/cjs/loader:1005:19)
[Node] [ERROR] - 2022-12-13T10:47:56.460Z500 - /api/v1/csv/post [POST] - Validation error 
[Node] [ERROR] - 2022-12-13T10:51:46.884Z500 - /api/v1/csv/post [POST] - Validation error 
[Node] [ERROR] - 2022-12-13T10:54:13.044Z500 - /api/v1/csv/post [POST] - Validation error 
[Node] [ERROR] - 2022-12-13T10:55:44.430Z500 - /api/v1/csv/post [POST] - Validation error 
[Node] [ERROR] - 2022-12-13T10:56:43.713Z500 - /api/v1/csv/post [POST] - Validation error 
[Node] [ERROR] - 2022-12-13T10:59:55.926Z500 - /api/v1/csv/post [POST] - invalid input syntax for type bigint: "" 
[Node] [ERROR] - 2022-12-13T11:01:18.717Z500 - /api/v1/csv/post [POST] - Cannot read properties of undefined (reading 'dataValues') 
[Node] [ERROR] - 2022-12-13T11:02:27.971Z500 - /api/v1/csv/post [POST] - Cannot read properties of undefined (reading 'dataValues') 
[Node] [ERROR] - 2022-12-13T11:03:36.638Z500 - /api/v1/csv/post [POST] - Cannot read properties of undefined (reading 'dataValues') 
[Node] [ERROR] - 2022-12-13T11:06:03.786ZuncaughtException: тип Unable to compile TypeScript:
[96msrc/utils/fs.utils.ts[0m:[93m22[0m:[93m10[0m - [91merror[0m[90m TS2551: [0mProperty 'roleId' does not exist on type 'Partial<IUser>'. Did you mean 'role_Id'?

[7m22[0m     test.roleId =
[7m  [0m [91m         ~~~~~~[0m

TSError: тип Unable to compile TypeScript:
[96msrc/utils/fs.utils.ts[0m:[93m22[0m:[93m10[0m - [91merror[0m[90m TS2551: [0mProperty 'roleId' does not exist on type 'Partial<IUser>'. Did you mean 'role_Id'?

[7m22[0m     test.roleId =
[7m  [0m [91m         ~~~~~~[0m

    at createTSError (/home/thoughtwin/Documents/EB_Ty/node_modules/ts-node/src/index.ts:859:12)
    at reportTSError (/home/thoughtwin/Documents/EB_Ty/node_modules/ts-node/src/index.ts:863:19)
    at getOutput (/home/thoughtwin/Documents/EB_Ty/node_modules/ts-node/src/index.ts:1077:36)
    at Object.compile (/home/thoughtwin/Documents/EB_Ty/node_modules/ts-node/src/index.ts:1433:41)
    at Module.m._compile (/home/thoughtwin/Documents/EB_Ty/node_modules/ts-node/src/index.ts:1617:30)
    at Module._extensions..js (node:internal/modules/cjs/loader:1159:10)
    at Object.require.extensions.<computed> [as .ts] (/home/thoughtwin/Documents/EB_Ty/node_modules/ts-node/src/index.ts:1621:12)
    at Module.load (node:internal/modules/cjs/loader:981:32)
    at Function.Module._load (node:internal/modules/cjs/loader:827:12)
    at Module.require (node:internal/modules/cjs/loader:1005:19)
[Node] [ERROR] - 2022-12-13T11:06:11.109ZuncaughtException: тип Unable to compile TypeScript:
[96msrc/utils/fs.utils.ts[0m:[93m22[0m:[93m10[0m - [91merror[0m[90m TS2551: [0mProperty 'roleId' does not exist on type 'Partial<IUser>'. Did you mean 'role_Id'?

[7m22[0m     test.roleId = '2';
[7m  [0m [91m         ~~~~~~[0m

TSError: тип Unable to compile TypeScript:
[96msrc/utils/fs.utils.ts[0m:[93m22[0m:[93m10[0m - [91merror[0m[90m TS2551: [0mProperty 'roleId' does not exist on type 'Partial<IUser>'. Did you mean 'role_Id'?

[7m22[0m     test.roleId = '2';
[7m  [0m [91m         ~~~~~~[0m

    at createTSError (/home/thoughtwin/Documents/EB_Ty/node_modules/ts-node/src/index.ts:859:12)
    at reportTSError (/home/thoughtwin/Documents/EB_Ty/node_modules/ts-node/src/index.ts:863:19)
    at getOutput (/home/thoughtwin/Documents/EB_Ty/node_modules/ts-node/src/index.ts:1077:36)
    at Object.compile (/home/thoughtwin/Documents/EB_Ty/node_modules/ts-node/src/index.ts:1433:41)
    at Module.m._compile (/home/thoughtwin/Documents/EB_Ty/node_modules/ts-node/src/index.ts:1617:30)
    at Module._extensions..js (node:internal/modules/cjs/loader:1159:10)
    at Object.require.extensions.<computed> [as .ts] (/home/thoughtwin/Documents/EB_Ty/node_modules/ts-node/src/index.ts:1621:12)
    at Module.load (node:internal/modules/cjs/loader:981:32)
    at Function.Module._load (node:internal/modules/cjs/loader:827:12)
    at Module.require (node:internal/modules/cjs/loader:1005:19)
[Node] [ERROR] - 2022-12-13T11:06:57.417ZuncaughtException: тип Unable to compile TypeScript:
[96msrc/utils/fs.utils.ts[0m:[93m22[0m:[93m10[0m - [91merror[0m[90m TS2551: [0mProperty 'roleId' does not exist on type 'Partial<IUser>'. Did you mean 'role_Id'?

[7m22[0m     test.roleId = 2;
[7m  [0m [91m         ~~~~~~[0m

TSError: тип Unable to compile TypeScript:
[96msrc/utils/fs.utils.ts[0m:[93m22[0m:[93m10[0m - [91merror[0m[90m TS2551: [0mProperty 'roleId' does not exist on type 'Partial<IUser>'. Did you mean 'role_Id'?

[7m22[0m     test.roleId = 2;
[7m  [0m [91m         ~~~~~~[0m

    at createTSError (/home/thoughtwin/Documents/EB_Ty/node_modules/ts-node/src/index.ts:859:12)
    at reportTSError (/home/thoughtwin/Documents/EB_Ty/node_modules/ts-node/src/index.ts:863:19)
    at getOutput (/home/thoughtwin/Documents/EB_Ty/node_modules/ts-node/src/index.ts:1077:36)
    at Object.compile (/home/thoughtwin/Documents/EB_Ty/node_modules/ts-node/src/index.ts:1433:41)
    at Module.m._compile (/home/thoughtwin/Documents/EB_Ty/node_modules/ts-node/src/index.ts:1617:30)
    at Module._extensions..js (node:internal/modules/cjs/loader:1159:10)
    at Object.require.extensions.<computed> [as .ts] (/home/thoughtwin/Documents/EB_Ty/node_modules/ts-node/src/index.ts:1621:12)
    at Module.load (node:internal/modules/cjs/loader:981:32)
    at Function.Module._load (node:internal/modules/cjs/loader:827:12)
    at Module.require (node:internal/modules/cjs/loader:1005:19)
[Node] [ERROR] - 2022-12-13T11:09:32.372ZuncaughtException: тип Unable to compile TypeScript:
[96msrc/utils/fs.utils.ts[0m:[93m22[0m:[93m10[0m - [91merror[0m[90m TS2551: [0mProperty 'role_id' does not exist on type 'Partial<IUser>'. Did you mean 'role_Id'?

[7m22[0m     test.role_id = 2;
[7m  [0m [91m         ~~~~~~~[0m

TSError: тип Unable to compile TypeScript:
[96msrc/utils/fs.utils.ts[0m:[93m22[0m:[93m10[0m - [91merror[0m[90m TS2551: [0mProperty 'role_id' does not exist on type 'Partial<IUser>'. Did you mean 'role_Id'?

[7m22[0m     test.role_id = 2;
[7m  [0m [91m         ~~~~~~~[0m

    at createTSError (/home/thoughtwin/Documents/EB_Ty/node_modules/ts-node/src/index.ts:859:12)
    at reportTSError (/home/thoughtwin/Documents/EB_Ty/node_modules/ts-node/src/index.ts:863:19)
    at getOutput (/home/thoughtwin/Documents/EB_Ty/node_modules/ts-node/src/index.ts:1077:36)
    at Object.compile (/home/thoughtwin/Documents/EB_Ty/node_modules/ts-node/src/index.ts:1433:41)
    at Module.m._compile (/home/thoughtwin/Documents/EB_Ty/node_modules/ts-node/src/index.ts:1617:30)
    at Module._extensions..js (node:internal/modules/cjs/loader:1159:10)
    at Object.require.extensions.<computed> [as .ts] (/home/thoughtwin/Documents/EB_Ty/node_modules/ts-node/src/index.ts:1621:12)
    at Module.load (node:internal/modules/cjs/loader:981:32)
    at Function.Module._load (node:internal/modules/cjs/loader:827:12)
    at Module.require (node:internal/modules/cjs/loader:1005:19)
[Node] [ERROR] - 2022-12-13T11:14:35.716Z500 - /api/v1/csv/post [POST] - Cannot read properties of undefined (reading 'dataValues') 
[Node] [ERROR] - 2022-12-13T11:15:38.227Z500 - /api/v1/csv/post [POST] - Validation error 
[Node] [ERROR] - 2022-12-13T11:16:28.043Z500 - /api/v1/csv/post [POST] - Validation error 
[Node] [ERROR] - 2022-12-13T11:18:03.808ZuncaughtException: тип Unable to compile TypeScript:
[96msrc/databases/models/user.ts[0m:[93m100[0m:[93m65[0m - [91merror[0m[90m TS1003: [0mIdentifier expected.

[7m100[0m       console.log('<<<<<<<<<<<<<<>>>>>>>>>>>>>>>', record.users.);
[7m   [0m [91m                                                                ~[0m

TSError: тип Unable to compile TypeScript:
[96msrc/databases/models/user.ts[0m:[93m100[0m:[93m65[0m - [91merror[0m[90m TS1003: [0mIdentifier expected.

[7m100[0m       console.log('<<<<<<<<<<<<<<>>>>>>>>>>>>>>>', record.users.);
[7m   [0m [91m                                                                ~[0m

    at createTSError (/home/thoughtwin/Documents/EB_Ty/node_modules/ts-node/src/index.ts:859:12)
    at reportTSError (/home/thoughtwin/Documents/EB_Ty/node_modules/ts-node/src/index.ts:863:19)
    at getOutput (/home/thoughtwin/Documents/EB_Ty/node_modules/ts-node/src/index.ts:1077:36)
    at Object.compile (/home/thoughtwin/Documents/EB_Ty/node_modules/ts-node/src/index.ts:1433:41)
    at Module.m._compile (/home/thoughtwin/Documents/EB_Ty/node_modules/ts-node/src/index.ts:1617:30)
    at Module._extensions..js (node:internal/modules/cjs/loader:1159:10)
    at Object.require.extensions.<computed> [as .ts] (/home/thoughtwin/Documents/EB_Ty/node_modules/ts-node/src/index.ts:1621:12)
    at Module.load (node:internal/modules/cjs/loader:981:32)
    at Function.Module._load (node:internal/modules/cjs/loader:827:12)
    at Module.require (node:internal/modules/cjs/loader:1005:19)
[Node] [ERROR] - 2022-12-13T11:18:55.680Z500 - /api/v1/csv/post [POST] - Validation error 
[Node] [ERROR] - 2022-12-13T11:19:56.592Z500 - /api/v1/csv/post [POST] - Validation error 
[Node] [ERROR] - 2022-12-13T11:21:34.614ZuncaughtException: тип Unable to compile TypeScript:
[96msrc/utils/fs.utils.ts[0m:[93m22[0m:[93m10[0m - [91merror[0m[90m TS2304: [0mCannot find name 'record'.

[7m22[0m     if (!record.roleId) {
[7m  [0m [91m         ~~~~~~[0m
[96msrc/utils/fs.utils.ts[0m:[93m23[0m:[93m37[0m - [91merror[0m[90m TS2304: [0mCannot find name 'connection'.

[7m23[0m       const foundRole : any = await connection.models.roles.findOne({
[7m  [0m [91m                                    ~~~~~~~~~~[0m
[96msrc/utils/fs.utils.ts[0m:[93m25[0m:[93m17[0m - [91merror[0m[90m TS2304: [0mCannot find name 'UserRoles'.

[7m25[0m           name: UserRoles.USER,
[7m  [0m [91m                ~~~~~~~~~[0m
[96msrc/utils/fs.utils.ts[0m:[93m31[0m:[93m52[0m - [91merror[0m[90m TS2304: [0mCannot find name 'record'.

[7m31[0m       console.log('<<<<<<<<<<<<<<>>>>>>>>>>>>>>>', record);
[7m  [0m [91m                                                   ~~~~~~[0m
[96msrc/utils/fs.utils.ts[0m:[93m32[0m:[93m7[0m - [91merror[0m[90m TS2304: [0mCannot find name 'record'.

[7m32[0m       record.roleId = foundRole.id;
[7m  [0m [91m      ~~~~~~[0m

TSError: тип Unable to compile TypeScript:
[96msrc/utils/fs.utils.ts[0m:[93m22[0m:[93m10[0m - [91merror[0m[90m TS2304: [0mCannot find name 'record'.

[7m22[0m     if (!record.roleId) {
[7m  [0m [91m         ~~~~~~[0m
[96msrc/utils/fs.utils.ts[0m:[93m23[0m:[93m37[0m - [91merror[0m[90m TS2304: [0mCannot find name 'connection'.

[7m23[0m       const foundRole : any = await connection.models.roles.findOne({
[7m  [0m [91m                                    ~~~~~~~~~~[0m
[96msrc/utils/fs.utils.ts[0m:[93m25[0m:[93m17[0m - [91merror[0m[90m TS2304: [0mCannot find name 'UserRoles'.

[7m25[0m           name: UserRoles.USER,
[7m  [0m [91m                ~~~~~~~~~[0m
[96msrc/utils/fs.utils.ts[0m:[93m31[0m:[93m52[0m - [91merror[0m[90m TS2304: [0mCannot find name 'record'.

[7m31[0m       console.log('<<<<<<<<<<<<<<>>>>>>>>>>>>>>>', record);
[7m  [0m [91m                                                   ~~~~~~[0m
[96msrc/utils/fs.utils.ts[0m:[93m32[0m:[93m7[0m - [91merror[0m[90m TS2304: [0mCannot find name 'record'.

[7m32[0m       record.roleId = foundRole.id;
[7m  [0m [91m      ~~~~~~[0m

    at createTSError (/home/thoughtwin/Documents/EB_Ty/node_modules/ts-node/src/index.ts:859:12)
    at reportTSError (/home/thoughtwin/Documents/EB_Ty/node_modules/ts-node/src/index.ts:863:19)
    at getOutput (/home/thoughtwin/Documents/EB_Ty/node_modules/ts-node/src/index.ts:1077:36)
    at Object.compile (/home/thoughtwin/Documents/EB_Ty/node_modules/ts-node/src/index.ts:1433:41)
    at Module.m._compile (/home/thoughtwin/Documents/EB_Ty/node_modules/ts-node/src/index.ts:1617:30)
    at Module._extensions..js (node:internal/modules/cjs/loader:1159:10)
    at Object.require.extensions.<computed> [as .ts] (/home/thoughtwin/Documents/EB_Ty/node_modules/ts-node/src/index.ts:1621:12)
    at Module.load (node:internal/modules/cjs/loader:981:32)
    at Function.Module._load (node:internal/modules/cjs/loader:827:12)
    at Module.require (node:internal/modules/cjs/loader:1005:19)
[Node] [ERROR] - 2022-12-13T11:21:43.877ZuncaughtException: тип Unable to compile TypeScript:
[96msrc/utils/fs.utils.ts[0m:[93m23[0m:[93m37[0m - [91merror[0m[90m TS2304: [0mCannot find name 'connection'.

[7m23[0m       const foundRole : any = await connection.models.roles.findOne({
[7m  [0m [91m                                    ~~~~~~~~~~[0m
[96msrc/utils/fs.utils.ts[0m:[93m25[0m:[93m17[0m - [91merror[0m[90m TS2304: [0mCannot find name 'UserRoles'.

[7m25[0m           name: UserRoles.USER,
[7m  [0m [91m                ~~~~~~~~~[0m
[96msrc/utils/fs.utils.ts[0m:[93m31[0m:[93m52[0m - [91merror[0m[90m TS2304: [0mCannot find name 'record'.

[7m31[0m       console.log('<<<<<<<<<<<<<<>>>>>>>>>>>>>>>', record);
[7m  [0m [91m                                                   ~~~~~~[0m
[96msrc/utils/fs.utils.ts[0m:[93m32[0m:[93m7[0m - [91merror[0m[90m TS2304: [0mCannot find name 'record'.

[7m32[0m       record.roleId = foundRole.id;
[7m  [0m [91m      ~~~~~~[0m

TSError: тип Unable to compile TypeScript:
[96msrc/utils/fs.utils.ts[0m:[93m23[0m:[93m37[0m - [91merror[0m[90m TS2304: [0mCannot find name 'connection'.

[7m23[0m       const foundRole : any = await connection.models.roles.findOne({
[7m  [0m [91m                                    ~~~~~~~~~~[0m
[96msrc/utils/fs.utils.ts[0m:[93m25[0m:[93m17[0m - [91merror[0m[90m TS2304: [0mCannot find name 'UserRoles'.

[7m25[0m           name: UserRoles.USER,
[7m  [0m [91m                ~~~~~~~~~[0m
[96msrc/utils/fs.utils.ts[0m:[93m31[0m:[93m52[0m - [91merror[0m[90m TS2304: [0mCannot find name 'record'.

[7m31[0m       console.log('<<<<<<<<<<<<<<>>>>>>>>>>>>>>>', record);
[7m  [0m [91m                                                   ~~~~~~[0m
[96msrc/utils/fs.utils.ts[0m:[93m32[0m:[93m7[0m - [91merror[0m[90m TS2304: [0mCannot find name 'record'.

[7m32[0m       record.roleId = foundRole.id;
[7m  [0m [91m      ~~~~~~[0m

    at createTSError (/home/thoughtwin/Documents/EB_Ty/node_modules/ts-node/src/index.ts:859:12)
    at reportTSError (/home/thoughtwin/Documents/EB_Ty/node_modules/ts-node/src/index.ts:863:19)
    at getOutput (/home/thoughtwin/Documents/EB_Ty/node_modules/ts-node/src/index.ts:1077:36)
    at Object.compile (/home/thoughtwin/Documents/EB_Ty/node_modules/ts-node/src/index.ts:1433:41)
    at Module.m._compile (/home/thoughtwin/Documents/EB_Ty/node_modules/ts-node/src/index.ts:1617:30)
    at Module._extensions..js (node:internal/modules/cjs/loader:1159:10)
    at Object.require.extensions.<computed> [as .ts] (/home/thoughtwin/Documents/EB_Ty/node_modules/ts-node/src/index.ts:1621:12)
    at Module.load (node:internal/modules/cjs/loader:981:32)
    at Function.Module._load (node:internal/modules/cjs/loader:827:12)
    at Module.require (node:internal/modules/cjs/loader:1005:19)
[Node] [ERROR] - 2022-12-13T11:21:53.651ZuncaughtException: тип Unable to compile TypeScript:
[96msrc/utils/fs.utils.ts[0m:[93m23[0m:[93m37[0m - [91merror[0m[90m TS2304: [0mCannot find name 'models'.

[7m23[0m       const foundRole : any = await models.roles.findOne({
[7m  [0m [91m                                    ~~~~~~[0m
[96msrc/utils/fs.utils.ts[0m:[93m25[0m:[93m17[0m - [91merror[0m[90m TS2304: [0mCannot find name 'UserRoles'.

[7m25[0m           name: UserRoles.USER,
[7m  [0m [91m                ~~~~~~~~~[0m
[96msrc/utils/fs.utils.ts[0m:[93m31[0m:[93m52[0m - [91merror[0m[90m TS2304: [0mCannot find name 'record'.

[7m31[0m       console.log('<<<<<<<<<<<<<<>>>>>>>>>>>>>>>', record);
[7m  [0m [91m                                                   ~~~~~~[0m
[96msrc/utils/fs.utils.ts[0m:[93m32[0m:[93m7[0m - [91merror[0m[90m TS2304: [0mCannot find name 'record'.

[7m32[0m       record.roleId = foundRole.id;
[7m  [0m [91m      ~~~~~~[0m

TSError: тип Unable to compile TypeScript:
[96msrc/utils/fs.utils.ts[0m:[93m23[0m:[93m37[0m - [91merror[0m[90m TS2304: [0mCannot find name 'models'.

[7m23[0m       const foundRole : any = await models.roles.findOne({
[7m  [0m [91m                                    ~~~~~~[0m
[96msrc/utils/fs.utils.ts[0m:[93m25[0m:[93m17[0m - [91merror[0m[90m TS2304: [0mCannot find name 'UserRoles'.

[7m25[0m           name: UserRoles.USER,
[7m  [0m [91m                ~~~~~~~~~[0m
[96msrc/utils/fs.utils.ts[0m:[93m31[0m:[93m52[0m - [91merror[0m[90m TS2304: [0mCannot find name 'record'.

[7m31[0m       console.log('<<<<<<<<<<<<<<>>>>>>>>>>>>>>>', record);
[7m  [0m [91m                                                   ~~~~~~[0m
[96msrc/utils/fs.utils.ts[0m:[93m32[0m:[93m7[0m - [91merror[0m[90m TS2304: [0mCannot find name 'record'.

[7m32[0m       record.roleId = foundRole.id;
[7m  [0m [91m      ~~~~~~[0m

    at createTSError (/home/thoughtwin/Documents/EB_Ty/node_modules/ts-node/src/index.ts:859:12)
    at reportTSError (/home/thoughtwin/Documents/EB_Ty/node_modules/ts-node/src/index.ts:863:19)
    at getOutput (/home/thoughtwin/Documents/EB_Ty/node_modules/ts-node/src/index.ts:1077:36)
    at Object.compile (/home/thoughtwin/Documents/EB_Ty/node_modules/ts-node/src/index.ts:1433:41)
    at Module.m._compile (/home/thoughtwin/Documents/EB_Ty/node_modules/ts-node/src/index.ts:1617:30)
    at Module._extensions..js (node:internal/modules/cjs/loader:1159:10)
    at Object.require.extensions.<computed> [as .ts] (/home/thoughtwin/Documents/EB_Ty/node_modules/ts-node/src/index.ts:1621:12)
    at Module.load (node:internal/modules/cjs/loader:981:32)
    at Function.Module._load (node:internal/modules/cjs/loader:827:12)
    at Module.require (node:internal/modules/cjs/loader:1005:19)
[Node] [ERROR] - 2022-12-13T11:22:09.554ZuncaughtException: тип Unable to compile TypeScript:
[96msrc/controllers/user/users.controller.ts[0m:[93m7[0m:[93m10[0m - [91merror[0m[90m TS2305: [0mModule '"../../utils/fs.utils"' has no exported member 'readBuffer'.

[7m7[0m import { readBuffer } from '../../utils/fs.utils';
[7m [0m [91m         ~~~~~~~~~~[0m

TSError: тип Unable to compile TypeScript:
[96msrc/controllers/user/users.controller.ts[0m:[93m7[0m:[93m10[0m - [91merror[0m[90m TS2305: [0mModule '"../../utils/fs.utils"' has no exported member 'readBuffer'.

[7m7[0m import { readBuffer } from '../../utils/fs.utils';
[7m [0m [91m         ~~~~~~~~~~[0m

    at createTSError (/home/thoughtwin/Documents/EB_Ty/node_modules/ts-node/src/index.ts:859:12)
    at reportTSError (/home/thoughtwin/Documents/EB_Ty/node_modules/ts-node/src/index.ts:863:19)
    at getOutput (/home/thoughtwin/Documents/EB_Ty/node_modules/ts-node/src/index.ts:1077:36)
    at Object.compile (/home/thoughtwin/Documents/EB_Ty/node_modules/ts-node/src/index.ts:1433:41)
    at Module.m._compile (/home/thoughtwin/Documents/EB_Ty/node_modules/ts-node/src/index.ts:1617:30)
    at Module._extensions..js (node:internal/modules/cjs/loader:1159:10)
    at Object.require.extensions.<computed> [as .ts] (/home/thoughtwin/Documents/EB_Ty/node_modules/ts-node/src/index.ts:1621:12)
    at Module.load (node:internal/modules/cjs/loader:981:32)
    at Function.Module._load (node:internal/modules/cjs/loader:827:12)
    at Module.require (node:internal/modules/cjs/loader:1005:19)
[Node] [ERROR] - 2022-12-13T11:22:43.358ZuncaughtException: тип Unable to compile TypeScript:
[96msrc/utils/fs.utils.ts[0m:[93m28[0m:[93m17[0m - [91merror[0m[90m TS2304: [0mCannot find name 'UserRoles'.

[7m28[0m           name: UserRoles.USER,
[7m  [0m [91m                ~~~~~~~~~[0m
[96msrc/utils/fs.utils.ts[0m:[93m34[0m:[93m52[0m - [91merror[0m[90m TS2304: [0mCannot find name 'record'.

[7m34[0m       console.log('<<<<<<<<<<<<<<>>>>>>>>>>>>>>>', record);
[7m  [0m [91m                                                   ~~~~~~[0m
[96msrc/utils/fs.utils.ts[0m:[93m35[0m:[93m7[0m - [91merror[0m[90m TS2304: [0mCannot find name 'record'.

[7m35[0m       record.roleId = foundRole.id;
[7m  [0m [91m      ~~~~~~[0m

TSError: тип Unable to compile TypeScript:
[96msrc/utils/fs.utils.ts[0m:[93m28[0m:[93m17[0m - [91merror[0m[90m TS2304: [0mCannot find name 'UserRoles'.

[7m28[0m           name: UserRoles.USER,
[7m  [0m [91m                ~~~~~~~~~[0m
[96msrc/utils/fs.utils.ts[0m:[93m34[0m:[93m52[0m - [91merror[0m[90m TS2304: [0mCannot find name 'record'.

[7m34[0m       console.log('<<<<<<<<<<<<<<>>>>>>>>>>>>>>>', record);
[7m  [0m [91m                                                   ~~~~~~[0m
[96msrc/utils/fs.utils.ts[0m:[93m35[0m:[93m7[0m - [91merror[0m[90m TS2304: [0mCannot find name 'record'.

[7m35[0m       record.roleId = foundRole.id;
[7m  [0m [91m      ~~~~~~[0m

    at createTSError (/home/thoughtwin/Documents/EB_Ty/node_modules/ts-node/src/index.ts:859:12)
    at reportTSError (/home/thoughtwin/Documents/EB_Ty/node_modules/ts-node/src/index.ts:863:19)
    at getOutput (/home/thoughtwin/Documents/EB_Ty/node_modules/ts-node/src/index.ts:1077:36)
    at Object.compile (/home/thoughtwin/Documents/EB_Ty/node_modules/ts-node/src/index.ts:1433:41)
    at Module.m._compile (/home/thoughtwin/Documents/EB_Ty/node_modules/ts-node/src/index.ts:1617:30)
    at Module._extensions..js (node:internal/modules/cjs/loader:1159:10)
    at Object.require.extensions.<computed> [as .ts] (/home/thoughtwin/Documents/EB_Ty/node_modules/ts-node/src/index.ts:1621:12)
    at Module.load (node:internal/modules/cjs/loader:981:32)
    at Function.Module._load (node:internal/modules/cjs/loader:827:12)
    at Module.require (node:internal/modules/cjs/loader:1005:19)
[Node] [ERROR] - 2022-12-13T11:22:56.459ZuncaughtException: тип Unable to compile TypeScript:
[96msrc/utils/fs.utils.ts[0m:[93m35[0m:[93m52[0m - [91merror[0m[90m TS2304: [0mCannot find name 'record'.

[7m35[0m       console.log('<<<<<<<<<<<<<<>>>>>>>>>>>>>>>', record);
[7m  [0m [91m                                                   ~~~~~~[0m
[96msrc/utils/fs.utils.ts[0m:[93m36[0m:[93m7[0m - [91merror[0m[90m TS2304: [0mCannot find name 'record'.

[7m36[0m       record.roleId = foundRole.id;
[7m  [0m [91m      ~~~~~~[0m

TSError: тип Unable to compile TypeScript:
[96msrc/utils/fs.utils.ts[0m:[93m35[0m:[93m52[0m - [91merror[0m[90m TS2304: [0mCannot find name 'record'.

[7m35[0m       console.log('<<<<<<<<<<<<<<>>>>>>>>>>>>>>>', record);
[7m  [0m [91m                                                   ~~~~~~[0m
[96msrc/utils/fs.utils.ts[0m:[93m36[0m:[93m7[0m - [91merror[0m[90m TS2304: [0mCannot find name 'record'.

[7m36[0m       record.roleId = foundRole.id;
[7m  [0m [91m      ~~~~~~[0m

    at createTSError (/home/thoughtwin/Documents/EB_Ty/node_modules/ts-node/src/index.ts:859:12)
    at reportTSError (/home/thoughtwin/Documents/EB_Ty/node_modules/ts-node/src/index.ts:863:19)
    at getOutput (/home/thoughtwin/Documents/EB_Ty/node_modules/ts-node/src/index.ts:1077:36)
    at Object.compile (/home/thoughtwin/Documents/EB_Ty/node_modules/ts-node/src/index.ts:1433:41)
    at Module.m._compile (/home/thoughtwin/Documents/EB_Ty/node_modules/ts-node/src/index.ts:1617:30)
    at Module._extensions..js (node:internal/modules/cjs/loader:1159:10)
    at Object.require.extensions.<computed> [as .ts] (/home/thoughtwin/Documents/EB_Ty/node_modules/ts-node/src/index.ts:1621:12)
    at Module.load (node:internal/modules/cjs/loader:981:32)
    at Function.Module._load (node:internal/modules/cjs/loader:827:12)
    at Module.require (node:internal/modules/cjs/loader:1005:19)
[Node] [ERROR] - 2022-12-13T11:23:02.260ZuncaughtException: тип Unable to compile TypeScript:
[96msrc/utils/fs.utils.ts[0m:[93m36[0m:[93m7[0m - [91merror[0m[90m TS2304: [0mCannot find name 'record'.

[7m36[0m       record.roleId = foundRole.id;
[7m  [0m [91m      ~~~~~~[0m

TSError: тип Unable to compile TypeScript:
[96msrc/utils/fs.utils.ts[0m:[93m36[0m:[93m7[0m - [91merror[0m[90m TS2304: [0mCannot find name 'record'.

[7m36[0m       record.roleId = foundRole.id;
[7m  [0m [91m      ~~~~~~[0m

    at createTSError (/home/thoughtwin/Documents/EB_Ty/node_modules/ts-node/src/index.ts:859:12)
    at reportTSError (/home/thoughtwin/Documents/EB_Ty/node_modules/ts-node/src/index.ts:863:19)
    at getOutput (/home/thoughtwin/Documents/EB_Ty/node_modules/ts-node/src/index.ts:1077:36)
    at Object.compile (/home/thoughtwin/Documents/EB_Ty/node_modules/ts-node/src/index.ts:1433:41)
    at Module.m._compile (/home/thoughtwin/Documents/EB_Ty/node_modules/ts-node/src/index.ts:1617:30)
    at Module._extensions..js (node:internal/modules/cjs/loader:1159:10)
    at Object.require.extensions.<computed> [as .ts] (/home/thoughtwin/Documents/EB_Ty/node_modules/ts-node/src/index.ts:1621:12)
    at Module.load (node:internal/modules/cjs/loader:981:32)
    at Function.Module._load (node:internal/modules/cjs/loader:827:12)
    at Module.require (node:internal/modules/cjs/loader:1005:19)
[Node] [ERROR] - 2022-12-13T11:23:11.602ZuncaughtException: тип Unable to compile TypeScript:
[96msrc/utils/fs.utils.ts[0m:[93m36[0m:[93m7[0m - [91merror[0m[90m TS2304: [0mCannot find name 'record'.

[7m36[0m       record.roleId = foundRole.id;
[7m  [0m [91m      ~~~~~~[0m

TSError: тип Unable to compile TypeScript:
[96msrc/utils/fs.utils.ts[0m:[93m36[0m:[93m7[0m - [91merror[0m[90m TS2304: [0mCannot find name 'record'.

[7m36[0m       record.roleId = foundRole.id;
[7m  [0m [91m      ~~~~~~[0m

    at createTSError (/home/thoughtwin/Documents/EB_Ty/node_modules/ts-node/src/index.ts:859:12)
    at reportTSError (/home/thoughtwin/Documents/EB_Ty/node_modules/ts-node/src/index.ts:863:19)
    at getOutput (/home/thoughtwin/Documents/EB_Ty/node_modules/ts-node/src/index.ts:1077:36)
    at Object.compile (/home/thoughtwin/Documents/EB_Ty/node_modules/ts-node/src/index.ts:1433:41)
    at Module.m._compile (/home/thoughtwin/Documents/EB_Ty/node_modules/ts-node/src/index.ts:1617:30)
    at Module._extensions..js (node:internal/modules/cjs/loader:1159:10)
    at Object.require.extensions.<computed> [as .ts] (/home/thoughtwin/Documents/EB_Ty/node_modules/ts-node/src/index.ts:1621:12)
    at Module.load (node:internal/modules/cjs/loader:981:32)
    at Function.Module._load (node:internal/modules/cjs/loader:827:12)
    at Module.require (node:internal/modules/cjs/loader:1005:19)
[Node] [ERROR] - 2022-12-13T11:23:18.504ZuncaughtException: тип Unable to compile TypeScript:
[96msrc/utils/fs.utils.ts[0m:[93m36[0m:[93m7[0m - [91merror[0m[90m TS2304: [0mCannot find name 'record'.

[7m36[0m       record.roleId = foundRole.id;
[7m  [0m [91m      ~~~~~~[0m

TSError: тип Unable to compile TypeScript:
[96msrc/utils/fs.utils.ts[0m:[93m36[0m:[93m7[0m - [91merror[0m[90m TS2304: [0mCannot find name 'record'.

[7m36[0m       record.roleId = foundRole.id;
[7m  [0m [91m      ~~~~~~[0m

    at createTSError (/home/thoughtwin/Documents/EB_Ty/node_modules/ts-node/src/index.ts:859:12)
    at reportTSError (/home/thoughtwin/Documents/EB_Ty/node_modules/ts-node/src/index.ts:863:19)
    at getOutput (/home/thoughtwin/Documents/EB_Ty/node_modules/ts-node/src/index.ts:1077:36)
    at Object.compile (/home/thoughtwin/Documents/EB_Ty/node_modules/ts-node/src/index.ts:1433:41)
    at Module.m._compile (/home/thoughtwin/Documents/EB_Ty/node_modules/ts-node/src/index.ts:1617:30)
    at Module._extensions..js (node:internal/modules/cjs/loader:1159:10)
    at Object.require.extensions.<computed> [as .ts] (/home/thoughtwin/Documents/EB_Ty/node_modules/ts-node/src/index.ts:1621:12)
    at Module.load (node:internal/modules/cjs/loader:981:32)
    at Function.Module._load (node:internal/modules/cjs/loader:827:12)
    at Module.require (node:internal/modules/cjs/loader:1005:19)
[Node] [ERROR] - 2022-12-13T11:23:26.378ZuncaughtException: тип Unable to compile TypeScript:
[96msrc/utils/fs.utils.ts[0m:[93m36[0m:[93m7[0m - [91merror[0m[90m TS2304: [0mCannot find name 'record'.

[7m36[0m       record.roleId = foundRole.id;
[7m  [0m [91m      ~~~~~~[0m

TSError: тип Unable to compile TypeScript:
[96msrc/utils/fs.utils.ts[0m:[93m36[0m:[93m7[0m - [91merror[0m[90m TS2304: [0mCannot find name 'record'.

[7m36[0m       record.roleId = foundRole.id;
[7m  [0m [91m      ~~~~~~[0m

    at createTSError (/home/thoughtwin/Documents/EB_Ty/node_modules/ts-node/src/index.ts:859:12)
    at reportTSError (/home/thoughtwin/Documents/EB_Ty/node_modules/ts-node/src/index.ts:863:19)
    at getOutput (/home/thoughtwin/Documents/EB_Ty/node_modules/ts-node/src/index.ts:1077:36)
    at Object.compile (/home/thoughtwin/Documents/EB_Ty/node_modules/ts-node/src/index.ts:1433:41)
    at Module.m._compile (/home/thoughtwin/Documents/EB_Ty/node_modules/ts-node/src/index.ts:1617:30)
    at Module._extensions..js (node:internal/modules/cjs/loader:1159:10)
    at Object.require.extensions.<computed> [as .ts] (/home/thoughtwin/Documents/EB_Ty/node_modules/ts-node/src/index.ts:1621:12)
    at Module.load (node:internal/modules/cjs/loader:981:32)
    at Function.Module._load (node:internal/modules/cjs/loader:827:12)
    at Module.require (node:internal/modules/cjs/loader:1005:19)
[Node] [ERROR] - 2022-12-13T11:25:46.261Z500 - /api/v1/csv/post [POST] - Validation error 
[Node] [ERROR] - 2022-12-13T11:27:55.980ZuncaughtException: тип Unable to compile TypeScript:
[96msrc/utils/fs.utils.ts[0m:[93m35[0m:[93m36[0m - [91merror[0m[90m TS2304: [0mCannot find name 'foundRole'.

[7m35[0m       console.log('<<<<<<<<<<<<<', foundRole);
[7m  [0m [91m                                   ~~~~~~~~~[0m
[96msrc/utils/fs.utils.ts[0m:[93m36[0m:[93m12[0m - [91merror[0m[90m TS2304: [0mCannot find name 'foundRole'.

[7m36[0m       if (!foundRole) {
[7m  [0m [91m           ~~~~~~~~~[0m
[96msrc/utils/fs.utils.ts[0m:[93m39[0m:[93m21[0m - [91merror[0m[90m TS2304: [0mCannot find name 'foundRole'.

[7m39[0m       test.roleId = foundRole.id;
[7m  [0m [91m                    ~~~~~~~~~[0m

TSError: тип Unable to compile TypeScript:
[96msrc/utils/fs.utils.ts[0m:[93m35[0m:[93m36[0m - [91merror[0m[90m TS2304: [0mCannot find name 'foundRole'.

[7m35[0m       console.log('<<<<<<<<<<<<<', foundRole);
[7m  [0m [91m                                   ~~~~~~~~~[0m
[96msrc/utils/fs.utils.ts[0m:[93m36[0m:[93m12[0m - [91merror[0m[90m TS2304: [0mCannot find name 'foundRole'.

[7m36[0m       if (!foundRole) {
[7m  [0m [91m           ~~~~~~~~~[0m
[96msrc/utils/fs.utils.ts[0m:[93m39[0m:[93m21[0m - [91merror[0m[90m TS2304: [0mCannot find name 'foundRole'.

[7m39[0m       test.roleId = foundRole.id;
[7m  [0m [91m                    ~~~~~~~~~[0m

    at createTSError (/home/thoughtwin/Documents/EB_Ty/node_modules/ts-node/src/index.ts:859:12)
    at reportTSError (/home/thoughtwin/Documents/EB_Ty/node_modules/ts-node/src/index.ts:863:19)
    at getOutput (/home/thoughtwin/Documents/EB_Ty/node_modules/ts-node/src/index.ts:1077:36)
    at Object.compile (/home/thoughtwin/Documents/EB_Ty/node_modules/ts-node/src/index.ts:1433:41)
    at Module.m._compile (/home/thoughtwin/Documents/EB_Ty/node_modules/ts-node/src/index.ts:1617:30)
    at Module._extensions..js (node:internal/modules/cjs/loader:1159:10)
    at Object.require.extensions.<computed> [as .ts] (/home/thoughtwin/Documents/EB_Ty/node_modules/ts-node/src/index.ts:1621:12)
    at Module.load (node:internal/modules/cjs/loader:981:32)
    at Function.Module._load (node:internal/modules/cjs/loader:827:12)
    at Module.require (node:internal/modules/cjs/loader:1005:19)
[Node] [ERROR] - 2022-12-13T11:28:08.769ZuncaughtException: тип Unable to compile TypeScript:
[96msrc/utils/fs.utils.ts[0m:[93m36[0m:[93m19[0m - [91merror[0m[90m TS2695: [0mLeft side of comma operator is unused and has no side effects.

[7m36[0m       console.log('<<<<<<<<<<<<<', foundRole);
[7m  [0m [91m                  ~~~~~~~~~~~~~~~[0m
[96msrc/utils/fs.utils.ts[0m:[93m36[0m:[93m36[0m - [91merror[0m[90m TS2304: [0mCannot find name 'foundRole'.

[7m36[0m       console.log('<<<<<<<<<<<<<', foundRole);
[7m  [0m [91m                                   ~~~~~~~~~[0m
[96msrc/utils/fs.utils.ts[0m:[93m37[0m:[93m12[0m - [91merror[0m[90m TS2304: [0mCannot find name 'foundRole'.

[7m37[0m       if (!foundRole) {
[7m  [0m [91m           ~~~~~~~~~[0m
[96msrc/utils/fs.utils.ts[0m:[93m40[0m:[93m21[0m - [91merror[0m[90m TS2304: [0mCannot find name 'foundRole'.

[7m40[0m       test.roleId = foundRole.id;
[7m  [0m [91m                    ~~~~~~~~~[0m
[96msrc/utils/fs.utils.ts[0m:[93m36[0m:[93m14[0m - [91merror[0m[90m TS1005: [0m',' expected.

[7m36[0m       console.log('<<<<<<<<<<<<<', foundRole);
[7m  [0m [91m             ~[0m
[96msrc/utils/fs.utils.ts[0m:[93m36[0m:[93m18[0m - [91merror[0m[90m TS1005: [0m',' expected.

[7m36[0m       console.log('<<<<<<<<<<<<<', foundRole);
[7m  [0m [91m                 ~[0m

TSError: тип Unable to compile TypeScript:
[96msrc/utils/fs.utils.ts[0m:[93m36[0m:[93m19[0m - [91merror[0m[90m TS2695: [0mLeft side of comma operator is unused and has no side effects.

[7m36[0m       console.log('<<<<<<<<<<<<<', foundRole);
[7m  [0m [91m                  ~~~~~~~~~~~~~~~[0m
[96msrc/utils/fs.utils.ts[0m:[93m36[0m:[93m36[0m - [91merror[0m[90m TS2304: [0mCannot find name 'foundRole'.

[7m36[0m       console.log('<<<<<<<<<<<<<', foundRole);
[7m  [0m [91m                                   ~~~~~~~~~[0m
[96msrc/utils/fs.utils.ts[0m:[93m37[0m:[93m12[0m - [91merror[0m[90m TS2304: [0mCannot find name 'foundRole'.

[7m37[0m       if (!foundRole) {
[7m  [0m [91m           ~~~~~~~~~[0m
[96msrc/utils/fs.utils.ts[0m:[93m40[0m:[93m21[0m - [91merror[0m[90m TS2304: [0mCannot find name 'foundRole'.

[7m40[0m       test.roleId = foundRole.id;
[7m  [0m [91m                    ~~~~~~~~~[0m
[96msrc/utils/fs.utils.ts[0m:[93m36[0m:[93m14[0m - [91merror[0m[90m TS1005: [0m',' expected.

[7m36[0m       console.log('<<<<<<<<<<<<<', foundRole);
[7m  [0m [91m             ~[0m
[96msrc/utils/fs.utils.ts[0m:[93m36[0m:[93m18[0m - [91merror[0m[90m TS1005: [0m',' expected.

[7m36[0m       console.log('<<<<<<<<<<<<<', foundRole);
[7m  [0m [91m                 ~[0m

    at createTSError (/home/thoughtwin/Documents/EB_Ty/node_modules/ts-node/src/index.ts:859:12)
    at reportTSError (/home/thoughtwin/Documents/EB_Ty/node_modules/ts-node/src/index.ts:863:19)
    at getOutput (/home/thoughtwin/Documents/EB_Ty/node_modules/ts-node/src/index.ts:1077:36)
    at Object.compile (/home/thoughtwin/Documents/EB_Ty/node_modules/ts-node/src/index.ts:1433:41)
    at Module.m._compile (/home/thoughtwin/Documents/EB_Ty/node_modules/ts-node/src/index.ts:1617:30)
    at Module._extensions..js (node:internal/modules/cjs/loader:1159:10)
    at Object.require.extensions.<computed> [as .ts] (/home/thoughtwin/Documents/EB_Ty/node_modules/ts-node/src/index.ts:1621:12)
    at Module.load (node:internal/modules/cjs/loader:981:32)
    at Function.Module._load (node:internal/modules/cjs/loader:827:12)
    at Module.require (node:internal/modules/cjs/loader:1005:19)
[Node] [ERROR] - 2022-12-13T11:28:21.914ZuncaughtException: тип Unable to compile TypeScript:
[96msrc/utils/fs.utils.ts[0m:[93m40[0m:[93m28[0m - [91merror[0m[90m TS2339: [0mProperty 'id' does not exist on type 'Promise<any>'.

[7m40[0m       test.roleId = result.id;
[7m  [0m [91m                           ~~[0m

TSError: тип Unable to compile TypeScript:
[96msrc/utils/fs.utils.ts[0m:[93m40[0m:[93m28[0m - [91merror[0m[90m TS2339: [0mProperty 'id' does not exist on type 'Promise<any>'.

[7m40[0m       test.roleId = result.id;
[7m  [0m [91m                           ~~[0m

    at createTSError (/home/thoughtwin/Documents/EB_Ty/node_modules/ts-node/src/index.ts:859:12)
    at reportTSError (/home/thoughtwin/Documents/EB_Ty/node_modules/ts-node/src/index.ts:863:19)
    at getOutput (/home/thoughtwin/Documents/EB_Ty/node_modules/ts-node/src/index.ts:1077:36)
    at Object.compile (/home/thoughtwin/Documents/EB_Ty/node_modules/ts-node/src/index.ts:1433:41)
    at Module.m._compile (/home/thoughtwin/Documents/EB_Ty/node_modules/ts-node/src/index.ts:1617:30)
    at Module._extensions..js (node:internal/modules/cjs/loader:1159:10)
    at Object.require.extensions.<computed> [as .ts] (/home/thoughtwin/Documents/EB_Ty/node_modules/ts-node/src/index.ts:1621:12)
    at Module.load (node:internal/modules/cjs/loader:981:32)
    at Function.Module._load (node:internal/modules/cjs/loader:827:12)
    at Module.require (node:internal/modules/cjs/loader:1005:19)
[Node] [ERROR] - 2022-12-13T11:28:43.815ZuncaughtException: тип Unable to compile TypeScript:
[96msrc/utils/fs.utils.ts[0m:[93m17[0m:[93m11[0m - [91merror[0m[90m TS2740: [0mType 'Model<any, any>' is missing the following properties from type 'IUser': id, name, email, password, and 7 more.

[7m17[0m     const foundRole : IUser = await roles.findOne({
[7m  [0m [91m          ~~~~~~~~~[0m
[96msrc/utils/fs.utils.ts[0m:[93m40[0m:[93m28[0m - [91merror[0m[90m TS2339: [0mProperty 'id' does not exist on type 'Promise<IUser>'.

[7m40[0m       test.roleId = result.id;
[7m  [0m [91m                           ~~[0m

  [96msrc/utils/fs.utils.ts[0m:[93m40[0m:[93m28[0m
    [7m40[0m       test.roleId = result.id;
    [7m  [0m [96m                           ~~[0m
    Did you forget to use 'await'?

TSError: тип Unable to compile TypeScript:
[96msrc/utils/fs.utils.ts[0m:[93m17[0m:[93m11[0m - [91merror[0m[90m TS2740: [0mType 'Model<any, any>' is missing the following properties from type 'IUser': id, name, email, password, and 7 more.

[7m17[0m     const foundRole : IUser = await roles.findOne({
[7m  [0m [91m          ~~~~~~~~~[0m
[96msrc/utils/fs.utils.ts[0m:[93m40[0m:[93m28[0m - [91merror[0m[90m TS2339: [0mProperty 'id' does not exist on type 'Promise<IUser>'.

[7m40[0m       test.roleId = result.id;
[7m  [0m [91m                           ~~[0m

  [96msrc/utils/fs.utils.ts[0m:[93m40[0m:[93m28[0m
    [7m40[0m       test.roleId = result.id;
    [7m  [0m [96m                           ~~[0m
    Did you forget to use 'await'?

    at createTSError (/home/thoughtwin/Documents/EB_Ty/node_modules/ts-node/src/index.ts:859:12)
    at reportTSError (/home/thoughtwin/Documents/EB_Ty/node_modules/ts-node/src/index.ts:863:19)
    at getOutput (/home/thoughtwin/Documents/EB_Ty/node_modules/ts-node/src/index.ts:1077:36)
    at Object.compile (/home/thoughtwin/Documents/EB_Ty/node_modules/ts-node/src/index.ts:1433:41)
    at Module.m._compile (/home/thoughtwin/Documents/EB_Ty/node_modules/ts-node/src/index.ts:1617:30)
    at Module._extensions..js (node:internal/modules/cjs/loader:1159:10)
    at Object.require.extensions.<computed> [as .ts] (/home/thoughtwin/Documents/EB_Ty/node_modules/ts-node/src/index.ts:1621:12)
    at Module.load (node:internal/modules/cjs/loader:981:32)
    at Function.Module._load (node:internal/modules/cjs/loader:827:12)
    at Module.require (node:internal/modules/cjs/loader:1005:19)
[Node] [ERROR] - 2022-12-13T11:28:52.741ZuncaughtException: тип Unable to compile TypeScript:
[96msrc/utils/fs.utils.ts[0m:[93m40[0m:[93m28[0m - [91merror[0m[90m TS2339: [0mProperty 'id' does not exist on type 'Promise<any>'.

[7m40[0m       test.roleId = result.id;
[7m  [0m [91m                           ~~[0m

TSError: тип Unable to compile TypeScript:
[96msrc/utils/fs.utils.ts[0m:[93m40[0m:[93m28[0m - [91merror[0m[90m TS2339: [0mProperty 'id' does not exist on type 'Promise<any>'.

[7m40[0m       test.roleId = result.id;
[7m  [0m [91m                           ~~[0m

    at createTSError (/home/thoughtwin/Documents/EB_Ty/node_modules/ts-node/src/index.ts:859:12)
    at reportTSError (/home/thoughtwin/Documents/EB_Ty/node_modules/ts-node/src/index.ts:863:19)
    at getOutput (/home/thoughtwin/Documents/EB_Ty/node_modules/ts-node/src/index.ts:1077:36)
    at Object.compile (/home/thoughtwin/Documents/EB_Ty/node_modules/ts-node/src/index.ts:1433:41)
    at Module.m._compile (/home/thoughtwin/Documents/EB_Ty/node_modules/ts-node/src/index.ts:1617:30)
    at Module._extensions..js (node:internal/modules/cjs/loader:1159:10)
    at Object.require.extensions.<computed> [as .ts] (/home/thoughtwin/Documents/EB_Ty/node_modules/ts-node/src/index.ts:1621:12)
    at Module.load (node:internal/modules/cjs/loader:981:32)
    at Function.Module._load (node:internal/modules/cjs/loader:827:12)
    at Module.require (node:internal/modules/cjs/loader:1005:19)
[Node] [ERROR] - 2022-12-13T11:29:19.560ZuncaughtException: тип Unable to compile TypeScript:
[96msrc/utils/fs.utils.ts[0m:[93m16[0m:[93m32[0m - [91merror[0m[90m TS1110: [0mType expected.

[7m16[0m   const getRoles = async () :  => {
[7m  [0m [91m                               ~~[0m

TSError: тип Unable to compile TypeScript:
[96msrc/utils/fs.utils.ts[0m:[93m16[0m:[93m32[0m - [91merror[0m[90m TS1110: [0mType expected.

[7m16[0m   const getRoles = async () :  => {
[7m  [0m [91m                               ~~[0m

    at createTSError (/home/thoughtwin/Documents/EB_Ty/node_modules/ts-node/src/index.ts:859:12)
    at reportTSError (/home/thoughtwin/Documents/EB_Ty/node_modules/ts-node/src/index.ts:863:19)
    at getOutput (/home/thoughtwin/Documents/EB_Ty/node_modules/ts-node/src/index.ts:1077:36)
    at Object.compile (/home/thoughtwin/Documents/EB_Ty/node_modules/ts-node/src/index.ts:1433:41)
    at Module.m._compile (/home/thoughtwin/Documents/EB_Ty/node_modules/ts-node/src/index.ts:1617:30)
    at Module._extensions..js (node:internal/modules/cjs/loader:1159:10)
    at Object.require.extensions.<computed> [as .ts] (/home/thoughtwin/Documents/EB_Ty/node_modules/ts-node/src/index.ts:1621:12)
    at Module.load (node:internal/modules/cjs/loader:981:32)
    at Function.Module._load (node:internal/modules/cjs/loader:827:12)
    at Module.require (node:internal/modules/cjs/loader:1005:19)
[Node] [ERROR] - 2022-12-13T11:29:31.123ZuncaughtException: тип Unable to compile TypeScript:
[96msrc/utils/fs.utils.ts[0m:[93m40[0m:[93m28[0m - [91merror[0m[90m TS2339: [0mProperty 'id' does not exist on type 'Promise<Model<any, any>>'.

[7m40[0m       test.roleId = result.id;
[7m  [0m [91m                           ~~[0m

TSError: тип Unable to compile TypeScript:
[96msrc/utils/fs.utils.ts[0m:[93m40[0m:[93m28[0m - [91merror[0m[90m TS2339: [0mProperty 'id' does not exist on type 'Promise<Model<any, any>>'.

[7m40[0m       test.roleId = result.id;
[7m  [0m [91m                           ~~[0m

    at createTSError (/home/thoughtwin/Documents/EB_Ty/node_modules/ts-node/src/index.ts:859:12)
    at reportTSError (/home/thoughtwin/Documents/EB_Ty/node_modules/ts-node/src/index.ts:863:19)
    at getOutput (/home/thoughtwin/Documents/EB_Ty/node_modules/ts-node/src/index.ts:1077:36)
    at Object.compile (/home/thoughtwin/Documents/EB_Ty/node_modules/ts-node/src/index.ts:1433:41)
    at Module.m._compile (/home/thoughtwin/Documents/EB_Ty/node_modules/ts-node/src/index.ts:1617:30)
    at Module._extensions..js (node:internal/modules/cjs/loader:1159:10)
    at Object.require.extensions.<computed> [as .ts] (/home/thoughtwin/Documents/EB_Ty/node_modules/ts-node/src/index.ts:1621:12)
    at Module.load (node:internal/modules/cjs/loader:981:32)
    at Function.Module._load (node:internal/modules/cjs/loader:827:12)
    at Module.require (node:internal/modules/cjs/loader:1005:19)
[Node] [ERROR] - 2022-12-13T11:29:42.670ZuncaughtException: тип Unable to compile TypeScript:
[96msrc/utils/fs.utils.ts[0m:[93m40[0m:[93m28[0m - [91merror[0m[90m TS2339: [0mProperty 'id' does not exist on type 'Promise<Model<any, any>>'.

[7m40[0m       test.roleId = result.id;
[7m  [0m [91m                           ~~[0m

TSError: тип Unable to compile TypeScript:
[96msrc/utils/fs.utils.ts[0m:[93m40[0m:[93m28[0m - [91merror[0m[90m TS2339: [0mProperty 'id' does not exist on type 'Promise<Model<any, any>>'.

[7m40[0m       test.roleId = result.id;
[7m  [0m [91m                           ~~[0m

    at createTSError (/home/thoughtwin/Documents/EB_Ty/node_modules/ts-node/src/index.ts:859:12)
    at reportTSError (/home/thoughtwin/Documents/EB_Ty/node_modules/ts-node/src/index.ts:863:19)
    at getOutput (/home/thoughtwin/Documents/EB_Ty/node_modules/ts-node/src/index.ts:1077:36)
    at Object.compile (/home/thoughtwin/Documents/EB_Ty/node_modules/ts-node/src/index.ts:1433:41)
    at Module.m._compile (/home/thoughtwin/Documents/EB_Ty/node_modules/ts-node/src/index.ts:1617:30)
    at Module._extensions..js (node:internal/modules/cjs/loader:1159:10)
    at Object.require.extensions.<computed> [as .ts] (/home/thoughtwin/Documents/EB_Ty/node_modules/ts-node/src/index.ts:1621:12)
    at Module.load (node:internal/modules/cjs/loader:981:32)
    at Function.Module._load (node:internal/modules/cjs/loader:827:12)
    at Module.require (node:internal/modules/cjs/loader:1005:19)
[Node] [ERROR] - 2022-12-13T11:29:48.809ZuncaughtException: тип Unable to compile TypeScript:
[96msrc/utils/fs.utils.ts[0m:[93m40[0m:[93m34[0m - [91merror[0m[90m TS2339: [0mProperty 'id' does not exist on type 'Promise<Model<any, any>>'.

[7m40[0m       test.roleId = await result.id;
[7m  [0m [91m                                 ~~[0m

TSError: тип Unable to compile TypeScript:
[96msrc/utils/fs.utils.ts[0m:[93m40[0m:[93m34[0m - [91merror[0m[90m TS2339: [0mProperty 'id' does not exist on type 'Promise<Model<any, any>>'.

[7m40[0m       test.roleId = await result.id;
[7m  [0m [91m                                 ~~[0m

    at createTSError (/home/thoughtwin/Documents/EB_Ty/node_modules/ts-node/src/index.ts:859:12)
    at reportTSError (/home/thoughtwin/Documents/EB_Ty/node_modules/ts-node/src/index.ts:863:19)
    at getOutput (/home/thoughtwin/Documents/EB_Ty/node_modules/ts-node/src/index.ts:1077:36)
    at Object.compile (/home/thoughtwin/Documents/EB_Ty/node_modules/ts-node/src/index.ts:1433:41)
    at Module.m._compile (/home/thoughtwin/Documents/EB_Ty/node_modules/ts-node/src/index.ts:1617:30)
    at Module._extensions..js (node:internal/modules/cjs/loader:1159:10)
    at Object.require.extensions.<computed> [as .ts] (/home/thoughtwin/Documents/EB_Ty/node_modules/ts-node/src/index.ts:1621:12)
    at Module.load (node:internal/modules/cjs/loader:981:32)
    at Function.Module._load (node:internal/modules/cjs/loader:827:12)
    at Module.require (node:internal/modules/cjs/loader:1005:19)
[Node] [ERROR] - 2022-12-13T11:29:55.855ZuncaughtException: тип Unable to compile TypeScript:
[96msrc/utils/fs.utils.ts[0m:[93m41[0m:[93m34[0m - [91merror[0m[90m TS2339: [0mProperty 'id' does not exist on type 'Promise<Model<any, any>>'.

[7m41[0m       test.roleId = await result.id;
[7m  [0m [91m                                 ~~[0m

TSError: тип Unable to compile TypeScript:
[96msrc/utils/fs.utils.ts[0m:[93m41[0m:[93m34[0m - [91merror[0m[90m TS2339: [0mProperty 'id' does not exist on type 'Promise<Model<any, any>>'.

[7m41[0m       test.roleId = await result.id;
[7m  [0m [91m                                 ~~[0m

    at createTSError (/home/thoughtwin/Documents/EB_Ty/node_modules/ts-node/src/index.ts:859:12)
    at reportTSError (/home/thoughtwin/Documents/EB_Ty/node_modules/ts-node/src/index.ts:863:19)
    at getOutput (/home/thoughtwin/Documents/EB_Ty/node_modules/ts-node/src/index.ts:1077:36)
    at Object.compile (/home/thoughtwin/Documents/EB_Ty/node_modules/ts-node/src/index.ts:1433:41)
    at Module.m._compile (/home/thoughtwin/Documents/EB_Ty/node_modules/ts-node/src/index.ts:1617:30)
    at Module._extensions..js (node:internal/modules/cjs/loader:1159:10)
    at Object.require.extensions.<computed> [as .ts] (/home/thoughtwin/Documents/EB_Ty/node_modules/ts-node/src/index.ts:1621:12)
    at Module.load (node:internal/modules/cjs/loader:981:32)
    at Function.Module._load (node:internal/modules/cjs/loader:827:12)
    at Module.require (node:internal/modules/cjs/loader:1005:19)
[Node] [ERROR] - 2022-12-13T11:30:06.087ZuncaughtException: тип Unable to compile TypeScript:
[96msrc/utils/fs.utils.ts[0m:[93m40[0m:[93m28[0m - [91merror[0m[90m TS2339: [0mProperty 'id' does not exist on type 'Promise<Model<any, any>>'.

[7m40[0m       test.roleId = result.id;
[7m  [0m [91m                           ~~[0m

TSError: тип Unable to compile TypeScript:
[96msrc/utils/fs.utils.ts[0m:[93m40[0m:[93m28[0m - [91merror[0m[90m TS2339: [0mProperty 'id' does not exist on type 'Promise<Model<any, any>>'.

[7m40[0m       test.roleId = result.id;
[7m  [0m [91m                           ~~[0m

    at createTSError (/home/thoughtwin/Documents/EB_Ty/node_modules/ts-node/src/index.ts:859:12)
    at reportTSError (/home/thoughtwin/Documents/EB_Ty/node_modules/ts-node/src/index.ts:863:19)
    at getOutput (/home/thoughtwin/Documents/EB_Ty/node_modules/ts-node/src/index.ts:1077:36)
    at Object.compile (/home/thoughtwin/Documents/EB_Ty/node_modules/ts-node/src/index.ts:1433:41)
    at Module.m._compile (/home/thoughtwin/Documents/EB_Ty/node_modules/ts-node/src/index.ts:1617:30)
    at Module._extensions..js (node:internal/modules/cjs/loader:1159:10)
    at Object.require.extensions.<computed> [as .ts] (/home/thoughtwin/Documents/EB_Ty/node_modules/ts-node/src/index.ts:1621:12)
    at Module.load (node:internal/modules/cjs/loader:981:32)
    at Function.Module._load (node:internal/modules/cjs/loader:827:12)
    at Module.require (node:internal/modules/cjs/loader:1005:19)
[Node] [ERROR] - 2022-12-13T11:30:11.778ZuncaughtException: тип Unable to compile TypeScript:
[96msrc/utils/fs.utils.ts[0m:[93m40[0m:[93m28[0m - [91merror[0m[90m TS2339: [0mProperty 'id' does not exist on type 'Promise<Model<any, any>>'.

[7m40[0m       test.roleId = result.id;
[7m  [0m [91m                           ~~[0m

TSError: тип Unable to compile TypeScript:
[96msrc/utils/fs.utils.ts[0m:[93m40[0m:[93m28[0m - [91merror[0m[90m TS2339: [0mProperty 'id' does not exist on type 'Promise<Model<any, any>>'.

[7m40[0m       test.roleId = result.id;
[7m  [0m [91m                           ~~[0m

    at createTSError (/home/thoughtwin/Documents/EB_Ty/node_modules/ts-node/src/index.ts:859:12)
    at reportTSError (/home/thoughtwin/Documents/EB_Ty/node_modules/ts-node/src/index.ts:863:19)
    at getOutput (/home/thoughtwin/Documents/EB_Ty/node_modules/ts-node/src/index.ts:1077:36)
    at Object.compile (/home/thoughtwin/Documents/EB_Ty/node_modules/ts-node/src/index.ts:1433:41)
    at Module.m._compile (/home/thoughtwin/Documents/EB_Ty/node_modules/ts-node/src/index.ts:1617:30)
    at Module._extensions..js (node:internal/modules/cjs/loader:1159:10)
    at Object.require.extensions.<computed> [as .ts] (/home/thoughtwin/Documents/EB_Ty/node_modules/ts-node/src/index.ts:1621:12)
    at Module.load (node:internal/modules/cjs/loader:981:32)
    at Function.Module._load (node:internal/modules/cjs/loader:827:12)
    at Module.require (node:internal/modules/cjs/loader:1005:19)
[Node] [ERROR] - 2022-12-13T11:30:27.733ZuncaughtException: тип Unable to compile TypeScript:
[96msrc/utils/fs.utils.ts[0m:[93m17[0m:[93m11[0m - [91merror[0m[90m TS2740: [0mType 'Model<any, any>' is missing the following properties from type 'IUser': id, name, email, password, and 7 more.

[7m17[0m     const foundRole : IUser = await roles.findOne({
[7m  [0m [91m          ~~~~~~~~~[0m
[96msrc/utils/fs.utils.ts[0m:[93m40[0m:[93m28[0m - [91merror[0m[90m TS2339: [0mProperty 'id' does not exist on type 'Promise<IUser>'.

[7m40[0m       test.roleId = result.id;
[7m  [0m [91m                           ~~[0m

  [96msrc/utils/fs.utils.ts[0m:[93m40[0m:[93m28[0m
    [7m40[0m       test.roleId = result.id;
    [7m  [0m [96m                           ~~[0m
    Did you forget to use 'await'?

TSError: тип Unable to compile TypeScript:
[96msrc/utils/fs.utils.ts[0m:[93m17[0m:[93m11[0m - [91merror[0m[90m TS2740: [0mType 'Model<any, any>' is missing the following properties from type 'IUser': id, name, email, password, and 7 more.

[7m17[0m     const foundRole : IUser = await roles.findOne({
[7m  [0m [91m          ~~~~~~~~~[0m
[96msrc/utils/fs.utils.ts[0m:[93m40[0m:[93m28[0m - [91merror[0m[90m TS2339: [0mProperty 'id' does not exist on type 'Promise<IUser>'.

[7m40[0m       test.roleId = result.id;
[7m  [0m [91m                           ~~[0m

  [96msrc/utils/fs.utils.ts[0m:[93m40[0m:[93m28[0m
    [7m40[0m       test.roleId = result.id;
    [7m  [0m [96m                           ~~[0m
    Did you forget to use 'await'?

    at createTSError (/home/thoughtwin/Documents/EB_Ty/node_modules/ts-node/src/index.ts:859:12)
    at reportTSError (/home/thoughtwin/Documents/EB_Ty/node_modules/ts-node/src/index.ts:863:19)
    at getOutput (/home/thoughtwin/Documents/EB_Ty/node_modules/ts-node/src/index.ts:1077:36)
    at Object.compile (/home/thoughtwin/Documents/EB_Ty/node_modules/ts-node/src/index.ts:1433:41)
    at Module.m._compile (/home/thoughtwin/Documents/EB_Ty/node_modules/ts-node/src/index.ts:1617:30)
    at Module._extensions..js (node:internal/modules/cjs/loader:1159:10)
    at Object.require.extensions.<computed> [as .ts] (/home/thoughtwin/Documents/EB_Ty/node_modules/ts-node/src/index.ts:1621:12)
    at Module.load (node:internal/modules/cjs/loader:981:32)
    at Function.Module._load (node:internal/modules/cjs/loader:827:12)
    at Module.require (node:internal/modules/cjs/loader:1005:19)
[Node] [ERROR] - 2022-12-13T11:30:34.145ZuncaughtException: тип Unable to compile TypeScript:
[96msrc/utils/fs.utils.ts[0m:[93m17[0m:[93m11[0m - [91merror[0m[90m TS2739: [0mType 'Model<any, any>' is missing the following properties from type 'IRole': id, uuid, name, isActive

[7m17[0m     const foundRole : IRole = await roles.findOne({
[7m  [0m [91m          ~~~~~~~~~[0m
[96msrc/utils/fs.utils.ts[0m:[93m40[0m:[93m28[0m - [91merror[0m[90m TS2339: [0mProperty 'id' does not exist on type 'Promise<IRole>'.

[7m40[0m       test.roleId = result.id;
[7m  [0m [91m                           ~~[0m

  [96msrc/utils/fs.utils.ts[0m:[93m40[0m:[93m28[0m
    [7m40[0m       test.roleId = result.id;
    [7m  [0m [96m                           ~~[0m
    Did you forget to use 'await'?

TSError: тип Unable to compile TypeScript:
[96msrc/utils/fs.utils.ts[0m:[93m17[0m:[93m11[0m - [91merror[0m[90m TS2739: [0mType 'Model<any, any>' is missing the following properties from type 'IRole': id, uuid, name, isActive

[7m17[0m     const foundRole : IRole = await roles.findOne({
[7m  [0m [91m          ~~~~~~~~~[0m
[96msrc/utils/fs.utils.ts[0m:[93m40[0m:[93m28[0m - [91merror[0m[90m TS2339: [0mProperty 'id' does not exist on type 'Promise<IRole>'.

[7m40[0m       test.roleId = result.id;
[7m  [0m [91m                           ~~[0m

  [96msrc/utils/fs.utils.ts[0m:[93m40[0m:[93m28[0m
    [7m40[0m       test.roleId = result.id;
    [7m  [0m [96m                           ~~[0m
    Did you forget to use 'await'?

    at createTSError (/home/thoughtwin/Documents/EB_Ty/node_modules/ts-node/src/index.ts:859:12)
    at reportTSError (/home/thoughtwin/Documents/EB_Ty/node_modules/ts-node/src/index.ts:863:19)
    at getOutput (/home/thoughtwin/Documents/EB_Ty/node_modules/ts-node/src/index.ts:1077:36)
    at Object.compile (/home/thoughtwin/Documents/EB_Ty/node_modules/ts-node/src/index.ts:1433:41)
    at Module.m._compile (/home/thoughtwin/Documents/EB_Ty/node_modules/ts-node/src/index.ts:1617:30)
    at Module._extensions..js (node:internal/modules/cjs/loader:1159:10)
    at Object.require.extensions.<computed> [as .ts] (/home/thoughtwin/Documents/EB_Ty/node_modules/ts-node/src/index.ts:1621:12)
    at Module.load (node:internal/modules/cjs/loader:981:32)
    at Function.Module._load (node:internal/modules/cjs/loader:827:12)
    at Module.require (node:internal/modules/cjs/loader:1005:19)
[Node] [ERROR] - 2022-12-13T11:31:02.205ZuncaughtException: тип Unable to compile TypeScript:
[96msrc/utils/fs.utils.ts[0m:[93m17[0m:[93m11[0m - [91merror[0m[90m TS2559: [0mType 'Model<any, any>' has no properties in common with type 'Partial<IRole>'.

[7m17[0m     const foundRole : Partial<IRole> = await roles.findOne({
[7m  [0m [91m          ~~~~~~~~~[0m
[96msrc/utils/fs.utils.ts[0m:[93m40[0m:[93m28[0m - [91merror[0m[90m TS2339: [0mProperty 'id' does not exist on type 'Promise<Partial<IRole>>'.

[7m40[0m       test.roleId = result.id;
[7m  [0m [91m                           ~~[0m

  [96msrc/utils/fs.utils.ts[0m:[93m40[0m:[93m28[0m
    [7m40[0m       test.roleId = result.id;
    [7m  [0m [96m                           ~~[0m
    Did you forget to use 'await'?

TSError: тип Unable to compile TypeScript:
[96msrc/utils/fs.utils.ts[0m:[93m17[0m:[93m11[0m - [91merror[0m[90m TS2559: [0mType 'Model<any, any>' has no properties in common with type 'Partial<IRole>'.

[7m17[0m     const foundRole : Partial<IRole> = await roles.findOne({
[7m  [0m [91m          ~~~~~~~~~[0m
[96msrc/utils/fs.utils.ts[0m:[93m40[0m:[93m28[0m - [91merror[0m[90m TS2339: [0mProperty 'id' does not exist on type 'Promise<Partial<IRole>>'.

[7m40[0m       test.roleId = result.id;
[7m  [0m [91m                           ~~[0m

  [96msrc/utils/fs.utils.ts[0m:[93m40[0m:[93m28[0m
    [7m40[0m       test.roleId = result.id;
    [7m  [0m [96m                           ~~[0m
    Did you forget to use 'await'?

    at createTSError (/home/thoughtwin/Documents/EB_Ty/node_modules/ts-node/src/index.ts:859:12)
    at reportTSError (/home/thoughtwin/Documents/EB_Ty/node_modules/ts-node/src/index.ts:863:19)
    at getOutput (/home/thoughtwin/Documents/EB_Ty/node_modules/ts-node/src/index.ts:1077:36)
    at Object.compile (/home/thoughtwin/Documents/EB_Ty/node_modules/ts-node/src/index.ts:1433:41)
    at Module.m._compile (/home/thoughtwin/Documents/EB_Ty/node_modules/ts-node/src/index.ts:1617:30)
    at Module._extensions..js (node:internal/modules/cjs/loader:1159:10)
    at Object.require.extensions.<computed> [as .ts] (/home/thoughtwin/Documents/EB_Ty/node_modules/ts-node/src/index.ts:1621:12)
    at Module.load (node:internal/modules/cjs/loader:981:32)
    at Function.Module._load (node:internal/modules/cjs/loader:827:12)
    at Module.require (node:internal/modules/cjs/loader:1005:19)
[Node] [ERROR] - 2022-12-13T11:31:12.172ZuncaughtException: тип Unable to compile TypeScript:
[96msrc/utils/fs.utils.ts[0m:[93m17[0m:[93m11[0m - [91merror[0m[90m TS2739: [0mType 'Model<any, any>' is missing the following properties from type 'IRole': id, uuid, name, isActive

[7m17[0m     const foundRole : IRole = await roles.findOne({
[7m  [0m [91m          ~~~~~~~~~[0m
[96msrc/utils/fs.utils.ts[0m:[93m40[0m:[93m28[0m - [91merror[0m[90m TS2339: [0mProperty 'id' does not exist on type 'Promise<IRole>'.

[7m40[0m       test.roleId = result.id;
[7m  [0m [91m                           ~~[0m

  [96msrc/utils/fs.utils.ts[0m:[93m40[0m:[93m28[0m
    [7m40[0m       test.roleId = result.id;
    [7m  [0m [96m                           ~~[0m
    Did you forget to use 'await'?

TSError: тип Unable to compile TypeScript:
[96msrc/utils/fs.utils.ts[0m:[93m17[0m:[93m11[0m - [91merror[0m[90m TS2739: [0mType 'Model<any, any>' is missing the following properties from type 'IRole': id, uuid, name, isActive

[7m17[0m     const foundRole : IRole = await roles.findOne({
[7m  [0m [91m          ~~~~~~~~~[0m
[96msrc/utils/fs.utils.ts[0m:[93m40[0m:[93m28[0m - [91merror[0m[90m TS2339: [0mProperty 'id' does not exist on type 'Promise<IRole>'.

[7m40[0m       test.roleId = result.id;
[7m  [0m [91m                           ~~[0m

  [96msrc/utils/fs.utils.ts[0m:[93m40[0m:[93m28[0m
    [7m40[0m       test.roleId = result.id;
    [7m  [0m [96m                           ~~[0m
    Did you forget to use 'await'?

    at createTSError (/home/thoughtwin/Documents/EB_Ty/node_modules/ts-node/src/index.ts:859:12)
    at reportTSError (/home/thoughtwin/Documents/EB_Ty/node_modules/ts-node/src/index.ts:863:19)
    at getOutput (/home/thoughtwin/Documents/EB_Ty/node_modules/ts-node/src/index.ts:1077:36)
    at Object.compile (/home/thoughtwin/Documents/EB_Ty/node_modules/ts-node/src/index.ts:1433:41)
    at Module.m._compile (/home/thoughtwin/Documents/EB_Ty/node_modules/ts-node/src/index.ts:1617:30)
    at Module._extensions..js (node:internal/modules/cjs/loader:1159:10)
    at Object.require.extensions.<computed> [as .ts] (/home/thoughtwin/Documents/EB_Ty/node_modules/ts-node/src/index.ts:1621:12)
    at Module.load (node:internal/modules/cjs/loader:981:32)
    at Function.Module._load (node:internal/modules/cjs/loader:827:12)
    at Module.require (node:internal/modules/cjs/loader:1005:19)
[Node] [ERROR] - 2022-12-13T11:31:28.596ZuncaughtException: тип Unable to compile TypeScript:
[96msrc/utils/fs.utils.ts[0m:[93m40[0m:[93m28[0m - [91merror[0m[90m TS2339: [0mProperty 'id' does not exist on type 'Promise<any>'.

[7m40[0m       test.roleId = result.id;
[7m  [0m [91m                           ~~[0m

TSError: тип Unable to compile TypeScript:
[96msrc/utils/fs.utils.ts[0m:[93m40[0m:[93m28[0m - [91merror[0m[90m TS2339: [0mProperty 'id' does not exist on type 'Promise<any>'.

[7m40[0m       test.roleId = result.id;
[7m  [0m [91m                           ~~[0m

    at createTSError (/home/thoughtwin/Documents/EB_Ty/node_modules/ts-node/src/index.ts:859:12)
    at reportTSError (/home/thoughtwin/Documents/EB_Ty/node_modules/ts-node/src/index.ts:863:19)
    at getOutput (/home/thoughtwin/Documents/EB_Ty/node_modules/ts-node/src/index.ts:1077:36)
    at Object.compile (/home/thoughtwin/Documents/EB_Ty/node_modules/ts-node/src/index.ts:1433:41)
    at Module.m._compile (/home/thoughtwin/Documents/EB_Ty/node_modules/ts-node/src/index.ts:1617:30)
    at Module._extensions..js (node:internal/modules/cjs/loader:1159:10)
    at Object.require.extensions.<computed> [as .ts] (/home/thoughtwin/Documents/EB_Ty/node_modules/ts-node/src/index.ts:1621:12)
    at Module.load (node:internal/modules/cjs/loader:981:32)
    at Function.Module._load (node:internal/modules/cjs/loader:827:12)
    at Module.require (node:internal/modules/cjs/loader:1005:19)
[Node] [ERROR] - 2022-12-13T11:31:45.225ZuncaughtException: тип Unable to compile TypeScript:
[96msrc/utils/fs.utils.ts[0m:[93m40[0m:[93m28[0m - [91merror[0m[90m TS2339: [0mProperty 'id' does not exist on type 'Promise<any>'.

[7m40[0m       test.roleId = result.id;
[7m  [0m [91m                           ~~[0m

TSError: тип Unable to compile TypeScript:
[96msrc/utils/fs.utils.ts[0m:[93m40[0m:[93m28[0m - [91merror[0m[90m TS2339: [0mProperty 'id' does not exist on type 'Promise<any>'.

[7m40[0m       test.roleId = result.id;
[7m  [0m [91m                           ~~[0m

    at createTSError (/home/thoughtwin/Documents/EB_Ty/node_modules/ts-node/src/index.ts:859:12)
    at reportTSError (/home/thoughtwin/Documents/EB_Ty/node_modules/ts-node/src/index.ts:863:19)
    at getOutput (/home/thoughtwin/Documents/EB_Ty/node_modules/ts-node/src/index.ts:1077:36)
    at Object.compile (/home/thoughtwin/Documents/EB_Ty/node_modules/ts-node/src/index.ts:1433:41)
    at Module.m._compile (/home/thoughtwin/Documents/EB_Ty/node_modules/ts-node/src/index.ts:1617:30)
    at Module._extensions..js (node:internal/modules/cjs/loader:1159:10)
    at Object.require.extensions.<computed> [as .ts] (/home/thoughtwin/Documents/EB_Ty/node_modules/ts-node/src/index.ts:1621:12)
    at Module.load (node:internal/modules/cjs/loader:981:32)
    at Function.Module._load (node:internal/modules/cjs/loader:827:12)
    at Module.require (node:internal/modules/cjs/loader:1005:19)
[Node] [ERROR] - 2022-12-13T11:31:51.106ZuncaughtException: тип Unable to compile TypeScript:
[96msrc/utils/fs.utils.ts[0m:[93m40[0m:[93m28[0m - [91merror[0m[90m TS2339: [0mProperty 'id' does not exist on type 'Promise<any>'.

[7m40[0m       test.roleId = result.id;
[7m  [0m [91m                           ~~[0m

TSError: тип Unable to compile TypeScript:
[96msrc/utils/fs.utils.ts[0m:[93m40[0m:[93m28[0m - [91merror[0m[90m TS2339: [0mProperty 'id' does not exist on type 'Promise<any>'.

[7m40[0m       test.roleId = result.id;
[7m  [0m [91m                           ~~[0m

    at createTSError (/home/thoughtwin/Documents/EB_Ty/node_modules/ts-node/src/index.ts:859:12)
    at reportTSError (/home/thoughtwin/Documents/EB_Ty/node_modules/ts-node/src/index.ts:863:19)
    at getOutput (/home/thoughtwin/Documents/EB_Ty/node_modules/ts-node/src/index.ts:1077:36)
    at Object.compile (/home/thoughtwin/Documents/EB_Ty/node_modules/ts-node/src/index.ts:1433:41)
    at Module.m._compile (/home/thoughtwin/Documents/EB_Ty/node_modules/ts-node/src/index.ts:1617:30)
    at Module._extensions..js (node:internal/modules/cjs/loader:1159:10)
    at Object.require.extensions.<computed> [as .ts] (/home/thoughtwin/Documents/EB_Ty/node_modules/ts-node/src/index.ts:1621:12)
    at Module.load (node:internal/modules/cjs/loader:981:32)
    at Function.Module._load (node:internal/modules/cjs/loader:827:12)
    at Module.require (node:internal/modules/cjs/loader:1005:19)
[Node] [ERROR] - 2022-12-13T11:32:21.841ZuncaughtException: тип Unable to compile TypeScript:
[96msrc/utils/fs.utils.ts[0m:[93m40[0m:[93m28[0m - [91merror[0m[90m TS2339: [0mProperty 'id' does not exist on type 'Promise<IRole>'.

[7m40[0m       test.roleId = result.id;
[7m  [0m [91m                           ~~[0m

  [96msrc/utils/fs.utils.ts[0m:[93m40[0m:[93m28[0m
    [7m40[0m       test.roleId = result.id;
    [7m  [0m [96m                           ~~[0m
    Did you forget to use 'await'?

TSError: тип Unable to compile TypeScript:
[96msrc/utils/fs.utils.ts[0m:[93m40[0m:[93m28[0m - [91merror[0m[90m TS2339: [0mProperty 'id' does not exist on type 'Promise<IRole>'.

[7m40[0m       test.roleId = result.id;
[7m  [0m [91m                           ~~[0m

  [96msrc/utils/fs.utils.ts[0m:[93m40[0m:[93m28[0m
    [7m40[0m       test.roleId = result.id;
    [7m  [0m [96m                           ~~[0m
    Did you forget to use 'await'?

    at createTSError (/home/thoughtwin/Documents/EB_Ty/node_modules/ts-node/src/index.ts:859:12)
    at reportTSError (/home/thoughtwin/Documents/EB_Ty/node_modules/ts-node/src/index.ts:863:19)
    at getOutput (/home/thoughtwin/Documents/EB_Ty/node_modules/ts-node/src/index.ts:1077:36)
    at Object.compile (/home/thoughtwin/Documents/EB_Ty/node_modules/ts-node/src/index.ts:1433:41)
    at Module.m._compile (/home/thoughtwin/Documents/EB_Ty/node_modules/ts-node/src/index.ts:1617:30)
    at Module._extensions..js (node:internal/modules/cjs/loader:1159:10)
    at Object.require.extensions.<computed> [as .ts] (/home/thoughtwin/Documents/EB_Ty/node_modules/ts-node/src/index.ts:1621:12)
    at Module.load (node:internal/modules/cjs/loader:981:32)
    at Function.Module._load (node:internal/modules/cjs/loader:827:12)
    at Module.require (node:internal/modules/cjs/loader:1005:19)
